Iteration	Posterior	Likelihood	Prior	alpha_morpho	br_len_lambda	rates_morpho[1]	rates_morpho[2]	rates_morpho[3]	rates_morpho[4]	tree_length
0	-4165.669	-4152.779	-12.89048	6672.43	17.62767	0.984482	0.995983	1.00393	1.0156	6.61576
10	-4146.094	-4143.922	-2.172528	26530.11	17.98589	0.992207	0.997996	1.00198	1.00781	6.010497
20	-4133.274	-4130.73	-2.544338	6836.379	18.45869	0.984669	0.996032	1.00388	1.01541	6.030411
30	-4132.89	-4129.938	-2.95138	4594.312	17.70032	0.98131	0.995148	1.00473	1.01881	6.052521
40	-4135.369	-4129.259	-6.10971	9413.581	16.42958	0.98693	0.996623	1.00332	1.01313	6.21596
50	-4127.701	-4126.206	-1.494137	46458.9	16.98252	0.994109	0.998488	1.0015	1.0059	5.955529
60	-4131.978	-4127.349	-4.628548	26943.26	21.79375	0.992267	0.998011	1.00197	1.00775	6.033777
70	-4131.551	-4132.719	1.16798	64211.8	17.0174	0.994988	0.998714	1.00128	1.00502	5.800102
80	-4150.14	-4145.267	-4.873415	73670.79	17.18756	0.995321	0.9988	1.00119	1.00469	6.157611
90	-4140.429	-4138.74	-1.689004	88594.32	21.63177	0.995733	0.998906	1.00109	1.00427	5.905595
100	-4131.94	-4131.442	-0.4977246	71322.31	17.34739	0.995244	0.99878	1.00121	1.00476	5.90709
110	-4110.096	-4114.441	4.344759	55546.39	17.80025	0.994612	0.998617	1.00137	1.0054	5.643269
120	-4131.177	-4133.043	1.866348	58469.32	16.55626	0.994748	0.998652	1.00134	1.00526	5.737537
130	-4135.082	-4131.811	-3.270843	90404.29	18.97081	0.995776	0.998917	1.00108	1.00423	6.063523
140	-4130.305	-4136.192	5.887613	47693.16	19.22961	0.994186	0.998507	1.00148	1.00583	5.582581
150	-4136.311	-4131.153	-5.158472	99552.11	18.66427	0.995974	0.998968	1.00103	1.00403	6.168903
160	-4150.338	-4144.334	-6.004118	70087.76	17.85078	0.995203	0.99877	1.00122	1.00481	6.224417
170	-4149.351	-4145.969	-3.381803	95047.57	20.23413	0.99588	0.998944	1.00105	1.00413	6.03798
180	-4148.141	-4149.265	1.124416	71711.53	17.11351	0.995257	0.998784	1.00121	1.00475	5.806137
190	-4124.72	-4127.034	2.314095	38380.5	18.15734	0.993519	0.998335	1.00165	1.0065	5.763801
200	-4121.696	-4128.1	6.404483	58847.62	20.33425	0.994765	0.998657	1.00133	1.00524	5.553424
210	-4136.33	-4132.819	-3.511665	86845.13	20.71404	0.99569	0.998895	1.0011	1.00432	6.027602
220	-4115.495	-4121.759	6.263749	3058.055	19.26442	0.977109	0.994036	1.00578	1.02308	5.563216
230	-4113.314	-4121.44	8.126797	31795.1	18.58634	0.99288	0.99817	1.00181	1.00714	5.455382
240	-4114.09	-4120.628	6.538274	31632.37	20.18604	0.992862	0.998166	1.00182	1.00716	5.548088
250	-4118.263	-4123.84	5.576591	52336.06	17.37429	0.994449	0.998575	1.00141	1.00556	5.558097
260	-4134.319	-4128.954	-5.364954	43910.68	15.11201	0.993941	0.998444	1.00154	1.00607	6.100995
270	-4139.74	-4135.628	-4.11182	48298.92	17.31522	0.994222	0.998517	1.00147	1.00579	6.115047
280	-4126.848	-4124.285	-2.562544	6983.62	20.11635	0.984831	0.996074	1.00384	1.01525	6.000984
290	-4125.88	-4129.989	4.108468	8840.07	21.85484	0.986513	0.996515	1.00342	1.01355	5.63105
300	-4141.349	-4133.049	-8.300391	16072.14	19.75564	0.989991	0.997421	1.00254	1.01004	6.301151
310	-4123.737	-4122.196	-1.540926	6802.993	21.61685	0.984631	0.996022	1.00389	1.01545	5.899353
320	-4123.135	-4122.658	-0.4764857	91720.34	20.46746	0.995806	0.998925	1.00107	1.0042	5.88822
330	-4123.629	-4125.036	1.406893	66287.56	18.71889	0.995067	0.998735	1.00126	1.00494	5.817224
340	-4116.026	-4118.194	2.167965	48647.11	18.91475	0.994243	0.998522	1.00147	1.00577	5.776864
350	-4126.536	-4130.941	4.405283	63460.52	23.18647	0.994959	0.998707	1.00128	1.00505	5.571616
360	-4117.904	-4124.744	6.839724	63659.52	21.19197	0.994967	0.998709	1.00128	1.00504	5.520327
370	-4131.764	-4127.448	-4.315376	8205.965	16.05558	0.986003	0.996381	1.00355	1.01407	6.091592
380	-4122.265	-4123.32	1.054779	406.025	19.52783	0.937641	0.983191	1.0154	1.06377	5.830809
390	-4141.2	-4141.472	0.2720996	721.1071	18.82326	0.95307	0.987517	1.01169	1.04772	5.877526
400	-4125.858	-4128.575	2.716741	78694.22	17.08449	0.995472	0.998839	1.00115	1.00453	5.711911
410	-4126.177	-4117.507	-8.669921	35521.9	15.3381	0.993264	0.998269	1.00171	1.00675	6.332995
420	-4136.866	-4136.103	-0.7626087	41695.84	16.11751	0.993782	0.998403	1.00158	1.00623	5.873979
430	-4123.789	-4127.472	3.683045	67883.59	18.50648	0.995126	0.99875	1.00124	1.00488	5.693613
440	-4113.579	-4117.195	3.616245	88927.65	17.08396	0.995741	0.998908	1.00109	1.00427	5.659237
450	-4127.69	-4135.946	8.255456	90702.46	20.63246	0.995783	0.998919	1.00107	1.00422	5.460292
460	-4134.768	-4131.794	-2.97389	47777.27	18.12331	0.994191	0.998509	1.00148	1.00582	6.055081
470	-4136.287	-4137.833	1.545859	93910.31	16.95633	0.995855	0.998938	1.00106	1.00415	5.775468
480	-4125.026	-4126.892	1.866076	94596.03	19.66945	0.99587	0.998941	1.00105	1.00414	5.787654
490	-4125.629	-4118.401	-7.227899	75470.91	17.46792	0.995377	0.998814	1.00118	1.00463	6.29503
500	-4136.354	-4128.227	-8.126598	39835	17.2461	0.993639	0.998366	1.00162	1.00638	6.346942
510	-4139.902	-4141.719	1.816756	27639.96	16.7895	0.992365	0.998037	1.00194	1.00766	5.752161
520	-4126.568	-4128.887	2.318187	31489.3	20.37213	0.992846	0.998161	1.00182	1.00717	5.753632
530	-4131.541	-4124.04	-7.501275	44868.23	22.99585	0.994006	0.998461	1.00153	1.00601	6.096663
540	-4124.657	-4125.048	0.3914788	13080.3	17.33089	0.988908	0.997139	1.00282	1.01114	5.855393
550	-4127.57	-4128.819	1.248291	24318.95	17.98558	0.991861	0.997906	1.00207	1.00816	5.820298
560	-4115.029	-4119.093	4.06346	26855.86	16.00825	0.992254	0.998008	1.00197	1.00777	5.565947
570	-4120.966	-4119.358	-1.607399	79871.37	19.2259	0.995506	0.998848	1.00115	1.0045	5.972402
580	-4131.304	-4131.835	0.5311491	78725.79	21.38181	0.995473	0.998839	1.00115	1.00453	5.811714
590	-4132.534	-4128.028	-4.50573	18770.74	16.46076	0.990738	0.997615	1.00235	1.00929	6.11938
600	-4125.04	-4123.9	-1.139891	43290.44	21.03273	0.993897	0.998433	1.00155	1.00612	5.902504
610	-4141.617	-4135.339	-6.277952	9183.131	18.56641	0.986767	0.996581	1.00336	1.0133	6.230772
620	-4118.252	-4123.866	5.614005	86762.05	19.38627	0.995688	0.998894	1.0011	1.00432	5.59726
630	-4128.205	-4126.184	-2.020779	80617.31	18.65518	0.995527	0.998853	1.00114	1.00448	6.000861
640	-4129.187	-4125.031	-4.155738	55023.55	19.20241	0.994586	0.998611	1.00138	1.00542	6.105468
650	-4120.241	-4122.207	1.965411	74080.68	18.36224	0.995334	0.998803	1.00119	1.00467	5.785298
660	-4138.522	-4136.553	-1.968758	79375	19.85291	0.995492	0.998844	1.00115	1.00452	5.978327
670	-4126.474	-4132.566	6.092413	54160.16	20.0235	0.994543	0.9986	1.00139	1.00547	5.57139
680	-4117.376	-4119.8	2.424057	18745.19	20.44923	0.990731	0.997613	1.00236	1.0093	5.746882
690	-4130.485	-4127.793	-2.6917	73428.01	18.7963	0.995313	0.998798	1.00119	1.00469	6.035306
700	-4137.269	-4130.785	-6.484188	55021.68	18.06831	0.994586	0.998611	1.00138	1.00542	6.249392
710	-4124.032	-4125.567	1.534564	13281.59	17.0701	0.988992	0.997161	1.0028	1.01105	5.780571
720	-4138.75	-4136.314	-2.436724	58727.42	17.95933	0.99476	0.998655	1.00133	1.00525	6.025095
730	-4122.99	-4125.291	2.30025	92408.2	20.79591	0.995822	0.998929	1.00106	1.00418	5.745045
740	-4127.984	-4131.737	3.752851	20988.54	18.56266	0.99124	0.997745	1.00223	1.00879	5.690467
750	-4141.637	-4136.588	-5.048897	42655.5	20.55196	0.993852	0.998421	1.00157	1.00616	6.108321
760	-4142.064	-4135.317	-6.746735	4011.18	18.08671	0.980002	0.994803	1.00505	1.02014	6.263706
770	-4142.919	-4139	-3.919052	33539.17	17.65272	0.993068	0.998219	1.00176	1.00695	6.106961
780	-4120.575	-4129.243	8.667986	42972.38	19.1039	0.993875	0.998427	1.00156	1.00614	5.436298
790	-4144.762	-4138.203	-6.558442	870.9934	20.68954	0.957264	0.988673	1.01067	1.04339	6.175774
800	-4134.261	-4132.923	-1.338082	16953.23	19.83329	0.990255	0.99749	1.00248	1.00978	5.947007
810	-4099.32	-4091.436	-7.883759	3.843298	18.76366	0.445541	0.76961	1.08439	1.70046	6.312394
820	-4120.891	-4112.356	-8.53542	3.341495	17.42557	0.414069	0.748839	1.08375	1.75334	6.370109
830	-4110.189	-4099.328	-10.8613	2.918101	19.9579	0.382825	0.72689	1.08208	1.8082	6.421255
840	-4108.384	-4104.283	-4.101095	4.617047	16.96369	0.485351	0.794165	1.0839	1.63659	6.108651
850	-4103.621	-4092.517	-11.10366	3.887193	16.11654	0.448056	0.771216	1.0844	1.69633	6.515565
860	-4111.303	-4097.219	-14.08461	2.949286	15.35156	0.3853	0.728681	1.08225	1.80377	6.686437
870	-4120.098	-4098.246	-21.85264	2.949286	14.3936	0.3853	0.728681	1.08225	1.80377	7.178599
880	-4093.981	-4082.799	-11.18232	2.671799	18.52021	0.362162	0.711569	1.08033	1.84593	6.496425
890	-4124.281	-4106.469	-17.81202	2.601213	15.02975	0.355847	0.706748	1.07969	1.85772	6.922606
900	-4115.056	-4090.764	-24.29205	2.663347	13.26159	0.361416	0.711002	1.08026	1.84732	7.294423
910	-4111.376	-4104.215	-7.160948	2.747756	16.66766	0.368755	0.716531	1.08095	1.83376	6.284923
920	-4104.988	-4095.398	-9.590079	2.741649	17.19159	0.368232	0.71614	1.0809	1.83472	6.43202
930	-4100.914	-4095.621	-5.29318	2.741649	19.45845	0.368232	0.71614	1.0809	1.83472	6.157874
940	-4101.371	-4101.811	0.4404329	2.102453	19.1773	0.305205	0.665484	1.07235	1.95696	5.866347
950	-4097.32	-4089.14	-8.1808	2.489579	17.05814	0.345466	0.698677	1.07851	1.87735	6.349665
960	-4123.643	-4113.003	-10.64004	2.703438	15.7915	0.364933	0.713663	1.0806	1.8408	6.478641
970	-4126.03	-4113.263	-12.76717	3.101435	17.7424	0.39696	0.736994	1.08297	1.78307	6.606054
980	-4135.977	-4117.838	-18.13893	2.451251	16.45896	0.341786	0.695769	1.07805	1.88439	6.947635
990	-4102.365	-4090.016	-12.34888	2.713443	14.11923	0.365802	0.714317	1.08068	1.8392	6.494844
1000	-4115.459	-4093.362	-22.09722	3.001544	13.94113	0.389381	0.731613	1.08252	1.79648	7.176729
1010	-4105.029	-4086.807	-18.22214	2.760278	16.59118	0.369822	0.717328	1.08105	1.8318	6.950184
1020	-4118.28	-4105.076	-13.20388	2.998198	16.19151	0.389122	0.731428	1.08251	1.79694	6.646571
1030	-4128.525	-4109.382	-19.14261	2.658094	16.35672	0.360951	0.710649	1.08022	1.84819	7.010627
1040	-4116.992	-4107.386	-9.606416	2.871178	22.15816	0.379044	0.724136	1.0818	1.81502	6.240475
1050	-4145.863	-4121.807	-24.05533	2.8391	13.30575	0.376418	0.722211	1.0816	1.81977	7.279992
1060	-4101.516	-4099.185	-2.330721	3.240412	17.58731	0.407046	0.744026	1.08347	1.76546	6.016254
1070	-4099.562	-4089.567	-9.994996	2.406517	21.24067	0.337411	0.692282	1.07748	1.89282	6.311993
1080	-4107.938	-4095.293	-12.64524	3.332614	16.49396	0.413462	0.748426	1.08373	1.75438	6.613948
1090	-4094.039	-4088.589	-5.449431	3.705438	15.82206	0.43741	0.764365	1.08432	1.71391	6.151487
1100	-4110.197	-4098.247	-11.95014	2.898295	17.30669	0.381238	0.725737	1.08197	1.81106	6.567849
1110	-4113.432	-4120.004	6.572154	2.997161	20.01174	0.389042	0.731371	1.0825	1.79709	5.547491
1120	-4120.72	-4108.977	-11.74362	3.3542	15.65926	0.414934	0.749428	1.08378	1.75186	6.544832
1130	-4112.028	-4100.436	-11.59232	4.988824	16.6442	0.501613	0.803692	1.08332	1.61137	6.550742
1140	-4110.994	-4101.674	-9.320598	3.838212	18.37377	0.445247	0.769422	1.08439	1.70094	6.399648
1150	-4101.912	-4089.512	-12.40014	2.794297	16.68184	0.372695	0.719463	1.08129	1.82655	6.599237
1160	-4118.226	-4101.999	-16.22624	2.263225	14.72286	0.322794	0.680372	1.07537	1.92146	6.805025
1170	-4119.716	-4105.535	-14.18088	3.5014	14.93484	0.424681	0.755986	1.08408	1.73526	6.676807
1180	-4111.697	-4098.856	-12.84122	2.377949	15.62423	0.334571	0.69	1.0771	1.89833	6.614007
1190	-4105.009	-4091.533	-13.47678	3.42416	16.57394	0.419628	0.752602	1.08394	1.74383	6.664219
1200	-4123.556	-4111.103	-12.45341	2.574963	17.24842	0.35345	0.704901	1.07943	1.86222	6.597795
1210	-4104.854	-4096.693	-8.160872	3.04165	19.02008	0.392459	0.733808	1.08271	1.79102	6.319806
1220	-4119.309	-4107.295	-12.01425	2.577504	14.22172	0.353684	0.705081	1.07946	1.86178	6.480535
1230	-4117.305	-4105.792	-11.51338	2.709949	15.69002	0.365499	0.714089	1.08065	1.83976	6.531068
1240	-4118.45	-4103.886	-14.56411	3.381873	17.77975	0.416805	0.750696	1.08385	1.74865	6.706188
1250	-4121.035	-4102.462	-18.57314	2.507468	16.54658	0.347164	0.700009	1.07871	1.87412	6.972287
1260	-4123.059	-4100.34	-22.71901	2.53555	14.54266	0.349801	0.70207	1.07902	1.86911	7.242598
1270	-4120.113	-4108.485	-11.6282	2.667972	17.30209	0.361825	0.711313	1.0803	1.84656	6.549305
1280	-4128.368	-4121.264	-7.104291	3.237827	17.2905	0.406863	0.7439	1.08346	1.76577	6.287809
1290	-4105.457	-4103.443	-2.013863	3.442144	20.71552	0.420817	0.753401	1.08397	1.74181	5.955243
1300	-4114.131	-4097.518	-16.61237	3.490759	17.74769	0.423993	0.755527	1.08406	1.73642	6.822583
1310	-4097.603	-4091.336	-6.266359	2.983899	17.80725	0.388012	0.730633	1.08244	1.79892	6.239355
1320	-4101.974	-4099.719	-2.254487	2.401408	16.65196	0.336905	0.691877	1.07742	1.8938	5.989995
1330	-4113.578	-4101.827	-11.75062	2.716601	17.38859	0.366076	0.714523	1.08071	1.83869	6.555179
1340	-4111.933	-4095.872	-16.06042	2.303149	14.87577	0.326962	0.68381	1.07601	1.91322	6.800359
1350	-4118.207	-4102.608	-15.59899	3.289781	16.60626	0.410508	0.746407	1.08362	1.75947	6.791912
1360	-4107.77	-4096.169	-11.60152	3.324776	16.13447	0.412925	0.74806	1.08371	1.75531	6.546746
1370	-4094.727	-4097.363	2.635487	3.886782	17.48103	0.448032	0.771201	1.0844	1.69637	5.730775
1380	-4103.852	-4100.865	-2.986944	3.070314	25.24245	0.394629	0.735348	1.08284	1.78718	5.774694
1390	-4094.675	-4088.876	-5.798914	3.224194	19.33479	0.405895	0.743231	1.08342	1.76745	6.187434
1400	-4124.144	-4104.459	-19.68572	3.227781	14.00604	0.40615	0.743408	1.08343	1.76701	7.007843
1410	-4111.324	-4100.604	-10.72065	2.827123	18.06441	0.375429	0.721484	1.08152	1.82157	6.483954
1420	-4109.931	-4097.32	-12.61083	3.403252	14.35528	0.418237	0.751665	1.08389	1.7462	6.533519
1430	-4111.645	-4100.646	-10.99947	2.890496	19.41194	0.380609	0.725279	1.08192	1.81219	6.453135
1440	-4112.968	-4108.251	-4.716516	2.781386	18.37394	0.371609	0.718657	1.0812	1.82853	6.149068
1450	-4115.223	-4112.285	-2.937782	3.261421	17.47098	0.408527	0.745047	1.08353	1.76289	6.049469
1460	-4106.829	-4101.264	-5.564811	3.501609	17.08459	0.424694	0.755995	1.08408	1.73523	6.196653
1470	-4105.996	-4101.119	-4.87753	3.296206	21.19101	0.410954	0.746713	1.08363	1.7587	6.07328
1480	-4105.299	-4099.799	-5.500843	4.161022	19.1307	0.462995	0.7806	1.08434	1.67206	6.177315
1490	-4100.755	-4089.382	-11.37286	3.286648	16.16935	0.41029	0.746258	1.08361	1.75985	6.533142
1500	-4108.56	-4095.171	-13.38941	3.307377	15.13874	0.411727	0.747242	1.08366	1.75737	6.633122
1510	-4109.917	-4101.314	-8.60338	2.641641	18.14928	0.359487	0.709535	1.08007	1.85091	6.365223
1520	-4101.006	-4094.45	-6.556599	2.935138	16.00663	0.384181	0.727872	1.08218	1.80577	6.229295
1530	-4097.401	-4087.075	-10.32591	2.858741	17.52096	0.37803	0.723394	1.08172	1.81685	6.471739
1540	-4099.748	-4081.492	-18.25662	2.533992	15.16943	0.349656	0.701957	1.079	1.86938	6.95524
1550	-4109.147	-4094.879	-14.26871	3.332973	14.21208	0.413487	0.748443	1.08373	1.75434	6.638305
1560	-4093.449	-4092.716	-0.7335403	3.945915	20.84033	0.451366	0.773318	1.08441	1.69091	5.889516
1570	-4094.003	-4082.83	-11.17236	2.903427	15.19368	0.38165	0.726037	1.082	1.81032	6.489436
1580	-4122.555	-4096.564	-25.99104	2.099731	15.95429	0.304896	0.665216	1.0723	1.95759	7.445322
1590	-4104.581	-4097.989	-6.59199	2.712743	14.90392	0.365741	0.714272	1.08068	1.83931	6.166173
1600	-4096.733	-4087.381	-9.351838	2.810833	17.40215	0.374077	0.720486	1.08141	1.82403	6.417133
1610	-4102.765	-4095.102	-7.663207	3.597962	16.54426	0.430813	0.760048	1.08421	1.72493	6.312896
1620	-4101.471	-4091.085	-10.38548	2.761633	15.12784	0.369937	0.717414	1.08106	1.83159	6.434095
1630	-4105.693	-4097.82	-7.873035	2.287105	17.78733	0.325296	0.68244	1.07576	1.91651	6.329783
1640	-4102.225	-4090.133	-12.09211	2.952489	15.62311	0.385553	0.728863	1.08227	1.80331	6.566028
1650	-4101.148	-4091.143	-10.0054	3.078564	16.63292	0.39525	0.735787	1.08288	1.78609	6.455306
1660	-4111.292	-4100.172	-11.12029	3.481778	18.86401	0.42341	0.755138	1.08404	1.73741	6.481273
1670	-4110.487	-4092.005	-18.48163	3.714585	13.54142	0.437961	0.764722	1.08433	1.71299	6.884717
1680	-4114.344	-4101.085	-13.25932	3.881213	18.29835	0.447715	0.770999	1.0844	1.69689	6.6167
1690	-4112.536	-4097.581	-14.95432	2.538132	14.09422	0.350042	0.702258	1.07905	1.86865	6.677368
1700	-4102.711	-4094.131	-8.579842	3.14024	15.79069	0.399828	0.739009	1.08313	1.77804	6.348147
1710	-4115.346	-4100.058	-15.28878	2.917128	17.12369	0.382747	0.726834	1.08207	1.80834	6.764999
1720	-4103.649	-4087.868	-15.78018	2.990327	13.54742	0.388512	0.730991	1.08247	1.79803	6.685868
1730	-4108.961	-4101.148	-7.813424	3.649798	16.99828	0.434024	0.762156	1.08427	1.71955	6.327749
1740	-4122.334	-4112.172	-10.16169	3.333987	20.58455	0.413556	0.74849	1.08373	1.75422	6.355412
1750	-4103.952	-4094.769	-9.182981	2.511666	16.39012	0.34756	0.700319	1.07876	1.87336	6.402336
1760	-4099.522	-4088.582	-10.93937	2.67227	16.56744	0.362204	0.7116	1.08034	1.84586	6.51108
1770	-4102.527	-4094.359	-8.168148	3.080476	18.94026	0.395393	0.735889	1.08289	1.78583	6.322577
1780	-4111.587	-4103.242	-8.345685	3.011095	16.18201	0.390118	0.73214	1.08257	1.79517	6.34627
1790	-4110.168	-4098.46	-11.70818	2.786343	16.08268	0.372027	0.718967	1.08124	1.82777	6.552515
1800	-4122.172	-4106.198	-15.97418	3.201548	15.68103	0.404277	0.74211	1.08335	1.77027	6.815268
1810	-4118.415	-4104.956	-13.4588	3.686808	21.88553	0.436283	0.763631	1.0843	1.71578	6.432807
1820	-4098.729	-4087.781	-10.94813	4.663937	16.6625	0.487491	0.795435	1.08383	1.63324	6.512119
1830	-4102.498	-4095.623	-6.875499	3.235819	19.11392	0.406721	0.743802	1.08346	1.76602	6.249645
1840	-4093.64	-4083.189	-10.45183	2.78924	18.12504	0.37227	0.719148	1.08126	1.82733	6.467654
1850	-4103.18	-4091.558	-11.62183	3.353629	14.73378	0.414895	0.749401	1.08378	1.75192	6.493012
1860	-4094.628	-4086.763	-7.864944	2.597359	15.79929	0.355497	0.706479	1.07965	1.85837	6.303228
1870	-4108.368	-4097.663	-10.70464	2.978855	16.50682	0.387619	0.73035	1.08241	1.79962	6.496412
1880	-4086.434	-4082.06	-4.373705	3.258366	18.9726	0.408312	0.744899	1.08352	1.76326	6.121624
1890	-4099.359	-4094.068	-5.291555	2.815638	19.24769	0.374477	0.720781	1.08144	1.8233	6.163472
1900	-4098.759	-4093.773	-4.986161	3.197689	15.67851	0.404	0.741918	1.08333	1.77075	6.114404
1910	-4105.248	-4088.544	-16.70377	3.203581	17.91205	0.404423	0.742211	1.08335	1.77001	6.821402
1920	-4095.227	-4081.352	-13.87515	3.474896	14.68482	0.422962	0.754839	1.08403	1.73817	6.64316
1930	-4105.861	-4093.253	-12.60867	2.421583	15.25449	0.338894	0.693468	1.07768	1.88996	6.586515
1940	-4095.339	-4087.273	-8.066666	3.374933	17.67462	0.416337	0.75038	1.08383	1.74945	6.341737
1950	-4092.201	-4084.249	-7.951819	2.974848	16.951	0.387307	0.730126	1.08239	1.80018	6.335553
1960	-4117.512	-4094.713	-22.7981	3.273821	16.48318	0.409395	0.745644	1.08357	1.76139	7.229875
1970	-4113.938	-4104.003	-9.934243	4.142534	17.35649	0.462025	0.779998	1.08435	1.67362	6.450991
1980	-4120.761	-4105.984	-14.77659	3.015901	16.66054	0.390488	0.732405	1.08259	1.79451	6.741903
1990	-4136.493	-4124.484	-12.00975	3.014159	15.63799	0.390354	0.732309	1.08259	1.79475	6.561202
2000	-4116.067	-4115.34	-0.7262985	2.617305	21.08285	0.357303	0.707866	1.07984	1.85499	5.881136
2010	-4113.614	-4106.952	-6.662276	3.377875	17.35425	0.416535	0.750514	1.08384	1.74911	6.262469
2020	-4112.575	-4107.274	-5.301014	3.513145	17.38686	0.425438	0.75649	1.0841	1.73398	6.184257
2030	-4126.978	-4114.563	-12.41545	3.486023	19.26879	0.423686	0.755322	1.08405	1.73694	6.532641
2040	-4120.309	-4112.69	-7.618344	1.66809	16.92377	0.25016	0.614337	1.05894	2.07657	6.315629
2050	-4112.569	-4098.644	-13.92488	3.462493	16.30727	0.422153	0.754297	1.08401	1.73954	6.691547
2060	-4118.053	-4094.465	-23.58789	3.359534	14.27898	0.415296	0.749673	1.08379	1.75124	7.296081
2070	-4118.504	-4100.378	-18.12643	2.407618	14.89498	0.337519	0.692369	1.0775	1.89261	6.939827
2080	-4121.13	-4097.455	-23.67483	2.210381	14.83846	0.317158	0.67567	1.07446	1.93271	7.31199
2090	-4119.195	-4103.976	-15.21958	2.893702	17.6889	0.380868	0.725467	1.08194	1.81173	6.745989
2100	-4127.397	-4109.628	-17.76932	3.409237	14.72171	0.418637	0.751934	1.08391	1.74552	6.909789
2110	-4098.319	-4092.619	-5.699319	3.592216	17.09569	0.430454	0.759811	1.08421	1.72553	6.204661
2120	-4088.2	-4092.156	3.95685	3.398966	19.88401	0.417951	0.751471	1.08388	1.74669	5.679551
2130	-4101.849	-4093.772	-8.07725	2.644333	17.26397	0.359727	0.709718	1.08009	1.85046	6.344086
2140	-4107.12	-4102.376	-4.743714	3.266612	17.31432	0.408891	0.745297	1.08355	1.76226	6.151531
2150	-4124.273	-4110.484	-13.78927	2.808782	15.93893	0.373906	0.720359	1.08139	1.82434	6.680328
2160	-4111.464	-4107.077	-4.387375	2.840899	15.44704	0.376566	0.72232	1.08161	1.8195	6.061455
2170	-4111.014	-4104.309	-6.704387	4.279151	16.03251	0.469069	0.784341	1.08426	1.66233	6.239521
2180	-4098.066	-4094.778	-3.287106	3.907085	15.6074	0.449184	0.771933	1.0844	1.69448	6.001399
2190	-4105.435	-4096.692	-8.743218	3.626258	15.86931	0.432573	0.761205	1.08425	1.72198	6.361366
2200	-4111.056	-4100.898	-10.15784	3.262067	18.29947	0.408572	0.745078	1.08354	1.76281	6.447175
2210	-4116.157	-4100.606	-15.55129	2.951154	17.20708	0.385447	0.728787	1.08226	1.8035	6.778404
2220	-4127.821	-4111.217	-16.60436	3.625123	17.03459	0.432503	0.761159	1.08424	1.72209	6.844053
2230	-4106.351	-4095.138	-11.21242	3.500509	15.65457	0.424623	0.755948	1.08408	1.73535	6.510758
2240	-4093.305	-4085.895	-7.410105	3.048686	16.76522	0.392994	0.734188	1.08275	1.79007	6.301384
2250	-4112.752	-4100.979	-11.77311	2.582721	15.79596	0.354162	0.70545	1.07951	1.86088	6.550507
2260	-4116.347	-4100.951	-15.3957	3.41367	14.84419	0.418932	0.752133	1.08391	1.74502	6.754294
2270	-4123.181	-4105.949	-17.23242	2.678447	15.47693	0.362748	0.712012	1.08039	1.84485	6.893424
2280	-4133.999	-4114.127	-19.87214	2.414335	14.44098	0.338181	0.692899	1.07759	1.89133	7.042961
2290	-4118.161	-4096.939	-21.22209	2.721788	15.47115	0.366524	0.71486	1.08075	1.83787	7.151224
2300	-4122.333	-4097.645	-24.68824	2.298258	13.05281	0.326455	0.683394	1.07593	1.91422	7.307274
2310	-4117.429	-4096.111	-21.31867	2.53532	13.97854	0.34978	0.702053	1.07902	1.86915	7.122954
2320	-4118.03	-4101.58	-16.44969	2.467044	16.27426	0.34331	0.696976	1.07824	1.88147	6.846598
2330	-4120.029	-4102.726	-17.30272	3.525785	14.10893	0.426248	0.757029	1.08412	1.73261	6.845
2340	-4102.444	-4090.89	-11.55384	3.335083	16.08795	0.413631	0.748541	1.08374	1.75409	6.54301
2350	-4113.347	-4098.995	-14.35255	2.875725	15.15904	0.379413	0.724406	1.08183	1.81435	6.697496
2360	-4092.989	-4082.56	-10.42905	4.187136	16.79694	0.464356	0.781442	1.08433	1.66987	6.481555
2370	-4104.361	-4098.186	-6.175023	2.877431	16.43888	0.379552	0.724508	1.08184	1.8141	6.220194
2380	-4107.845	-4096.619	-11.22671	2.797183	17.81175	0.372937	0.719642	1.08131	1.82611	6.517819
2390	-4111.535	-4096.504	-15.03112	2.887702	16.73738	0.380383	0.725114	1.0819	1.8126	6.756307
2400	-4114.523	-4103.143	-11.37909	3.808138	18.08323	0.443501	0.768302	1.08438	1.70382	6.519916
2410	-4105.658	-4092.089	-13.56895	2.71242	16.67416	0.365713	0.71425	1.08067	1.83936	6.669345
2420	-4106.626	-4095.499	-11.12753	2.794002	17.29586	0.37267	0.719445	1.08129	1.8266	6.520436
2430	-4102.491	-4093.137	-9.354173	3.212688	16.0847	0.405075	0.742663	1.08338	1.76888	6.406198
2440	-4127.375	-4108.495	-18.88058	3.239622	15.55699	0.40699	0.743988	1.08347	1.76555	7.00034
2450	-4118.444	-4106.772	-11.67193	2.942325	16.1176	0.38475	0.728284	1.08222	1.80475	6.550842
2460	-4115.092	-4092.777	-22.31512	2.956993	19.14501	0.385907	0.729119	1.0823	1.80268	7.055221
2470	-4098.695	-4091.527	-7.167658	3.09978	19.16735	0.396837	0.736907	1.08297	1.78329	6.263366
2480	-4098.585	-4095.649	-2.93506	3.61225	17.5065	0.431704	0.760634	1.08423	1.72343	6.049743
2490	-4084.809	-4085.841	1.0314	3.532153	15.45601	0.426656	0.757299	1.08413	1.73192	5.711471
2500	-4108.783	-4101.407	-7.376032	4.569786	15.69267	0.483165	0.792863	1.08396	1.64001	6.267499
2510	-4105.663	-4096.766	-8.89728	3.47988	16.22732	0.423287	0.755056	1.08404	1.73762	6.381454
2520	-4113.76	-4103.928	-9.832607	3.62138	20.42163	0.432271	0.761007	1.08424	1.72248	6.347626
2530	-4099.658	-4095.748	-3.909864	2.926657	19.06208	0.383507	0.727385	1.08213	1.80698	6.095508
2540	-4121.435	-4108.547	-12.88865	2.807873	14.90443	0.37383	0.720303	1.08139	1.82448	6.588684
2550	-4095.748	-4089.306	-6.442051	3.651733	20.04997	0.434143	0.762234	1.08427	1.71935	6.196377
2560	-4104.468	-4096.462	-8.005602	2.543226	17.30739	0.350517	0.702627	1.0791	1.86775	6.339929
2570	-4102.059	-4091.416	-10.64258	3.164598	13.91043	0.401608	0.740253	1.08322	1.77492	6.351643
2580	-4104.436	-4094.825	-9.611523	3.04437	20.87385	0.392666	0.733955	1.08273	1.79065	6.313753
2590	-4097.904	-4092.635	-5.269466	3.113383	18.16094	0.397847	0.737619	1.08302	1.78151	6.181428
2600	-4090.894	-4084.865	-6.029053	3.25258	15.98498	0.407905	0.744619	1.08351	1.76397	6.195432
2610	-4107.823	-4096.797	-11.02548	3.328895	22.21053	0.413207	0.748253	1.08372	1.75482	6.301191
2620	-4121.414	-4113.132	-8.281447	3.309168	20.55792	0.41185	0.747326	1.08367	1.75716	6.265327
2630	-4099.328	-4096.774	-2.554533	2.438642	20.99489	0.340561	0.694797	1.0779	1.88675	5.971191
2640	-4101.15	-4098.269	-2.881369	3.614283	20.12235	0.43183	0.760717	1.08423	1.72322	6.016654
2650	-4105.425	-4099.887	-5.538168	2.845819	21.30677	0.376971	0.722618	1.08164	1.81877	6.099095
2660	-4093.093	-4091.425	-1.667806	2.942631	20.02935	0.384774	0.728301	1.08222	1.80471	5.958795
2670	-4095.381	-4087.927	-7.453982	3.255008	16.10213	0.408076	0.744736	1.08351	1.76367	6.288639
2680	-4099.27	-4090.073	-9.1978	2.794585	15.94779	0.372719	0.719481	1.08129	1.82651	6.392537
2690	-4096.826	-4093.396	-3.430165	2.986112	18.00761	0.388185	0.730756	1.08245	1.79861	6.080419
2700	-4085.244	-4084.481	-0.762571	3.538026	18.90236	0.42703	0.757548	1.08413	1.73129	5.9319
2710	-4123.732	-4109.272	-14.46011	4.277821	17.23552	0.469002	0.7843	1.08426	1.66243	6.714406
2720	-4111.451	-4100.613	-10.83794	3.511538	16.70292	0.425334	0.756421	1.08409	1.73415	6.505671
2730	-4097.416	-4092.076	-5.340805	2.630544	17.75471	0.358494	0.708777	1.07997	1.85276	6.187474
2740	-4110.368	-4102.863	-7.505288	2.845017	19.30244	0.376905	0.722569	1.08164	1.81889	6.276738
2750	-4112.376	-4094.127	-18.24861	2.583205	17.91879	0.354206	0.705484	1.07951	1.8608	6.907346
2760	-4104.157	-4092.478	-11.67903	3.986706	16.04422	0.45363	0.774748	1.0844	1.68722	6.550021
2770	-4114.883	-4095.598	-19.2851	3.526958	15.58088	0.426324	0.757079	1.08412	1.73248	7.026391
2780	-4096.191	-4084.624	-11.56637	3.411918	15.53891	0.418815	0.752054	1.08391	1.74522	6.529559
2790	-4091.218	-4085.169	-6.049489	2.868827	16.79225	0.378853	0.723997	1.08179	1.81536	6.220733
2800	-4115.627	-4106.319	-9.308402	3.201071	18.34303	0.404243	0.742086	1.08334	1.77033	6.399728
2810	-4130.413	-4122.566	-7.846528	3.664833	16.22358	0.434945	0.762758	1.08428	1.71801	6.316599
2820	-4105.959	-4099.908	-6.051177	2.367452	16.71383	0.333519	0.68915	1.07695	1.90038	6.219313
2830	-4121.066	-4107.734	-13.33267	4.263329	14.73865	0.468268	0.78385	1.08428	1.66361	6.609413
2840	-4122.901	-4108.285	-14.61582	2.732521	14.84921	0.367449	0.715554	1.08083	1.83616	6.701996
2850	-4118.817	-4103.717	-15.1	2.543709	14.38781	0.350562	0.702662	1.07911	1.86767	6.709077
2860	-4112.169	-4102.706	-9.463234	3.616558	18.36681	0.431972	0.76081	1.08423	1.72298	6.407584
2870	-4104.743	-4090.657	-14.08622	3.631991	16.47031	0.432927	0.761437	1.08425	1.72138	6.701378
2880	-4117.562	-4103.753	-13.80915	2.831439	16.38313	0.375786	0.721746	1.08155	1.82092	6.684585
2890	-4111.636	-4095.007	-16.62823	3.088328	17.29545	0.395982	0.736304	1.08292	1.7848	6.838484
2900	-4096.78	-4085.09	-11.69029	3.295031	15.27608	0.410872	0.746657	1.08363	1.75884	6.527266
2910	-4091.125	-4090.33	-0.7949152	2.466723	16.8794	0.343279	0.696952	1.07824	1.88153	5.910936
2920	-4102.376	-4093.404	-8.971942	3.395301	16.2937	0.417706	0.751306	1.08388	1.74711	6.387535
2930	-4108.09	-4100.461	-7.628226	2.476206	17.28661	0.344189	0.69767	1.07835	1.87979	6.318107
2940	-4102.251	-4096.977	-5.274031	2.376476	16.58052	0.334424	0.689881	1.07708	1.89862	6.169478
2950	-4093.472	-4092.537	-0.9355737	4.341207	19.87318	0.472178	0.786239	1.08421	1.65737	5.925839
2960	-4111.761	-4098.063	-13.69818	3.039792	16.67996	0.392317	0.733708	1.08271	1.79127	6.67706
2970	-4106.966	-4097.53	-9.436087	3.259806	17.64423	0.408413	0.744969	1.08353	1.76309	6.419597
2980	-4107.687	-4100.529	-7.157691	3.08334	15.77587	0.395608	0.73604	1.0829	1.78545	6.257425
2990	-4112.313	-4106.516	-5.796729	2.613464	19.48331	0.356957	0.7076	1.07981	1.85564	6.183012
3000	-4099.576	-4082.953	-16.62334	2.927697	18.06653	0.38359	0.727444	1.08213	1.80683	6.810623
3010	-4141.589	-4118.383	-23.206	2.583352	13.83683	0.354219	0.705495	1.07951	1.86077	7.251138
3020	-4123.491	-4107.339	-16.15248	3.357762	18.44385	0.415176	0.749592	1.08379	1.75144	6.768311
3030	-4118.089	-4105.371	-12.71838	3.344771	15.61407	0.414292	0.748991	1.08376	1.75296	6.605866
3040	-4082.142	-4076.779	-5.363171	2.950651	16.29487	0.385408	0.728758	1.08226	1.80357	6.166093
3050	-4107.069	-4097.99	-9.079331	3.568395	15.88545	0.428957	0.758823	1.08418	1.72804	6.383089
3060	-4111.464	-4105.394	-6.06955	3.626941	16.77788	0.432615	0.761233	1.08425	1.72191	6.221663
3070	-4108.4	-4100.95	-7.450148	5.905092	14.99385	0.535818	0.822856	1.08147	1.55986	6.230562
3080	-4107.417	-4095.351	-12.06654	3.229141	14.81445	0.406247	0.743475	1.08344	1.76684	6.528234
3090	-4125.838	-4110.091	-15.74706	3.083823	17.14117	0.395644	0.736066	1.0829	1.78539	6.791358
3100	-4122.734	-4108.128	-14.60594	3.59493	19.42352	0.430624	0.759923	1.08421	1.72524	6.638313
3110	-4107.542	-4097.36	-10.18248	3.175734	20.27389	0.402416	0.740816	1.08326	1.77351	6.372128
3120	-4104.704	-4104.189	-0.5143286	3.382981	20.43596	0.416879	0.750747	1.08385	1.74853	5.890939
3130	-4099.251	-4096.92	-2.331332	3.498469	19.71891	0.424492	0.75586	1.08407	1.73558	5.999889
3140	-4100.319	-4094.55	-5.768957	2.954359	15.82738	0.3857	0.728969	1.08228	1.80305	6.171941
3150	-4122.736	-4109.369	-13.36747	2.456421	15.40235	0.342286	0.696166	1.07812	1.88343	6.6414
3160	-4103.383	-4090.611	-12.77211	3.689032	17.35554	0.436418	0.763719	1.08431	1.71556	6.614512
3170	-4099.191	-4093.022	-6.169197	3.476195	19.61204	0.423047	0.754895	1.08403	1.73802	6.198051
3180	-4101.721	-4088.922	-12.79828	2.634464	14.8512	0.358845	0.709045	1.08	1.85211	6.579708
3190	-4103.903	-4095.612	-8.291109	3.541266	16.27327	0.427237	0.757685	1.08414	1.73094	6.345255
3200	-4102.764	-4089.686	-13.07848	2.847847	17.24041	0.377138	0.72274	1.08165	1.81847	6.634166
3210	-4097.722	-4084.528	-13.19374	4.118649	15.48657	0.460764	0.779215	1.08436	1.67566	6.632766
3220	-4104.252	-4107.924	3.672085	4.022803	17.9315	0.45561	0.775994	1.0844	1.684	5.684308
3230	-4118.331	-4112.677	-5.65488	3.759322	14.92495	0.440631	0.766452	1.08436	1.70856	6.10509
3240	-4092.107	-4086.612	-5.495649	2.81339	14.74702	0.37429	0.720643	1.08143	1.82364	6.078468
3250	-4107.224	-4094.895	-12.32888	3.423054	19.24257	0.419555	0.752553	1.08393	1.74396	6.52932
3260	-4105.716	-4104.921	-0.7947078	3.018404	16.22446	0.390681	0.732542	1.08261	1.79417	5.881981
3270	-4107.788	-4097.366	-10.4227	3.65337	15.48104	0.434243	0.762299	1.08427	1.71918	6.453604
3280	-4098.717	-4090.62	-8.097012	4.038045	17.77706	0.45644	0.776515	1.08439	1.68265	6.342483
3290	-4111.847	-4103.355	-8.492615	3.619974	14.88773	0.432184	0.760949	1.08424	1.72263	6.29251
3300	-4108.179	-4092.745	-15.43438	3.052669	15.43766	0.393296	0.734403	1.08276	1.78954	6.776401
3310	-4104.283	-4092.485	-11.79752	2.67193	16.94472	0.362174	0.711577	1.08034	1.84591	6.562459
3320	-4108.403	-4100.254	-8.149254	3.14309	16.2674	0.400037	0.739155	1.08314	1.77767	6.336391
3330	-4115.603	-4098.123	-17.4793	2.674615	16.5052	0.36241	0.711757	1.08036	1.84547	6.906853
3340	-4106.4	-4100.955	-5.4452	3.250553	20.54771	0.407762	0.74452	1.0835	1.76422	6.127775
3350	-4118.538	-4107.625	-10.9134	2.983612	17.10031	0.38799	0.730617	1.08243	1.79896	6.509628
3360	-4123.28	-4103.967	-19.31307	2.539254	14.73498	0.350147	0.702339	1.07906	1.86845	7.015063
3370	-4117.933	-4101.87	-16.06332	2.280752	16.1411	0.324633	0.681893	1.07565	1.91782	6.823276
3380	-4117.121	-4098.825	-18.29575	3.684591	12.62282	0.436149	0.763543	1.0843	1.71601	6.756716
3390	-4103.068	-4104.999	1.930778	3.211561	18.16858	0.404994	0.742607	1.08338	1.76902	5.785059
3400	-4132.369	-4119.024	-13.34503	3.359792	14.92758	0.415313	0.749685	1.0838	1.75121	6.620477
3410	-4116.909	-4104.67	-12.23929	3.302077	19.93618	0.41136	0.746991	1.08365	1.758	6.491416
3420	-4115.34	-4097.899	-17.44114	2.611771	15.68954	0.356804	0.707483	1.07979	1.85592	6.908869
3430	-4108.063	-4104.387	-3.67521	2.902686	18.20938	0.381591	0.725994	1.08199	1.81042	6.093431
3440	-4114.399	-4104.372	-10.0266	2.592118	18.68722	0.35502	0.706112	1.0796	1.85927	6.429017
3450	-4105.118	-4097.641	-7.477125	3.374744	17.2139	0.416324	0.750371	1.08383	1.74947	6.309191
3460	-4116.23	-4110.709	-5.520853	3.335167	15.49048	0.413637	0.748545	1.08374	1.75408	6.137554
3470	-4117.526	-4117.053	-0.4728503	3.610492	19.45858	0.431594	0.760562	1.08423	1.72362	5.910148
3480	-4093.152	-4089.394	-3.75882	4.286034	17.67874	0.469417	0.784554	1.08426	1.66177	6.098029
3490	-4115.003	-4103.801	-11.20128	2.582739	15.21166	0.354163	0.705451	1.07951	1.86088	6.492216
3500	-4097.011	-4087.542	-9.468649	3.183453	17.4015	0.402974	0.741205	1.08328	1.77254	6.42385
3510	-4099.006	-4096.14	-2.865824	4.560596	16.62342	0.482736	0.792607	1.08397	1.64069	6.025737
3520	-4115.241	-4106.232	-9.008586	4.17962	18.51891	0.463965	0.7812	1.08433	1.6705	6.379087
3530	-4116.819	-4110.175	-6.644472	3.311791	16.44992	0.412031	0.74745	1.08368	1.75684	6.249034
3540	-4109.561	-4098.802	-10.7592	2.547711	15.91186	0.350934	0.702951	1.07915	1.86697	6.489533
3550	-4105.95	-4090.147	-15.80313	3.08848	18.65963	0.395993	0.736312	1.08292	1.78478	6.739445
3560	-4095.109	-4083.415	-11.69329	3.071419	16.58639	0.394713	0.735407	1.08285	1.78703	6.556655
3570	-4099.295	-4086.921	-12.37339	3.035933	17.04153	0.392023	0.733498	1.08269	1.79179	6.595611
3580	-4112.244	-4098.775	-13.46985	1.988305	15.30308	0.291875	0.653764	1.06969	1.98467	6.644724
3590	-4126.578	-4106.351	-20.22642	2.626314	14.33119	0.358114	0.708486	1.07993	1.85347	7.062994
3600	-4109.608	-4103.815	-5.792375	2.897661	19.41633	0.381187	0.7257	1.08196	1.81115	6.184765
3610	-4096.572	-4093.435	-3.136552	3.418347	16.86031	0.419243	0.752342	1.08392	1.74449	6.049155
3620	-4101.225	-4103.114	1.889457	2.973436	18.5912	0.387196	0.730046	1.08238	1.80038	5.790992
3630	-4103.337	-4093.937	-9.399627	2.751399	14.67564	0.369066	0.716763	1.08098	1.83319	6.337662
3640	-4095.86	-4098.417	2.556956	3.832021	20.04706	0.444889	0.769192	1.08439	1.70153	5.747594
3650	-4101.259	-4104.039	2.780334	5.043318	19.76128	0.503867	0.804991	1.08323	1.60792	5.740199
3660	-4111.998	-4104.086	-7.912654	4.33702	17.82979	0.47197	0.786113	1.08421	1.6577	6.331565
3670	-4106.114	-4093.424	-12.68959	3.126492	17.49279	0.398817	0.738299	1.08307	1.77981	6.607212
3680	-4101.966	-4096.919	-5.047464	3.420427	18.54249	0.419381	0.752435	1.08393	1.74425	6.164851
3690	-4115.138	-4102.936	-12.20208	4.641602	16.81347	0.486475	0.794833	1.08386	1.63483	6.58705
3700	-4123.269	-4109.453	-13.8159	2.414777	16.03495	0.338225	0.692934	1.07759	1.89125	6.683114
3710	-4122.31	-4107.692	-14.61768	2.803703	17.90183	0.373482	0.720046	1.08136	1.82511	6.705278
3720	-4122.568	-4108.01	-14.55762	2.797247	16.40375	0.372942	0.719646	1.08131	1.8261	6.730223
3730	-4117.463	-4107.406	-10.05646	3.829527	17.71871	0.444745	0.7691	1.08439	1.70177	6.453647
3740	-4096.11	-4095.626	-0.4840712	3.385033	21.4709	0.417017	0.75084	1.08385	1.74829	5.855936
3750	-4111.589	-4115.087	3.498438	3.253546	20.41555	0.407973	0.744666	1.08351	1.76385	5.694943
3760	-4122.339	-4104.61	-17.72874	3.141513	16.44878	0.399922	0.739074	1.08313	1.77787	6.922871
3770	-4110.357	-4098.269	-12.08818	2.753078	16.6996	0.369209	0.71687	1.08099	1.83293	6.580525
3780	-4100.993	-4095.022	-5.971644	3.078738	15.46587	0.395263	0.735796	1.08288	1.78606	6.165169
3790	-4116.169	-4104.388	-11.78094	3.191532	14.74328	0.403557	0.74161	1.08331	1.77152	6.504432
3800	-4111.771	-4101.61	-10.16085	3.018791	16.89615	0.39071	0.732563	1.08261	1.79412	6.465835
3810	-4121.065	-4113.968	-7.097603	3.115161	16.47308	0.397979	0.737711	1.08303	1.78128	6.277126
3820	-4108.932	-4094.188	-14.74385	3.36476	13.41211	0.41565	0.749914	1.08381	1.75063	6.593496
3830	-4098.926	-4099.785	0.8589035	4.929793	19.47748	0.499135	0.802259	1.08342	1.61518	5.841477
3840	-4111.212	-4107.773	-3.439146	2.906088	22.83408	0.381864	0.726192	1.08201	1.80993	5.928439
3850	-4100.465	-4095.793	-4.67211	3.530528	18.36638	0.426552	0.75723	1.08412	1.7321	6.146731
3860	-4104.373	-4098.36	-6.013812	2.890199	16.34324	0.380585	0.725261	1.08192	1.81224	6.207556
3870	-4124.136	-4108.365	-15.77063	2.897672	13.86208	0.381187	0.7257	1.08196	1.81115	6.716045
3880	-4115.006	-4104.585	-10.42065	3.477116	15.77944	0.423107	0.754935	1.08404	1.73792	6.464371
3890	-4122.074	-4115.279	-6.794917	3.446709	17.8597	0.421117	0.753603	1.08398	1.7413	6.268647
3900	-4105.137	-4098.783	-6.354736	3.194757	19.69465	0.403789	0.741771	1.08332	1.77112	6.204752
3910	-4096.961	-4091.844	-5.117101	3.775372	21.56271	0.44158	0.767065	1.08436	1.70699	6.067375
3920	-4121.942	-4103.269	-18.67352	2.015222	14.11779	0.295085	0.656623	1.07037	1.97793	6.942701
3930	-4108.187	-4098.505	-9.681958	2.952391	13.85969	0.385545	0.728857	1.08227	1.80333	6.276524
3940	-4106.445	-4101.581	-4.863839	3.758541	16.82486	0.440585	0.766422	1.08435	1.70864	6.150849
3950	-4110.408	-4094.204	-16.20455	3.28239	17.02132	0.409993	0.746055	1.08359	1.76036	6.820882
3960	-4103.432	-4102.176	-1.256194	3.342923	17.30916	0.414166	0.748906	1.08375	1.75317	5.949995
3970	-4111.462	-4111.466	0.004084603	3.157442	20.14084	0.401087	0.739889	1.08319	1.77583	5.872836
3980	-4111.101	-4104.781	-6.319978	4.231597	18.41756	0.466649	0.782856	1.0843	1.6662	6.23564
3990	-4114.527	-4106.768	-7.758809	3.097787	14.76821	0.396688	0.736802	1.08296	1.78355	6.233691
4000	-4116.901	-4107.427	-9.473784	2.583717	18.69998	0.354253	0.70552	1.07952	1.86071	6.399056
4010	-4109.847	-4094.541	-15.30586	2.658032	17.41387	0.360945	0.710645	1.08021	1.8482	6.758961
4020	-4119.406	-4106.773	-12.6326	3.263829	12.52006	0.408696	0.745163	1.08354	1.7626	6.287711
4030	-4114.698	-4103.463	-11.23507	3.567113	16.68012	0.428876	0.75877	1.08417	1.72818	6.529392
4040	-4129.815	-4112.699	-17.11618	2.301905	18.10315	0.326833	0.683704	1.07599	1.91348	6.836305
4050	-4124.207	-4108.125	-16.08186	3.323332	15.38437	0.412826	0.747992	1.08371	1.75548	6.817255
4060	-4114.698	-4099.698	-15.00071	3.152693	15.68329	0.40074	0.739646	1.08317	1.77644	6.753225
4070	-4125.625	-4111.567	-14.05856	2.832748	15.88141	0.375894	0.721826	1.08156	1.82072	6.69648
4080	-4105.994	-4108.162	2.167888	3.805918	18.70002	0.443372	0.768218	1.08438	1.70403	5.776507
4090	-4103.421	-4098.33	-5.091129	2.262011	17.2366	0.322666	0.680266	1.07535	1.92172	6.170832
4100	-4103.368	-4096.379	-6.988737	2.735283	17.68944	0.367686	0.715731	1.08086	1.83573	6.280675
4110	-4103.711	-4090.507	-13.20425	3.581884	16.3596	0.429806	0.759384	1.08419	1.72662	6.647584
4120	-4103.165	-4101.61	-1.554941	2.921367	22.3868	0.383086	0.727079	1.0821	1.80774	5.866862
4130	-4123.479	-4104.234	-19.24493	2.91411	16.09386	0.382506	0.726659	1.08206	1.80878	7.021003
4140	-4097.091	-4086.809	-10.28186	3.518415	17.81324	0.425776	0.756715	1.0841	1.7334	6.464745
4150	-4108.603	-4102.973	-5.629328	3.084717	16.13071	0.395711	0.736113	1.0829	1.78527	6.176449
4160	-4102.932	-4098.707	-4.225306	2.800358	16.6615	0.373202	0.719839	1.08134	1.82562	6.108621
4170	-4122.515	-4111.522	-10.9934	2.503459	16.55943	0.346784	0.699712	1.07867	1.87484	6.514289
4180	-4107.718	-4099.36	-8.3578	3.308004	19.38666	0.41177	0.747271	1.08367	1.75729	6.317952
4190	-4119.112	-4102.348	-16.76474	2.260902	21.60636	0.322549	0.680169	1.07533	1.92195	6.604374
4200	-4108.774	-4100.834	-7.939754	3.151991	20.46742	0.400689	0.739611	1.08317	1.77653	6.252862
4210	-4135.669	-4123.824	-11.84432	2.458642	16.42309	0.3425	0.696336	1.07814	1.88302	6.564957
4220	-4103.967	-4090.312	-13.65461	3.228637	16.91951	0.406211	0.74345	1.08343	1.76691	6.672352
4230	-4107.203	-4094.296	-12.90694	2.70624	15.27476	0.365177	0.713847	1.08062	1.84035	6.606859
4240	-4111.662	-4094.204	-17.45769	3.062759	16.65743	0.394059	0.734945	1.08281	1.78819	6.902888
4250	-4090.144	-4086.428	-3.71652	2.85272	16.76358	0.377537	0.723033	1.08169	1.81774	6.081027
4260	-4131.464	-4111.322	-20.14196	2.346037	15.0557	0.331356	0.687398	1.07665	1.9046	7.078032
4270	-4102.177	-4095.178	-6.998958	3.357034	20.26902	0.415126	0.749558	1.08379	1.75153	6.215305
4280	-4098.036	-4096.297	-1.738696	3.629961	17.12099	0.432802	0.761355	1.08425	1.72159	5.973626
4290	-4100.411	-4094.463	-5.94723	3.632903	18.64749	0.432984	0.761474	1.08425	1.72129	6.211481
4300	-4109.545	-4094.624	-14.92042	4.121977	16.15529	0.46094	0.779324	1.08436	1.67537	6.752508
4310	-4114.528	-4105.179	-9.348235	4.646821	15.87508	0.486713	0.794974	1.08386	1.63446	6.39968
4320	-4088.416	-4082.432	-5.983999	3.353145	17.12183	0.414862	0.749379	1.08378	1.75198	6.221593
4330	-4107.213	-4089.377	-17.83658	2.445411	15.28446	0.341219	0.69532	1.07798	1.88548	6.929759
4340	-4118.534	-4098.09	-20.44372	2.796075	15.90902	0.372844	0.719573	1.0813	1.82628	7.098203
4350	-4114.61	-4107.754	-6.855332	5.675824	21.36937	0.527936	0.818541	1.08197	1.57155	6.157794
4360	-4109.977	-4103.907	-6.070189	3.082129	17.43689	0.395517	0.735976	1.08289	1.78561	6.228672
4370	-4117.379	-4114.631	-2.74829	2.948007	16.83137	0.385199	0.728608	1.08225	1.80395	6.025299
4380	-4108.903	-4100.852	-8.050867	2.342725	17.52177	0.33102	0.687124	1.0766	1.90526	6.341888
4390	-4117.66	-4104.621	-13.03868	2.825037	16.41496	0.375257	0.721356	1.0815	1.82188	6.637659
4400	-4101.389	-4099.527	-1.861536	4.038687	17.84275	0.456475	0.776536	1.08439	1.6826	5.992287
4410	-4098.249	-4094.781	-3.468288	3.691046	20.08126	0.43654	0.763799	1.08431	1.71535	6.047099
4420	-4115.603	-4112.574	-3.028405	4.189659	15.31331	0.464487	0.781522	1.08433	1.66966	5.963229
4430	-4109.619	-4103.745	-5.87419	3.990343	19.66782	0.453831	0.774874	1.0844	1.68689	6.181224
4440	-4110.732	-4102.319	-8.413445	3.366851	16.77691	0.415791	0.75001	1.08381	1.75039	6.361354
4450	-4106.889	-4099.717	-7.172556	2.287506	17.7565	0.325338	0.682474	1.07576	1.91643	6.290631
4460	-4118.081	-4105.408	-12.67333	3.305349	16.7955	0.411587	0.747146	1.08366	1.75761	6.615175
4470	-4094.782	-4092.762	-2.020669	2.682715	17.60826	0.363122	0.712296	1.08043	1.84415	5.99889
4480	-4117.348	-4102.716	-14.63193	3.25783	15.38964	0.408274	0.744873	1.08352	1.76333	6.723152
4490	-4140.803	-4111.14	-29.66365	2.34477	14.81112	0.331228	0.687293	1.07663	1.90485	7.716133
4500	-4115.52	-4096.347	-19.173	2.53774	13.60895	0.350006	0.702229	1.07904	1.86872	6.94167
4510	-4107.669	-4100.301	-7.367449	2.748954	16.00706	0.368857	0.716607	1.08096	1.83358	6.279967
4520	-4127.131	-4106.852	-20.27965	3.209997	17.4985	0.404882	0.74253	1.08337	1.76921	7.040852
4530	-4114.148	-4097.224	-16.92415	2.806231	17.01332	0.373693	0.720202	1.08138	1.82473	6.863358
4540	-4110.931	-4102.135	-8.79576	2.989563	17.03295	0.388453	0.730948	1.08246	1.79813	6.385652
4550	-4107.374	-4094.312	-13.06136	3.421345	16.14171	0.419442	0.752476	1.08393	1.74415	6.6373
4560	-4118.785	-4099.526	-19.25959	2.490474	17.59459	0.345552	0.698744	1.07852	1.87719	6.978503
4570	-4114.167	-4095.634	-18.53318	2.440332	13.83517	0.340726	0.694928	1.07792	1.88643	6.913302
4580	-4101.888	-4091.961	-9.926719	3.591608	17.23559	0.430416	0.759786	1.08421	1.72559	6.45138
4590	-4105.221	-4100.85	-4.370964	2.704673	17.16343	0.365041	0.713744	1.08061	1.8406	6.128025
4600	-4111.395	-4106.017	-5.377898	3.847027	17.07467	0.445756	0.769747	1.08439	1.7001	6.185579
4610	-4117.344	-4112.13	-5.214324	4.680315	17.0778	0.488233	0.795874	1.08381	1.63208	6.176043
4620	-4105.769	-4102.004	-3.764953	4.48652	18.66573	0.479244	0.790514	1.08406	1.64618	6.094221
4630	-4088.556	-4087.55	-1.006259	3.595009	19.08445	0.430629	0.759927	1.08421	1.72523	5.942928
4640	-4105.46	-4098.301	-7.158595	3.467845	16.62392	0.422502	0.754531	1.08402	1.73895	6.283983
4650	-4099.01	-4088.879	-10.13116	3.324821	18.87025	0.412928	0.748062	1.08371	1.7553	6.428627
4660	-4118.885	-4101.429	-17.45605	3.097718	19.03627	0.396683	0.736799	1.08296	1.78356	6.8076
4670	-4112.469	-4098.314	-14.15488	3.097718	15.70734	0.396683	0.736799	1.08296	1.78356	6.699753
4680	-4110.714	-4103.294	-7.419747	3.361912	16.37081	0.415457	0.749783	1.0838	1.75096	6.29428
4690	-4117.254	-4108.023	-9.231172	2.621239	17.86144	0.357658	0.708137	1.07988	1.85432	6.405031
4700	-4111.267	-4097.312	-13.95445	2.437093	16.14643	0.34041	0.694677	1.07788	1.88704	6.692659
4710	-4113.626	-4097.723	-15.90259	2.821581	17.06025	0.37497	0.721145	1.08148	1.8224	6.802293
4720	-4126.554	-4113.533	-13.02129	3.860368	16.06866	0.446523	0.770238	1.0844	1.69884	6.633992
4730	-4122.452	-4106.827	-15.62462	5.048653	15.7316	0.504086	0.805117	1.08322	1.60758	6.793624
4740	-4109.644	-4099.185	-10.45915	3.773123	16.69785	0.441447	0.766979	1.08436	1.70721	6.482967
4750	-4126.442	-4103.594	-22.8479	3.312669	13.43843	0.412092	0.747491	1.08368	1.75674	7.199725
4760	-4118.088	-4101.579	-16.50882	2.615628	14.96351	0.357152	0.70775	1.07983	1.85527	6.833689
4770	-4118.689	-4102.255	-16.43394	2.903723	16.68601	0.381674	0.726054	1.082	1.81027	6.840978
4780	-4095.774	-4080.682	-15.09129	3.067628	17.33591	0.394427	0.735205	1.08283	1.78754	6.748631
4790	-4114.149	-4093.155	-20.99419	3.165167	16.34556	0.401649	0.740281	1.08322	1.77485	7.124108
4800	-4112.919	-4097.278	-15.64047	2.605681	17.41018	0.356252	0.70706	1.07973	1.85696	6.778279
4810	-4109.457	-4095.282	-14.17573	2.365484	16.42933	0.333321	0.68899	1.07693	1.90076	6.706906
4820	-4111.304	-4099.182	-12.12213	3.584393	17.63369	0.429964	0.759488	1.0842	1.72635	6.572049
4830	-4101.959	-4083.666	-18.29297	2.604289	18.90013	0.356126	0.706963	1.07972	1.85719	6.859446
4840	-4098.067	-4088.779	-9.287936	3.426654	14.70206	0.419794	0.752713	1.08394	1.74355	6.332142
4850	-4128.631	-4106.685	-21.94597	2.858654	14.07802	0.378023	0.723389	1.08172	1.81687	7.172687
4860	-4136.678	-4107.922	-28.75643	2.216353	17.24777	0.317802	0.67621	1.07457	1.93142	7.543029
4870	-4114.406	-4103.715	-10.69053	2.417664	15.04694	0.338509	0.693161	1.07763	1.8907	6.449768
4880	-4114.145	-4096.624	-17.5215	2.906396	16.18033	0.381888	0.72621	1.08201	1.80989	6.913321
4890	-4097.741	-4087.646	-10.09532	3.019774	16.45403	0.390786	0.732617	1.08261	1.79399	6.458866
4900	-4104.285	-4092.231	-12.05403	3.183668	13.48591	0.40299	0.741216	1.08328	1.77251	6.402844
4910	-4093.774	-4101.818	8.043891	2.478063	18.31917	0.344367	0.697811	1.07837	1.87945	5.453075
4920	-4111.987	-4105.272	-6.715118	3.631939	19.21214	0.432924	0.761435	1.08425	1.72139	6.238471
4930	-4100.152	-4090.387	-9.765181	2.45463	17.92919	0.342113	0.696028	1.07809	1.88377	6.433718
4940	-4099.786	-4094.4	-5.385106	3.989347	18.01994	0.453776	0.77484	1.0844	1.68698	6.188902
4950	-4112.082	-4096.216	-15.86543	3.163118	15.17861	0.4015	0.740177	1.08321	1.77511	6.79788
4960	-4096.705	-4087.807	-8.897663	3.44857	16.33466	0.42124	0.753685	1.08398	1.74109	6.383837
4970	-4101.183	-4092.13	-9.052664	3.066751	18.46053	0.394361	0.735158	1.08283	1.78765	6.382954
4980	-4102.704	-4096.703	-6.00128	3.015194	19.37443	0.390434	0.732366	1.08259	1.79461	6.196756
4990	-4100.942	-4097.733	-3.208976	2.796401	20.04966	0.372871	0.719594	1.08131	1.82623	6.035136
5000	-4111.826	-4108.21	-3.615191	2.778479	16.77903	0.371364	0.718475	1.08118	1.82898	6.075408
5010	-4113.049	-4107.331	-5.717169	3.407111	16.72726	0.418495	0.751838	1.0839	1.74577	6.199617
5020	-4123.76	-4116.255	-7.505494	2.786105	18.47332	0.372007	0.718953	1.08123	1.82781	6.298881
5030	-4108.836	-4100.385	-8.451012	3.108825	18.40836	0.397509	0.737381	1.083	1.78211	6.351554
5040	-4113.817	-4103.723	-10.09352	2.718723	15.38882	0.366259	0.714661	1.08072	1.83836	6.428213
5050	-4123.618	-4104.547	-19.07155	3.040736	13.40272	0.392389	0.733759	1.08271	1.79114	6.915247
5060	-4114.459	-4099.878	-14.58088	3.239117	18.27566	0.406954	0.743963	1.08347	1.76562	6.689804
5070	-4125.769	-4113.617	-12.15238	3.874007	20.03339	0.447304	0.770736	1.0844	1.69756	6.482045
5080	-4116.798	-4104.456	-12.34262	3.157843	16.49337	0.401116	0.739909	1.08319	1.77578	6.595599
5090	-4109.773	-4118.954	9.180755	2.388817	19.77276	0.335656	0.690873	1.07725	1.89622	5.41637
5100	-4117.861	-4110.481	-7.380222	5.709093	18.89708	0.529105	0.819185	1.0819	1.56981	6.282137
5110	-4107.762	-4100.653	-7.109134	4.363715	18.32331	0.473291	0.786917	1.08419	1.6556	6.280172
5120	-4094.409	-4092.435	-1.973775	3.60966	17.9866	0.431543	0.760528	1.08423	1.7237	5.99945
5130	-4117.194	-4098.302	-18.89167	3.385762	16.41476	0.417066	0.750873	1.08386	1.74821	6.994227
5140	-4118.233	-4108.36	-9.872605	2.385637	17.54305	0.335339	0.690618	1.0772	1.89684	6.445614
5150	-4104.271	-4102.014	-2.256812	3.081419	20.90879	0.395464	0.735939	1.08289	1.78571	5.960155
5160	-4095.121	-4090.983	-4.138466	3.274292	18.57682	0.409428	0.745667	1.08357	1.76133	6.115409
5170	-4100.293	-4094.979	-5.313978	4.296729	16.91963	0.469956	0.784883	1.08425	1.66091	6.179395
5180	-4118.887	-4107.197	-11.69024	3.094271	16.10068	0.396426	0.736617	1.08294	1.78401	6.551702
5190	-4119.195	-4106.013	-13.18176	3.28504	16.22266	0.410178	0.746181	1.0836	1.76004	6.645448
5200	-4117.223	-4099.674	-17.54989	2.501894	18.29269	0.346636	0.699596	1.07865	1.87512	6.851449
5210	-4121.297	-4106.236	-15.06077	3.342264	16.33336	0.414121	0.748875	1.08375	1.75325	6.761143
5220	-4112.731	-4100.966	-11.76543	2.302089	15.92409	0.326852	0.68372	1.07599	1.91344	6.553037
5230	-4106.966	-4101.811	-5.155437	3.583229	18.65352	0.42989	0.75944	1.0842	1.72647	6.16892
5240	-4122.792	-4108.481	-14.31107	3.533654	16.19312	0.426752	0.757363	1.08413	1.73176	6.714957
5250	-4127.673	-4108.092	-19.58074	3.283123	15.67108	0.410044	0.74609	1.0836	1.76027	7.045286
5260	-4126.303	-4099.445	-26.85814	2.379235	13.92376	0.3347	0.690103	1.07712	1.89808	7.517741
5270	-4107.69	-4089.659	-18.03133	2.971591	12.65011	0.387052	0.729943	1.08237	1.80063	6.740096
5280	-4097.451	-4089.412	-8.039012	3.391201	18.68797	0.417431	0.75112	1.08387	1.74758	6.322637
5290	-4105.107	-4085.885	-19.22191	2.788984	16.12057	0.372249	0.719132	1.08125	1.82736	7.019234
5300	-4102.114	-4091.034	-11.07989	3.419504	16.82521	0.419319	0.752394	1.08393	1.74436	6.520305
5310	-4107.457	-4088.723	-18.73431	3.253733	14.04506	0.407986	0.744675	1.08351	1.76383	6.942462
5320	-4106.679	-4099.769	-6.909474	2.965014	18.07041	0.386537	0.729572	1.08234	1.80155	6.272905
5330	-4103.539	-4097.101	-6.438432	3.219481	19.80678	0.405559	0.742999	1.0834	1.76804	6.205109
5340	-4096.093	-4085.993	-10.09963	3.416762	20.01103	0.419137	0.752271	1.08392	1.74467	6.380624
5350	-4111.859	-4096.504	-15.35549	2.857235	16.55238	0.377907	0.723304	1.08171	1.81708	6.777774
5360	-4121.541	-4105.666	-15.87568	3.017569	18.01999	0.390616	0.732496	1.0826	1.79429	6.771065
5370	-4114.615	-4097.18	-17.43516	2.537988	16.07848	0.350029	0.702247	1.07905	1.86868	6.908632
5380	-4129.286	-4108.012	-21.27417	2.318934	13.83633	0.328589	0.685143	1.07625	1.91002	7.111492
5390	-4111.357	-4091.79	-19.56673	2.621967	16.99056	0.357723	0.708187	1.07989	1.8542	7.019448
5400	-4107.044	-4095.339	-11.70529	2.104727	17.02059	0.305464	0.665707	1.0724	1.95643	6.556556
5410	-4101.898	-4090.165	-11.73288	2.678967	15.47812	0.362793	0.712047	1.0804	1.84476	6.538129
5420	-4108.187	-4097.562	-10.62451	2.396358	16.55422	0.336405	0.691475	1.07735	1.89477	6.49197
5430	-4106.756	-4104.164	-2.592606	2.404383	16.31174	0.3372	0.692113	1.07746	1.89323	5.996827
5440	-4112.657	-4098.484	-14.17303	2.711836	21.65863	0.365663	0.714212	1.08067	1.83946	6.480898
5450	-4101.143	-4096.818	-4.325085	3.865653	17.68968	0.446826	0.770431	1.0844	1.69835	6.130097
5460	-4105.591	-4101.253	-4.337713	2.668393	19.16358	0.361862	0.711341	1.08031	1.84649	6.115804
5470	-4095.034	-4093.505	-1.529501	3.645066	20.39378	0.433733	0.761966	1.08427	1.72004	5.941867
5480	-4096.021	-4090.261	-5.759372	3.775653	17.50005	0.441597	0.767075	1.08436	1.70696	6.211056
5490	-4114.894	-4117.688	2.794146	3.219757	21.59914	0.405579	0.743013	1.08341	1.768	5.69936
5500	-4103.504	-4095.924	-7.580487	3.142221	15.88713	0.399974	0.73911	1.08313	1.77778	6.288802
5510	-4110.508	-4090.028	-20.48033	2.962836	16.04538	0.386366	0.729449	1.08233	1.80186	7.098568
5520	-4106.618	-4091.334	-15.28361	3.177352	14.89471	0.402533	0.740898	1.08326	1.77331	6.748957
5530	-4107.313	-4100.283	-7.030914	3.311347	17.92203	0.412001	0.747429	1.08367	1.7569	6.281285
5540	-4122.518	-4104.029	-18.48975	3.299061	17.43563	0.411151	0.746848	1.08364	1.75836	6.940977
5550	-4123.054	-4110.389	-12.66491	3.475443	14.68696	0.422998	0.754863	1.08403	1.73811	6.560881
5560	-4119.136	-4099.893	-19.24254	2.875271	14.60011	0.379376	0.72438	1.08183	1.81442	7.005714
5570	-4093.437	-4094.337	0.900339	3.096096	19.43507	0.396562	0.736713	1.08295	1.78377	5.839855
5580	-4108.99	-4100.404	-8.585869	3.408938	17.68594	0.418617	0.75192	1.08391	1.74556	6.370998
5590	-4117.379	-4107.83	-9.549184	3.284746	19.60756	0.410157	0.746167	1.0836	1.76007	6.370578
5600	-4111.193	-4107.7	-3.493759	3.109615	17.15415	0.397568	0.737422	1.08301	1.782	6.076749
5610	-4123.301	-4109.964	-13.33758	3.85043	15.88109	0.445952	0.769873	1.08439	1.69978	6.651077
5620	-4108.766	-4100.313	-8.452629	2.931457	17.2508	0.383889	0.727661	1.08216	1.80629	6.365843
5630	-4102.474	-4098.27	-4.204214	2.659131	18.69164	0.361043	0.710719	1.08022	1.84801	6.117383
5640	-4120.018	-4101.051	-18.96632	3.043753	16.96382	0.392619	0.733922	1.08272	1.79074	6.984943
5650	-4124.263	-4108.497	-15.76608	3.433857	14.64951	0.42027	0.753034	1.08396	1.74274	6.770162
5660	-4111.162	-4095.827	-15.33594	3.525708	15.28788	0.426244	0.757026	1.08412	1.73262	6.766248
5670	-4115.67	-4103.88	-11.79046	3.453981	17.84516	0.421595	0.753923	1.08399	1.74049	6.548699
5680	-4116.903	-4104.714	-12.1885	4.245129	15.63239	0.467341	0.783281	1.08429	1.66509	6.57247
5690	-4104.07	-4097.233	-6.836083	3.128191	19.59657	0.398942	0.738387	1.08308	1.77959	6.232582
5700	-4115.551	-4102.319	-13.23192	3.031782	16.68853	0.391706	0.733273	1.08267	1.79235	6.649068
5710	-4106.495	-4093.52	-12.97513	2.578965	17.28437	0.353818	0.705185	1.07947	1.86153	6.627453
5720	-4136.625	-4116.757	-19.86866	1.808314	13.95242	0.269267	0.632949	1.06436	2.03342	7.01759
5730	-4101.54	-4090.525	-11.01509	3.481157	17.15185	0.42337	0.755111	1.08404	1.73748	6.515221
5740	-4116.264	-4110.593	-5.671067	2.412246	18.31112	0.337976	0.692734	1.07756	1.89173	6.201844
5750	-4097.834	-4100.4	2.566606	5.333009	17.29679	0.515347	0.811525	1.08268	1.59045	5.728711
5760	-4117.303	-4103.463	-13.83952	2.487573	18.2284	0.345275	0.698526	1.07849	1.87771	6.650945
5770	-4124.752	-4104.095	-20.65737	2.576573	16.8109	0.353598	0.705015	1.07945	1.86194	7.090025
5780	-4126.288	-4102.549	-23.73954	3.43854	16.70964	0.420579	0.753241	1.08396	1.74221	7.277799
5790	-4117.446	-4095.837	-21.609	2.992118	13.00868	0.388651	0.731091	1.08248	1.79778	7.066618
5800	-4112.777	-4096.385	-16.39187	2.437786	16.80154	0.340478	0.69473	1.07789	1.88691	6.836465
5810	-4089.729	-4082.949	-6.780514	2.545223	18.11277	0.350703	0.702771	1.07912	1.8674	6.265254
5820	-4101.774	-4091.523	-10.25172	3.50413	17.96591	0.424857	0.756103	1.08408	1.73496	6.460109
5830	-4094.502	-4087.365	-7.137494	3.124065	16.72588	0.398638	0.738174	1.08306	1.78012	6.284505
5840	-4123.508	-4109.659	-13.84921	2.763188	14.17351	0.370069	0.717512	1.08107	1.83135	6.605651
5850	-4111.794	-4096.723	-15.0708	3.375077	17.51715	0.416347	0.750386	1.08383	1.74944	6.742658
5860	-4109.135	-4089.687	-19.4483	2.690454	16.27593	0.363801	0.712808	1.08049	1.8429	7.030823
5870	-4133.004	-4103.269	-29.73512	2.685825	11.67643	0.363395	0.712502	1.08045	1.84365	7.546048
5880	-4107.525	-4092.251	-15.27345	2.359033	16.19845	0.332671	0.688464	1.07684	1.90203	6.77439
5890	-4108.114	-4088.85	-19.26402	2.711708	16.25565	0.365652	0.714204	1.08067	1.83948	7.01984
5900	-4125.227	-4106.583	-18.64438	3.438548	16.5972	0.42058	0.753242	1.08396	1.74221	6.975501
5910	-4120.512	-4097.852	-22.65993	2.437831	13.31205	0.340482	0.694734	1.07789	1.8869	7.175649
5920	-4111.767	-4091.913	-19.85355	2.809779	13.7772	0.373989	0.720421	1.0814	1.82419	7.004632
5930	-4120.956	-4091.887	-29.0689	2.933263	13.05733	0.384032	0.727765	1.08217	1.80604	7.643166
5940	-4099.646	-4080.555	-19.09141	2.46702	16.12653	0.343307	0.696974	1.07824	1.88148	7.011064
5950	-4110.732	-4098.679	-12.05339	2.57652	16.22781	0.353593	0.705011	1.07945	1.86195	6.575953
5960	-4138.957	-4113.029	-25.92757	2.526132	16.14449	0.34892	0.701383	1.07892	1.87078	7.434269
5970	-4135.995	-4115.39	-20.60566	3.488436	14.46848	0.423842	0.755427	1.08406	1.73668	7.09475
5980	-4102.347	-4093.751	-8.596373	2.772319	16.76818	0.370843	0.718088	1.08113	1.82993	6.372172
5990	-4114.301	-4099.348	-14.9532	2.649643	17.40915	0.3602	0.710078	1.08014	1.84958	6.738831
6000	-4129.26	-4108.679	-20.58095	3.022861	11.89021	0.391023	0.732786	1.08263	1.79356	6.809311
6010	-4122.093	-4105.746	-16.34721	2.95398	16.15572	0.38567	0.728948	1.08228	1.8031	6.840825
6020	-4110.132	-4094.523	-15.60948	3.553629	14.953	0.428023	0.758206	1.08416	1.72962	6.773178
6030	-4114.159	-4098.998	-15.16107	3.233502	19.27112	0.406556	0.743688	1.08345	1.76631	6.675009
6040	-4120.866	-4104.472	-16.39407	3.803285	17.1156	0.443218	0.768119	1.08438	1.70429	6.829749
6050	-4124.703	-4111.369	-13.33409	2.694088	14.44894	0.364118	0.713048	1.08052	1.84231	6.590787
6060	-4105.366	-4102.039	-3.327019	2.913272	18.6873	0.382439	0.72661	1.08205	1.8089	6.070505
6070	-4108.116	-4105.16	-2.955941	4.399773	20.56941	0.475061	0.78799	1.08415	1.65279	6.005881
6080	-4106.497	-4103.787	-2.710252	3.648571	18.7924	0.433949	0.762107	1.08427	1.71968	6.03634
6090	-4118.63	-4097.013	-21.61746	2.90675	17.46718	0.381917	0.726231	1.08201	1.80984	7.118837
6100	-4107.153	-4088.728	-18.42573	2.509659	15.57273	0.347371	0.700171	1.07874	1.87372	6.971192
6110	-4104.255	-4090.293	-13.96138	2.40798	16.96819	0.337555	0.692398	1.0775	1.89254	6.689848
6120	-4103.437	-4099.898	-3.538434	2.794089	18.74017	0.372677	0.71945	1.08129	1.82658	6.081131
6130	-4098.801	-4092.472	-6.328876	3.746055	17.80921	0.439843	0.765943	1.08435	1.70987	6.242855
6140	-4099.575	-4088.961	-10.61413	2.757437	18.06257	0.36958	0.717147	1.08102	1.83225	6.478101
6150	-4106.802	-4098.982	-7.819939	2.489276	16.12667	0.345437	0.698654	1.0785	1.8774	6.312129
6160	-4110.501	-4098.556	-11.94531	2.843813	17.02192	0.376806	0.722497	1.08163	1.81907	6.570648
6170	-4107.892	-4094.263	-13.62886	2.719724	19.24436	0.366346	0.714726	1.08073	1.8382	6.596792
6180	-4102.554	-4091.612	-10.94251	2.584259	17.98062	0.354302	0.705559	1.07952	1.86062	6.498222
6190	-4132.419	-4116.641	-15.77794	2.25713	16.20707	0.322151	0.679839	1.07527	1.92274	6.805518
6200	-4113.709	-4099.175	-14.53441	3.545494	23.05271	0.427506	0.757863	1.08414	1.73049	6.398328
6210	-4090.249	-4089.702	-0.5475134	2.931645	18.24915	0.383904	0.727672	1.08216	1.80627	5.921836
6220	-4105.291	-4092.922	-12.36839	2.677053	14.51806	0.362625	0.711919	1.08038	1.84508	6.529083
6230	-4109.903	-4091.92	-17.9824	2.339063	17.9273	0.330647	0.686821	1.07655	1.90598	6.892116
6240	-4112.167	-4103.356	-8.810964	2.731749	15.54182	0.367383	0.715504	1.08083	1.83629	6.35237
6250	-4115.563	-4105.542	-10.0205	3.145444	15.87686	0.40021	0.739276	1.08315	1.77737	6.442081
6260	-4108.744	-4104.138	-4.606222	3.030447	18.11597	0.391604	0.7332	1.08266	1.79253	6.145193
6270	-4097.128	-4092.588	-4.539986	2.823169	16.56734	0.375102	0.721242	1.08149	1.82216	6.124814
6280	-4098.626	-4099.216	0.5905719	3.121105	22.14622	0.398419	0.73802	1.08305	1.78051	5.780758
6290	-4115.864	-4099.423	-16.44086	2.632668	15.40533	0.358684	0.708922	1.07999	1.85241	6.840997
6300	-4112.578	-4097.072	-15.50635	3.545665	14.46911	0.427517	0.757871	1.08414	1.73047	6.742345
6310	-4110.715	-4098.2	-12.51503	3.564129	15.43027	0.428687	0.758645	1.08417	1.7285	6.58704
6320	-4097.566	-4080.018	-17.54838	3.706327	16.7844	0.437464	0.764399	1.08432	1.71382	6.905682
6330	-4094.899	-4091.234	-3.6654	2.298911	18.32079	0.326523	0.683449	1.07594	1.91409	6.092246
6340	-4112.339	-4097.021	-15.31787	3.498578	15.119	0.424499	0.755864	1.08407	1.73556	6.759843
6350	-4111.201	-4095.446	-15.75559	2.284486	16.31466	0.325023	0.682215	1.07571	1.91705	6.803777
6360	-4104.422	-4095.667	-8.755561	2.906165	18.19788	0.38187	0.726197	1.08201	1.80992	6.372658
6370	-4099.078	-4085.082	-13.99609	3.223624	17.21401	0.405855	0.743203	1.08342	1.76752	6.687893
6380	-4107.38	-4088.22	-19.16013	2.664453	16.21731	0.361514	0.711077	1.08027	1.84714	7.01405
6390	-4100.866	-4098.932	-1.934244	3.051869	17.36737	0.393235	0.73436	1.08276	1.78964	5.990268
6400	-4105.058	-4093.747	-11.31042	2.835112	14.02079	0.37609	0.72197	1.08157	1.82037	6.411395
6410	-4104.049	-4099.219	-4.82968	4.164301	15.04586	0.463166	0.780706	1.08434	1.67179	6.060174
6420	-4111.072	-4108.501	-2.570611	3.179787	20.26599	0.402709	0.74102	1.08327	1.773	5.996919
6430	-4102.533	-4096.342	-6.190748	4.198108	21.06861	0.464925	0.781793	1.08432	1.66896	6.140986
6440	-4108.588	-4089.69	-18.89802	2.223454	16.36052	0.318565	0.67685	1.07469	1.92989	6.995606
6450	-4097.021	-4086.641	-10.38035	2.856304	16.92312	0.377831	0.723248	1.08171	1.81721	6.478832
6460	-4110.998	-4095.04	-15.95836	3.221742	13.14569	0.405721	0.743111	1.08341	1.76776	6.651095
6470	-4097.336	-4095.181	-2.155782	3.025234	19.25322	0.391205	0.732916	1.08264	1.79324	6.000461
6480	-4098.533	-4090.605	-7.928844	4.206982	20.34753	0.465383	0.782076	1.08432	1.66823	6.257721
6490	-4106.714	-4098.354	-8.360065	3.421886	17.10899	0.419478	0.752501	1.08393	1.74409	6.360336
6500	-4101.941	-4100.113	-1.827924	2.715884	18.70117	0.366014	0.714476	1.0807	1.83881	5.990177
6510	-4098.683	-4089.928	-8.755041	2.779196	14.08916	0.371424	0.71852	1.08118	1.82887	6.236955
6520	-4119.239	-4103.147	-16.09185	3.181186	16.89348	0.402811	0.741091	1.08328	1.77282	6.816913
6530	-4113.406	-4098.434	-14.97202	2.842126	19.89443	0.376667	0.722395	1.08162	1.81932	6.630913
6540	-4097.022	-4092.322	-4.700746	4.320924	17.02294	0.471168	0.785624	1.08423	1.65898	6.145064
6550	-4101.539	-4091.654	-9.884691	4.541839	16.11104	0.481859	0.792083	1.08399	1.64206	6.439803
6560	-4098.239	-4090.644	-7.594907	3.358992	18.59691	0.415259	0.749649	1.08379	1.7513	6.301015
6570	-4107.063	-4104.931	-2.131967	5.628151	16.12743	0.526245	0.817608	1.08207	1.57408	5.959462
6580	-4095.14	-4092.103	-3.036863	2.966183	18.76753	0.386629	0.729638	1.08234	1.80139	6.054033
6590	-4114.636	-4099.313	-15.32285	2.745329	13.51346	0.368547	0.716376	1.08093	1.83414	6.648342
6600	-4108.364	-4104.043	-4.321108	3.4819	18.57031	0.423418	0.755143	1.08404	1.73739	6.125325
6610	-4111.286	-4095.794	-15.49214	3.098598	16.0924	0.396749	0.736845	1.08296	1.78344	6.787818
6620	-4113.229	-4100.491	-12.73804	3.08899	16.90215	0.396031	0.736339	1.08292	1.78471	6.618319
6630	-4114.238	-4109.52	-4.717798	4.322431	20.46004	0.471243	0.78567	1.08423	1.65886	6.095722
6640	-4113.369	-4105.794	-7.575217	3.04921	19.66194	0.393033	0.734217	1.08275	1.79	6.267927
6650	-4118.189	-4103.554	-14.635	2.385544	18.24835	0.33533	0.690611	1.0772	1.89686	6.69382
6660	-4128.036	-4113.993	-14.04232	2.761084	15.88632	0.369891	0.717379	1.08105	1.83168	6.695525
6670	-4133.539	-4114.788	-18.75117	3.184165	15.88151	0.403026	0.741241	1.08329	1.77245	6.991957
6680	-4095.054	-4093.288	-1.766144	2.917854	17.34876	0.382805	0.726876	1.08208	1.80824	5.980235
6690	-4096.776	-4087.579	-9.196828	3.038154	16.39354	0.392192	0.733619	1.0827	1.79149	6.403241
6700	-4096.466	-4095.014	-1.452552	3.525823	19.99234	0.426251	0.757031	1.08412	1.7326	5.948976
6710	-4104.547	-4102.455	-2.092227	2.800438	17.73417	0.373209	0.719844	1.08134	1.82561	6.004315
6720	-4098.574	-4089.997	-8.577386	3.103035	18.20143	0.397079	0.737078	1.08298	1.78286	6.362798
6730	-4096.606	-4089.219	-7.387136	2.021068	14.6182	0.295777	0.657235	1.07051	1.97648	6.195366
6740	-4103.808	-4092.668	-11.14079	3.419128	18.5091	0.419295	0.752377	1.08393	1.7444	6.494537
6750	-4104.239	-4093.107	-11.132	3.0982	17.75443	0.396719	0.736824	1.08296	1.7835	6.513657
6760	-4122.137	-4110.555	-11.58207	3.0084	15.61357	0.389911	0.731992	1.08256	1.79554	6.533075
6770	-4106.737	-4098.139	-8.597911	2.631692	14.83712	0.358597	0.708855	1.07998	1.85257	6.295819
6780	-4108.955	-4094.019	-14.9363	2.822063	15.74502	0.37501	0.721175	1.08148	1.82233	6.750066
6790	-4108.929	-4099.565	-9.364701	3.857546	15.31654	0.446361	0.770134	1.0844	1.69911	6.377175
6800	-4110.049	-4108.43	-1.619057	3.939981	20.50399	0.451034	0.773108	1.08441	1.69145	5.942924
6810	-4129.835	-4108.494	-21.34117	3.320806	15.52351	0.412652	0.747874	1.0837	1.75578	7.158694
6820	-4120.878	-4095.532	-25.34627	2.708277	14.54356	0.365354	0.71398	1.08064	1.84003	7.423266
6830	-4113.641	-4095.724	-17.91657	2.131536	16.03122	0.308486	0.66831	1.07296	1.95025	6.938868
6840	-4100.257	-4089.893	-10.36394	2.678957	19.31482	0.362792	0.712046	1.0804	1.84477	6.424341
6850	-4108.239	-4099.93	-8.309006	2.516095	16.89871	0.347977	0.700646	1.07881	1.87257	6.356253
6860	-4110.937	-4105.925	-5.012175	2.541092	17.36116	0.350318	0.702472	1.07908	1.86813	6.167443
6870	-4109.742	-4095.743	-13.99861	3.073515	15.47083	0.39487	0.735519	1.08286	1.78676	6.684316
6880	-4114.907	-4102.312	-12.59483	3.535709	16.43116	0.426883	0.75745	1.08413	1.73154	6.610689
6890	-4127.194	-4109.427	-17.76722	2.674253	17.5278	0.362379	0.711733	1.08036	1.84553	6.896195
6900	-4143.991	-4121.041	-22.9497	2.596994	16.26186	0.355464	0.706453	1.07965	1.85843	7.246384
6910	-4136.139	-4116.961	-19.17796	2.698615	14.4323	0.364513	0.713346	1.08056	1.84158	6.99451
6920	-4121.424	-4106.879	-14.54531	3.267405	17.46315	0.408946	0.745335	1.08355	1.76217	6.714057
6930	-4122.624	-4111.455	-11.16892	3.887471	18.21548	0.448072	0.771226	1.0844	1.6963	6.504793
6940	-4123.712	-4103.579	-20.13284	2.888213	15.1597	0.380425	0.725145	1.08191	1.81253	7.078813
6950	-4150.604	-4123.161	-27.44374	3.01386	15.25902	0.390331	0.732292	1.08258	1.79479	7.558915
6960	-4124.28	-4100.067	-24.21218	1.93722	17.20525	0.285664	0.648167	1.06834	1.99783	7.281834
6970	-4099.94	-4086.541	-13.3994	2.920581	15.20578	0.383023	0.727034	1.08209	1.80785	6.636489
6980	-4104.527	-4092.697	-11.82994	3.481176	19.32514	0.423371	0.755112	1.08404	1.73747	6.499787
6990	-4105.807	-4095.042	-10.7656	2.823232	14.58925	0.375107	0.721246	1.08149	1.82216	6.424275
7000	-4111.366	-4098.089	-13.27723	2.775827	15.84352	0.37114	0.718309	1.08116	1.82939	6.646621
7010	-4095.173	-4085.592	-9.581141	3.338894	15.81041	0.413891	0.748719	1.08374	1.75365	6.412232
7020	-4093.925	-4084.522	-9.403117	3.002474	15.74508	0.389453	0.731665	1.08253	1.79635	6.398644
7030	-4111.058	-4093.432	-17.62555	2.518271	14.25177	0.348182	0.700806	1.07883	1.87218	6.876912
7040	-4132.578	-4111.53	-21.04814	4.011932	14.48003	0.455016	0.775621	1.0844	1.68496	7.125717
7050	-4109.766	-4107.359	-2.407572	3.3881	18.38978	0.417223	0.750979	1.08386	1.74794	6.023338
7060	-4109.966	-4096.491	-13.47504	3.080526	18.37001	0.395397	0.735891	1.08289	1.78583	6.625894
7070	-4116.613	-4101.901	-14.71192	3.363922	16.38295	0.415593	0.749875	1.08381	1.75073	6.739689
7080	-4099.701	-4094.142	-5.559402	3.124834	17.60362	0.398694	0.738214	1.08307	1.78003	6.199855
7090	-4109.917	-4107.742	-2.175603	2.97455	19.51527	0.387283	0.730109	1.08239	1.80022	5.996496
7100	-4145.868	-4126.558	-19.30962	2.581635	15.08229	0.354062	0.705373	1.0795	1.86107	7.023235
7110	-4106.592	-4099.068	-7.524217	3.00925	19.34166	0.389976	0.732039	1.08256	1.79542	6.276442
7120	-4115.732	-4105.677	-10.05559	3.49688	14.93721	0.424389	0.755791	1.08407	1.73575	6.400741
7130	-4110.154	-4098.64	-11.51428	2.822434	16.75707	0.375041	0.721197	1.08149	1.82228	6.54619
7140	-4127.878	-4115.223	-12.65518	2.727084	17.56147	0.366981	0.715203	1.08079	1.83703	6.603844
7150	-4118.605	-4107.594	-11.01081	3.080276	17.75186	0.395378	0.735878	1.08288	1.78586	6.506881
7160	-4114.472	-4103.683	-10.78916	3.32734	15.58263	0.413101	0.74818	1.08372	1.755	6.481175
7170	-4116.192	-4110.516	-5.676343	3.327097	18.89871	0.413084	0.748169	1.08371	1.75503	6.191935
7180	-4100.593	-4092.385	-8.208488	3.903245	16.01228	0.448967	0.771795	1.0844	1.69483	6.33268
7190	-4111.463	-4105.489	-5.973811	3.113065	17.31829	0.397824	0.737602	1.08302	1.78155	6.2226
7200	-4105.625	-4097.104	-8.521687	3.675832	17.49785	0.435616	0.763196	1.08429	1.71689	6.368916
7210	-4108.142	-4103.611	-4.531444	4.191273	20.77354	0.464571	0.781574	1.08433	1.66953	6.074458
7220	-4107.47	-4094.736	-12.73419	3.2531	16.86545	0.407941	0.744644	1.08351	1.76391	6.618364
7230	-4111.732	-4095.591	-16.14026	2.585677	16.29938	0.354432	0.705659	1.07954	1.86037	6.827446
7240	-4109.58	-4100.409	-9.171148	2.912142	17.41534	0.382349	0.726545	1.08205	1.80906	6.406662
7250	-4101.504	-4096.282	-5.222012	3.866979	17.22892	0.446902	0.77048	1.0844	1.69822	6.178346
7260	-4105.582	-4093.761	-11.82134	3.570436	16.70965	0.429085	0.758909	1.08418	1.72783	6.564546
7270	-4105.782	-4087.825	-17.95691	3.596448	15.37376	0.430719	0.759986	1.08421	1.72508	6.938991
7280	-4129.553	-4105.843	-23.71039	2.715936	16.24357	0.366018	0.71448	1.0807	1.8388	7.293769
7290	-4115.294	-4100.257	-15.03717	2.581033	16.19559	0.354007	0.705331	1.07949	1.86117	6.7598
7300	-4092.191	-4086.081	-6.110008	3.311627	14.51212	0.41202	0.747442	1.08367	1.75686	6.0974
7310	-4113.219	-4096.912	-16.30708	3.08514	15.2746	0.395743	0.736136	1.08291	1.78522	6.829454
7320	-4098.042	-4092.537	-5.504977	4.425106	17.51289	0.476293	0.788736	1.08413	1.65084	6.196562
7330	-4111.183	-4102.384	-8.799255	3.845488	15.70635	0.445667	0.769691	1.08439	1.70025	6.358749
7340	-4113.17	-4100.746	-12.42406	2.402468	15.64386	0.33701	0.691961	1.07743	1.8936	6.58786
7350	-4111.953	-4100.771	-11.18188	2.481011	14.12566	0.344649	0.698033	1.07841	1.87891	6.412823
7360	-4111.617	-4104.319	-7.297499	2.920498	17.6587	0.383016	0.727029	1.08209	1.80786	6.298311
7370	-4103.668	-4098.77	-4.897499	4.942676	18.33763	0.499679	0.802574	1.0834	1.61435	6.159319
7380	-4116.591	-4105.379	-11.21175	2.41215	14.77488	0.337966	0.692727	1.07756	1.89175	6.467943
7390	-4112.301	-4099.647	-12.65417	3.708085	16.56265	0.43757	0.764468	1.08432	1.71364	6.614582
7400	-4132.475	-4115.523	-16.95181	2.840934	16.65938	0.376569	0.722322	1.08161	1.8195	6.872484
7410	-4102.925	-4086.3	-16.62545	2.63605	18.77377	0.358987	0.709153	1.08002	1.85184	6.777763
7420	-4097.721	-4091.045	-6.675302	3.374585	17.01266	0.416314	0.750364	1.08383	1.74949	6.260949
7430	-4106.455	-4092.22	-14.23477	2.627478	15.73856	0.358219	0.708566	1.07994	1.85328	6.705398
7440	-4102.813	-4089.319	-13.4936	2.268635	15.59842	0.323363	0.680844	1.07546	1.92034	6.655128
7450	-4102.111	-4095.403	-6.707785	4.110196	19.639	0.460315	0.778936	1.08437	1.67638	6.224597
7460	-4099.005	-4094.098	-4.907266	3.242557	19.23776	0.407198	0.744131	1.08348	1.76519	6.14375
7470	-4093.861	-4093.17	-0.6903058	3.653515	17.21979	0.434252	0.762305	1.08427	1.71917	5.915081
7480	-4116.117	-4098.39	-17.72749	2.637172	13.38529	0.359088	0.70923	1.08003	1.85165	6.813113
7490	-4093.423	-4091.358	-2.064877	3.090486	19.30064	0.396143	0.736418	1.08293	1.78451	5.994919
7500	-4124.565	-4109.325	-15.24026	3.246938	19.04519	0.407507	0.744345	1.08349	1.76466	6.690754
7510	-4098.649	-4095.18	-3.469043	4.055816	17.54035	0.457402	0.777117	1.08439	1.68109	6.08057
7520	-4090.995	-4084.399	-6.595562	3.424467	16.6816	0.419649	0.752616	1.08394	1.7438	6.251274
7530	-4111.334	-4109.224	-2.109971	3.120829	16.15728	0.398399	0.738006	1.08305	1.78054	5.959654
7540	-4115.645	-4106.191	-9.453513	2.703235	14.37429	0.364916	0.71365	1.0806	1.84084	6.315366
7550	-4108.233	-4095.86	-12.37338	2.951572	16.33365	0.38548	0.728811	1.08227	1.80344	6.596612
7560	-4097.434	-4089.606	-7.828404	3.256444	17.95063	0.408177	0.744806	1.08352	1.7635	6.325423
7570	-4095.779	-4095.272	-0.5072179	3.243362	17.28785	0.407254	0.74417	1.08348	1.7651	5.9062
7580	-4108.628	-4096.76	-11.86804	3.200353	16.50147	0.404191	0.742051	1.08334	1.77042	6.566866
7590	-4102.36	-4099.188	-3.171508	3.668852	18.63402	0.435191	0.762918	1.08429	1.7176	6.062774
7600	-4109.42	-4108.474	-0.9458924	2.651019	17.60229	0.360322	0.710171	1.08015	1.84935	5.937757
7610	-4105.635	-4097.061	-8.574163	2.841065	19.23357	0.37658	0.72233	1.08161	1.81948	6.334503
7620	-4119.115	-4106.259	-12.85607	3.06914	16.68899	0.394541	0.735286	1.08284	1.78734	6.626544
7630	-4115.219	-4110.569	-4.649504	4.160859	18.2021	0.462986	0.780594	1.08434	1.67208	6.146992
7640	-4089.014	-4091.246	2.231896	3.740153	18.26901	0.439492	0.765715	1.08434	1.71045	5.769771
7650	-4104.373	-4095.006	-9.36669	3.292734	17.34828	0.410713	0.746548	1.08362	1.75912	6.418341
7660	-4105.133	-4094.316	-10.81646	4.217599	15.25619	0.465931	0.782413	1.08431	1.66735	6.469109
7670	-4123.941	-4111.624	-12.31664	2.25962	16.71425	0.322414	0.680057	1.07531	1.92222	6.594179
7680	-4120.549	-4105.839	-14.7102	4.749321	16.14861	0.491321	0.797695	1.08371	1.62727	6.739473
7690	-4098.829	-4095.839	-2.990027	2.402424	19.41574	0.337006	0.691958	1.07743	1.89361	6.040449
7700	-4116.26	-4102.124	-14.13586	3.028919	16.26757	0.391487	0.733117	1.08266	1.79274	6.704404
7710	-4106.23	-4092.602	-13.62815	3.191977	17.22133	0.403589	0.741632	1.08331	1.77147	6.66639
7720	-4118.631	-4106.979	-11.65189	3.069701	16.95084	0.394583	0.735315	1.08284	1.78726	6.553834
7730	-4111.47	-4089.77	-21.69921	3.509093	14.88284	0.425177	0.756316	1.08409	1.73442	7.17952
7740	-4099.108	-4090.584	-8.524218	4.128075	17.69822	0.461263	0.779525	1.08436	1.67485	6.367387
7750	-4107.976	-4094.697	-13.27922	2.99815	18.93749	0.389119	0.731425	1.08251	1.79695	6.59255
7760	-4109.666	-4103.862	-5.803791	3.01294	16.00997	0.39026	0.732242	1.08258	1.79492	6.182405
7770	-4103.744	-4094.676	-9.06846	2.981455	16.79159	0.387822	0.730496	1.08242	1.79926	6.400512
7780	-4095.635	-4087.11	-8.524663	3.230683	16.582	0.406356	0.74355	1.08344	1.76665	6.365551
7790	-4092.962	-4085.75	-7.211833	2.787364	17.85032	0.372112	0.719031	1.08124	1.82761	6.292077
7800	-4120.21	-4103.407	-16.80359	2.315678	16.05435	0.328254	0.684869	1.0762	1.91068	6.869406
7810	-4107.507	-4092.043	-15.46353	2.997413	13.37051	0.389062	0.731385	1.0825	1.79705	6.642204
7820	-4094.647	-4091.943	-2.704633	3.639002	18.2046	0.43336	0.761721	1.08426	1.72066	6.040139
7830	-4090.024	-4082.051	-7.972509	3.902612	17.41152	0.448931	0.771773	1.0844	1.69489	6.337846
7840	-4100.962	-4090.165	-10.79723	3.825018	16.71476	0.444484	0.768932	1.08439	1.7022	6.503276
7850	-4101.126	-4093.95	-7.176257	2.869245	15.71685	0.378887	0.724021	1.08179	1.8153	6.255908
7860	-4120.596	-4115.109	-5.487503	4.182413	16.13859	0.464111	0.78129	1.08433	1.67027	6.167967
7870	-4116.468	-4110.505	-5.963432	2.791486	16.58985	0.372459	0.719288	1.08127	1.82698	6.211283
7880	-4096.453	-4091.156	-5.297458	3.466482	17.96995	0.422413	0.754471	1.08402	1.7391	6.184328
7890	-4109.276	-4101.036	-8.240004	3.447634	15.09293	0.421178	0.753644	1.08398	1.7412	6.289991
7900	-4094.132	-4082.165	-11.96756	3.162769	18.86432	0.401475	0.74016	1.08321	1.77516	6.526176
7910	-4088.867	-4079.346	-9.521208	4.303365	14.36255	0.470289	0.785087	1.08424	1.66038	6.318977
7920	-4088.152	-4080.993	-7.159256	3.090943	17.14614	0.396177	0.736442	1.08293	1.78445	6.290383
7930	-4095.394	-4093.78	-1.614103	4.766481	19.38973	0.49208	0.798141	1.08368	1.62609	5.970046
7940	-4121.041	-4106.641	-14.39996	2.327537	16.51782	0.329471	0.685863	1.07638	1.90829	6.720226
7950	-4111.695	-4096.683	-15.01196	2.911678	19.17361	0.382312	0.726518	1.08204	1.80913	6.6723
7960	-4114.607	-4106.174	-8.432658	3.982116	16.21069	0.453377	0.774588	1.0844	1.68763	6.352397
7970	-4110.151	-4100.176	-9.974293	3.946603	18.31625	0.451405	0.773342	1.08441	1.69085	6.436719
7980	-4101.915	-4095.919	-5.995238	3.444034	17.08525	0.420941	0.753485	1.08398	1.7416	6.221855
7990	-4102.664	-4097.817	-4.847284	3.114207	18.94004	0.397909	0.737662	1.08302	1.78141	6.147247
8000	-4118.905	-4098.832	-20.07284	3.119364	20.0277	0.39829	0.73793	1.08305	1.78073	6.877816
8010	-4106.441	-4093.842	-12.59946	3.514791	14.47797	0.425543	0.75656	1.0841	1.7338	6.542095
8020	-4101.061	-4088.462	-12.5991	3.176375	14.21454	0.402462	0.740848	1.08326	1.77343	6.521039
8030	-4113.578	-4099.99	-13.58822	3.622903	19.14718	0.432365	0.761069	1.08424	1.72232	6.599288
8040	-4115.52	-4104.813	-10.70711	2.443726	16.08319	0.341056	0.69519	1.07796	1.8858	6.49028
8050	-4119.424	-4098.984	-20.44026	3.616517	13.88278	0.431969	0.760808	1.08423	1.72299	7.054241
8060	-4114.413	-4093.697	-20.71604	2.846189	13.88828	0.377001	0.72264	1.08164	1.81872	7.074448
8070	-4115.75	-4096.983	-18.76713	2.580713	15.74173	0.353978	0.705308	1.07949	1.86123	6.993373
8080	-4095.366	-4084.775	-10.59157	2.523696	15.66524	0.348692	0.701205	1.07889	1.87121	6.47147
8090	-4106.14	-4093.828	-12.3118	2.851298	16.4851	0.377421	0.722948	1.08168	1.81796	6.593701
8100	-4094.59	-4090.173	-4.417121	4.689851	16.71896	0.488663	0.796128	1.0838	1.63141	6.121681
8110	-4089.664	-4085.414	-4.249935	3.142623	18.60017	0.400003	0.739131	1.08314	1.77773	6.121105
8120	-4099.515	-4089.465	-10.05056	3.338848	16.20855	0.413888	0.748717	1.08374	1.75365	6.452159
8130	-4122.524	-4110.638	-11.88643	2.813665	15.49233	0.374313	0.72066	1.08143	1.8236	6.548554
8140	-4112.245	-4101.952	-10.29295	5.246214	16.56422	0.511993	0.80963	1.08285	1.59553	6.472034
8150	-4116.226	-4106.251	-9.974481	3.876753	15.32478	0.447461	0.770836	1.0844	1.6973	6.417395
8160	-4091.663	-4095.416	3.752515	3.291321	18.85522	0.410615	0.746481	1.08362	1.75929	5.692805
8170	-4114.141	-4108.82	-5.320379	3.606632	14.71153	0.431354	0.760404	1.08422	1.72402	6.063192
8180	-4099.081	-4098.593	-0.4882545	3.55168	19.82991	0.427899	0.758124	1.08415	1.72982	5.904227
8190	-4100.641	-4095.902	-4.738752	2.446027	19.67847	0.341279	0.695367	1.07799	1.88537	6.123179
8200	-4119.879	-4099.801	-20.07743	2.181637	14.19992	0.314034	0.673036	1.07393	1.939	7.046416
8210	-4126.639	-4104.039	-22.60032	3.039932	12.31539	0.392328	0.733715	1.08271	1.79125	7.053666
8220	-4112.428	-4104.986	-7.442603	4.516938	18.11131	0.480687	0.791381	1.08402	1.64391	6.301829
8230	-4093.87	-4097.52	3.650006	4.286724	17.65409	0.469452	0.784575	1.08426	1.66172	5.678225
8240	-4111.005	-4101.973	-9.03159	3.435899	17.14279	0.420405	0.753124	1.08396	1.74251	6.399583
8250	-4101.496	-4109.643	8.147229	3.62393	19.39079	0.432429	0.76111	1.08424	1.72222	5.466627
8260	-4126.961	-4117.347	-9.614459	2.668215	21.2243	0.361846	0.711329	1.0803	1.84652	6.294982
8270	-4106.262	-4106.544	0.2818714	3.286646	20.11346	0.41029	0.746258	1.08361	1.75985	5.859649
8280	-4106.914	-4100.349	-6.565074	4.590435	17.84399	0.484123	0.793435	1.08393	1.63851	6.255889
8290	-4112.814	-4105.179	-7.635096	3.096412	19.12072	0.396586	0.73673	1.08295	1.78373	6.28918
8300	-4095.604	-4086.57	-9.033957	2.557041	17.68751	0.351799	0.703622	1.07925	1.86533	6.396315
8310	-4108.767	-4096.672	-12.09491	2.884313	21.93253	0.380109	0.724915	1.08188	1.81309	6.367461
8320	-4104.72	-4089.183	-15.53655	2.435139	15.16583	0.34022	0.694525	1.07785	1.8874	6.775815
8330	-4105.629	-4104.095	-1.534348	2.614801	17.51288	0.357077	0.707693	1.07982	1.85541	5.969835
8340	-4122.148	-4110.652	-11.49669	3.221924	15.6268	0.405734	0.743119	1.08341	1.76773	6.528035
8350	-4101.607	-4087.476	-14.13126	2.916028	18.38482	0.38266	0.72677	1.08207	1.8085	6.661042
8360	-4102.553	-4095.612	-6.941363	4.708481	17.76302	0.4895	0.796623	1.08377	1.63011	6.277569
8370	-4122.03	-4100.884	-21.14526	2.967673	16.38645	0.386745	0.729722	1.08235	1.80118	7.132281
8380	-4122.053	-4101.203	-20.85058	2.904864	13.80679	0.381765	0.726121	1.082	1.81011	7.078963
8390	-4110.174	-4096.042	-14.13192	3.373708	15.45457	0.416255	0.750324	1.08383	1.74959	6.692496
8400	-4109.835	-4094.28	-15.55546	3.884046	19.61022	0.447877	0.771101	1.0844	1.69662	6.676752
8410	-4094.678	-4089.655	-5.02318	2.885495	14.77374	0.380205	0.724984	1.08189	1.81292	6.048978
8420	-4114.301	-4110.653	-3.647902	4.324235	17.12028	0.471333	0.785725	1.08423	1.65872	6.085125
8430	-4109.723	-4108.264	-1.458538	3.680721	19.05544	0.435914	0.76339	1.0843	1.7164	5.966994
8440	-4105.297	-4096.927	-8.369493	3.90579	20.02812	0.449111	0.771887	1.0844	1.6946	6.293441
8450	-4108.139	-4097.092	-11.04675	4.43366	15.4169	0.476707	0.788986	1.08412	1.65019	6.491333
8460	-4109.649	-4095.366	-14.28217	2.316774	16.68379	0.328367	0.684961	1.07622	1.91046	6.71204
8470	-4112.194	-4097.128	-15.06563	3.20922	17.30699	0.404827	0.742491	1.08337	1.76931	6.747858
8480	-4107.567	-4108.824	1.25604	2.867866	19.5601	0.378774	0.723939	1.08178	1.81551	5.820109
8490	-4112.446	-4097.851	-14.59513	3.437885	17.27641	0.420536	0.753212	1.08396	1.74229	6.721355
8500	-4093.084	-4099.464	6.380594	3.083713	22.21085	0.395636	0.73606	1.0829	1.7854	5.517496
8510	-4107.77	-4102.12	-5.649784	2.514818	13.76297	0.347857	0.700552	1.07879	1.8728	5.971568
8520	-4102.704	-4096.432	-6.271561	2.941631	15.31479	0.384695	0.728244	1.08221	1.80485	6.175112
8530	-4114.476	-4100.394	-14.08156	3.11201	18.1468	0.397746	0.737547	1.08302	1.78169	6.667151
8540	-4112.593	-4101.19	-11.40356	3.024476	16.8212	0.391147	0.732874	1.08263	1.79334	6.539548
8550	-4105.897	-4097.316	-8.581434	3.232303	19.86061	0.406471	0.74363	1.08345	1.76645	6.311092
8560	-4101.765	-4093.486	-8.279408	2.618791	16.824	0.357437	0.707968	1.07986	1.85474	6.353848
8570	-4106.406	-4093.36	-13.04566	4.41367	15.78695	0.475738	0.7884	1.08414	1.65172	6.630883
8580	-4103.015	-4100.627	-2.387669	3.302177	18.80697	0.411367	0.746996	1.08365	1.75799	6.019013
8590	-4116.08	-4108.864	-7.216073	3.358187	18.70283	0.415204	0.749611	1.08379	1.75139	6.278257
8600	-4118.282	-4107.965	-10.31695	3.388308	17.009	0.417237	0.750989	1.08386	1.74791	6.475011
8610	-4102.371	-4098.424	-3.947472	3.023196	19.07699	0.391048	0.732804	1.08263	1.79352	6.09719
8620	-4106.262	-4101.859	-4.402425	2.934472	18.28866	0.384128	0.727834	1.08217	1.80587	6.132755
8630	-4110.396	-4101.284	-9.11191	3.331071	17.27097	0.413356	0.748354	1.08373	1.75456	6.403993
8640	-4119.205	-4110.257	-8.947576	2.900581	18.40557	0.381421	0.72587	1.08198	1.81073	6.378596
8650	-4108.54	-4093.878	-14.66136	3.016497	15.25032	0.390534	0.732437	1.0826	1.79443	6.720944
8660	-4117.844	-4106.991	-10.85276	3.046938	18.03449	0.392861	0.734094	1.08274	1.79031	6.491982
8670	-4103.14	-4094.847	-8.293369	3.372847	16.87844	0.416196	0.750284	1.08383	1.74969	6.355165
8680	-4104.402	-4104.431	0.02917375	2.842005	20.28024	0.376657	0.722387	1.08162	1.81934	5.868288
8690	-4124.324	-4101.31	-23.01422	2.704798	12.85241	0.365052	0.713752	1.08061	1.84058	7.158049
8700	-4106.096	-4100.699	-5.396972	2.994116	17.4048	0.388806	0.731202	1.08249	1.79751	6.189885
8710	-4104.704	-4093.405	-11.29941	2.835982	18.22292	0.376161	0.722022	1.08158	1.82024	6.511749
8720	-4114.159	-4104.353	-9.805761	3.930991	19.495	0.450531	0.772788	1.08441	1.69228	6.388305
8730	-4112.441	-4101.847	-10.59393	2.384242	19.73666	0.3352	0.690506	1.07719	1.89711	6.418107
8740	-4097.88	-4090.188	-7.691888	2.815302	18.85753	0.374449	0.72076	1.08144	1.82335	6.299705
8750	-4115.27	-4100.46	-14.81028	3.773938	18.41584	0.441495	0.76701	1.08436	1.70713	6.696701
8760	-4093.605	-4095.583	1.978066	2.716165	18.15829	0.366038	0.714494	1.0807	1.83876	5.78232
8770	-4104.192	-4098.192	-6.000148	3.328483	19.00855	0.413179	0.748233	1.08372	1.75487	6.206485
8780	-4101.466	-4096.809	-4.656657	3.875854	18.20049	0.44741	0.770804	1.0844	1.69739	6.147397
8790	-4103.524	-4095.228	-8.295727	2.899751	19.20614	0.381355	0.725822	1.08197	1.81085	6.320942
8800	-4118.8	-4105.891	-12.90893	3.288756	17.1635	0.410436	0.746358	1.08361	1.75959	6.625475
8810	-4133.302	-4119.855	-13.44687	3.172096	18.84037	0.402152	0.740632	1.08324	1.77397	6.605625
8820	-4126.872	-4109.596	-17.27568	2.945457	15.29202	0.384998	0.728463	1.08223	1.80431	6.893209
8830	-4096.255	-4088.462	-7.792946	2.881345	16.00363	0.379869	0.724739	1.08186	1.81353	6.306431
8840	-4104.939	-4092.984	-11.95451	2.887518	20.18033	0.380368	0.725104	1.0819	1.81263	6.464507
8850	-4109.781	-4088.845	-20.93594	2.509473	14.58338	0.347353	0.700157	1.07873	1.87376	7.121215
8860	-4116.33	-4095.403	-20.92701	3.424569	16.92689	0.419655	0.75262	1.08394	1.74379	7.101902
8870	-4105.582	-4089.172	-16.41064	2.878227	16.45737	0.379616	0.724555	1.08184	1.81398	6.842647
8880	-4110.032	-4102.636	-7.396206	3.126118	18.58789	0.398789	0.73828	1.08307	1.77986	6.290531
8890	-4109.937	-4102.521	-7.416085	2.547426	18.24832	0.350907	0.70293	1.07915	1.86702	6.298228
8900	-4118.383	-4101.516	-16.86763	3.391311	15.63061	0.417438	0.751125	1.08387	1.74757	6.871775
8910	-4106.352	-4098.469	-7.882881	2.626082	15.78788	0.358093	0.70847	1.07993	1.85351	6.303894
8920	-4106.908	-4095.913	-10.99446	3.378816	19.25823	0.416599	0.750557	1.08384	1.749	6.45933
8930	-4096.986	-4085.861	-11.12483	3.703836	15.16827	0.437314	0.764302	1.08432	1.71407	6.485039
8940	-4111.306	-4095.627	-15.67886	3.872927	14.9249	0.447242	0.770697	1.0844	1.69766	6.776714
8950	-4107.63	-4097.041	-10.58906	3.298372	15.60577	0.411104	0.746816	1.08364	1.75844	6.469191
8960	-4110.245	-4102.66	-7.585898	3.124315	18.60866	0.398656	0.738187	1.08306	1.78009	6.300262
8970	-4111.665	-4097.284	-14.38047	2.806727	15.2551	0.373734	0.720233	1.08138	1.82465	6.702684
8980	-4110.554	-4104.319	-6.235204	2.746285	16.42003	0.368629	0.716437	1.08094	1.83399	6.223333
8990	-4109.995	-4095.555	-14.44051	2.839625	15.39321	0.376462	0.722243	1.0816	1.81969	6.710813
9000	-4118.478	-4102.78	-15.69759	3.596922	15.55999	0.430748	0.760005	1.08421	1.72503	6.79579
9010	-4116.926	-4099.11	-17.81615	2.434204	16.67833	0.340129	0.694452	1.07784	1.88758	6.923975
9020	-4097.54	-4089.714	-7.82613	2.814079	16.47818	0.374347	0.720685	1.08143	1.82354	6.321456
9030	-4110.092	-4100.046	-10.04586	2.814091	15.31678	0.374348	0.720686	1.08143	1.82354	6.421659
9040	-4117.607	-4099.401	-18.20606	2.549532	16.6417	0.351103	0.703082	1.07917	1.86665	6.948156
9050	-4107.882	-4093.122	-14.75998	2.461371	15.77772	0.342763	0.696544	1.07818	1.88252	6.739346
9060	-4105.105	-4088.459	-16.64645	2.54633	18.32505	0.350806	0.702851	1.07913	1.86721	6.800594
9070	-4103.687	-4082.841	-20.84612	2.849009	17.12879	0.377233	0.72281	1.08166	1.8183	7.089334
9080	-4111.157	-4106.769	-4.387243	3.860724	16.86642	0.446544	0.770251	1.0844	1.69881	6.123472
9090	-4114.635	-4097.467	-17.16844	4.541407	14.20478	0.481839	0.792071	1.084	1.6421	6.84187
9100	-4116.485	-4105.358	-11.12674	3.014529	15.96131	0.390383	0.732329	1.08259	1.7947	6.513803
9110	-4113.805	-4099.687	-14.11823	2.849402	15.97719	0.377265	0.722834	1.08166	1.81824	6.701398
9120	-4107.387	-4102.476	-4.911561	2.904897	18.18402	0.381768	0.726123	1.082	1.81011	6.161538
9130	-4091.051	-4090.419	-0.6316666	3.808635	16.62622	0.44353	0.76832	1.08438	1.70377	5.891458
9140	-4123.493	-4102.405	-21.0881	3.288793	22.11346	0.410439	0.74636	1.08361	1.75959	6.762392
9150	-4127.982	-4116.285	-11.69715	4.058152	15.88397	0.457528	0.777196	1.08439	1.68089	6.547849
9160	-4113.437	-4104.682	-8.754772	3.606918	15.87788	0.431372	0.760416	1.08422	1.72399	6.362395
9170	-4097.622	-4082.106	-15.51586	2.741922	15.42711	0.368256	0.716158	1.08091	1.83468	6.781446
9180	-4095.022	-4087.777	-7.244476	3.167089	17.48873	0.401789	0.740379	1.08323	1.77461	6.295942
9190	-4109.302	-4096.862	-12.43964	3.267011	15.54331	0.408919	0.745316	1.08355	1.76221	6.585895
9200	-4108.346	-4097.692	-10.65435	4.4863	18.43125	0.479233	0.790508	1.08406	1.6462	6.47058
9210	-4116.464	-4105.15	-11.31418	2.712753	14.62596	0.365742	0.714272	1.08068	1.83931	6.464572
9220	-4116	-4098.183	-17.81627	2.924163	17.11657	0.383309	0.727241	1.08211	1.80734	6.912814
9230	-4130.018	-4108.397	-21.62057	2.953604	18.52524	0.38564	0.728926	1.08228	1.80316	7.059724
9240	-4130.369	-4112.894	-17.47506	3.096736	14.57475	0.39661	0.736747	1.08295	1.78369	6.883504
9250	-4112.965	-4100.965	-12.00063	3.182396	17.93447	0.402898	0.741152	1.08328	1.77267	6.558265
9260	-4126.401	-4104.668	-21.73302	2.572976	18.9825	0.353268	0.70476	1.07941	1.86256	7.035922
9270	-4114.545	-4099.663	-14.88211	3.31512	16.01408	0.412261	0.747607	1.08368	1.75645	6.749474
9280	-4107.417	-4093.16	-14.2574	2.311391	17.08603	0.327813	0.684508	1.07613	1.91155	6.705426
9290	-4098.903	-4084.092	-14.81051	2.883922	18.65952	0.380078	0.724892	1.08188	1.81315	6.686254
9300	-4104.418	-4094.742	-9.675886	3.848947	14.95717	0.445867	0.769818	1.08439	1.69992	6.376635
9310	-4119.496	-4106.179	-13.31674	2.277834	17.54955	0.324328	0.681641	1.07561	1.91842	6.64179
9320	-4110.516	-4102.194	-8.321633	2.57807	18.12474	0.353736	0.705121	1.07946	1.86168	6.350132
9330	-4120.938	-4102.414	-18.5238	4.011006	15.70566	0.454966	0.775589	1.0844	1.68505	6.977896
9340	-4118.762	-4094.052	-24.70937	2.117827	14.51496	0.306945	0.666986	1.07268	1.95339	7.379083
9350	-4148.158	-4126.327	-21.83077	2.769548	19.41108	0.370609	0.717914	1.08111	1.83036	7.011167
9360	-4127.631	-4110.607	-17.02376	2.904519	16.14268	0.381738	0.726101	1.082	1.81016	6.88277
9370	-4106.509	-4091.329	-15.18001	3.364709	21.8809	0.415646	0.749911	1.08381	1.75064	6.511781
9380	-4116.467	-4104.212	-12.25516	3.761621	14.49426	0.440767	0.76654	1.08436	1.70834	6.51953
9390	-4103.698	-4098.13	-5.568112	3.286341	17.48879	0.410268	0.746243	1.08361	1.75988	6.200089
9400	-4105.424	-4097.89	-7.534222	3.053617	19.11757	0.393368	0.734454	1.08277	1.78941	6.283999
9410	-4121.39	-4110.692	-10.69854	2.469843	17.70509	0.343579	0.697189	1.07828	1.88096	6.490123
9420	-4122.145	-4102.198	-19.94624	2.566891	19.22809	0.352708	0.704327	1.07935	1.86362	6.926121
9430	-4122.451	-4102.647	-19.80378	3.430969	14.50368	0.420079	0.752905	1.08395	1.74307	7.04069
9440	-4123.514	-4108.868	-14.6463	5.031856	14.55037	0.503395	0.80472	1.08325	1.60864	6.687959
9450	-4116.051	-4104.567	-11.48352	4.083843	14.99414	0.45891	0.778059	1.08438	1.67865	6.49958
9460	-4105.396	-4093.706	-11.69013	2.620633	16.44163	0.357603	0.708095	1.07987	1.85443	6.555705
9470	-4093.175	-4085.937	-7.238415	2.955015	20.06446	0.385752	0.729006	1.08228	1.80296	6.235517
9480	-4105.306	-4099.615	-5.691717	2.991957	18.80714	0.388639	0.731082	1.08248	1.7978	6.194691
9490	-4088.078	-4088.222	0.144162	3.298196	18.53485	0.411092	0.746807	1.08364	1.75846	5.884862
9500	-4111.967	-4098.294	-13.67319	2.423332	18.56997	0.339065	0.693605	1.0777	1.88963	6.628943
9510	-4115.948	-4113.751	-2.196885	2.751988	19.41555	0.369116	0.716801	1.08098	1.8331	5.999602
9520	-4104.443	-4097.46	-6.983589	4.45083	18.44515	0.477535	0.789486	1.0841	1.64888	6.271162
9530	-4109.474	-4096.251	-13.2227	3.348263	15.21317	0.41453	0.749153	1.08377	1.75255	6.625162
9540	-4095.024	-4086.221	-8.802718	2.681231	17.32334	0.362992	0.712197	1.08042	1.8444	6.38593
9550	-4108.848	-4091.391	-17.45672	2.743407	15.91957	0.368383	0.716253	1.08092	1.83445	6.910442
9560	-4114.586	-4106.228	-8.357714	3.418833	16.84603	0.419275	0.752364	1.08393	1.74444	6.358703
9570	-4101.76	-4094.578	-7.182807	3.278551	16.47664	0.409726	0.745871	1.08358	1.76082	6.28238
9580	-4100.644	-4094.622	-6.021824	3.105945	19.82071	0.397295	0.73723	1.08299	1.78248	6.183597
9590	-4118.435	-4109.929	-8.505659	3.088183	16.57242	0.395971	0.736296	1.08292	1.78481	6.364259
9600	-4106.481	-4097.869	-8.612131	3.219154	17.61872	0.405536	0.742983	1.0834	1.76808	6.373135
9610	-4120.903	-4104.185	-16.7182	2.739214	15.36276	0.368024	0.715984	1.08089	1.83511	6.858207
9620	-4106.307	-4096.044	-10.26306	2.988421	19.25114	0.388364	0.730885	1.08246	1.79829	6.421629
9630	-4107.606	-4100.501	-7.104335	3.648984	17.07083	0.433974	0.762123	1.08427	1.71963	6.28666
9640	-4103.438	-4096.556	-6.881995	3.031706	20.04295	0.3917	0.733268	1.08267	1.79236	6.218593
9650	-4124.502	-4101.246	-23.25565	2.465797	13.74279	0.34319	0.696881	1.07823	1.8817	7.249664
9660	-4109.847	-4099.663	-10.18422	2.702436	17.97546	0.364846	0.713597	1.08059	1.84096	6.456156
9670	-4106.517	-4102.345	-4.171978	3.233464	17.65018	0.406554	0.743687	1.08345	1.76631	6.121277
9680	-4111.527	-4097.08	-14.44702	3.013457	17.14575	0.3903	0.73227	1.08258	1.79485	6.715428
9690	-4110.341	-4096.792	-13.54933	3.216457	14.33221	0.405344	0.74285	1.08339	1.76841	6.597159
9700	-4119.058	-4107.54	-11.51802	2.907103	17.75885	0.381945	0.726251	1.08202	1.80979	6.535307
9710	-4115.16	-4100.924	-14.23606	3.630987	16.36177	0.432865	0.761397	1.08425	1.72149	6.710654
9720	-4126.286	-4111.848	-14.43784	2.799413	18.41541	0.373123	0.71978	1.08133	1.82577	6.676495
9730	-4098.016	-4092.805	-5.211403	3.376635	15.65937	0.416452	0.750457	1.08383	1.74926	6.127691
9740	-4115.191	-4102.501	-12.68948	3.534708	17.72851	0.426819	0.757408	1.08413	1.73164	6.602013
9750	-4124.7	-4110.528	-14.17155	4.161366	14.97287	0.463013	0.780611	1.08434	1.67203	6.67791
9760	-4117.046	-4109.794	-7.252835	3.912069	17.05031	0.449466	0.772112	1.0844	1.69402	6.295205
9770	-4098.326	-4091.311	-7.015094	3.682829	18.49193	0.436042	0.763474	1.0843	1.71618	6.271974
9780	-4104.869	-4099.914	-4.954602	5.180618	16.55754	0.50941	0.808163	1.08297	1.59945	6.14956
9790	-4106.598	-4101.424	-5.174358	3.278523	20.67731	0.409724	0.74587	1.08358	1.76082	6.109376
9800	-4108.459	-4101.062	-7.396648	3.48321	17.39233	0.423503	0.7552	1.08405	1.73725	6.304785
9810	-4102.991	-4096.338	-6.65269	2.982336	16.55347	0.387891	0.730545	1.08243	1.79914	6.252025
9820	-4096.726	-4097.692	0.9653852	3.404537	18.81237	0.418323	0.751722	1.0839	1.74606	5.840715
9830	-4102.384	-4092.336	-10.04752	2.822711	16.93555	0.375064	0.721214	1.08149	1.82223	6.459176
9840	-4104.245	-4088.815	-15.4309	2.749914	18.99872	0.368939	0.716669	1.08097	1.83342	6.703112
9850	-4106.798	-4097.327	-9.470704	3.591505	18.73645	0.430409	0.759782	1.08421	1.7256	6.397798
9860	-4095.815	-4088.545	-7.270456	2.559037	15.8778	0.351983	0.703766	1.07927	1.86498	6.268908
9870	-4088.167	-4091.998	3.830812	4.04634	16.79694	0.45689	0.776796	1.08439	1.68192	5.632599
9880	-4113.902	-4098.835	-15.06668	3.173036	17.7025	0.402221	0.74068	1.08325	1.77385	6.736921
9890	-4102.392	-4089.73	-12.6624	3.040389	19.2449	0.392363	0.73374	1.08271	1.79119	6.546546
9900	-4106.81	-4086.958	-19.85142	2.606939	14.42707	0.356366	0.707147	1.07974	1.85674	7.04096
9910	-4114.948	-4092.732	-22.21637	3.222481	14.91544	0.405773	0.743147	1.08341	1.76767	7.21464
9920	-4119.351	-4097.736	-21.61584	2.546961	17.97184	0.350864	0.702897	1.07914	1.8671	7.092316
9930	-4130.163	-4110.084	-20.07976	3.531916	15.31762	0.426641	0.757289	1.08412	1.73195	7.076757
9940	-4127.583	-4111.641	-15.94183	2.979477	18.3401	0.387668	0.730385	1.08241	1.79953	6.761488
9950	-4109.582	-4095.615	-13.96704	3.357495	19.08	0.415158	0.74958	1.08379	1.75147	6.622266
9960	-4100.024	-4088.901	-11.12353	3.331549	18.79549	0.413389	0.748376	1.08373	1.75451	6.483925
9970	-4101.765	-4098.195	-3.570312	4.904493	17.93958	0.498062	0.801635	1.08346	1.61684	6.088206
9980	-4104.612	-4091.786	-12.82645	3.013916	16.52976	0.390336	0.732296	1.08258	1.79478	6.624975
9990	-4106.024	-4091.62	-14.40403	3.034023	16.10246	0.391877	0.733394	1.08268	1.79205	6.720264
10000	-4124.263	-4106.424	-17.83859	3.128375	17.08472	0.398956	0.738397	1.08308	1.77957	6.915062
