Iteration	Posterior	Likelihood	Prior	alpha_morpho	br_len_lambda	rates_morpho[1]	rates_morpho[2]	rates_morpho[3]	rates_morpho[4]	tree_length
0	-4148.84	-4149.322	0.4826188	18543.89	18.40499	0.990681	0.9976	1.00237	1.00935	5.866238
10	-4132.07	-4128.282	-3.788572	15732.26	15.1634	0.989884	0.997393	1.00257	1.01015	6.00098
20	-4132.344	-4130.793	-1.551409	23793.6	18.48236	0.991772	0.997883	1.00209	1.00825	5.976544
30	-4119.821	-4123.543	3.721827	31185.16	20.22736	0.992811	0.998152	1.00183	1.00721	5.687009
40	-4115.329	-4117.556	2.227213	57826.66	17.88892	0.994719	0.998645	1.00135	1.00529	5.764066
50	-4123.529	-4122.494	-1.03496	30374.74	17.07832	0.992716	0.998128	1.00185	1.0073	5.931333
60	-4122.377	-4123.878	1.500285	91684.37	23.41768	0.995805	0.998925	1.00107	1.0042	5.686562
70	-4127.839	-4125.939	-1.900793	41737.45	15.70681	0.993785	0.998404	1.00158	1.00623	5.919566
80	-4131.013	-4128.032	-2.98103	34697.83	17.06838	0.993184	0.998249	1.00173	1.00683	6.045066
90	-4152.544	-4150.451	-2.093871	95795.35	16.41578	0.995896	0.998948	1.00105	1.00411	5.970937
100	-4123.57	-4123.419	-0.1510888	87164.63	17.18942	0.995698	0.998897	1.0011	1.00431	5.882911
110	-4132.03	-4134.898	2.867732	29920.45	19.21281	0.992661	0.998114	1.00187	1.00736	5.739678
120	-4118.004	-4117.961	-0.04330501	31028.9	19.32477	0.992793	0.998148	1.00183	1.00723	5.889879
130	-4114.375	-4116.851	2.475694	13191.7	16.44056	0.988955	0.997152	1.00281	1.01109	5.694059
140	-4110.254	-4115.094	4.840055	22760.56	16.93467	0.991587	0.997835	1.00214	1.00844	5.580057
150	-4131.656	-4130.262	-1.394369	76531.23	17.98437	0.995409	0.998823	1.00117	1.0046	5.967223
160	-4111.601	-4115.189	3.587955	97703.76	17.7682	0.995936	0.998958	1.00104	1.00407	5.684941
170	-4131.407	-4127.987	-3.420542	40447.28	18.45119	0.993687	0.998379	1.00161	1.00633	6.077942
180	-4125.553	-4121.192	-4.36027	92691.96	18.7644	0.995828	0.998931	1.00106	1.00418	6.1246
190	-4114.515	-4117.071	2.555809	80895.09	17.71188	0.995534	0.998855	1.00114	1.00447	5.741674
200	-4126.43	-4123.514	-2.91563	18308.08	21.39709	0.990621	0.997585	1.00238	1.00941	5.97228
210	-4148.525	-4136.018	-12.50716	55926.08	16.73538	0.99463	0.998622	1.00137	1.00538	6.605516
220	-4131.096	-4130.278	-0.8179753	98982.56	15.61894	0.995963	0.998965	1.00103	1.00404	5.844078
230	-4124.046	-4121.981	-2.065099	92331.08	17.30975	0.99582	0.998928	1.00107	1.00419	5.996739
240	-4124.594	-4125.089	0.4957418	43447	19.08956	0.993908	0.998436	1.00155	1.0061	5.864187
250	-4136.366	-4136.598	0.2312063	10323.7	17.51472	0.987518	0.996777	1.00317	1.01254	5.869061
260	-4134.478	-4129.37	-5.107811	63230.63	18.83572	0.99495	0.998704	1.00129	1.00506	6.163098
270	-4140.308	-4132.638	-7.66962	50898.69	19.38411	0.994371	0.998555	1.00143	1.00564	6.282541
280	-4137.99	-4131.632	-6.357058	93021.46	16.51369	0.995835	0.998932	1.00106	1.00417	6.233202
290	-4125.136	-4119.842	-5.293917	66268.44	18.86399	0.995067	0.998735	1.00126	1.00494	6.172412
300	-4129.944	-4127.617	-2.327327	34415.27	16.56397	0.993157	0.998242	1.00174	1.00686	5.99113
310	-4123.47	-4126.661	3.190794	25323.3	21.83027	0.992024	0.997949	1.00203	1.008	5.673827
320	-4133.111	-4130.64	-2.470207	40717.9	20.59352	0.993708	0.998384	1.0016	1.00631	5.981456
330	-4111.698	-4114.748	3.049493	26881.82	19.97692	0.992258	0.998009	1.00197	1.00776	5.723995
340	-4127.943	-4122.15	-5.792947	50172.88	19.91407	0.994331	0.998545	1.00144	1.00568	6.168841
350	-4120.927	-4125.831	4.903964	60174.61	22.32194	0.994823	0.998672	1.00132	1.00519	5.58045
360	-4121.922	-4120.186	-1.73642	71334.7	20.5674	0.995245	0.99878	1.00121	1.00476	5.946657
370	-4130.271	-4127.244	-3.027426	21741.79	19.01872	0.991393	0.997785	1.00219	1.00863	6.049932
380	-4126.735	-4126.838	0.1029886	13122	16.57946	0.988925	0.997144	1.00281	1.01112	5.845131
390	-4107.631	-4109.972	2.340992	61780.16	18.15634	0.994891	0.998689	1.0013	1.00512	5.762306
400	-4125.988	-4126.389	0.401436	76606.91	18.72416	0.995411	0.998823	1.00117	1.0046	5.870928
410	-4112.192	-4121.825	9.63273	42944.98	20.06785	0.993873	0.998427	1.00156	1.00614	5.394676
420	-4129.461	-4128.894	-0.5664086	76546.78	16.2684	0.995409	0.998823	1.00117	1.0046	5.870307
430	-4126.762	-4131.349	4.58699	61983.83	20.225	0.994899	0.998691	1.0013	1.00511	5.644268
440	-4107.834	-4114.957	7.122367	7192.595	19.39958	0.985052	0.996132	1.00379	1.01503	5.519528
450	-4117.148	-4124.112	6.964155	78451.23	20.96092	0.995465	0.998837	1.00116	1.00454	5.518346
460	-4127.957	-4129.371	1.414117	85667.42	21.34905	0.995661	0.998887	1.00111	1.00435	5.771465
470	-4112.77	-4116.318	3.548281	80248.34	19.21849	0.995516	0.99885	1.00114	1.00449	5.704249
480	-4122.546	-4129.416	6.86956	18352.28	19.10783	0.990633	0.997588	1.00238	1.0094	5.530475
490	-4143.613	-4139.498	-4.115014	54452.91	15.83424	0.994558	0.998603	1.00139	1.00545	6.067819
500	-4133.686	-4128.19	-5.495777	74090.78	17.79946	0.995334	0.998803	1.00119	1.00467	6.196103
510	-4124.241	-4126.275	2.033889	34190.23	19.57445	0.993134	0.998236	1.00175	1.00688	5.780191
520	-4118.703	-4125.55	6.846914	55017.03	20.18868	0.994586	0.998611	1.00138	1.00542	5.532781
530	-4124.574	-4123.874	-0.6996041	66178.92	20.43322	0.995063	0.998734	1.00126	1.00495	5.900082
540	-4130.324	-4123.489	-6.835271	44216.12	17.86552	0.993962	0.99845	1.00154	1.00605	6.27086
550	-4112.687	-4115.13	2.443094	19131.07	16.25053	0.990825	0.997638	1.00233	1.0092	5.684146
560	-4134.479	-4135.511	1.03172	31852.66	17.2145	0.992887	0.998172	1.00181	1.00713	5.81491
570	-4119.387	-4122.407	3.020057	99645.13	22.14666	0.995976	0.998969	1.00103	1.00403	5.67104
580	-4110.796	-4114.687	3.891094	42357.34	17.0806	0.993831	0.998416	1.00157	1.00618	5.642997
590	-4120.587	-4123.201	2.613824	43716.33	16.5079	0.993927	0.998441	1.00155	1.00609	5.689628
600	-4127.773	-4126.09	-1.682844	41276.18	20.24876	0.99375	0.998395	1.00159	1.00626	5.953602
610	-4127.027	-4125.344	-1.683099	61471.76	20.32431	0.994878	0.998686	1.0013	1.00513	5.951446
620	-4128.025	-4136.925	8.900569	76334.29	17.79767	0.995403	0.998821	1.00117	1.0046	5.387218
630	-4116.838	-4131.38	14.54223	97697.44	21.01167	0.995936	0.998958	1.00104	1.00407	5.15688
640	-4130.496	-4131.229	0.7322039	4342.004	16.19264	0.980776	0.995007	1.00486	1.01936	5.785937
650	-4127.259	-4130.716	3.457008	32915.98	19.96747	0.993003	0.998202	1.00178	1.00701	5.703712
660	-4125.925	-4129.255	3.329437	79580.21	18.74031	0.995498	0.998846	1.00115	1.00451	5.714654
670	-4127.86	-4131.306	3.445786	4701.824	21.16108	0.981524	0.995205	1.00467	1.0186	5.681274
680	-4121.502	-4121.334	-0.1679381	7924.513	22.19802	0.985757	0.996317	1.00361	1.01431	5.812865
690	-4129.473	-4131.233	1.759126	39362.9	18.60003	0.993601	0.998356	1.00163	1.00641	5.79804
700	-4128.362	-4131.712	3.349169	49578.59	18.16318	0.994297	0.998536	1.00145	1.00571	5.706897
710	-4139.114	-4138.518	-0.5963666	49348.21	17.39425	0.994284	0.998533	1.00146	1.00573	5.913834
720	-4127.689	-4126.545	-1.143507	90300.09	17.66355	0.995773	0.998916	1.00108	1.00423	5.949883
730	-4117.358	-4123.205	5.847463	54195.32	20.10323	0.994545	0.9986	1.00139	1.00547	5.583023
740	-4146.32	-4139.349	-6.970552	38158.06	16.63439	0.9935	0.99833	1.00165	1.00651	6.272874
750	-4137.754	-4135.162	-2.592724	97710.75	16.0648	0.995937	0.998958	1.00104	1.00407	5.984788
760	-4141.144	-4137.735	-3.408863	62529.51	17.38476	0.994921	0.998697	1.00129	1.00509	6.075403
770	-4117.308	-4117.663	0.3555833	26416.35	18.20428	0.99219	0.997992	1.00199	1.00783	5.872035
780	-4133.492	-4133.75	0.2580067	46309.92	19.93382	0.994099	0.998485	1.0015	1.00591	5.864598
790	-4137.701	-4133.44	-4.260996	1259.209	16.47388	0.96441	0.990625	1.00892	1.03604	6.104956
800	-4114.118	-4120.289	6.170487	6033.811	21.68242	0.983684	0.995773	1.00413	1.01641	5.541039
810	-4139.463	-4147.23	7.767037	1609.216	17.00226	0.968494	0.99173	1.00791	1.03186	5.411401
820	-4133.572	-4129.295	-4.277017	93168.05	21.09602	0.995839	0.998933	1.00106	1.00417	6.048996
830	-4124.572	-4126.729	2.157247	17117.61	18.52464	0.990301	0.997502	1.00246	1.00973	5.776184
840	-4128.915	-4133.892	4.977368	14025.16	25.03074	0.989287	0.997238	1.00272	1.01075	5.469024
850	-4131.995	-4122.617	-9.378813	9217.303	14.23121	0.986791	0.996587	1.00335	1.01327	6.29619
860	-4096.639	-4099.51	2.871543	3.095069	20.18323	0.396485	0.736659	1.08295	1.78391	5.729781
870	-4101.563	-4097.904	-3.659465	3.01701	19.26732	0.390574	0.732465	1.0826	1.79436	6.07826
880	-4110.747	-4108.335	-2.41185	3.420898	16.18992	0.419412	0.752456	1.08393	1.7442	5.979968
890	-4111.227	-4095.29	-15.93661	2.553471	15.21962	0.351468	0.703366	1.07921	1.86596	6.803733
900	-4097.141	-4093.984	-3.156734	4.436813	17.28687	0.476859	0.789078	1.08412	1.64995	6.059443
910	-4103.177	-4093.623	-9.554076	2.993203	16.58174	0.388735	0.731151	1.08248	1.79763	6.427629
920	-4115.173	-4105.252	-9.920895	4.855273	19.04846	0.495953	0.800408	1.08355	1.62009	6.411335
930	-4115.854	-4093.559	-22.29467	2.747403	18.20224	0.368725	0.716508	1.08095	1.83382	7.116386
940	-4114.307	-4106.958	-7.348605	3.761078	17.49845	0.440735	0.766519	1.08436	1.70839	6.301873
950	-4117.903	-4106.866	-11.03693	3.038986	16.38816	0.392256	0.733664	1.0827	1.79138	6.515428
960	-4108.069	-4093.888	-14.18144	3.068405	17.01698	0.394486	0.735246	1.08283	1.78743	6.702092
970	-4097.044	-4078.794	-18.25023	2.719555	18.10145	0.366331	0.714715	1.08073	1.83822	6.89903
980	-4106.482	-4097.133	-9.349021	3.579083	16.1105	0.42963	0.759268	1.08419	1.72691	6.406541
990	-4106.459	-4094.854	-11.60524	2.710301	17.9029	0.36553	0.714112	1.08066	1.8397	6.536977
1000	-4116.483	-4103.976	-12.50693	3.005977	19.15388	0.389724	0.731858	1.08255	1.79587	6.54252
1010	-4112.567	-4102.343	-10.22469	3.628839	18.96251	0.432733	0.76131	1.08425	1.72171	6.430373
1020	-4103.308	-4096.678	-6.629808	3.724066	18.56435	0.43853	0.765092	1.08433	1.71205	6.249764
1030	-4115.28	-4106.828	-8.451512	3.732424	22.34829	0.43903	0.765416	1.08434	1.71122	6.177205
1040	-4107.507	-4097.55	-9.957174	2.615892	18.41885	0.357176	0.707768	1.07983	1.85523	6.433091
1050	-4123.619	-4115.693	-7.92624	2.783043	17.41038	0.371749	0.718761	1.08121	1.82828	6.335191
1060	-4093.291	-4092.77	-0.5215917	3.111355	17.07953	0.397697	0.737513	1.08301	1.78178	5.90131
1070	-4106.579	-4097.503	-9.076103	2.904577	17.35147	0.381742	0.726104	1.082	1.81015	6.401575
1080	-4111.793	-4098.056	-13.73718	3.756808	15.6956	0.440482	0.766356	1.08435	1.70881	6.672918
1090	-4113.82	-4098.202	-15.61775	5.169312	20.46522	0.508961	0.807907	1.08299	1.60014	6.628135
1100	-4110.211	-4095.523	-14.68797	2.651267	17.17769	0.360345	0.710188	1.08015	1.84931	6.72884
1110	-4100.057	-4087.06	-12.99751	3.314469	17.49085	0.412216	0.747576	1.08368	1.75653	6.624855
1120	-4093.612	-4087.385	-6.227166	3.632749	19.19743	0.432974	0.761468	1.08425	1.72131	6.213478
1130	-4119.879	-4109.717	-10.16204	2.913733	17.84646	0.382476	0.726637	1.08206	1.80883	6.457422
1140	-4125.378	-4113.235	-12.14224	3.530489	21.02688	0.426549	0.757229	1.08412	1.7321	6.425958
1150	-4111.777	-4098.442	-13.33487	2.637676	15.8849	0.359133	0.709264	1.08003	1.85157	6.650969
1160	-4105.367	-4099.868	-5.499282	2.990983	15.10821	0.388563	0.731027	1.08247	1.79794	6.10959
1170	-4092.242	-4086.217	-6.024686	3.279454	20.16584	0.409789	0.745914	1.08359	1.76071	6.171218
1180	-4096.707	-4093.744	-2.963586	2.44456	15.24939	0.341137	0.695254	1.07797	1.88564	5.953816
1190	-4109.2	-4106.442	-2.757345	3.052736	18.46352	0.393301	0.734407	1.08276	1.78953	6.041919
1200	-4105.441	-4093.097	-12.3443	2.971229	16.83583	0.387024	0.729922	1.08237	1.80068	6.595403
1210	-4103.323	-4095.753	-7.570173	3.533878	21.00626	0.426766	0.757372	1.08413	1.73173	6.209531
1220	-4140.322	-4129.896	-10.42642	2.586527	18.03644	0.35451	0.705719	1.07955	1.86023	6.468298
1230	-4113.043	-4101.083	-11.95997	4.083503	21.14599	0.458891	0.778048	1.08438	1.67868	6.410201
1240	-4099.744	-4096.217	-3.527609	3.905046	17.32278	0.449069	0.77186	1.0844	1.69467	6.081413
1250	-4102.484	-4100.744	-1.74046	4.338138	23.45609	0.472025	0.786146	1.08421	1.65761	5.82298
1260	-4095.607	-4089.747	-5.860099	3.349987	20.26144	0.414647	0.749233	1.08377	1.75235	6.15941
1270	-4127.772	-4119.994	-7.778415	3.3556	20.19399	0.415029	0.749492	1.08379	1.75169	6.256987
1280	-4115.099	-4098.563	-16.5365	2.726814	15.64606	0.366958	0.715185	1.08079	1.83707	6.850763
1290	-4119.339	-4105.731	-13.60788	3.485675	14.25909	0.423663	0.755307	1.08405	1.73698	6.595586
1300	-4120.325	-4106.46	-13.86493	2.826732	20.34343	0.375397	0.72146	1.08152	1.82163	6.549696
1310	-4113.184	-4096.284	-16.90005	3.213643	14.89163	0.405143	0.742711	1.08339	1.76876	6.857372
1320	-4108.324	-4103.804	-4.520406	5.150413	18.90923	0.508207	0.807477	1.08303	1.60129	6.130574
1330	-4096.917	-4088.21	-8.707183	3.523164	17.35337	0.426081	0.756917	1.08411	1.73289	6.380306
1340	-4098.952	-4092.869	-6.082979	3.42474	16.29961	0.419667	0.752628	1.08394	1.74377	6.210419
1350	-4120.102	-4103.887	-16.21494	3.441447	17.65605	0.420771	0.75337	1.08397	1.74189	6.80339
1360	-4110.991	-4099.352	-11.63959	3.214341	17.12107	0.405193	0.742745	1.08339	1.76867	6.551914
1370	-4115.574	-4099.897	-15.6765	2.952811	14.85151	0.385578	0.728881	1.08227	1.80327	6.773525
1380	-4118.875	-4105.161	-13.71335	4.08708	17.94152	0.459083	0.778168	1.08438	1.67837	6.653546
1390	-4103.067	-4090.42	-12.64705	2.795267	13.94832	0.372776	0.719523	1.0813	1.8264	6.49959
1400	-4107.556	-4105.273	-2.282897	4.493013	20.51734	0.479553	0.7907	1.08405	1.64569	5.974867
1410	-4107.038	-4095.502	-11.53653	2.457314	18.7354	0.342372	0.696234	1.07813	1.88327	6.508093
1420	-4107.499	-4104.936	-2.563095	3.91347	18.36824	0.449545	0.772163	1.0844	1.69389	6.031893
1430	-4106.217	-4096.638	-9.578923	2.693619	15.65782	0.364077	0.713017	1.08052	1.84239	6.406538
1440	-4102.397	-4093.301	-9.096738	3.029246	22.64784	0.391512	0.733134	1.08266	1.7927	6.18778
1450	-4116.719	-4104.01	-12.70926	3.550979	19.10296	0.427854	0.758094	1.08415	1.7299	6.555338
1460	-4101.598	-4090.584	-11.0143	2.713145	18.2637	0.365776	0.714298	1.08068	1.83925	6.494983
1470	-4119.869	-4107.083	-12.78511	3.970737	14.9185	0.452747	0.774191	1.0844	1.68866	6.582488
1480	-4123.97	-4112.794	-11.17574	2.154582	15.11633	0.311054	0.670505	1.07342	1.94502	6.485735
1490	-4104.491	-4099.892	-4.598665	2.542018	17.30098	0.350404	0.702539	1.07909	1.86797	6.143011
1500	-4097.07	-4095.241	-1.82851	2.722881	19.11191	0.366618	0.714931	1.08076	1.83769	5.985626
1510	-4105.903	-4101.613	-4.290123	2.63541	15.74379	0.35893	0.70911	1.08001	1.85195	6.073834
1520	-4125.027	-4112.012	-13.01454	3.658909	16.50682	0.434583	0.762521	1.08428	1.71862	6.636347
1530	-4132.895	-4109.138	-23.75733	2.564042	14.80333	0.352445	0.704124	1.07932	1.86411	7.317297
1540	-4112.481	-4089.913	-22.56857	2.480132	13.96481	0.344565	0.697967	1.0784	1.87907	7.211706
1550	-4119.357	-4102.589	-16.7687	3.071848	17.11886	0.394745	0.73543	1.08285	1.78698	6.851552
1560	-4099.08	-4097.451	-1.628618	2.982879	19.31788	0.387933	0.730576	1.08243	1.79906	5.97203
1570	-4092.407	-4093.136	0.7293571	3.053084	17.62676	0.393327	0.734425	1.08277	1.78948	5.843102
1580	-4121.78	-4103.142	-18.63738	2.91564	17.8977	0.382629	0.726748	1.08207	1.80856	6.930007
1590	-4111.047	-4101.248	-9.798635	3.087957	19.70193	0.395954	0.736284	1.08292	1.78484	6.379305
1600	-4112.285	-4088.756	-23.52864	2.694215	14.93895	0.364129	0.713057	1.08052	1.84229	7.302727
1610	-4098.703	-4089.406	-9.297514	2.39746	19.17749	0.336514	0.691563	1.07736	1.89456	6.374125
1620	-4107.491	-4106.479	-1.012328	3.277135	19.32985	0.409627	0.745803	1.08358	1.76099	5.939946
1630	-4112.5	-4098.903	-13.5968	3.294955	15.35308	0.410867	0.746653	1.08363	1.75885	6.65471
1640	-4117.573	-4101.009	-16.5646	2.191966	16.83774	0.315161	0.673989	1.07413	1.93672	6.846039
1650	-4120.411	-4106.963	-13.44748	3.171182	13.85336	0.402086	0.740586	1.08324	1.77409	6.54757
1660	-4100.405	-4100.635	0.2304885	3.145961	18.24727	0.400248	0.739302	1.08315	1.7773	5.879192
1670	-4104.824	-4093.655	-11.16936	3.301532	14.02843	0.411323	0.746965	1.08365	1.75806	6.402127
1680	-4113.958	-4097.937	-16.02109	3.196342	17.2518	0.403903	0.74185	1.08333	1.77092	6.804548
1690	-4107.939	-4104.2	-3.739184	3.018778	18.31543	0.390709	0.732562	1.08261	1.79412	6.096311
1700	-4101.31	-4104.136	2.826165	5.182396	18.94572	0.509481	0.808203	1.08297	1.59935	5.74211
1710	-4108.796	-4100.865	-7.931137	3.542994	19.96258	0.427347	0.757758	1.08414	1.73075	6.274247
1720	-4128.546	-4107.327	-21.21904	3.624852	12.83765	0.432486	0.761148	1.08424	1.72212	7.016557
1730	-4106.779	-4094.305	-12.47421	3.026919	16.44686	0.391334	0.733008	1.08265	1.79301	6.603415
1740	-4099.746	-4090.964	-8.781532	2.659009	16.46276	0.361032	0.710711	1.08022	1.84803	6.379172
1750	-4121.107	-4105.866	-15.24034	2.90365	20.30662	0.381668	0.72605	1.082	1.81029	6.619586
1760	-4105.281	-4091.41	-13.87047	2.322683	16.46257	0.328974	0.685457	1.0763	1.90926	6.68829
1770	-4111.11	-4092.265	-18.84469	2.557026	18.53849	0.351797	0.703621	1.07925	1.86533	6.909157
1780	-4108.645	-4091.325	-17.32079	2.797803	14.83919	0.372988	0.719681	1.08132	1.82601	6.883802
1790	-4125.718	-4109.785	-15.933	2.548552	14.34335	0.351012	0.703012	1.07916	1.86682	6.764187
1800	-4109.221	-4101.948	-7.272682	3.600751	16.6834	0.430987	0.760163	1.08422	1.72463	6.291895
1810	-4109.032	-4099.925	-9.106213	3.427456	21.03236	0.419847	0.752749	1.08394	1.74346	6.281282
1820	-4119.553	-4116.802	-2.750705	3.68263	17.93529	0.43603	0.763466	1.0843	1.7162	6.042506
1830	-4112.764	-4108.183	-4.580801	2.6988	16.53764	0.364529	0.713359	1.08056	1.84155	6.126381
1840	-4105.614	-4105.276	-0.3377238	3.195047	18.83809	0.40381	0.741786	1.08332	1.77108	5.909837
1850	-4110.663	-4100.181	-10.48199	2.641487	16.75824	0.359473	0.709524	1.08007	1.85094	6.48459
1860	-4098.797	-4084.939	-13.85767	2.778122	19.27863	0.371334	0.718453	1.08118	1.82904	6.607006
1870	-4108.125	-4095.129	-12.99579	3.01936	17.47238	0.390754	0.732594	1.08261	1.79404	6.625138
1880	-4106.748	-4093.185	-13.56322	2.86947	16.79289	0.378905	0.724035	1.08179	1.81527	6.668181
1890	-4108.553	-4094.014	-14.53921	2.66096	15.45919	0.361205	0.710842	1.08024	1.84771	6.718967
1900	-4110.276	-4104.717	-5.558165	2.729237	18.89507	0.367166	0.715342	1.08081	1.83668	6.18576
1910	-4095.283	-4086.691	-8.591476	3.272863	17.94655	0.409328	0.745598	1.08357	1.76151	6.367994
1920	-4125.11	-4109.132	-15.97812	3.142161	14.5347	0.399969	0.739107	1.08313	1.77779	6.778638
1930	-4122.511	-4100.675	-21.83568	3.441014	15.49418	0.420742	0.753351	1.08397	1.74194	7.190747
1940	-4117.182	-4093.238	-23.94373	3.076633	15.20388	0.395105	0.735685	1.08287	1.78634	7.329944
1950	-4098.209	-4085.358	-12.85074	2.331968	19.60804	0.329924	0.686232	1.07644	1.9074	6.538936
1960	-4123.443	-4104.639	-18.80364	2.378273	15.57009	0.334604	0.690026	1.0771	1.89827	6.995449
1970	-4111.376	-4095.11	-16.26648	3.186063	14.35004	0.403163	0.741336	1.08329	1.77221	6.787851
1980	-4130.025	-4115.063	-14.96119	2.831297	15.49263	0.375775	0.721738	1.08155	1.82094	6.747031
1990	-4132.512	-4111.11	-21.40214	2.080721	15.94088	0.302724	0.663332	1.07188	1.96206	7.157922
2000	-4132.834	-4104.42	-28.41372	3.164426	14.83096	0.401595	0.740244	1.08322	1.77495	7.631464
2010	-4127.089	-4105.657	-21.43218	2.677084	12.83217	0.362628	0.711921	1.08038	1.84507	7.032489
2020	-4113.878	-4102.786	-11.09262	2.780317	15.15851	0.371519	0.718591	1.08119	1.8287	6.48242
2030	-4110.904	-4103.725	-7.178215	4.526609	18.04679	0.481143	0.791654	1.08401	1.64319	6.288078
2040	-4104.891	-4099.009	-5.88185	2.869847	17.58896	0.378936	0.724057	1.08179	1.81521	6.218169
2050	-4120.122	-4101.368	-18.75454	2.783187	16.27011	0.371761	0.71877	1.08121	1.82826	6.988285
2060	-4110.996	-4093.984	-17.01215	2.72211	17.99925	0.366552	0.714881	1.08075	1.83782	6.835007
2070	-4102.502	-4093.879	-8.623475	3.676411	17.28519	0.435651	0.763219	1.08429	1.71683	6.375683
2080	-4103.491	-4090.055	-13.4356	3.070602	21.22744	0.394651	0.735364	1.08284	1.78714	6.474818
2090	-4103.028	-4094.658	-8.369732	3.454131	15.30093	0.421605	0.75393	1.08399	1.74047	6.311328
2100	-4105.992	-4094.914	-11.07737	4.205494	16.45396	0.465307	0.782028	1.08432	1.66835	6.51855
2110	-4108.086	-4099.693	-8.392507	3.538842	16.31321	0.427083	0.757583	1.08413	1.7312	6.352426
2120	-4116.573	-4101.222	-15.35076	2.514358	15.77081	0.347814	0.700518	1.07879	1.87288	6.776708
2130	-4121.067	-4103.682	-17.38525	3.437781	15.57456	0.420529	0.753208	1.08396	1.7423	6.904395
2140	-4111.433	-4099.954	-11.47891	3.550356	15.66372	0.427815	0.758068	1.08415	1.72997	6.528066
2150	-4095.308	-4088.178	-7.129808	2.793399	15.95254	0.372619	0.719407	1.08129	1.82669	6.263049
2160	-4108.993	-4089.153	-19.84045	4.028103	13.56685	0.455899	0.776175	1.0844	1.68353	6.987222
2170	-4109.598	-4096.414	-13.18383	3.027748	15.94343	0.391397	0.733053	1.08265	1.7929	6.642412
2180	-4102.625	-4091.842	-10.7834	3.026896	16.28372	0.391332	0.733006	1.08265	1.79302	6.498564
2190	-4114.65	-4098.687	-15.96259	2.726101	15.71236	0.366896	0.715139	1.08078	1.83718	6.814897
2200	-4126.882	-4110.68	-16.20223	2.273402	15.97042	0.323864	0.681258	1.07554	1.91934	6.831816
2210	-4129.113	-4114.445	-14.66716	4.913465	17.50979	0.498443	0.801857	1.08345	1.61625	6.719812
2220	-4126.426	-4102.962	-23.46353	2.895048	18.07635	0.380976	0.725546	1.08195	1.81153	7.188618
2230	-4130.998	-4106.465	-24.53307	3.204279	16.39719	0.404473	0.742246	1.08335	1.76993	7.338602
2240	-4116.061	-4099.621	-16.44001	2.396508	15.71855	0.33642	0.691487	1.07735	1.89474	6.845339
2250	-4126.486	-4120.403	-6.08277	4.931282	18.73393	0.499198	0.802295	1.08342	1.61509	6.217029
2260	-4124.097	-4116.237	-7.860051	2.547549	16.60899	0.350919	0.702939	1.07915	1.86699	6.325932
2270	-4130.163	-4116.496	-13.66768	3.26171	15.48081	0.408547	0.745061	1.08353	1.76286	6.663208
2280	-4106.44	-4099.761	-6.679401	2.769771	16.91173	0.370628	0.717928	1.08112	1.83033	6.259992
2290	-4099.478	-4097.301	-2.176689	2.777775	18.83993	0.371304	0.718431	1.08117	1.82909	6.007436
2300	-4110.638	-4109.426	-1.212433	2.986065	19.17496	0.388181	0.730753	1.08245	1.79862	5.952567
2310	-4108.717	-4102.819	-5.897897	2.840754	18.82144	0.376555	0.722312	1.08161	1.81953	6.20535
2320	-4096.862	-4093.019	-3.843044	2.65772	16.19814	0.360917	0.710624	1.08021	1.84825	6.068728
2330	-4104.853	-4100.024	-4.828916	3.934842	17.19198	0.450747	0.772925	1.08441	1.69192	6.155078
2340	-4109.369	-4094.269	-15.10035	3.583861	19.45154	0.42993	0.759466	1.0842	1.72641	6.662254
2350	-4098.292	-4091.14	-7.15204	4.096209	14.86696	0.459571	0.778472	1.08437	1.67758	6.200798
2360	-4112.416	-4107.635	-4.780583	2.812086	16.47699	0.374181	0.720563	1.08142	1.82384	6.136595
2370	-4103.841	-4092.006	-11.83424	3.772035	15.74267	0.441383	0.766938	1.08436	1.70732	6.552984
2380	-4118.521	-4102.466	-16.05573	3.99565	15.27374	0.454123	0.775059	1.0844	1.68642	6.812977
2390	-4097.211	-4094.974	-2.237192	3.585486	16.63975	0.430032	0.759533	1.0842	1.72624	5.988516
2400	-4093.916	-4087.975	-5.940684	2.933381	16.49141	0.384042	0.727771	1.08217	1.80602	6.207394
2410	-4091.966	-4090.91	-1.055523	5.038069	17.73376	0.503651	0.804867	1.08323	1.60825	5.945851
2420	-4093.571	-4090.398	-3.173722	3.197557	18.12944	0.40399	0.741911	1.08333	1.77077	6.066096
2430	-4102.602	-4096.266	-6.33567	3.39171	14.71682	0.417465	0.751143	1.08387	1.74752	6.13269
2440	-4110.32	-4098.637	-11.68298	4.915781	18.53019	0.498542	0.801914	1.08345	1.6161	6.523122
2450	-4117.395	-4103.245	-14.14927	2.635307	16.41502	0.358921	0.709103	1.08001	1.85197	6.705316
2460	-4130.566	-4102.038	-28.52829	2.203871	16.93711	0.316454	0.675078	1.07434	1.93412	7.550318
2470	-4103.434	-4087.757	-15.67728	2.221453	16.0174	0.31835	0.67667	1.07466	1.93032	6.79914
2480	-4114.078	-4102.78	-11.29726	3.465112	15.4827	0.422324	0.754412	1.08401	1.73925	6.510159
2490	-4119.482	-4100.273	-19.20893	2.578686	15.77535	0.353792	0.705165	1.07947	1.86158	7.021331
2500	-4113.106	-4098.753	-14.35302	2.472868	14.70446	0.343869	0.697418	1.07831	1.8804	6.676789
2510	-4109.925	-4098.169	-11.75603	2.470671	17.16318	0.343658	0.697251	1.07829	1.8808	6.558306
2520	-4100.827	-4091.615	-9.212038	3.082947	18.94564	0.395579	0.736019	1.0829	1.78551	6.377518
2530	-4117.028	-4105.305	-11.72316	3.797552	17.26314	0.442883	0.767904	1.08437	1.70484	6.555282
2540	-4111.461	-4107.976	-3.485434	3.102094	17.73916	0.397009	0.737028	1.08298	1.78299	6.0829
2550	-4101.628	-4096.188	-5.439409	3.355832	17.95648	0.415045	0.749503	1.08379	1.75167	6.192304
2560	-4111.372	-4104.118	-7.253811	2.869154	22.16461	0.378879	0.724016	1.08179	1.81532	6.133942
2570	-4117.561	-4107.808	-9.752711	4.001356	17.98674	0.454437	0.775256	1.0844	1.68591	6.431933
2580	-4109.382	-4096.519	-12.8633	3.884367	15.74758	0.447895	0.771113	1.0844	1.69659	6.618464
2590	-4123.974	-4105.613	-18.36104	2.911893	13.87255	0.382329	0.72653	1.08204	1.8091	6.903705
2600	-4126.031	-4113.093	-12.93734	2.911325	18.33794	0.382283	0.726497	1.08204	1.80918	6.597742
2610	-4114.465	-4109.548	-4.917404	2.686724	17.53234	0.363474	0.712562	1.08046	1.8435	6.163106
2620	-4103.757	-4084.382	-19.37521	2.944865	21.77093	0.384951	0.728429	1.08223	1.80439	6.712228
2630	-4132.037	-4112.567	-19.46999	2.941068	17.1767	0.384651	0.728212	1.08221	1.80493	7.007262
2640	-4141.744	-4122.477	-19.26723	3.533745	14.47465	0.426757	0.757367	1.08413	1.73175	7.002502
2650	-4110.825	-4097.847	-12.97856	2.490077	15.73794	0.345514	0.698714	1.07851	1.87726	6.625567
2660	-4111.613	-4096.192	-15.42126	2.607433	17.16063	0.356411	0.707181	1.07975	1.85666	6.771916
2670	-4125.552	-4106.672	-18.87966	2.688943	16.44517	0.363668	0.712709	1.08048	1.84314	6.992912
2680	-4111.374	-4099.595	-11.77821	2.515103	19.31982	0.347884	0.700573	1.0788	1.87275	6.497344
2690	-4092.922	-4083.648	-9.273909	2.511968	16.92974	0.347588	0.700342	1.07876	1.87331	6.413476
2700	-4096.089	-4084.352	-11.73728	2.952138	15.43193	0.385525	0.728843	1.08227	1.80336	6.536698
2710	-4111.4	-4100.725	-10.67484	3.732383	17.69298	0.439028	0.765415	1.08434	1.71122	6.488993
2720	-4115.123	-4095.511	-19.61206	3.130676	16.27389	0.399125	0.738516	1.08309	1.77927	7.040922
2730	-4123.443	-4105.874	-17.56848	2.793248	14.10272	0.372607	0.719398	1.08129	1.82671	6.863419
2740	-4113.553	-4095.991	-17.56214	2.889249	16.5631	0.380508	0.725206	1.08191	1.81237	6.910902
2750	-4119.668	-4104.305	-15.36319	2.548678	14.87223	0.351024	0.703021	1.07916	1.8668	6.753336
2760	-4111.765	-4100.786	-10.97902	3.315859	15.18818	0.412312	0.747642	1.08369	1.75636	6.476435
2770	-4116.003	-4099.877	-16.12577	4.078566	15.86883	0.458627	0.777883	1.08438	1.67911	6.826573
2780	-4103.178	-4096.863	-6.315271	2.80826	18.2639	0.373862	0.720327	1.08139	1.82442	6.237692
2790	-4110.421	-4092.604	-17.81692	3.633721	15.90279	0.433034	0.761508	1.08425	1.7212	6.933101
2800	-4105.134	-4088.826	-16.30714	2.87099	16.98688	0.379029	0.724125	1.0818	1.81505	6.827683
2810	-4117.488	-4099.621	-17.86731	3.19462	20.00742	0.403779	0.741764	1.08332	1.77113	6.769034
2820	-4111.759	-4097.348	-14.41091	3.442319	15.0082	0.420828	0.753409	1.08397	1.74179	6.695413
2830	-4127.545	-4105.716	-21.82918	2.765828	16.30353	0.370293	0.717679	1.08109	1.83094	7.17636
2840	-4118.916	-4096.238	-22.67709	2.683947	14.97824	0.363231	0.712378	1.08044	1.84395	7.246009
2850	-4123.831	-4101.848	-21.98344	2.981348	19.17884	0.387814	0.73049	1.08242	1.79927	7.035531
2860	-4113.377	-4097.302	-16.07495	3.267399	14.71546	0.408946	0.745335	1.08355	1.76217	6.794406
2870	-4096.941	-4089.79	-7.151155	3.156993	17.57085	0.401054	0.739866	1.08319	1.77589	6.290399
2880	-4104.512	-4086.879	-17.63299	3.319859	15.07712	0.412587	0.747829	1.0837	1.75589	6.911938
2890	-4094.871	-4091.892	-2.978978	3.283222	17.49803	0.410051	0.746094	1.0836	1.76026	6.052153
2900	-4082.259	-4089.038	6.779204	3.0396	19.40344	0.392302	0.733697	1.0827	1.7913	5.537235
2910	-4105.524	-4094.938	-10.58653	3.248787	16.41414	0.407638	0.744434	1.0835	1.76443	6.488264
2920	-4112.899	-4096.905	-15.99464	3.140604	15.94773	0.399855	0.739027	1.08313	1.77799	6.81873
2930	-4113.611	-4095.468	-18.14304	2.749066	14.96722	0.368867	0.716615	1.08096	1.83356	6.943003
2940	-4104.757	-4094.728	-10.0289	2.338759	16.65737	0.330616	0.686796	1.07654	1.90604	6.456913
2950	-4112.819	-4095.072	-17.74721	3.393479	14.78078	0.417584	0.751223	1.08387	1.74732	6.910493
2960	-4110.378	-4092.848	-17.53015	2.553946	16.5522	0.351512	0.7034	1.07921	1.86587	6.909158
2970	-4101.062	-4094.537	-6.525672	2.940995	17.50017	0.384645	0.728208	1.08221	1.80494	6.254844
2980	-4093.435	-4089.252	-4.183546	2.940188	17.99361	0.384581	0.728162	1.0822	1.80505	6.122291
2990	-4135.928	-4117.77	-18.15743	3.641324	17.48663	0.433503	0.761815	1.08426	1.72042	6.920021
3000	-4112.247	-4101.313	-10.93429	2.461848	16.79185	0.342809	0.69658	1.07818	1.88243	6.511629
3010	-4123.033	-4111.323	-11.71003	4.7403	16.56099	0.49092	0.797459	1.08372	1.6279	6.557571
3020	-4114.26	-4105.228	-9.031479	3.788421	14.31632	0.442348	0.767559	1.08437	1.70572	6.280373
3030	-4115.904	-4103.578	-12.32602	3.377159	16.43167	0.416487	0.750481	1.08384	1.7492	6.594331
3040	-4107.954	-4101.179	-6.77505	2.489347	18.4853	0.345444	0.698659	1.07851	1.87739	6.259117
3050	-4107.18	-4102.172	-5.0084	2.979687	17.40401	0.387684	0.730397	1.08241	1.7995	6.167554
3060	-4123.921	-4113.954	-9.966719	2.490958	15.32476	0.345598	0.69878	1.07852	1.8771	6.416887
3070	-4110.686	-4100.72	-9.966131	3.112282	19.57524	0.397766	0.737561	1.08302	1.78166	6.393203
3080	-4092.385	-4086.778	-5.60691	3.01543	16.41982	0.390452	0.732379	1.08259	1.79458	6.185063
3090	-4103.866	-4088.533	-15.33276	2.515362	16.87776	0.347908	0.700592	1.0788	1.8727	6.77224
3100	-4094.662	-4085.453	-9.208464	3.015251	15.9381	0.390438	0.732369	1.08259	1.7946	6.392905
3110	-4116.124	-4095.462	-20.66279	2.450534	20.26994	0.341716	0.695714	1.07804	1.88453	6.88936
3120	-4108.947	-4096.948	-11.9989	3.661132	17.4964	0.434719	0.76261	1.08428	1.71839	6.567663
3130	-4111.333	-4103.76	-7.572745	3.32373	18.20981	0.412853	0.748011	1.08371	1.75543	6.307464
3140	-4117.888	-4110.009	-7.879242	5.293508	19.60339	0.513829	0.810669	1.08276	1.59275	6.285563
3150	-4099.517	-4097.681	-1.83551	5.189055	22.1247	0.509745	0.808353	1.08296	1.59894	5.891265
3160	-4108.279	-4095.4	-12.87899	3.478915	15.66258	0.423224	0.755014	1.08404	1.73772	6.617421
3170	-4105.941	-4091.209	-14.73192	2.552111	17.06921	0.351342	0.703268	1.0792	1.86619	6.73351
3180	-4113.152	-4096.124	-17.02852	2.688266	15.97836	0.363609	0.712664	1.08047	1.84325	6.88355
3190	-4121.257	-4104.667	-16.58979	3.608069	15.17294	0.431444	0.760463	1.08423	1.72387	6.845453
3200	-4135.062	-4116.72	-18.34174	3.383542	16.23588	0.416917	0.750772	1.08385	1.74846	6.963357
3210	-4111.446	-4100.315	-11.13126	3.313583	14.70795	0.412155	0.747534	1.08368	1.75663	6.457931
3220	-4099.792	-4099.479	-0.3134603	3.044785	19.05736	0.392697	0.733978	1.08273	1.7906	5.906884
3230	-4101.504	-4086.823	-14.68153	2.691107	17.23677	0.363858	0.712852	1.0805	1.84279	6.727226
3240	-4089.933	-4083.378	-6.55422	2.667207	16.04516	0.361757	0.711261	1.08029	1.84669	6.23064
3250	-4111.615	-4102.976	-8.638885	3.201795	16.10721	0.404295	0.742122	1.08335	1.77024	6.362369
3260	-4097.34	-4094.424	-2.91583	3.432136	18.00889	0.420156	0.752957	1.08395	1.74293	6.051859
3270	-4100.944	-4093.721	-7.22309	2.696467	18.88263	0.364326	0.713205	1.08054	1.84193	6.274198
3280	-4099.157	-4088.081	-11.0757	2.424896	20.27596	0.339219	0.693727	1.07772	1.88933	6.41608
3290	-4103.998	-4092.604	-11.39449	2.97905	19.11275	0.387635	0.730361	1.08241	1.79959	6.486117
3300	-4108.838	-4099.726	-9.112211	3.485809	16.22502	0.423672	0.755313	1.08405	1.73696	6.394646
3310	-4109.108	-4102.167	-6.941175	2.634637	17.5186	0.358861	0.709057	1.08	1.85208	6.278561
3320	-4110.991	-4105.956	-5.034985	3.689107	19.26378	0.436423	0.763722	1.08431	1.71555	6.14974
3330	-4107.182	-4102.148	-5.034109	4.021705	19.25428	0.455551	0.775956	1.0844	1.6841	6.149933
3340	-4102.664	-4095.686	-6.977889	2.85685	17.9223	0.377875	0.723281	1.08171	1.81713	6.278324
3350	-4123.152	-4112.697	-10.45462	3.075822	16.89247	0.395044	0.735641	1.08287	1.78645	6.48322
3360	-4100.258	-4089.087	-11.17189	3.076408	15.51893	0.395088	0.735673	1.08287	1.78637	6.503435
3370	-4108.727	-4102.201	-6.526226	2.938604	17.62798	0.384456	0.728071	1.0822	1.80528	6.254722
3380	-4115.43	-4092.713	-22.71718	2.461345	16.97508	0.342761	0.696542	1.07818	1.88252	7.205557
3390	-4115.969	-4096.592	-19.37699	3.317417	14.59743	0.412419	0.747715	1.08369	1.75618	7.014827
3400	-4107.235	-4092.177	-15.05729	2.949022	16.8608	0.385279	0.728666	1.08225	1.8038	6.756177
3410	-4124.498	-4105.108	-19.39038	3.163625	18.74644	0.401537	0.740203	1.08321	1.77505	6.926645
3420	-4116.61	-4108.181	-8.429107	3.153358	19.8919	0.400789	0.73968	1.08318	1.77636	6.302136
3430	-4101.076	-4098.201	-2.874448	3.926308	19.12613	0.450268	0.772622	1.08441	1.69271	6.040108
3440	-4116.461	-4106.895	-9.566037	2.844108	18.1924	0.37683	0.722514	1.08163	1.81903	6.417317
3450	-4119.358	-4105.985	-13.37319	3.005088	19.44812	0.389655	0.731809	1.08254	1.79599	6.573631
3460	-4105.853	-4096.943	-8.909312	2.343886	17.51752	0.331138	0.68722	1.07662	1.90502	6.390915
3470	-4122.364	-4109.908	-12.4561	4.662268	15.76544	0.487416	0.79539	1.08384	1.63336	6.593035
3480	-4107.611	-4102.562	-5.048875	3.106369	17.67644	0.397327	0.737252	1.08299	1.78243	6.170998
3490	-4111.927	-4099.92	-12.00655	3.520252	16.97018	0.425894	0.756793	1.08411	1.73321	6.574629
3500	-4109.955	-4096.733	-13.22204	3.86026	16.94018	0.446517	0.770234	1.0844	1.69885	6.646576
3510	-4103.456	-4094.964	-8.492366	3.675986	16.72199	0.435626	0.763202	1.08429	1.71688	6.365465
3520	-4111.772	-4108.483	-3.289394	2.574877	17.23485	0.353443	0.704895	1.07943	1.86223	6.066273
3530	-4113.191	-4106.767	-6.423634	4.160908	19.0986	0.462989	0.780596	1.08434	1.67207	6.226415
3540	-4121.837	-4105.995	-15.84106	2.854836	14.14674	0.37771	0.72316	1.0817	1.81743	6.744227
3550	-4119.334	-4099.132	-20.20143	2.861503	14.06931	0.378255	0.72356	1.08174	1.81644	7.048284
3560	-4116.781	-4102.415	-14.36662	3.009937	16.88333	0.390029	0.732077	1.08256	1.79533	6.714924
3570	-4109.468	-4095.616	-13.85241	3.356667	19.40859	0.415101	0.749541	1.08379	1.75157	6.600272
3580	-4114.082	-4095.207	-18.87502	2.937868	14.96876	0.384397	0.728029	1.08219	1.80538	6.991946
3590	-4098.062	-4088.708	-9.353921	2.964802	16.69355	0.386521	0.72956	1.08234	1.80158	6.416739
3600	-4108.432	-4096.587	-11.84535	3.248292	13.68757	0.407603	0.74441	1.08349	1.76449	6.412855
3610	-4112.625	-4090.847	-21.77761	2.140815	16.87629	0.309524	0.669198	1.07314	1.94813	7.154152
3620	-4104.375	-4102.766	-1.609418	2.879449	17.41159	0.379715	0.724627	1.08185	1.81381	5.972394
3630	-4092.738	-4083.172	-9.566513	3.196633	17.81968	0.403924	0.741865	1.08333	1.77088	6.424485
3640	-4109.838	-4104.708	-5.130315	2.479912	19.14008	0.344544	0.69795	1.0784	1.87911	6.157725
3650	-4104.27	-4096.286	-7.984698	3.40131	15.13459	0.418108	0.751577	1.08389	1.74643	6.275839
3660	-4113.026	-4095.927	-17.09898	3.61122	15.19365	0.43164	0.760592	1.08423	1.72354	6.879507
3670	-4119.571	-4104.819	-14.75207	3.937625	15.19881	0.450903	0.773024	1.08441	1.69167	6.725214
3680	-4091.281	-4087.041	-4.239986	3.731685	18.46471	0.438986	0.765388	1.08434	1.71129	6.122207
3690	-4121.798	-4105.854	-15.94378	3.821215	17.18871	0.444263	0.76879	1.08438	1.70256	6.801674
3700	-4121.386	-4104.432	-16.95394	3.124553	14.14096	0.398674	0.738199	1.08307	1.78006	6.822499
3710	-4106.07	-4093.564	-12.50581	2.805911	18.9074	0.373666	0.720182	1.08137	1.82478	6.552951
3720	-4112.57	-4096.711	-15.8593	3.100385	15.02531	0.396882	0.736939	1.08297	1.78321	6.792526
3730	-4135.673	-4114.375	-21.29799	2.513693	14.90657	0.347751	0.700469	1.07878	1.873	7.152934
3740	-4131.399	-4114.587	-16.81244	3.649711	17.66849	0.434019	0.762152	1.08427	1.71956	6.836781
3750	-4114.375	-4104.028	-10.34737	3.015775	15.58375	0.390479	0.732398	1.08259	1.79453	6.452867
3760	-4126.169	-4110.74	-15.42845	2.905633	16.13902	0.381827	0.726166	1.08201	1.81	6.783941
3770	-4096.337	-4085.672	-10.66472	2.81833	14.71337	0.3747	0.720946	1.08146	1.82289	6.4266
3780	-4128.452	-4114.417	-14.03476	3.083747	16.59687	0.395639	0.736062	1.0829	1.7854	6.697768
3790	-4115.721	-4098.411	-17.30954	2.741965	14.7552	0.368259	0.71616	1.08091	1.83467	6.879893
3800	-4104.25	-4087.61	-16.64001	2.800447	19.28692	0.37321	0.719844	1.08134	1.82561	6.75086
3810	-4119.268	-4106.444	-12.82388	3.445245	20.13601	0.421021	0.753538	1.08398	1.74146	6.510012
3820	-4125.005	-4110.236	-14.76894	2.557073	15.75692	0.351802	0.703625	1.07925	1.86533	6.739614
3830	-4122.175	-4114.569	-7.605733	3.029309	18.94313	0.391517	0.733138	1.08266	1.79269	6.292803
3840	-4131.524	-4112.5	-19.02419	3.34856	18.00277	0.41455	0.749167	1.08377	1.75251	6.946622
3850	-4108.918	-4090.667	-18.25101	2.299475	13.16587	0.326582	0.683498	1.07595	1.91397	6.827895
3860	-4112.02	-4089.633	-22.38707	3.49734	19.10703	0.424419	0.755811	1.08407	1.7357	7.061664
3870	-4103.429	-4090.543	-12.88561	4.150272	19.12423	0.462432	0.78025	1.08435	1.67297	6.563622
3880	-4110.631	-4097.589	-13.04207	3.257248	17.28326	0.408233	0.744845	1.08352	1.7634	6.631345
3890	-4101.606	-4097.07	-4.535983	3.344761	19.30419	0.414292	0.748991	1.08376	1.75296	6.122865
3900	-4101.247	-4100.207	-1.039428	4.669674	20.5227	0.487751	0.795589	1.08383	1.63283	5.914103
3910	-4096.053	-4093.719	-2.333254	3.432231	17.19267	0.420163	0.752962	1.08395	1.74292	6.009928
3920	-4100.213	-4089.35	-10.86267	3.409793	18.1698	0.418674	0.751959	1.08391	1.74546	6.48918
3930	-4099.599	-4092.341	-7.2576	5.115863	16.59892	0.50682	0.806684	1.08309	1.6034	6.289468
3940	-4090.89	-4091.43	0.5400394	3.261784	18.82821	0.408552	0.745064	1.08354	1.76285	5.863275
3950	-4099.216	-4096.241	-2.974785	3.478831	16.33104	0.423218	0.75501	1.08404	1.73773	6.021087
3960	-4097.543	-4096.909	-0.6342448	3.211851	18.25515	0.405015	0.742622	1.08338	1.76898	5.92661
3970	-4104.528	-4091.942	-12.58562	3.082627	15.07398	0.395555	0.736003	1.08289	1.78555	6.577018
3980	-4100.663	-4096.434	-4.22928	3.041999	18.06686	0.392485	0.733827	1.08272	1.79097	6.124599
3990	-4121.812	-4098.498	-23.31404	2.655266	16.27837	0.3607	0.710458	1.08019	1.84865	7.268257
4000	-4120.48	-4101.575	-18.90523	2.412286	16.04459	0.33798	0.692737	1.07756	1.89172	7.000411
4010	-4105.163	-4090.668	-14.49513	3.260257	20.83945	0.408445	0.744991	1.08353	1.76303	6.549907
4020	-4119.103	-4104.108	-14.99497	3.387514	17.01726	0.417184	0.750953	1.08386	1.748	6.749894
4030	-4108.822	-4095.764	-13.05807	2.950724	15.76437	0.385414	0.728763	1.08226	1.80356	6.631195
4040	-4103.661	-4089.111	-14.54995	2.463212	15.38436	0.342941	0.696684	1.0782	1.88218	6.717679
4050	-4113.07	-4097.436	-15.63459	2.950474	14.67636	0.385394	0.728748	1.08226	1.8036	6.76255
4060	-4118.439	-4106.109	-12.33055	5.001525	14.3383	0.502141	0.803997	1.0833	1.61056	6.512617
4070	-4105.01	-4092.059	-12.95133	3.558021	16.5527	0.428301	0.75839	1.08416	1.72915	6.632529
4080	-4110.211	-4090.038	-20.17269	3.18995	16.64191	0.403443	0.741531	1.08331	1.77172	7.066325
4090	-4123.096	-4118.409	-4.687013	3.83973	17.78242	0.445335	0.769478	1.08439	1.7008	6.150664
4100	-4111.395	-4096.833	-14.56141	4.861176	19.79201	0.496208	0.800556	1.08354	1.6197	6.616046
4110	-4095.547	-4090.67	-4.876354	3.486526	16.35751	0.423718	0.755344	1.08405	1.73689	6.138458
4120	-4104.63	-4099.675	-4.955734	3.3144	17.92835	0.412211	0.747573	1.08368	1.75653	6.165474
4130	-4109.134	-4103.269	-5.864963	3.349522	17.02753	0.414616	0.749211	1.08377	1.7524	6.213515
4140	-4108.102	-4102.627	-5.474254	2.476902	17.27363	0.344256	0.697723	1.07836	1.87966	6.193393
4150	-4101.214	-4094.592	-6.622753	4.722104	16.6106	0.49011	0.796982	1.08375	1.62916	6.25147
4160	-4101.025	-4091.119	-9.906154	3.210877	16.83075	0.404945	0.742574	1.08338	1.76911	6.450566
4170	-4105.266	-4093.773	-11.49365	3.651335	14.12313	0.434119	0.762218	1.08427	1.71939	6.434649
4180	-4103.051	-4099.1	-3.951534	3.517733	18.63521	0.425732	0.756686	1.0841	1.73348	6.104619
4190	-4110.038	-4094.42	-15.61776	4.036096	15.0087	0.456334	0.776448	1.08439	1.68282	6.775844
4200	-4131.17	-4109.068	-22.10152	2.819699	13.07402	0.374814	0.72103	1.08147	1.82269	7.111277
4210	-4106.263	-4100.352	-5.910902	6.26411	20.34331	0.547388	0.829085	1.08066	1.54287	6.158714
4220	-4115.114	-4099.202	-15.91156	2.438161	14.82087	0.340514	0.694759	1.07789	1.88684	6.788055
4230	-4109.819	-4096.859	-12.96017	2.598615	14.7438	0.355611	0.706567	1.07966	1.85816	6.584447
4240	-4116.626	-4100.621	-16.00445	2.693311	16.42847	0.36405	0.712997	1.08052	1.84244	6.818221
4250	-4110.87	-4094.394	-16.47608	2.136887	18.32445	0.309085	0.668823	1.07307	1.94903	6.791324
4260	-4094.506	-4086.991	-7.514719	3.23429	20.75845	0.406612	0.743727	1.08345	1.76621	6.218776
4270	-4099.762	-4096.579	-3.183255	3.077476	18.32483	0.395168	0.735729	1.08287	1.78623	6.065908
4280	-4095.735	-4088.54	-7.194535	3.376824	18.16434	0.416465	0.750466	1.08383	1.74923	6.287379
4290	-4106.345	-4091.88	-14.46542	3.526398	18.60566	0.426288	0.757055	1.08412	1.73254	6.670085
4300	-4118.619	-4109.686	-8.932742	3.505846	16.71999	0.424968	0.756177	1.08408	1.73477	6.391781
4310	-4098.017	-4092.67	-5.347052	3.30101	19.28849	0.411286	0.746941	1.08365	1.75813	6.165294
4320	-4094.179	-4089.706	-4.472954	3.388497	18.52426	0.41725	0.750997	1.08386	1.74789	6.134101
4330	-4106.882	-4095.099	-11.78296	2.989067	15.60789	0.388414	0.730921	1.08246	1.7982	6.545762
4340	-4103.103	-4095.761	-7.341588	3.083807	20.72974	0.395643	0.736065	1.0829	1.78539	6.21177
4350	-4109.676	-4105.197	-4.47882	2.449926	17.91353	0.341657	0.695667	1.07804	1.88464	6.1389
4360	-4098.769	-4089.23	-9.539381	3.187814	18.52843	0.403289	0.741424	1.0833	1.77199	6.407489
4370	-4112.62	-4100.085	-12.53524	2.53659	15.55593	0.349898	0.702146	1.07903	1.86892	6.592431
4380	-4125.255	-4107.254	-18.00146	2.989072	18.35503	0.388415	0.730921	1.08246	1.7982	6.873046
4390	-4102.806	-4105.92	3.114169	3.390229	18.72847	0.417366	0.751076	1.08386	1.74769	5.726074
4400	-4120.426	-4115.61	-4.816191	2.870872	15.54983	0.379019	0.724118	1.0818	1.81506	6.095838
4410	-4109.448	-4103.498	-5.94946	3.298202	19.94066	0.411092	0.746808	1.08364	1.75846	6.175759
4420	-4118.923	-4107.525	-11.39831	3.426442	17.36235	0.41978	0.752704	1.08394	1.74358	6.535268
4430	-4124.57	-4115.431	-9.139021	2.364382	18.1236	0.33321	0.6889	1.07691	1.90098	6.395252
4440	-4122.314	-4108.297	-14.01633	2.192632	14.84503	0.315234	0.67405	1.07414	1.93658	6.661413
4450	-4114.722	-4094.242	-20.48067	2.928939	19.43344	0.383689	0.727516	1.08214	1.80665	6.940091
4460	-4115.707	-4102.169	-13.53883	2.298664	14.56338	0.326497	0.683428	1.07594	1.91414	6.612695
4470	-4100.85	-4088.179	-12.67025	3.200323	16.12994	0.404189	0.742049	1.08334	1.77042	6.612931
4480	-4130.662	-4111.929	-18.73307	2.648754	14.9401	0.360121	0.710018	1.08013	1.84973	6.981745
4490	-4110.661	-4096.049	-14.61242	2.91067	15.1416	0.382231	0.726459	1.08204	1.80927	6.714012
4500	-4125.296	-4106.13	-19.16603	3.025054	15.52645	0.391191	0.732906	1.08264	1.79327	7.018586
4510	-4097.177	-4087.397	-9.780174	2.982212	15.32707	0.387881	0.730538	1.08243	1.79915	6.40483
4520	-4122.364	-4101.387	-20.97626	3.002933	14.47187	0.389489	0.73169	1.08253	1.79629	7.120479
4530	-4107.745	-4100.109	-7.635731	3.005856	15.99113	0.389714	0.731852	1.08254	1.79589	6.296164
4540	-4099.777	-4087.371	-12.40533	2.349117	19.67304	0.331668	0.687651	1.07669	1.90399	6.513039
4550	-4094.597	-4087.064	-7.532884	2.86977	16.18784	0.378929	0.724053	1.08179	1.81523	6.296216
4560	-4098.741	-4083.681	-15.06001	2.955166	16.50893	0.385763	0.729015	1.08229	1.80294	6.760249
4570	-4115.002	-4094.603	-20.39938	4.339544	14.71826	0.472095	0.786189	1.08421	1.6575	7.08835
4580	-4126.776	-4100.595	-26.18096	2.940591	16.1496	0.384613	0.728185	1.08221	1.805	7.449758
4590	-4114.188	-4097.4	-16.78844	2.562468	18.08288	0.3523	0.704011	1.0793	1.86439	6.819068
4600	-4111.831	-4095.537	-16.29348	2.365125	14.99057	0.333285	0.688961	1.07692	1.90083	6.820247
4610	-4113.074	-4091.704	-21.36992	2.935144	13.95724	0.384181	0.727873	1.08218	1.80577	7.125455
4620	-4121.341	-4110.368	-10.97239	3.737003	14.87017	0.439304	0.765593	1.08434	1.71076	6.45797
4630	-4117.92	-4098.397	-19.52315	3.313795	13.21355	0.412169	0.747544	1.08368	1.75661	6.929726
4640	-4129.961	-4107.527	-22.43433	2.141284	17.97075	0.309576	0.669243	1.07315	1.94803	7.137922
4650	-4111.489	-4099.684	-11.80475	3.219591	14.24886	0.405567	0.743004	1.0834	1.76802	6.468227
4660	-4113.5	-4096.468	-17.03213	2.638208	13.91471	0.35918	0.709301	1.08004	1.85148	6.811321
4670	-4122.299	-4100.546	-21.75311	3.143633	13.68589	0.400077	0.739183	1.08314	1.7776	7.136593
4680	-4113.402	-4099.795	-13.60735	2.709359	18.7028	0.365448	0.714051	1.08065	1.83985	6.619986
4690	-4112.428	-4100.411	-12.0176	3.882503	16.58754	0.447789	0.771045	1.0844	1.69677	6.57621
4700	-4114.774	-4097.206	-17.56784	2.700984	14.92472	0.36472	0.713502	1.08058	1.8412	6.903274
4710	-4113.323	-4098.821	-14.50148	3.154137	18.10608	0.400845	0.73972	1.08318	1.77626	6.691767
4720	-4113.898	-4107.408	-6.490388	2.718878	15.76524	0.366273	0.714671	1.08073	1.83833	6.214621
4730	-4110.793	-4092.551	-18.24203	3.045275	15.69758	0.392734	0.734004	1.08273	1.79053	6.959936
4740	-4112.667	-4087.885	-24.78123	2.960762	15.52987	0.386203	0.729332	1.08232	1.80215	7.380173
4750	-4108.978	-4095.96	-13.01764	2.946546	15.63132	0.385084	0.728525	1.08224	1.80415	6.625482
4760	-4102.378	-4091.111	-11.26757	3.886883	19.08225	0.448038	0.771204	1.0844	1.69636	6.480695
4770	-4090.654	-4083.973	-6.681115	2.855747	17.15775	0.377785	0.723215	1.0817	1.8173	6.262582
4780	-4126.9	-4107.787	-19.11343	3.644141	20.30048	0.433676	0.761928	1.08426	1.72013	6.810754
4790	-4118.31	-4099.046	-19.2642	3.08051	15.44014	0.395396	0.73589	1.08289	1.78583	7.024499
4800	-4095.896	-4082.377	-13.51886	2.727419	14.44295	0.36701	0.715224	1.08079	1.83697	6.603152
4810	-4109.347	-4095.861	-13.48578	2.300264	15.05579	0.326663	0.683565	1.07596	1.91381	6.635932
4820	-4118.044	-4102.787	-15.2571	2.715667	15.94231	0.365995	0.714462	1.0807	1.83884	6.772443
4830	-4116.394	-4097.685	-18.70945	3.072237	15.27476	0.394774	0.735451	1.08285	1.78692	6.986735
4840	-4120.566	-4101.012	-19.55335	2.850229	16.55149	0.377333	0.722883	1.08167	1.81811	7.031406
4850	-4128.936	-4103.538	-25.3978	2.451779	15.46553	0.341837	0.69581	1.07806	1.88429	7.421242
4860	-4118.976	-4102.504	-16.47127	3.101591	15.71091	0.396972	0.737002	1.08297	1.78305	6.847258
4870	-4107.799	-4092.878	-14.92175	2.69248	15.05135	0.363978	0.712942	1.08051	1.84257	6.731139
4880	-4117.499	-4105.561	-11.93748	2.578222	16.81943	0.353749	0.705132	1.07946	1.86166	6.571294
4890	-4114.054	-4097.106	-16.94809	3.3182	15.89645	0.412473	0.747752	1.08369	1.75608	6.878456
4900	-4109.707	-4094.785	-14.92196	2.19433	13.60436	0.315418	0.674206	1.07417	1.93621	6.628801
4910	-4113.742	-4104.108	-9.634455	2.419175	17.58544	0.338657	0.693279	1.07765	1.89041	6.431561
4920	-4131.554	-4121.045	-10.50911	2.977881	15.90635	0.387543	0.730296	1.0824	1.79976	6.473667
4930	-4132.404	-4121.026	-11.37815	3.081603	19.67256	0.395478	0.735948	1.08289	1.78568	6.460849
4940	-4108.216	-4099.617	-8.599124	3.802791	14.36251	0.443189	0.768101	1.08438	1.70433	6.254772
4950	-4128.127	-4114.378	-13.74955	2.683264	15.51525	0.363171	0.712332	1.08043	1.84406	6.669435
4960	-4106.627	-4103.636	-2.99105	2.447661	17.40188	0.341438	0.695493	1.07801	1.88506	6.051611
4970	-4127.501	-4109.798	-17.70224	3.378471	15.12089	0.416576	0.750541	1.08384	1.74904	6.917594
4980	-4097.377	-4092.531	-4.845513	3.544943	17.0282	0.427471	0.75784	1.08414	1.73055	6.153655
4990	-4109.256	-4101.261	-7.994758	3.299315	18.53538	0.411169	0.74686	1.08364	1.75833	6.323964
5000	-4103.32	-4091.688	-11.63206	3.152784	15.61798	0.400747	0.739651	1.08317	1.77643	6.536418
5010	-4095.64	-4088.044	-7.595925	3.171954	17.68483	0.402142	0.740625	1.08324	1.77399	6.315032
5020	-4094.804	-4082.314	-12.49016	3.1974	23.38337	0.403979	0.741903	1.08333	1.77079	6.286422
5030	-4098.222	-4094.026	-4.196359	3.435097	16.32564	0.420352	0.753089	1.08396	1.7426	6.095681
5040	-4100.238	-4090.205	-10.03334	4.045186	16.64018	0.456827	0.776757	1.08439	1.68202	6.457045
5050	-4114.896	-4106.876	-8.01996	4.994146	17.35127	0.501834	0.80382	1.08331	1.61103	6.340708
5060	-4115.15	-4106.559	-8.590695	2.834818	16.92413	0.376065	0.721952	1.08157	1.82041	6.373086
5070	-4130.862	-4116.188	-14.67438	3.380127	15.38267	0.416687	0.750617	1.08384	1.74885	6.725721
5080	-4119.471	-4106.852	-12.61874	3.353046	16.92322	0.414855	0.749374	1.08378	1.75199	6.611099
5090	-4107.288	-4105.153	-2.135055	2.590169	17.9366	0.354842	0.705975	1.07958	1.8596	6.008186
5100	-4105.167	-4094.032	-11.135	2.723858	17.02686	0.366703	0.714994	1.08077	1.83754	6.523019
5110	-4101.515	-4094.947	-6.568028	3.33536	14.88394	0.41365	0.748554	1.08374	1.75406	6.162924
5120	-4116.385	-4103.912	-12.47262	3.081201	15.75816	0.395448	0.735927	1.08289	1.78574	6.593909
5130	-4121.81	-4107.433	-14.37723	4.469084	19.24944	0.478411	0.790014	1.08408	1.64749	6.635425
5140	-4104.954	-4095.161	-9.79283	3.976554	16.39241	0.45307	0.774394	1.0844	1.68813	6.43958
5150	-4114.083	-4103.941	-10.14201	3.179409	15.46203	0.402682	0.741001	1.08327	1.77305	6.434651
5160	-4095.285	-4091.351	-3.933064	4.870754	16.4895	0.49662	0.800796	1.08352	1.61906	6.085591
5170	-4100.359	-4090.265	-10.09399	3.623759	15.82913	0.432418	0.761103	1.08424	1.72224	6.445258
5180	-4105.44	-4092.427	-13.01314	3.012272	16.18266	0.390209	0.732205	1.08258	1.79501	6.63471
5190	-4118.336	-4104.84	-13.49607	3.446352	17.55403	0.421094	0.753587	1.08398	1.74134	6.651903
5200	-4118.335	-4109.323	-9.012428	3.986877	18.64105	0.45364	0.774754	1.0844	1.6872	6.376035
5210	-4099.778	-4093.321	-6.45709	3.01161	18.57941	0.390158	0.732169	1.08257	1.7951	6.240172
5220	-4120.119	-4106.589	-13.53032	3.51414	14.06585	0.425501	0.756532	1.0841	1.73387	6.573814
5230	-4112.107	-4103.823	-8.283186	2.92796	19.27385	0.383611	0.72746	1.08214	1.80679	6.318015
5240	-4133.465	-4108.178	-25.28747	2.816702	13.65878	0.374565	0.720846	1.08145	1.82314	7.393511
5250	-4122.636	-4102.312	-20.32402	2.586347	15.48859	0.354493	0.705706	1.07954	1.86026	7.093184
5260	-4117.942	-4102.424	-15.51741	4.038691	15.93633	0.456475	0.776537	1.08439	1.6826	6.788734
5270	-4115.234	-4111.364	-3.869184	4.338811	16.09038	0.472059	0.786167	1.08421	1.65756	6.065459
5280	-4109.273	-4103.694	-5.579235	3.344321	19.05052	0.414262	0.748971	1.08376	1.75301	6.183359
5290	-4110.193	-4104.645	-5.547948	3.6032	18.10491	0.43114	0.760263	1.08422	1.72438	6.197273
5300	-4117.56	-4113.966	-3.594082	2.561794	19.23199	0.352238	0.703963	1.0793	1.8645	6.07561
5310	-4108.495	-4105.064	-3.430604	3.408316	15.24113	0.418575	0.751893	1.0839	1.74563	5.983776
5320	-4108.617	-4095.012	-13.60498	3.184107	15.30659	0.403022	0.741238	1.08329	1.77246	6.653676
5330	-4102.245	-4093.286	-8.958776	3.319241	15.38014	0.412544	0.7478	1.08369	1.75596	6.354029
5340	-4091.004	-4083.261	-7.742318	3.055756	18.62763	0.39353	0.734569	1.08278	1.78912	6.30822
5350	-4112.06	-4095.923	-16.1376	3.325636	13.69901	0.412984	0.7481	1.08371	1.7552	6.727549
5360	-4102.264	-4094.946	-7.31776	3.084126	17.39293	0.395667	0.736082	1.0829	1.78535	6.300249
5370	-4110.261	-4098.305	-11.95556	3.241516	17.12401	0.407124	0.74408	1.08347	1.76532	6.570341
5380	-4129.728	-4106.543	-23.18532	2.757837	17.39173	0.369615	0.717173	1.08103	1.83219	7.212611
5390	-4110.752	-4097.224	-13.52846	3.42744	17.7898	0.419846	0.752748	1.08394	1.74346	6.647661
5400	-4117.842	-4110.016	-7.825781	4.047509	18.31391	0.456953	0.776836	1.08439	1.68182	6.319463
5410	-4118.855	-4105.491	-13.364	2.891049	14.18426	0.380654	0.725312	1.08192	1.81211	6.572325
5420	-4100.945	-4094.899	-6.045594	3.805065	18.23814	0.443322	0.768186	1.08438	1.70411	6.223253
5430	-4119.927	-4104.833	-15.09351	3.256567	14.61842	0.408185	0.744812	1.08352	1.76348	6.722556
5440	-4114.57	-4108.762	-5.808097	3.416396	15.144	0.419113	0.752255	1.08392	1.74471	6.132726
5450	-4107.366	-4094.637	-12.7286	3.227364	16.7858	0.406121	0.743387	1.08343	1.76706	6.618517
5460	-4104.317	-4094.159	-10.15801	3.853687	17.20095	0.446139	0.769992	1.08439	1.69947	6.465005
5470	-4105.375	-4092.731	-12.64455	2.559035	18.71393	0.351983	0.703765	1.07927	1.86498	6.568074
5480	-4113.159	-4102.103	-11.05553	3.754986	19.7591	0.440374	0.766286	1.08435	1.70899	6.440451
5490	-4116.032	-4104.573	-11.45972	2.919007	15.24806	0.382898	0.726943	1.08209	1.80807	6.510902
5500	-4110.973	-4092.785	-18.18831	2.69255	14.34392	0.363984	0.712947	1.08051	1.84256	6.921454
5510	-4124.267	-4109.289	-14.9782	2.916389	18.07361	0.382688	0.726791	1.08207	1.80845	6.719303
5520	-4100.664	-4084.507	-16.15677	3.366458	17.75798	0.415765	0.749992	1.08381	1.75043	6.796546
5530	-4114.115	-4113.241	-0.8742564	2.720078	20.69904	0.366376	0.714749	1.08074	1.83814	5.900743
5540	-4102.808	-4087.503	-15.30473	3.624634	16.4966	0.432472	0.761139	1.08424	1.72214	6.775169
5550	-4106.214	-4094.53	-11.68451	3.05513	15.1038	0.393482	0.734535	1.08278	1.78921	6.518763
5560	-4098.856	-4098.018	-0.8381045	2.175432	17.00517	0.313354	0.67246	1.07382	1.94037	5.917608
5570	-4099.982	-4098.029	-1.953342	3.683687	18.88465	0.436094	0.763508	1.0843	1.7161	5.995096
5580	-4103.066	-4097.35	-5.715626	3.386645	14.68345	0.417125	0.750913	1.08386	1.7481	6.087384
5590	-4113.491	-4105.304	-8.186776	3.877131	17.84816	0.447482	0.77085	1.0844	1.69727	6.346721
5600	-4097.956	-4090.936	-7.02004	3.975861	16.62529	0.453031	0.77437	1.0844	1.68819	6.275675
5610	-4106.426	-4092.58	-13.8467	3.275178	14.37625	0.40949	0.745709	1.08357	1.76123	6.621137
5620	-4109.017	-4096.901	-12.11656	2.687278	19.14246	0.363523	0.712598	1.08047	1.84341	6.52263
5630	-4112.3	-4097.333	-14.96717	3.126892	15.30292	0.398846	0.73832	1.08307	1.77976	6.742564
5640	-4100.538	-4087.504	-13.03339	3.309376	17.75125	0.411865	0.747336	1.08367	1.75713	6.620833
5650	-4124.572	-4107.472	-17.10035	3.434606	14.97093	0.42032	0.753067	1.08396	1.74266	6.873456
5660	-4105.817	-4092.921	-12.89614	3.159029	16.08444	0.401202	0.73997	1.0832	1.77563	6.626402
5670	-4118.157	-4105.214	-12.94306	3.433836	16.80945	0.420269	0.753033	1.08396	1.74274	6.631147
5680	-4120.042	-4108.576	-11.46676	3.469969	15.71432	0.422641	0.754624	1.08402	1.73871	6.528821
5690	-4119.682	-4106.565	-13.11698	3.059023	13.85132	0.393777	0.734744	1.08279	1.78869	6.523503
5700	-4099.865	-4090.026	-9.839513	3.278109	17.15782	0.409695	0.74585	1.08358	1.76087	6.446661
5710	-4100.493	-4096.24	-4.253067	3.662704	19.20849	0.434815	0.762673	1.08428	1.71823	6.110402
5720	-4102.683	-4086.026	-16.65623	2.30189	15.42617	0.326832	0.683703	1.07599	1.91348	6.85535
5730	-4125.029	-4100.457	-24.5721	2.725536	14.52433	0.366848	0.715103	1.08078	1.83727	7.369764
5740	-4110.531	-4098.764	-11.76767	2.414079	17.21237	0.338156	0.692879	1.07758	1.89138	6.558457
5750	-4108.189	-4092.741	-15.4484	2.773042	15.87348	0.370905	0.718134	1.08114	1.82982	6.783927
5760	-4105.761	-4094.397	-11.36355	3.11542	15.49978	0.397998	0.737725	1.08303	1.78125	6.51508
5770	-4102.352	-4093.976	-8.376041	3.317753	16.2627	0.412442	0.747731	1.08369	1.75614	6.350217
5780	-4098.866	-4091.127	-7.738793	2.402997	16.11262	0.337063	0.692003	1.07744	1.8935	6.306658
5790	-4112.676	-4101.8	-10.87595	2.419403	14.89335	0.33868	0.693297	1.07765	1.89037	6.452951
5800	-4095.857	-4088.058	-7.798635	3.744787	20.00403	0.439768	0.765894	1.08435	1.70999	6.265925
5810	-4098.3	-4089.543	-8.757028	3.757299	15.27318	0.440511	0.766375	1.08435	1.70876	6.335086
5820	-4117.904	-4096.941	-20.96307	3.393858	13.8191	0.417609	0.75124	1.08387	1.74728	7.087907
5830	-4113.579	-4102.813	-10.76574	2.250928	14.83451	0.321494	0.679294	1.07516	1.92405	6.441756
5840	-4123.451	-4110.819	-12.63276	3.538591	17.20686	0.427066	0.757572	1.08413	1.73123	6.608795
5850	-4110.114	-4098.061	-12.05231	3.570662	15.17018	0.4291	0.758918	1.08418	1.7278	6.546274
5860	-4111.807	-4094.145	-17.66234	2.58069	15.1248	0.353976	0.705307	1.07949	1.86123	6.915048
5870	-4113.478	-4106.544	-6.933754	3.811686	16.16405	0.443708	0.768435	1.08438	1.70348	6.25843
5880	-4114.2	-4102.398	-11.80127	4.023283	17.07615	0.455637	0.77601	1.0844	1.68396	6.56176
5890	-4109.857	-4102.532	-7.324438	2.198986	17.57401	0.315924	0.674632	1.07426	1.93519	6.300248
5900	-4112.581	-4100.246	-12.33492	2.894839	18.63792	0.380959	0.725534	1.08194	1.81156	6.554387
5910	-4127.96	-4111.309	-16.65051	2.385507	16.22521	0.335326	0.690608	1.0772	1.89686	6.859255
5920	-4103.559	-4088.19	-15.36964	2.266966	15.19917	0.323188	0.680698	1.07543	1.92068	6.765858
5930	-4107.335	-4091.556	-15.7787	2.485474	14.46166	0.345075	0.698369	1.07846	1.8781	6.760731
5940	-4142.986	-4111.682	-31.30399	2.370679	14.2388	0.333843	0.689412	1.077	1.89975	7.836778
5950	-4130.464	-4101.317	-29.14709	2.578216	13.88245	0.353749	0.705132	1.07946	1.86166	7.681402
5960	-4114.035	-4094.145	-19.89038	2.844731	16.30785	0.376882	0.722552	1.08163	1.81893	7.057355
5970	-4125.678	-4104.232	-21.44624	2.415538	15.60849	0.3383	0.692993	1.0776	1.89111	7.164885
5980	-4120.036	-4102.912	-17.1245	3.27445	16.76766	0.409439	0.745674	1.08357	1.76131	6.880772
5990	-4110.567	-4094.456	-16.11109	4.381274	17.57034	0.474155	0.787441	1.08417	1.65423	6.800347
6000	-4107.908	-4092.795	-15.11336	2.881696	15.49617	0.379897	0.72476	1.08187	1.81348	6.756929
6010	-4114.618	-4111.696	-2.922298	1.937559	18.55731	0.285705	0.648205	1.06835	1.99774	6.050114
6020	-4111.59	-4103.467	-8.123351	2.884384	19.47501	0.380115	0.724919	1.08188	1.81308	6.302727
6030	-4107.12	-4104.55	-2.57018	3.453271	18.59469	0.421548	0.753892	1.08399	1.74057	6.030842
6040	-4115.909	-4106.08	-9.829206	2.656507	15.45085	0.36081	0.710542	1.0802	1.84845	6.413917
6050	-4126.822	-4111.234	-15.58822	2.852755	15.38345	0.37754	0.723035	1.08169	1.81774	6.785146
6060	-4103.989	-4095.777	-8.212343	3.256909	19.219	0.40821	0.744829	1.08352	1.76344	6.316175
6070	-4108.655	-4091.242	-17.41307	2.830055	17.55858	0.375672	0.721662	1.08154	1.82113	6.874877
6080	-4111.503	-4098.422	-13.0805	2.756173	17.55529	0.369473	0.717067	1.08101	1.83245	6.628201
6090	-4112.095	-4096.48	-15.61496	2.685084	14.88251	0.36333	0.712453	1.08045	1.84377	6.770697
6100	-4136.9	-4117.084	-19.81648	2.736727	15.01923	0.36781	0.715824	1.08087	1.8355	7.055787
6110	-4131.618	-4113.282	-18.33596	2.884969	16.62392	0.380162	0.724953	1.08189	1.813	6.956349
6120	-4142.778	-4112.032	-30.7454	2.977925	11.51246	0.387547	0.730298	1.0824	1.79975	7.605315
6130	-4103.793	-4093.41	-10.38224	2.743257	16.2239	0.36837	0.716243	1.08092	1.83447	6.472902
6140	-4120.93	-4103.474	-17.45588	2.431775	15.78995	0.339891	0.694264	1.07781	1.88804	6.910251
6150	-4104.459	-4094.493	-9.966725	2.736523	18.38694	0.367793	0.715811	1.08086	1.83553	6.434465
6160	-4103.763	-4093.775	-9.988275	3.237819	16.79594	0.406862	0.7439	1.08346	1.76578	6.455309
6170	-4101.121	-4095.285	-5.835752	3.044029	17.34578	0.39264	0.733937	1.08273	1.7907	6.214795
6180	-4087.574	-4081.529	-6.045446	3.152652	19.95324	0.400737	0.739644	1.08317	1.77645	6.180121
6190	-4103.343	-4092.161	-11.18236	2.788389	16.89013	0.372199	0.719095	1.08125	1.82746	6.526306
6200	-4112.356	-4099.552	-12.80439	2.980562	13.97233	0.387753	0.730446	1.08242	1.79938	6.513248
6210	-4095.196	-4089.992	-5.20438	2.883547	20.08527	0.380047	0.724869	1.08188	1.81321	6.133411
6220	-4100.673	-4093.572	-7.101106	3.124655	18.18042	0.398681	0.738204	1.08307	1.78005	6.282002
6230	-4112.421	-4104.074	-8.346435	3.002643	16.00297	0.389466	0.731674	1.08253	1.79633	6.340994
6240	-4111.994	-4095.044	-16.95036	2.641854	14.5474	0.359506	0.709549	1.08007	1.85088	6.846163
6250	-4111.843	-4104.125	-7.718549	4.915126	18.78048	0.498514	0.801898	1.08345	1.61614	6.303156
6260	-4101.579	-4095.614	-5.96449	3.427065	18.4447	0.419821	0.752732	1.08394	1.74351	6.215919
6270	-4095.423	-4097.189	1.765903	3.26642	19.27662	0.408877	0.745288	1.08355	1.76229	5.796612
6280	-4110.701	-4101.163	-9.538137	3.968106	17.07758	0.452602	0.774099	1.0844	1.68889	6.429227
6290	-4098.231	-4097.162	-1.069307	3.566462	16.64095	0.428835	0.758743	1.08417	1.72825	5.918378
6300	-4104.885	-4098.374	-6.511145	3.640457	16.47751	0.43345	0.76178	1.08426	1.72051	6.241637
6310	-4105.72	-4103.803	-1.916247	2.947493	16.9696	0.385159	0.728579	1.08224	1.80402	5.980022
6320	-4115.244	-4107.556	-7.687899	3.381979	16.11202	0.416812	0.750701	1.08385	1.74864	6.303481
6330	-4107.009	-4093.381	-13.62786	2.533661	16.84976	0.349625	0.701932	1.079	1.86944	6.671509
6340	-4126.546	-4108.391	-18.15457	2.550598	15.63624	0.351202	0.703159	1.07918	1.86646	6.954136
6350	-4124.261	-4102.592	-21.66865	2.616528	15.27691	0.357233	0.707812	1.07984	1.85512	7.180469
6360	-4143.068	-4119.041	-24.0274	3.156986	12.7672	0.401053	0.739865	1.08319	1.77589	7.22764
6370	-4134.377	-4113.898	-20.47926	2.50704	13.71557	0.347123	0.699977	1.07871	1.87419	7.045688
6380	-4130.245	-4113.543	-16.70137	3.902833	20.20504	0.448943	0.771781	1.0844	1.69487	6.698135
6390	-4117.347	-4105.901	-11.4457	2.945001	14.72327	0.384962	0.728437	1.08223	1.80437	6.480351
6400	-4110.272	-4099.861	-10.4106	3.444725	17.08623	0.420987	0.753515	1.08398	1.74152	6.480282
6410	-4113.959	-4103.453	-10.50504	2.967173	16.63644	0.386706	0.729694	1.08235	1.80125	6.485369
6420	-4114.428	-4096.865	-17.56376	3.493559	14.65949	0.424174	0.755648	1.08406	1.73611	6.893295
6430	-4109.451	-4100.732	-8.718518	2.582088	16.19138	0.354104	0.705405	1.0795	1.86099	6.369548
6440	-4115.483	-4099.338	-16.14474	3.351033	14.34512	0.414719	0.749281	1.08377	1.75223	6.77906
6450	-4128.505	-4107.405	-21.10012	2.815479	14.21862	0.374463	0.720771	1.08144	1.82333	7.119272
6460	-4097.968	-4092.111	-5.857563	3.333367	17.25128	0.413513	0.748461	1.08373	1.75429	6.215415
6470	-4116.633	-4101.115	-15.51819	3.066676	14.70149	0.394355	0.735154	1.08283	1.78766	6.755881
6480	-4127.487	-4107.853	-19.63447	3.567	17.57537	0.428869	0.758765	1.08417	1.72819	7.000656
6490	-4118.553	-4096.865	-21.68813	2.921845	15.32081	0.383124	0.727107	1.0821	1.80767	7.181756
6500	-4120.592	-4098.176	-22.41594	2.774366	15.26426	0.371017	0.718217	1.08115	1.82962	7.22941
6510	-4104.264	-4092.497	-11.76677	3.339938	14.96575	0.413963	0.748767	1.08375	1.75352	6.516906
6520	-4112.917	-4100.975	-11.94171	3.29772	17.65093	0.411059	0.746785	1.08364	1.75852	6.561468
6530	-4113.827	-4101.814	-12.01311	2.767577	19.04857	0.370442	0.717789	1.0811	1.83067	6.521166
6540	-4110.801	-4103.751	-7.050684	3.569334	20.60076	0.429016	0.758863	1.08418	1.72794	6.203557
6550	-4117.588	-4097.827	-19.7612	2.916003	17.23221	0.382658	0.726769	1.08207	1.80851	7.022101
6560	-4118.013	-4096.481	-21.53146	2.577695	14.61305	0.353701	0.705095	1.07946	1.86175	7.16282
6570	-4104.61	-4095.136	-9.474267	3.080783	17.84828	0.395416	0.735905	1.08289	1.78579	6.418855
6580	-4113.58	-4104.748	-8.832132	2.219611	16.45733	0.318152	0.676504	1.07463	1.93072	6.382152
6590	-4100.25	-4099.41	-0.8396476	2.943578	22.80504	0.384849	0.728355	1.08222	1.80457	5.815949
6600	-4104.65	-4096.612	-8.038357	3.326621	17.81832	0.413051	0.748146	1.08371	1.75509	6.338744
6610	-4102.394	-4097.624	-4.770708	3.493617	17.4704	0.424178	0.75565	1.08406	1.73611	6.154377
6620	-4107.6	-4098.327	-9.272641	2.796537	16.4206	0.372882	0.719602	1.08131	1.82621	6.408326
6630	-4118.788	-4106.631	-12.15619	2.4613	14.63801	0.342757	0.696539	1.07817	1.88253	6.522965
6640	-4113.917	-4099.826	-14.09093	3.003593	16.91309	0.38954	0.731727	1.08253	1.7962	6.698223
6650	-4111.086	-4099.984	-11.10203	3.242559	14.51793	0.407198	0.744131	1.08348	1.76519	6.441847
6660	-4107.268	-4099.451	-7.817054	2.464136	15.83609	0.34303	0.696755	1.07821	1.88201	6.301693
6670	-4105.942	-4098.319	-7.622648	3.292309	15.72229	0.410683	0.746528	1.08362	1.75917	6.284553
6680	-4102.902	-4097.378	-5.524032	3.403973	17.58894	0.418286	0.751697	1.08389	1.74612	6.197826
6690	-4104.485	-4092.752	-11.73383	3.200845	15.83694	0.404226	0.742075	1.08334	1.77036	6.549046
6700	-4102.202	-4090.305	-11.8974	3.750247	15.87532	0.440093	0.766104	1.08435	1.70945	6.560262
6710	-4104.939	-4095.82	-9.118129	4.080456	16.13272	0.458728	0.777946	1.08438	1.67895	6.392783
6720	-4092.803	-4084.309	-8.494065	3.038318	18.23328	0.392205	0.733628	1.0827	1.79147	6.357599
6730	-4128.738	-4111.437	-17.30074	3.306907	13.59582	0.411694	0.74722	1.08366	1.75742	6.802835
6740	-4111.402	-4103.661	-7.741611	3.037969	16.07148	0.392178	0.733609	1.0827	1.79152	6.305514
6750	-4103.004	-4104.486	1.482762	4.628115	19.28544	0.485858	0.794467	1.08388	1.63579	5.811231
6760	-4094.022	-4089.165	-4.856476	2.471994	16.18757	0.343785	0.697352	1.0783	1.88056	6.130871
6770	-4109.461	-4092.295	-17.16608	2.477811	16.54448	0.344343	0.697792	1.07837	1.87949	6.887283
6780	-4107.319	-4100.888	-6.431132	3.06658	17.23729	0.394348	0.735149	1.08283	1.78768	6.248578
6790	-4096.868	-4089.773	-7.095442	3.27923	18.0626	0.409773	0.745903	1.08359	1.76074	6.283295
6800	-4126.439	-4107.019	-19.41917	3.009147	20.94351	0.389968	0.732033	1.08256	1.79544	6.778354
6810	-4130.35	-4119.429	-10.92124	3.003762	19.8117	0.389553	0.731736	1.08253	1.79618	6.431205
6820	-4117.001	-4109.595	-7.406463	3.566579	18.31899	0.428842	0.758748	1.08417	1.72824	6.296476
6830	-4121.705	-4101.909	-19.79624	3.458592	15.00194	0.421897	0.754126	1.084	1.73997	7.054124
6840	-4109.664	-4103.315	-6.349218	2.852748	17.30586	0.377539	0.723035	1.08169	1.81774	6.244217
6850	-4126.875	-4114.859	-12.01591	3.651608	16.50285	0.434135	0.762229	1.08427	1.71936	6.575832
6860	-4108.047	-4102.393	-5.653917	2.784965	16.62977	0.371911	0.718881	1.08123	1.82798	6.193612
6870	-4097.955	-4091.761	-6.193827	3.514826	18.0092	0.425546	0.756562	1.0841	1.73379	6.233877
6880	-4114.983	-4105.787	-9.195482	4.738765	15.63243	0.490852	0.797419	1.08373	1.628	6.381009
6890	-4100.931	-4092.933	-7.997653	2.808056	16.47202	0.373845	0.720315	1.08139	1.82445	6.331742
6900	-4086.213	-4088.267	2.053817	3.898401	17.05456	0.448692	0.771621	1.0844	1.69528	5.749539
6910	-4099.343	-4085.048	-14.29491	3.731979	14.54161	0.439004	0.765399	1.08434	1.71126	6.663264
6920	-4107.968	-4097.144	-10.82442	3.260228	16.00097	0.408443	0.744989	1.08353	1.76304	6.495794
6930	-4101.264	-4086.407	-14.8576	2.697178	17.18867	0.364388	0.713252	1.08055	1.84181	6.738483
6940	-4103.923	-4096.898	-7.024821	3.159632	17.41724	0.401246	0.74	1.0832	1.77556	6.283419
6950	-4099.145	-4095.758	-3.387156	3.245508	18.3246	0.407406	0.744275	1.08349	1.76483	6.077036
6960	-4108.396	-4089.154	-19.24224	2.862406	11.60351	0.378329	0.723614	1.08175	1.81631	6.629434
6970	-4129.76	-4115.049	-14.71042	3.378448	16.7529	0.416574	0.75054	1.08384	1.74905	6.736971
6980	-4120.143	-4109.313	-10.82983	3.128417	17.23899	0.398959	0.738399	1.08308	1.77956	6.503749
6990	-4115.054	-4111.032	-4.022443	2.69274	18.2733	0.364	0.712959	1.08051	1.84253	6.112088
7000	-4133.712	-4126.607	-7.10533	2.851322	17.01968	0.377423	0.722949	1.08168	1.81795	6.28629
7010	-4140.353	-4112.622	-27.73148	2.277148	17.06052	0.324256	0.681582	1.0756	1.91857	7.495636
7020	-4117.326	-4103.799	-13.52716	2.952482	19.63918	0.385552	0.728863	1.08227	1.80331	6.571823
7030	-4109.529	-4097.924	-11.60477	3.376856	17.43728	0.416467	0.750467	1.08384	1.74923	6.546072
7040	-4122.471	-4112.669	-9.801567	3.029498	15.63794	0.391531	0.733148	1.08266	1.79266	6.419994
7050	-4115.87	-4109.522	-6.348529	2.894703	19.09278	0.380948	0.725526	1.08194	1.81158	6.222637
7060	-4108.844	-4102.7	-6.143739	3.141663	16.85214	0.399933	0.739082	1.08313	1.77785	6.22738
7070	-4096.056	-4092.813	-3.242692	2.744722	17.30203	0.368495	0.716337	1.08093	1.83424	6.064651
7080	-4090.187	-4087.563	-2.623664	3.189669	17.81206	0.403423	0.741517	1.0833	1.77176	6.034822
7090	-4094.601	-4089.713	-4.888356	2.773059	15.99078	0.370906	0.718135	1.08114	1.82982	6.124341
7100	-4098.734	-4082.392	-16.34216	3.831581	19.74701	0.444864	0.769176	1.08439	1.70157	6.708732
7110	-4113.674	-4108.613	-5.060977	3.305527	16.80977	0.411599	0.747154	1.08366	1.75759	6.162246
7120	-4098.644	-4093.468	-5.175609	3.340511	17.25932	0.414002	0.748794	1.08375	1.75346	6.175965
7130	-4115.636	-4112.056	-3.580507	3.530633	19.66315	0.426559	0.757235	1.08412	1.73208	6.064726
7140	-4102.601	-4095.112	-7.488565	3.528779	20.38802	0.42644	0.757156	1.08412	1.73228	6.234319
7150	-4101.982	-4090.571	-11.41072	2.797177	18.63854	0.372936	0.719642	1.08131	1.82611	6.504778
7160	-4106.461	-4098.665	-7.79642	3.124317	18.35037	0.398656	0.738187	1.08306	1.78009	6.317157
7170	-4118.157	-4100.291	-17.86632	2.238982	15.91135	0.320225	0.678237	1.07496	1.92658	6.93619
7180	-4099.644	-4095.31	-4.334071	3.724005	19.54138	0.438526	0.765089	1.08433	1.71205	6.106404
7190	-4105.159	-4095.41	-9.749324	4.491774	18.79695	0.479494	0.790665	1.08405	1.64579	6.410765
7200	-4103.417	-4090.552	-12.86527	3.038172	14.8399	0.392194	0.73362	1.0827	1.79149	6.583589
7210	-4111.557	-4094.916	-16.64116	2.485421	17.91348	0.34507	0.698365	1.07846	1.8781	6.817849
7220	-4120.704	-4111.299	-9.405555	3.270726	17.14661	0.409179	0.745495	1.08356	1.76176	6.421391
7230	-4105.272	-4092.857	-12.4145	2.722993	16.04181	0.366628	0.714938	1.08076	1.83768	6.595824
7240	-4107.653	-4091.131	-16.52247	2.539746	15.44424	0.350193	0.702375	1.07907	1.86837	6.846999
7250	-4128.967	-4116.11	-12.85701	5.313473	13.73397	0.514598	0.811103	1.08272	1.59158	6.492018
7260	-4103.529	-4088.818	-14.71091	2.898737	15.31789	0.381273	0.725763	1.08197	1.811	6.726263
7270	-4116.254	-4103.783	-12.47125	4.049706	16.87976	0.457072	0.776911	1.08439	1.68163	6.602684
7280	-4099.885	-4094.461	-5.424097	3.997776	17.00157	0.45424	0.775132	1.0844	1.68623	6.187236
7290	-4110.152	-4102.564	-7.588447	2.929153	17.29376	0.383706	0.727528	1.08214	1.80662	6.315814
7300	-4098.015	-4096.3	-1.714654	2.351269	19.63819	0.331886	0.687828	1.07672	1.90356	5.970368
7310	-4100.425	-4089.319	-11.10609	2.958751	13.30512	0.386045	0.729218	1.0823	1.80243	6.306693
7320	-4112.326	-4105.648	-6.677935	2.405504	19.53365	0.337311	0.692202	1.07747	1.89302	6.226602
7330	-4105.281	-4095.887	-9.394256	3.737905	17.33587	0.439358	0.765628	1.08434	1.71067	6.420005
7340	-4097.023	-4085.665	-11.35732	2.609284	18.78724	0.356579	0.70731	1.07977	1.85634	6.496664
7350	-4100.967	-4094.09	-6.877023	2.557509	18.28287	0.351842	0.703656	1.07925	1.86525	6.268154
7360	-4107.407	-4097.219	-10.18787	2.556589	16.53212	0.351757	0.70359	1.07924	1.86541	6.465373
7370	-4105.171	-4095.153	-10.01829	2.319352	19.26055	0.328632	0.685178	1.07625	1.90994	6.408552
7380	-4103.233	-4096.936	-6.296718	3.348279	18.04258	0.414531	0.749154	1.08377	1.75255	6.239274
7390	-4097.697	-4087.992	-9.705318	3.386082	17.84233	0.417087	0.750888	1.08386	1.74817	6.4319
7400	-4111.057	-4108.704	-2.353658	2.952892	19.88263	0.385584	0.728886	1.08227	1.80326	5.996952
7410	-4098.371	-4088.45	-9.921097	4.270826	16.04742	0.468648	0.784083	1.08427	1.663	6.440534
7420	-4096.515	-4087.973	-8.542659	2.78048	15.89421	0.371533	0.718601	1.08119	1.82867	6.349615
7430	-4127.16	-4112.134	-15.0253	2.558744	16.95999	0.351956	0.703745	1.07926	1.86503	6.75269
7440	-4114.431	-4100.571	-13.86068	2.995908	16.04218	0.388945	0.731301	1.0825	1.79726	6.685978
7450	-4105.218	-4096.49	-8.727632	3.041569	18.43199	0.392452	0.733804	1.08271	1.79103	6.366027
7460	-4114.306	-4107.431	-6.874885	4.54119	16.8594	0.481828	0.792064	1.084	1.64211	6.270867
7470	-4091.381	-4088.504	-2.87738	2.565711	17.2255	0.352599	0.704243	1.07934	1.86382	6.042196
7480	-4100.419	-4092.373	-8.046023	2.45342	20.93693	0.341995	0.695936	1.07808	1.88399	6.235641
7490	-4111.069	-4102.5	-8.569237	4.72687	16.77914	0.490322	0.797107	1.08374	1.62883	6.370662
7500	-4112.406	-4096.628	-15.77882	2.943191	15.67257	0.384819	0.728333	1.08222	1.80463	6.802698
7510	-4104.307	-4099.3	-5.006814	3.65164	17.10162	0.434137	0.76223	1.08427	1.71936	6.164238
7520	-4102.057	-4102.143	0.08574178	2.579681	21.21542	0.353883	0.705235	1.07948	1.8614	5.838247
7530	-4090.464	-4085.484	-4.980229	3.725493	17.35667	0.438616	0.765147	1.08433	1.7119	6.165565
7540	-4116.331	-4093.464	-22.86696	2.65296	14.93191	0.360495	0.710302	1.08017	1.84903	7.258384
7550	-4102.76	-4091.491	-11.26885	4.524606	17.79513	0.481049	0.791597	1.08402	1.64334	6.520533
7560	-4117.54	-4101.324	-16.2152	2.777694	17.9147	0.371298	0.718426	1.08117	1.8291	6.794024
7570	-4107.608	-4093.066	-14.54194	2.289734	16.15115	0.32557	0.682665	1.0758	1.91597	6.729064
7580	-4106.207	-4092.579	-13.62823	3.086082	14.26859	0.395814	0.736185	1.08291	1.78509	6.597762
7590	-4108.135	-4089.333	-18.80213	2.720836	15.23132	0.366442	0.714798	1.08074	1.83802	6.992188
7600	-4110.971	-4093.563	-17.40846	2.794619	14.15855	0.372722	0.719483	1.08129	1.8265	6.855798
7610	-4112.992	-4097.309	-15.6823	3.55172	18.45892	0.427901	0.758125	1.08415	1.72982	6.74215
7620	-4130.294	-4113.778	-16.51553	3.384789	15.88738	0.417001	0.750829	1.08385	1.74832	6.851211
7630	-4106.548	-4093.091	-13.45646	2.750279	17.18715	0.36897	0.716692	1.08097	1.83337	6.656993
7640	-4115.814	-4099.869	-15.94511	2.382188	16.38851	0.334995	0.690341	1.07716	1.89751	6.814921
7650	-4113.598	-4094.229	-19.36985	2.768415	14.57605	0.370513	0.717842	1.08111	1.83054	7.013556
7660	-4117.914	-4100.143	-17.77093	3.515796	15.29709	0.425608	0.756603	1.0841	1.73369	6.925682
7670	-4119.127	-4099.004	-20.12212	2.74104	15.36886	0.36818	0.716101	1.0809	1.83482	7.079806
7680	-4112.995	-4102.937	-10.0575	3.450974	15.49382	0.421398	0.753791	1.08399	1.74082	6.430564
7690	-4119.801	-4110.488	-9.313613	3.47897	20.6547	0.423227	0.755016	1.08404	1.73772	6.3107
7700	-4124.227	-4116.269	-7.958073	3.576256	15.11066	0.429452	0.759151	1.08419	1.72721	6.272499
7710	-4123.929	-4104.271	-19.65842	2.207624	12.83398	0.31686	0.67542	1.07441	1.93331	6.894502
7720	-4132.563	-4107.778	-24.78533	2.366373	15.1377	0.33341	0.689062	1.07694	1.90059	7.385896
7730	-4114.022	-4098.846	-15.17576	3.136496	19.76956	0.399553	0.738816	1.08311	1.77852	6.648375
7740	-4114.513	-4105.036	-9.476695	3.226069	16.89736	0.406029	0.743324	1.08343	1.76722	6.425347
7750	-4127.813	-4116.778	-11.03518	2.666369	19.30584	0.361683	0.711205	1.08029	1.84682	6.459469
7760	-4122.698	-4108.122	-14.57651	3.101218	16.51935	0.396944	0.736982	1.08297	1.7831	6.730907
7770	-4095.498	-4091.61	-3.888983	3.599029	17.50241	0.43088	0.760092	1.08421	1.72481	6.104197
7780	-4111.387	-4101.493	-9.893797	2.728257	20.1667	0.367082	0.715278	1.0808	1.83684	6.363042
7790	-4111.574	-4098.52	-13.05385	2.880104	15.18737	0.379769	0.724666	1.08186	1.81371	6.61301
7800	-4114.867	-4098.154	-16.7136	2.46061	15.68583	0.34269	0.696486	1.07817	1.88266	6.862465
7810	-4112.21	-4096.192	-16.01832	3.830637	16.22576	0.444809	0.769141	1.08439	1.70166	6.82029
7820	-4120.313	-4097.323	-22.98964	3.908338	11.06465	0.449255	0.771978	1.0844	1.69436	6.815079
7830	-4116.104	-4100.025	-16.07977	3.191414	14.57728	0.403549	0.741604	1.08331	1.77154	6.787903
7840	-4104.194	-4095.402	-8.792182	2.308345	18.11619	0.327499	0.68425	1.07609	1.91216	6.376254
7850	-4108.405	-4098.059	-10.34552	3.381803	16.38501	0.4168	0.750693	1.08385	1.74866	6.473196
7860	-4115.899	-4093.514	-22.38544	2.586779	16.92146	0.354533	0.705736	1.07955	1.86018	7.188291
7870	-4118.159	-4105.902	-12.25657	3.779144	17.67529	0.441802	0.767208	1.08437	1.70662	6.57878
7880	-4106.196	-4090.917	-15.27947	3.719446	14.37733	0.438253	0.764912	1.08433	1.71251	6.720869
7890	-4112.691	-4094.417	-18.27336	3.222333	15.60826	0.405763	0.74314	1.08341	1.76768	6.961605
7900	-4111.239	-4091.052	-20.18636	3.249679	16.01362	0.4077	0.744478	1.0835	1.76432	7.080705
7910	-4107.178	-4096.392	-10.78658	2.55015	17.17868	0.35116	0.703127	1.07918	1.86654	6.501713
7920	-4104.11	-4097.097	-7.012952	2.480359	19.95347	0.344587	0.697984	1.0784	1.87903	6.228601
7930	-4118.555	-4098.07	-20.48409	2.684335	15.33287	0.363265	0.712403	1.08044	1.84389	7.103223
7940	-4118.464	-4101.892	-16.57268	2.961042	21.30892	0.386225	0.729348	1.08232	1.80211	6.61683
7950	-4124.518	-4107.155	-17.36297	3.55678	17.29131	0.428222	0.758338	1.08416	1.72928	6.881096
7960	-4104.227	-4101.077	-3.149603	3.28359	18.50842	0.410077	0.746112	1.0836	1.76021	6.062799
7970	-4103.235	-4109.203	5.968668	2.726484	17.63708	0.366929	0.715164	1.08079	1.83712	5.546253
7980	-4115.624	-4111.885	-3.738628	2.87179	16.17024	0.379094	0.724173	1.0818	1.81493	6.06104
7990	-4106.413	-4098.69	-7.723138	4.034518	19.83636	0.456248	0.776394	1.08439	1.68296	6.268824
8000	-4123.385	-4121.38	-2.005449	4.907608	20.58483	0.498194	0.801712	1.08346	1.61663	5.959172
8010	-4102.61	-4105.521	2.910911	3.952181	20.86311	0.451716	0.773539	1.08441	1.69034	5.7141
8020	-4106.782	-4103.672	-3.109043	3.169954	19.78588	0.401997	0.740524	1.08324	1.77424	6.037574
8030	-4104.317	-4095.469	-8.848486	3.171654	16.1479	0.40212	0.74061	1.08324	1.77403	6.376469
8040	-4099.947	-4090.582	-9.365003	3.963205	16.51743	0.452329	0.773927	1.08441	1.68934	6.415402
8050	-4107.319	-4096.834	-10.48503	2.897826	18.13614	0.3812	0.725709	1.08196	1.81113	6.469218
8060	-4104.81	-4093.102	-11.708	3.63678	16.66138	0.433223	0.761631	1.08426	1.72089	6.557721
8070	-4108.847	-4100.542	-8.304469	3.513977	19.75303	0.425491	0.756525	1.0841	1.73389	6.301461
8080	-4118.132	-4103.791	-14.34045	2.719097	15.21027	0.366292	0.714685	1.08073	1.8383	6.698534
8090	-4117.435	-4098.553	-18.88213	3.211067	16.06663	0.404959	0.742583	1.08338	1.76908	6.99875
8100	-4113.654	-4095.962	-17.69203	3.26259	14.19904	0.408609	0.745103	1.08354	1.76275	6.878375
8110	-4114.301	-4099.045	-15.25637	3.166113	15.98655	0.401718	0.740329	1.08322	1.77473	6.77269
8120	-4096.725	-4086.625	-10.09982	3.280657	17.33587	0.409872	0.745972	1.08359	1.76057	6.460705
8130	-4124.253	-4104.806	-19.44775	2.669135	18.07548	0.361927	0.711391	1.08031	1.84637	6.966505
8140	-4113.388	-4102.201	-11.18719	3.330884	17.55246	0.413343	0.748345	1.08372	1.75459	6.520398
8150	-4114.24	-4102.357	-11.88302	2.587213	14.56206	0.354572	0.705767	1.07955	1.86011	6.498903
8160	-4095.102	-4092.912	-2.190153	3.35579	20.0842	0.415042	0.749501	1.08379	1.75167	5.983369
8170	-4122.229	-4104.903	-17.32628	3.800208	12.94556	0.443038	0.768004	1.08438	1.70458	6.728766
8180	-4116.947	-4105.506	-11.44092	2.573114	17.81897	0.353281	0.70477	1.07941	1.86254	6.529688
8190	-4092.502	-4077.878	-14.62389	3.041875	14.78037	0.392476	0.73382	1.08272	1.79099	6.699163
8200	-4100.355	-4092.771	-7.584614	2.340994	16.08165	0.330844	0.686981	1.07658	1.9056	6.296083
8210	-4113.207	-4100.329	-12.87738	3.148712	18.99371	0.400449	0.739443	1.08316	1.77695	6.568923
8220	-4116.622	-4104.328	-12.29413	3.706464	18.44255	0.437472	0.764405	1.08432	1.7138	6.559161
8230	-4107.067	-4099.573	-7.494619	2.483879	18.74823	0.344923	0.698249	1.07844	1.87839	6.292039
8240	-4105.506	-4101.204	-4.302186	4.515214	16.76809	0.480605	0.791332	1.08403	1.64404	6.116078
8250	-4113.695	-4101.145	-12.54938	2.651856	15.01181	0.360397	0.710228	1.08016	1.84922	6.571561
8260	-4100.528	-4094.078	-6.449888	2.787485	18.35586	0.372123	0.719039	1.08124	1.82759	6.243692
8270	-4104.744	-4098.953	-5.79021	2.879475	16.47524	0.379718	0.724629	1.08185	1.8138	6.197821
8280	-4099.78	-4091.215	-8.565139	3.355274	16.75177	0.415007	0.749477	1.08378	1.75173	6.37014
8290	-4090.059	-4088.205	-1.853527	4.414016	20.9741	0.475755	0.78841	1.08414	1.6517	5.938548
8300	-4088.993	-4080.72	-8.272415	2.499137	17.66141	0.346375	0.69939	1.07862	1.87562	6.353496
8310	-4106.674	-4100.796	-5.878282	1.946048	17.80044	0.286748	0.649151	1.06858	1.99552	6.217589
8320	-4103.658	-4092.88	-10.77748	2.797426	19.50512	0.372957	0.719657	1.08131	1.82607	6.437713
8330	-4094.865	-4094.248	-0.6176518	2.781906	18.41762	0.371653	0.71869	1.0812	1.82845	5.926027
8340	-4134.679	-4121.477	-13.20185	2.495642	15.97686	0.346043	0.69913	1.07858	1.87625	6.644038
8350	-4104.329	-4100.737	-3.592103	3.477431	16.07514	0.423127	0.754949	1.08404	1.73789	6.047502
8360	-4107.011	-4103.875	-3.13548	3.684589	16.75073	0.436149	0.763543	1.0843	1.71601	6.045985
8370	-4116.352	-4101.379	-14.97339	2.326358	14.28869	0.32935	0.685765	1.07636	1.90853	6.693474
8380	-4119.16	-4110.99	-8.170294	3.315877	15.93153	0.412313	0.747642	1.08369	1.75636	6.327534
8390	-4109.286	-4094.44	-14.84613	3.717755	16.57389	0.438152	0.764846	1.08433	1.71267	6.74684
8400	-4111.011	-4096.478	-14.53344	3.811308	19.61483	0.443686	0.76842	1.08438	1.70351	6.624385
8410	-4107.376	-4091.107	-16.26896	2.676602	14.53952	0.362585	0.711889	1.08038	1.84515	6.798905
8420	-4119.915	-4106.357	-13.55791	3.06894	19.63031	0.394526	0.735275	1.08284	1.78736	6.573849
8430	-4116.947	-4100.058	-16.88926	2.681134	16.89978	0.362984	0.712191	1.08041	1.84441	6.863975
8440	-4104.464	-4094.875	-9.589516	2.854766	18.7837	0.377705	0.723156	1.0817	1.81744	6.402678
8450	-4103.687	-4088.222	-15.4653	2.924045	15.88906	0.383299	0.727234	1.08211	1.80735	6.78512
8460	-4098.946	-4087.941	-11.00475	3.316975	19.355	0.412389	0.747694	1.08369	1.75623	6.45583
8470	-4099.362	-4095.686	-3.676074	4.177393	16.37204	0.463849	0.781128	1.08433	1.67069	6.065649
8480	-4102.225	-4095.14	-7.08506	2.689363	18.9496	0.363705	0.712736	1.08048	1.84307	6.265145
8490	-4103.186	-4094.354	-8.83206	2.959571	15.34764	0.38611	0.729265	1.08231	1.80232	6.344077
8500	-4098.521	-4089.071	-9.449847	3.754925	13.91377	0.440371	0.766284	1.08435	1.70899	6.266298
8510	-4122.758	-4106.188	-16.56996	2.496602	17.79233	0.346134	0.699202	1.07859	1.87608	6.818535
8520	-4090.92	-4089.063	-1.857129	2.78457	16.91631	0.371877	0.718857	1.08122	1.82804	5.974986
8530	-4097.4	-4090.344	-7.056748	2.727576	17.67184	0.367023	0.715234	1.08079	1.83695	6.284612
8540	-4112.772	-4094.909	-17.86296	2.691016	16.68487	0.36385	0.712846	1.0805	1.84281	6.926644
8550	-4102.603	-4091.211	-11.3913	3.284209	19.58359	0.41012	0.746141	1.0836	1.76014	6.465626
8560	-4119.849	-4103.729	-16.11982	2.716275	17.44708	0.366047	0.714502	1.0807	1.83875	6.804707
8570	-4127.638	-4117.285	-10.35323	3.790169	17.08002	0.44245	0.767625	1.08437	1.70555	6.476947
8580	-4118.377	-4105.249	-13.12827	3.822179	17.86401	0.444319	0.768826	1.08438	1.70247	6.623145
8590	-4114.571	-4103.523	-11.04808	3.329162	18.69955	0.413225	0.748265	1.08372	1.75479	6.483258
8600	-4117.801	-4106.556	-11.2455	3.920103	15.04968	0.449919	0.7724	1.08441	1.69328	6.486801
8610	-4121.795	-4105.373	-16.42246	3.44658	16.81531	0.421109	0.753597	1.08398	1.74131	6.838027
8620	-4133.016	-4107.453	-25.56297	3.648453	13.32658	0.433942	0.762102	1.08427	1.71969	7.394695
8630	-4118.113	-4103.479	-14.63451	2.677975	17.16239	0.362706	0.711981	1.08039	1.84493	6.726035
8640	-4105.844	-4097.2	-8.644454	3.035064	13.82226	0.391956	0.733451	1.08268	1.79191	6.196894
8650	-4097.593	-4096.547	-1.045436	2.878396	19.15497	0.37963	0.724565	1.08185	1.81396	5.944116
8660	-4107.972	-4097.653	-10.31912	3.194596	17.46377	0.403777	0.741763	1.08332	1.77114	6.472043
8670	-4108.552	-4100.168	-8.383595	3.405658	15.80979	0.418398	0.751773	1.0839	1.74593	6.336463
8680	-4095.484	-4084.038	-11.44518	3.125446	16.85472	0.39874	0.738245	1.08307	1.77995	6.54196
8690	-4098.673	-4095.978	-2.695206	3.267431	17.04018	0.408948	0.745337	1.08355	1.76216	6.027662
8700	-4117.093	-4096.109	-20.98402	2.414606	14.03226	0.338208	0.69292	1.07759	1.89128	7.101958
8710	-4105.512	-4090.114	-15.39784	2.599613	17.15298	0.355702	0.706636	1.07967	1.85799	6.770723
8720	-4118.221	-4100.595	-17.62585	3.158125	15.34824	0.401136	0.739923	1.08319	1.77575	6.91706
8730	-4105.374	-4096.214	-9.160782	2.565357	17.53853	0.352567	0.704218	1.07933	1.86388	6.40508
8740	-4087.896	-4087.46	-0.4361706	2.632596	18.44227	0.358678	0.708917	1.07999	1.85242	5.916193
8750	-4094.293	-4087.354	-6.938094	3.195143	14.35698	0.403817	0.741791	1.08332	1.77107	6.138533
8760	-4120.251	-4109.857	-10.39467	2.406533	19.03013	0.337412	0.692283	1.07748	1.89282	6.436882
8770	-4108.744	-4094.803	-13.94102	3.155059	16.55214	0.400913	0.739767	1.08318	1.77614	6.692321
8780	-4109.067	-4100.318	-8.749332	2.531792	17.29434	0.34945	0.701796	1.07898	1.86977	6.382939
8790	-4114.732	-4104.299	-10.43269	3.767196	14.6553	0.441097	0.766753	1.08436	1.70779	6.406533
8800	-4114.988	-4106.734	-8.254581	2.84723	17.37396	0.377087	0.722703	1.08165	1.81856	6.354169
8810	-4107.366	-4101.87	-5.496556	3.799688	19.7627	0.443008	0.767984	1.08438	1.70463	6.158996
8820	-4108.044	-4097	-11.0441	2.816654	14.41798	0.374561	0.720843	1.08145	1.82315	6.429729
8830	-4111.679	-4102.287	-9.391506	3.580851	17.0202	0.429741	0.759341	1.08419	1.72673	6.420616
8840	-4112.882	-4095.341	-17.54121	3.347156	13.2495	0.414455	0.749102	1.08377	1.75268	6.783967
8850	-4103.136	-4090.177	-12.95921	2.832559	14.70431	0.375879	0.721815	1.08155	1.82075	6.581991
8860	-4111.522	-4095.604	-15.91803	2.55968	16.75964	0.352043	0.703812	1.07927	1.86487	6.808948
8870	-4108.976	-4096.704	-12.27232	2.471218	17.28306	0.343711	0.697293	1.07829	1.8807	6.58681
8880	-4109.491	-4096.845	-12.64621	4.115465	17.93619	0.460595	0.77911	1.08437	1.67593	6.594214
8890	-4100.465	-4087.82	-12.64478	3.989297	17.3276	0.453773	0.774838	1.0844	1.68699	6.607645
8900	-4111.134	-4108.378	-2.756819	2.943598	17.55941	0.384851	0.728357	1.08222	1.80457	6.040181
8910	-4124.781	-4109.143	-15.63795	3.485724	15.58238	0.423666	0.755309	1.08405	1.73697	6.792338
8920	-4112.477	-4098.925	-13.55256	3.656537	15.43467	0.434438	0.762426	1.08428	1.71886	6.654413
8930	-4127.078	-4110.96	-16.11819	3.402536	13.76627	0.41819	0.751632	1.08389	1.74629	6.732495
8940	-4110.401	-4102.332	-8.069524	2.754867	17.01522	0.369362	0.716984	1.081	1.83265	6.342916
8950	-4116.968	-4104.187	-12.78158	2.886083	17.84991	0.380253	0.725019	1.08189	1.81284	6.604113
8960	-4102.987	-4097.781	-5.205351	2.06077	16.78967	0.300423	0.661324	1.07144	1.96681	6.170409
8970	-4099.26	-4091.902	-7.357971	3.116747	16.11966	0.398097	0.737794	1.08303	1.78107	6.283254
8980	-4121.351	-4110.164	-11.18742	2.443676	17.55078	0.341051	0.695186	1.07796	1.8858	6.520439
8990	-4119.231	-4101.094	-18.13685	2.492614	15.38809	0.345755	0.698904	1.07854	1.8768	6.950878
9000	-4117.39	-4099.056	-18.33377	2.528459	16.20999	0.349138	0.701553	1.07894	1.87036	6.963182
9010	-4106.377	-4092.695	-13.68177	2.834293	20.57423	0.376022	0.72192	1.08157	1.82049	6.527037
9020	-4110.136	-4100.181	-9.954735	2.667268	16.96958	0.361762	0.711265	1.0803	1.84668	6.453721
9030	-4108.51	-4101.511	-6.999053	3.407325	17.62844	0.418509	0.751848	1.0839	1.74574	6.281542
9040	-4096.002	-4092.134	-3.867686	2.612866	15.097	0.356903	0.707558	1.0798	1.85574	6.000645
9050	-4108.353	-4101.087	-7.266563	2.550348	16.22656	0.351179	0.703141	1.07918	1.8665	6.280939
9060	-4112.317	-4091.611	-20.70583	3.12386	15.45035	0.398623	0.738163	1.08306	1.78015	7.117867
9070	-4123.956	-4101.589	-22.36759	2.716758	16.55175	0.366089	0.714533	1.08071	1.83867	7.201427
9080	-4113.944	-4103.038	-10.90614	2.134608	16.11849	0.30883	0.668605	1.07302	1.94955	6.503346
9090	-4110.316	-4102.435	-7.880695	2.727451	18.48259	0.367013	0.715226	1.08079	1.83697	6.318989
9100	-4108.513	-4104.879	-3.634169	2.349508	21.02484	0.331708	0.687683	1.0767	1.90391	6.021412
9110	-4108.658	-4098.092	-10.56566	2.681798	17.21525	0.363042	0.712235	1.08042	1.8443	6.488602
9120	-4109.227	-4096.214	-13.01304	3.517696	17.01023	0.42573	0.756684	1.0841	1.73348	6.633507
9130	-4118.247	-4109.691	-8.55597	4.133928	18.7467	0.461572	0.779717	1.08436	1.67435	6.348693
9140	-4108.063	-4098.593	-9.470229	2.858076	16.4647	0.377975	0.723354	1.08172	1.81695	6.421034
9150	-4093.569	-4088.064	-5.504212	2.78875	14.16081	0.372229	0.719118	1.08125	1.8274	6.015299
9160	-4114.815	-4109.38	-5.435612	2.794431	17.59689	0.372706	0.719471	1.08129	1.82653	6.192813
9170	-4104.479	-4098.709	-5.769303	3.477624	18.89568	0.42314	0.754957	1.08404	1.73787	6.196921
9180	-4096.718	-4093.298	-3.420433	2.768291	19.74785	0.370502	0.717834	1.0811	1.83056	6.054345
9190	-4114.972	-4105.255	-9.71735	2.745484	18.6233	0.368561	0.716386	1.08093	1.83412	6.414374
9200	-4112.4	-4098.177	-14.22272	2.95959	18.03362	0.386111	0.729266	1.08231	1.80231	6.678873
9210	-4108.481	-4096.366	-12.11486	2.787595	18.32713	0.372132	0.719046	1.08124	1.82758	6.553238
9220	-4117.891	-4103.846	-14.04531	3.786188	16.68428	0.442216	0.767475	1.08437	1.70594	6.697839
9230	-4109.63	-4095.28	-14.34935	4.046083	15.8579	0.456876	0.776788	1.08439	1.68195	6.714485
9240	-4110.458	-4100.201	-10.25725	3.567635	18.73736	0.428909	0.758792	1.08418	1.72812	6.439748
9250	-4095.511	-4090.879	-4.6318	2.981522	19.26525	0.387827	0.7305	1.08242	1.79925	6.128775
9260	-4114.17	-4106.645	-7.524802	3.830934	21.78478	0.444826	0.769152	1.08439	1.70163	6.167157
9270	-4124.672	-4104.569	-20.10287	2.822737	17.65648	0.375066	0.721216	1.08149	1.82223	7.023574
9280	-4108.621	-4091.477	-17.14401	3.946559	13.49885	0.451402	0.773341	1.08441	1.69085	6.781611
9290	-4125.186	-4105.951	-19.23503	2.76739	18.57774	0.370426	0.717778	1.0811	1.8307	6.928013
9300	-4114.737	-4098.622	-16.11471	2.571082	16.95296	0.353094	0.704625	1.07939	1.86289	6.81707
9310	-4108.482	-4094.729	-13.7534	2.631182	17.48486	0.358551	0.70882	1.07997	1.85266	6.66821
9320	-4128.035	-4112.854	-15.18114	3.526305	16.02205	0.426282	0.757051	1.08412	1.73255	6.76819
9330	-4108.521	-4098.381	-10.13994	2.542654	18.06798	0.350464	0.702586	1.0791	1.86785	6.451729
9340	-4134.485	-4119.208	-15.27673	2.73166	15.52506	0.367375	0.715498	1.08083	1.8363	6.768063
9350	-4115.332	-4097.286	-18.04538	2.988343	14.55154	0.388358	0.73088	1.08246	1.7983	6.921619
9360	-4112.022	-4091.094	-20.92842	3.096052	13.75858	0.396559	0.736711	1.08295	1.78378	7.081398
9370	-4106.739	-4093.175	-13.56389	2.620427	16.07299	0.357585	0.708081	1.07987	1.85446	6.667803
9380	-4108.74	-4085.414	-23.326	2.531814	16.06859	0.349452	0.701798	1.07898	1.86977	7.275286
9390	-4116.226	-4101.91	-14.3166	3.445576	16.07311	0.421043	0.753553	1.08398	1.74143	6.714635
9400	-4118.72	-4094.93	-23.78977	2.567096	16.79557	0.352727	0.704342	1.07935	1.86358	7.277042
9410	-4113.441	-4090.508	-22.93303	3.022109	15.56328	0.390965	0.732745	1.08262	1.79367	7.260751
9420	-4113.673	-4094.748	-18.92438	2.673066	19.62321	0.362274	0.711653	1.08035	1.84573	6.847692
9430	-4115.563	-4099.607	-15.95616	2.481998	15.74741	0.344743	0.698107	1.07842	1.87873	6.814864
9440	-4114.04	-4097.028	-17.01255	3.000202	14.47539	0.389277	0.731539	1.08252	1.79667	6.846774
9450	-4118.068	-4101.463	-16.60494	3.501032	14.73812	0.424657	0.75597	1.08408	1.7353	6.831409
9460	-4111.295	-4092.893	-18.40217	2.775933	15.57292	0.371149	0.718316	1.08116	1.82937	6.96968
9470	-4118.872	-4105.989	-12.8825	3.031324	16.25726	0.391671	0.733248	1.08267	1.79242	6.627281
9480	-4120.51	-4108.082	-12.42723	3.64797	14.7061	0.433912	0.762083	1.08427	1.71974	6.545927
9490	-4109.767	-4100.578	-9.189226	3.245914	17.04922	0.407435	0.744295	1.08349	1.76478	6.408773
9500	-4109.012	-4098.796	-10.21638	2.548745	17.57773	0.35103	0.703026	1.07916	1.86678	6.464756
9510	-4105.893	-4093.33	-12.56288	3.782635	15.90309	0.442008	0.76734	1.08437	1.70628	6.602722
9520	-4125.853	-4106.397	-19.4561	2.965206	15.24785	0.386552	0.729583	1.08234	1.80153	7.035319
9530	-4100.473	-4092.532	-7.941144	2.864251	16.52407	0.37848	0.723724	1.08176	1.81604	6.329323
9540	-4119.418	-4103.737	-15.68052	2.657365	15.03106	0.360886	0.7106	1.08021	1.84831	6.780834
9550	-4101.839	-4098.719	-3.119941	3.229129	17.78191	0.406246	0.743474	1.08344	1.76684	6.062537
9560	-4112.385	-4098.873	-13.51224	4.073009	17.74644	0.458328	0.777697	1.08438	1.67959	6.647939
9570	-4113.123	-4105.466	-7.656083	3.982555	14.72941	0.453401	0.774604	1.0844	1.68759	6.223482
9580	-4100.522	-4095.03	-5.4918	2.785545	17.80979	0.371959	0.718918	1.08123	1.82789	6.195851
9590	-4106.891	-4098.842	-8.049636	3.079817	20.49051	0.395344	0.735854	1.08288	1.78592	6.257171
9600	-4116.148	-4109.924	-6.223854	3.715134	18.92344	0.437994	0.764744	1.08433	1.71294	6.220324
9610	-4100.534	-4092.7	-7.834172	2.751153	16.33702	0.369045	0.716748	1.08098	1.83323	6.318789
9620	-4111.73	-4103.263	-8.467006	2.959731	16.21832	0.386122	0.729274	1.08231	1.80229	6.35471
9630	-4102.746	-4093.319	-9.42752	3.900929	14.39692	0.448836	0.771712	1.0844	1.69505	6.315667
9640	-4107.297	-4095.782	-11.51455	2.894394	16.6242	0.380923	0.725508	1.08194	1.81163	6.546013
9650	-4111.097	-4098.57	-12.52772	2.534324	18.58547	0.349687	0.701981	1.07901	1.86933	6.566688
9660	-4107.012	-4100.227	-6.784866	2.310167	16.74937	0.327687	0.684404	1.07611	1.91179	6.263826
9670	-4118.79	-4103.938	-14.85226	3.188805	18.57691	0.403361	0.741473	1.0833	1.77186	6.692134
9680	-4101.107	-4086.238	-14.86896	3.118589	17.81219	0.398233	0.737889	1.08304	1.78084	6.72229
9690	-4112.811	-4093.075	-19.73562	2.275178	14.83819	0.32405	0.681412	1.07556	1.91897	7.046511
9700	-4105.618	-4086.584	-19.03415	2.079402	15.26443	0.302572	0.6632	1.07186	1.96237	7.007862
9710	-4122.102	-4103.108	-18.99402	3.604366	13.95989	0.431213	0.760311	1.08422	1.72425	6.955407
9720	-4106.673	-4089.461	-17.21226	2.535664	16.20107	0.349812	0.702078	1.07902	1.86909	6.894062
9730	-4116.576	-4102.414	-14.16221	3.806086	13.93433	0.443382	0.768225	1.08438	1.70402	6.606914
9740	-4088.927	-4082.283	-6.644096	3.689998	15.95145	0.436477	0.763757	1.08431	1.71546	6.232557
9750	-4106.714	-4092.23	-14.48408	3.011575	16.81643	0.390155	0.732167	1.08257	1.79511	6.722739
9760	-4111.64	-4099.38	-12.25963	3.545339	15.65538	0.427496	0.757857	1.08414	1.7305	6.577676
9770	-4095.32	-4085.391	-9.928889	2.783932	19.83665	0.371824	0.718817	1.08122	1.82814	6.380008
9780	-4096.365	-4089.125	-7.239518	3.393987	17.36366	0.417618	0.751246	1.08387	1.74726	6.295739
9790	-4111.758	-4101.312	-10.44628	3.084717	17.82212	0.395711	0.736113	1.0829	1.78527	6.47381
9800	-4120.531	-4103.322	-17.20896	2.192513	15.71394	0.315221	0.674039	1.07414	1.9366	6.89423
9810	-4105.394	-4097.331	-8.062996	3.189639	18.74436	0.403421	0.741515	1.0833	1.77176	6.322458
9820	-4103.948	-4101.909	-2.039065	4.678452	19.72252	0.488149	0.795824	1.08381	1.63221	5.984984
9830	-4102.847	-4103.962	1.114314	2.779111	18.07959	0.371417	0.718515	1.08118	1.82888	5.828989
9840	-4102.058	-4093.585	-8.472469	3.452977	15.36706	0.421529	0.753879	1.08399	1.7406	6.321705
9850	-4101.306	-4095.673	-5.6337	3.109841	17.73471	0.397585	0.737434	1.08301	1.78197	6.204011
9860	-4092.013	-4081.374	-10.6389	3.705428	14.07533	0.43741	0.764364	1.08432	1.71391	6.369236
9870	-4115.806	-4108.049	-7.756681	2.831772	18.81485	0.375814	0.721767	1.08155	1.82087	6.304284
9880	-4110.379	-4101.284	-9.094857	2.852852	17.8679	0.377548	0.723041	1.08169	1.81773	6.397301
9890	-4101.578	-4091.805	-9.773125	4.070043	21.68339	0.458169	0.777597	1.08438	1.67985	6.276307
9900	-4097.373	-4087.715	-9.658418	2.385834	18.09813	0.335358	0.690634	1.07721	1.8968	6.424452
9910	-4111.596	-4092.132	-19.46335	3.13578	17.97754	0.399501	0.738779	1.08311	1.77861	6.972264
9920	-4104.813	-4094.812	-10.0004	3.133327	14.74564	0.39932	0.738653	1.0831	1.77893	6.383835
9930	-4106.333	-4098.751	-7.581104	2.760378	17.96658	0.369831	0.717334	1.08105	1.83179	6.311451
9940	-4111.002	-4101.767	-9.23561	2.55497	16.38803	0.351607	0.703474	1.07923	1.86569	6.40551
9950	-4117.862	-4100.902	-16.96035	3.289686	17.30291	0.410501	0.746403	1.08362	1.75948	6.85746
9960	-4113.712	-4104.788	-8.923488	2.824825	18.54803	0.375239	0.721343	1.0815	1.82192	6.373742
9970	-4133.234	-4115.904	-17.33028	2.877404	17.58719	0.37955	0.724506	1.08184	1.8141	6.869121
9980	-4123.892	-4112.523	-11.36884	2.520322	18.36824	0.348375	0.700957	1.07885	1.87181	6.511294
9990	-4125.41	-4106.468	-18.94211	2.974943	16.63657	0.387314	0.730131	1.08239	1.80017	6.992509
10000	-4104.977	-4090.456	-14.5211	2.866948	17.20337	0.3787	0.723885	1.08177	1.81564	6.71861
