Iteration	Replicate_ID	Posterior	Likelihood	Prior	alpha_morpho	br_len_lambda	rates_morpho[1]	rates_morpho[2]	rates_morpho[3]	rates_morpho[4]	tree_length
0	0	-6661.284	-6696.623	35.33889	2.385274	20.87506	0.335303	0.690589	1.0772	1.89691	3.934777
1	1	-6694.767	-6719.403	24.63608	25769.18	25.55303	0.992093	0.997966	1.00201	1.00793	4.490841
2	0	-6666.406	-6695.096	28.69064	2.690724	25.20092	0.363824	0.712826	1.0805	1.84285	4.333276
3	1	-6692.735	-6721.815	29.08016	27869.04	25.18189	0.992396	0.998045	1.00193	1.00762	4.317844
4	0	-6665.011	-6694.795	29.78412	2.686504	25.9742	0.363455	0.712547	1.08046	1.84354	4.287702
5	1	-6690.774	-6716.849	26.07551	81683.64	24.73325	0.995556	0.998861	1.00113	1.00445	4.439145
6	0	-6669.201	-6699.141	29.94063	1.820559	25.38063	0.270871	0.634467	1.06477	2.02989	4.283564
7	1	-6686.912	-6709.575	22.66249	29273.13	25.86928	0.992581	0.998093	1.00189	1.00744	4.563516
8	0	-6675.704	-6705.839	30.1352	2.836298	27.58801	0.376187	0.722042	1.08158	1.82019	4.259356
9	1	-6688.708	-6708.228	19.52056	72590.86	26.00035	0.995286	0.998791	1.0012	1.00472	4.682309
10	0	-6667.66	-6693.168	25.50816	3.237596	27.59344	0.406847	0.743889	1.08346	1.7658	4.426971
11	1	-6692.138	-6715.453	23.31464	43215.9	21.47007	0.993892	0.998432	1.00156	1.00612	4.528154
12	0	-6651.81	-6684.642	32.83241	1.564277	21.10958	0.235083	0.598917	1.05398	2.11202	4.06738
13	1	-6696.869	-6712.801	15.93196	50354.99	23.01522	0.994341	0.998548	1.00144	1.00567	4.872709
14	0	-6650.908	-6691.804	40.8966	2.006493	25.20481	0.294049	0.655702	1.07015	1.9801	3.848997
15	1	-6695.638	-6716.732	21.09358	47494.86	24.55428	0.994173	0.998504	1.00148	1.00584	4.642432
16	0	-6652.026	-6697.036	45.01038	1.973601	33.02095	0.290103	0.652177	1.06931	1.98841	3.690335
17	1	-6690.06	-6713.438	23.37813	29893.43	27.31974	0.992658	0.998113	1.00187	1.00736	4.51006
18	0	-6655.004	-6703.339	48.33553	1.078061	25.59872	0.152261	0.49902	1.01182	2.3369	3.564549
19	1	-6703.589	-6721.192	17.60303	46719.81	25.18202	0.994125	0.998492	1.0015	1.00589	4.773611
20	0	-6623.365	-6678.995	55.63063	1.288944	32.97482	0.190803	0.54919	1.03518	2.22482	3.368915
21	1	-6690.641	-6721.584	30.94316	79780.82	24.21224	0.995503	0.998847	1.00115	1.0045	4.238569
22	0	-6644.622	-6697.53	52.90756	1.290801	31.62778	0.191124	0.549578	1.03535	2.22395	3.457998
23	1	-6685.439	-6707.457	22.0186	61694.58	24.12492	0.994887	0.998688	1.0013	1.00512	4.607642
24	0	-6630.156	-6685.641	55.48533	1.247739	30.73906	0.183598	0.540366	1.0314	2.24464	3.375122
25	1	-6682.32	-6703.034	20.71415	22379.91	24.4735	0.991516	0.997817	1.00216	1.00851	4.658704
26	0	-6626.21	-6679.64	53.43024	0.8535909	30.40124	0.106901	0.427847	0.970766	2.49449	3.441373
27	1	-6682.44	-6702.964	20.52318	5424.236	24.30833	0.982794	0.995539	1.00436	1.01731	4.668094
28	0	-6624.505	-6686.404	61.899	0.5877857	34.97098	0.050599	0.305414	0.874957	2.76903	3.17587
29	1	-6699.288	-6717.068	17.78018	25822.07	23.37001	0.992101	0.997969	1.00201	1.00792	4.790582
30	0	-6623.6	-6690.847	67.2463	0.5217806	35.33474	0.0374923	0.265897	0.835492	2.86112	3.022876
31	1	-6685.417	-6705.863	20.44581	68680.71	20.82754	0.995154	0.998757	1.00123	1.00485	4.646912
32	0	-6624.474	-6701.127	76.65307	0.6119391	39.83822	0.0555795	0.318844	0.88729	2.73829	2.762688
33	1	-6697.89	-6725.912	28.02212	81227.37	25.08916	0.995544	0.998857	1.00114	1.00446	4.360097
34	0	-6618.704	-6687.059	68.35563	0.7448017	41.31308	0.0837722	0.383924	0.940403	2.5919	2.957196
35	1	-6680.059	-6705.953	25.89383	37189.59	22.77839	0.993416	0.998309	1.00168	1.0066	4.436799
36	0	-6626.682	-6683.109	56.4278	0.9923968	40.19519	0.135434	0.474455	0.998729	2.39138	3.264631
37	1	-6678.294	-6704.459	26.16515	90576.94	31.5647	0.99578	0.998918	1.00108	1.00423	4.305386
38	0	-6620.075	-6674.69	54.61502	1.129668	33.5374	0.162076	0.512535	1.01855	2.30684	3.396331
39	1	-6689.663	-6711.636	21.97319	94987.61	25.17483	0.995879	0.998944	1.00105	1.00413	4.600157
40	0	-6628.437	-6670.847	42.40987	1.250464	27.44699	0.184079	0.540963	1.03166	2.2433	3.813955
41	1	-6679.788	-6696.222	16.43413	79939.13	26.66973	0.995508	0.998848	1.00114	1.0045	4.783198
42	0	-6635.347	-6673.037	37.69046	2.731557	28.65341	0.367366	0.715491	1.08083	1.83632	3.9793
43	1	-6688.756	-6705.393	16.63683	42322.14	23.80658	0.993828	0.998415	1.00157	1.00619	4.834942
44	0	-6628.929	-6667.825	38.89661	1.647344	27.36981	0.247213	0.611376	1.05802	2.08339	3.942011
45	1	-6695.69	-6720.829	25.13904	38815.08	25.26175	0.993556	0.998345	1.00164	1.00646	4.473736
46	0	-6621.346	-6667.508	46.16149	1.302487	33.57502	0.193137	0.551999	1.03636	2.2185	3.647854
47	1	-6696.391	-6714.193	17.80139	73055.61	25.0156	0.995301	0.998795	1.0012	1.00471	4.768817
48	0	-6648.918	-6693.322	44.40408	1.802812	29.67281	0.268543	0.632261	1.06417	2.03503	3.742596
49	1	-6692.046	-6711.046	18.99977	66654.41	23.5158	0.995081	0.998738	1.00125	1.00493	4.737663
50	0	-6637.706	-6668.197	30.49125	2.017388	24.77957	0.295342	0.65685	1.07042	1.97739	4.260805
51	1	-6691.133	-6713.499	22.36587	16917.64	20.61581	0.990244	0.997487	1.00248	1.00979	4.54755
52	0	-6645.652	-6678.116	32.46399	2.529316	26.34657	0.349218	0.701616	1.07895	1.87021	4.18361
53	1	-6682.695	-6699.532	16.83739	43447.44	21.58799	0.993908	0.998436	1.00155	1.0061	4.831037
54	0	-6657.408	-6690.995	33.58663	1.490026	29.64709	0.223778	0.586888	1.04983	2.1395	4.107585
55	1	-6692.723	-6716.866	24.14266	87411.88	25.0308	0.995704	0.998899	1.00109	1.0043	4.515203
56	0	-6641.152	-6670.232	29.0806	1.861894	22.53191	0.276212	0.639475	1.06612	2.0182	4.291525
57	1	-6700.119	-6714.659	14.53947	76619.01	22.61029	0.995412	0.998823	1.00117	1.0046	4.93643
58	0	-6653.056	-6677.825	24.76886	1.747332	23.30897	0.261128	0.625141	1.06216	2.05157	4.491144
59	1	-6683.599	-6707.383	23.78429	23713.12	25.92735	0.991758	0.99788	1.0021	1.00827	4.519352
60	0	-6648.042	-6674.841	26.79928	2.511963	24.0919	0.347588	0.700341	1.07876	1.87331	4.409372
61	1	-6688.642	-6712.928	24.28653	73522.55	21.45867	0.995316	0.998799	1.00119	1.00469	4.482578
62	0	-6623.32	-6669.241	45.92042	1.455642	27.15293	0.218388	0.581003	1.04771	2.1529	3.68331
63	1	-6689.08	-6708.388	19.30805	55924.16	24.07481	0.99463	0.998622	1.00137	1.00538	4.720479
64	0	-6609.407	-6668.072	58.66564	1.197056	32.4804	0.174519	0.528908	1.02627	2.2703	3.277242
65	1	-6697.166	-6715.169	18.00298	45689.47	21.93626	0.99406	0.998475	1.00151	1.00595	4.780467
66	0	-6632.122	-6680.196	48.07426	1.647242	30.35465	0.247198	0.611361	1.05801	2.08343	3.617699
67	1	-6683.239	-6710.215	26.97604	80123.85	20.96061	0.995513	0.998849	1.00114	1.00449	4.338928
68	0	-6641.456	-6684.806	43.35026	1.232934	30.8185	0.180971	0.53709	1.02996	2.25198	3.76913
69	1	-6684.05	-6704.679	20.6292	39094.82	21.7859	0.993579	0.998351	1.00163	1.00644	4.658619
70	0	-6629.329	-6669.767	40.43748	1.314682	27.47609	0.195224	0.554493	1.03739	2.21289	3.885848
71	1	-6678.928	-6701.49	22.56195	38186.93	25.59841	0.993503	0.998331	1.00165	1.00651	4.571384
72	0	-6641.56	-6675.791	34.23072	1.500341	25.71383	0.225375	0.588613	1.05044	2.13557	4.115943
73	1	-6689.09	-6709.076	19.98578	26865.62	26.52863	0.992256	0.998009	1.00197	1.00777	4.653227
74	0	-6648.154	-6680.956	32.80189	2.194446	24.0191	0.315431	0.674216	1.07417	1.93618	4.159196
75	1	-6686.141	-6706.056	19.91498	19537.84	24.00102	0.990921	0.997663	1.00231	1.00911	4.695866
76	0	-6659.755	-6694.731	34.97594	2.181404	25.56252	0.314008	0.673014	1.07393	1.93905	4.086248
77	1	-6682.136	-6701.353	19.21647	25674.96	22.53165	0.992078	0.997963	1.00202	1.00794	4.72931
78	0	-6628.596	-6669.253	40.6562	1.493234	23.69026	0.224275	0.587426	1.05002	2.13828	3.822408
79	1	-6687.986	-6705.651	17.66461	39525.86	20.41447	0.993614	0.99836	1.00163	1.0064	4.770338
80	0	-6664.808	-6686.561	21.75302	2.701756	24.95815	0.364787	0.713553	1.08059	1.84107	4.611514
81	1	-6678.669	-6702.706	24.03708	15958.11	22.64362	0.989956	0.997412	1.00255	1.01008	4.516782
82	0	-6646.675	-6680.996	34.32053	2.016102	25.80235	0.295189	0.656715	1.07039	1.97771	4.112706
83	1	-6683.957	-6709.811	25.85447	1121.941	23.54385	0.96231	0.990054	1.00944	1.0382	4.446356
84	0	-6638.616	-6677.521	38.90445	2.45319	26.84058	0.341973	0.695918	1.07808	1.88403	3.941185
85	1	-6653.654	-6685.48	31.82642	2.498598	24.0185	0.346324	0.69935	1.07861	1.87571	4.1998
86	0	-6633.179	-6680.764	47.58446	1.821207	27.12093	0.270956	0.634547	1.0648	2.0297	3.621623
87	1	-6646.807	-6675.652	28.84545	2.199057	23.82316	0.315932	0.674639	1.07426	1.93517	4.322272
88	0	-6641.249	-6678.158	36.90964	2.187012	31.96761	0.314621	0.673533	1.07403	1.93781	3.957331
89	1	-6654.89	-6677.547	22.65681	2.800509	24.26163	0.373215	0.719848	1.08134	1.8256	4.580566
90	0	-6638.076	-6676.737	38.66057	3.070415	26.46824	0.394637	0.735354	1.08284	1.78717	3.949016
91	1	-6649.336	-6678.091	28.75505	1.671603	23.06374	0.250656	0.614833	1.05909	2.07542	4.31637
92	0	-6633.78	-6681.233	47.45377	1.272237	25.55379	0.1879	0.545663	1.03369	2.23275	3.597906
93	1	-6644.835	-6677.789	32.95439	2.179276	21.12918	0.313775	0.672817	1.07389	1.93952	4.062612
94	0	-6637.901	-6673.681	35.78023	2.146095	29.46152	0.310112	0.669701	1.07325	1.94694	4.036178
95	1	-6649.905	-6685.852	35.94754	2.263598	28.39176	0.322833	0.680405	1.07538	1.92139	4.042693
96	0	-6636.955	-6672.417	35.4623	1.926706	29.81308	0.284366	0.646986	1.06804	2.00061	4.04185
97	1	-6641.576	-6676.156	34.58065	1.655547	22.21076	0.248382	0.612554	1.05839	2.08068	4.035803
98	0	-6653.689	-6684.455	30.76589	1.761568	32.51925	0.263051	0.627002	1.06269	2.04725	4.135187
99	1	-6634.87	-6673.447	38.57624	1.97188	28.03756	0.289895	0.65199	1.06927	1.98885	3.951938
100	0	-6645.825	-6681.277	35.45204	1.374876	21.8398	0.20533	0.566312	1.04214	2.18622	3.980705
101	1	-6638.47	-6675.904	37.43335	1.929571	26.1288	0.28472	0.647309	1.06812	1.99985	3.994063
102	0	-6651.757	-6674.811	23.05478	1.889937	22.44173	0.279773	0.642775	1.06697	2.01048	4.557891
103	1	-6632.238	-6667.071	34.83277	1.849582	24.07494	0.274633	0.638002	1.06573	2.02164	4.075628
104	0	-6644.332	-6677.101	32.76852	2.466933	24.95603	0.343299	0.696968	1.07824	1.88149	4.170142
105	1	-6643.964	-6685.075	41.11011	1.804416	30.70325	0.268755	0.632462	1.06423	2.03456	3.843201
106	0	-6645.9	-6674.006	28.10603	2.000665	23.05296	0.293354	0.655084	1.07001	1.98156	4.344344
107	1	-6659.101	-6685.7	26.59876	1.762833	21.52921	0.263221	0.627166	1.06274	2.04687	4.377061
108	0	-6627.478	-6664.72	37.24165	1.610729	24.99825	0.241932	0.606007	1.05631	2.09575	3.991464
109	1	-6644.161	-6672.61	28.44889	2.032156	26.56966	0.297083	0.65839	1.07077	1.97375	4.33378
110	0	-6651.701	-6693.242	41.54063	3.19142	28.0359	0.403549	0.741604	1.08331	1.77154	3.84621
111	1	-6639.158	-6675.027	35.86867	1.658368	33.12949	0.248783	0.612957	1.05851	2.07975	3.964721
112	0	-6646.134	-6693.348	47.21452	1.485986	31.43459	0.223149	0.586207	1.04959	2.14106	3.639562
113	1	-6652.127	-6688.017	35.88941	1.74014	24.48016	0.260151	0.624192	1.06188	2.05377	4.038738
114	0	-6662.539	-6705.455	42.91554	1.543219	25.66556	0.231922	0.595596	1.05286	2.11962	3.777403
115	1	-6651.311	-6693.081	41.7704	2.056674	26.4878	0.299947	0.660908	1.07135	1.9678	3.831697
116	0	-6634.625	-6683.282	48.6573	1.233244	32.59943	0.181026	0.53716	1.02999	2.25183	3.584234
117	1	-6646.902	-6677.78	30.8779	2.506291	22.87703	0.347052	0.699922	1.0787	1.87433	4.220287
118	0	-6644.338	-6683.564	39.22523	1.906906	23.37894	0.281903	0.644735	1.06748	2.00589	3.873241
119	1	-6651.288	-6690.909	39.62077	2.191794	24.65453	0.315142	0.673973	1.07412	1.93676	3.889944
120	0	-6685.711	-6701.896	16.1852	2.385925	22.5905	0.335367	0.690641	1.07721	1.89678	4.863699
121	1	-6650.211	-6684.427	34.21623	1.879962	26.14876	0.278512	0.64161	1.06667	2.0132	4.117193
122	0	-6665.198	-6690.153	24.95551	2.188165	24.22857	0.314747	0.673639	1.07406	1.93756	4.485854
123	1	-6659.176	-6685.943	26.7667	2.743398	23.6773	0.368382	0.716252	1.08092	1.83445	4.408616
124	0	-6657.66	-6686.833	29.17258	2.178763	25.57408	0.313719	0.67277	1.07388	1.93963	4.313232
125	1	-6639.472	-6673.331	33.85974	2.500756	28.54567	0.346528	0.699511	1.07864	1.87532	4.114357
126	0	-6666.409	-6696.883	30.47414	2.091561	27.38414	0.303965	0.66441	1.07212	1.9595	4.24957
127	1	-6627.705	-6669.169	41.46381	1.523198	26.15599	0.228884	0.592373	1.05176	2.12699	3.840103
128	0	-6641.197	-6683.23	42.03266	2.353853	26.47118	0.332148	0.68804	1.07676	1.90305	3.821642
129	1	-6652.065	-6682.942	30.87662	1.941675	23.4155	0.286212	0.648665	1.06846	1.99666	4.230965
130	0	-6645.099	-6686.243	41.14449	1.911042	27.81935	0.282419	0.645208	1.0676	2.00478	3.86045
131	1	-6631.206	-6670.774	39.56824	1.873872	32.03288	0.277739	0.640894	1.06649	2.01488	3.87306
132	0	-6653.783	-6688.188	34.40458	2.106872	26.49709	0.305707	0.665917	1.07245	1.95593	4.109765
133	1	-6643.809	-6672.614	28.80473	2.647236	25.88564	0.359986	0.709915	1.08012	1.84998	4.325981
134	0	-6657.95	-6687.244	29.2936	2.284421	25.06993	0.325016	0.682209	1.07571	1.91706	4.309422
135	1	-6628.252	-6668.68	40.4281	3.029772	27.77451	0.391552	0.733163	1.08266	1.79263	3.886235
136	0	-6656.053	-6691.748	35.69563	2.077863	26.51298	0.302395	0.663046	1.07182	1.96274	4.061042
137	1	-6630.023	-6673.065	43.04226	2.480718	28.45178	0.344621	0.698011	1.07841	1.87896	3.79277
138	0	-6654.222	-6680.958	26.73544	1.999052	27.01271	0.293162	0.654913	1.06997	1.98196	4.39203
139	1	-6643.161	-6681.826	38.66505	1.696563	23.96485	0.254153	0.618309	1.06015	2.06739	3.913745
140	0	-6654.998	-6688.994	33.9968	2.608983	31.70833	0.356552	0.707289	1.07976	1.8564	4.054167
141	1	-6666.292	-6688.433	22.14101	2.026396	24.30011	0.296405	0.657792	1.07064	1.97517	4.601592
142	0	-6623.889	-6663.166	39.2771	1.595601	33.08519	0.23972	0.603733	1.05558	2.10097	3.862708
143	1	-6645.089	-6673.669	28.57974	2.191657	23.52528	0.315127	0.67396	1.07412	1.93679	4.330389
144	0	-6633.327	-6682.141	48.81396	2.138287	30.68286	0.309241	0.668957	1.07309	1.94871	3.592361
145	1	-6632.035	-6675.685	43.65025	1.303717	31.56135	0.193348	0.552252	1.03647	2.21793	3.751481
146	0	-6635.143	-6680.249	45.10627	1.339292	28.70875	0.199395	0.559421	1.0394	2.20178	3.720527
147	1	-6640.586	-6681.259	40.67308	1.63884	27.07364	0.245996	0.610146	1.05763	2.08623	3.876295
148	0	-6613.614	-6675.565	61.95088	1.024799	32.63313	0.141875	0.484081	1.00399	2.37005	3.17654
149	1	-6640.696	-6672.208	31.51168	2.513063	29.09094	0.347692	0.700423	1.07877	1.87311	4.187703
150	0	-6612.736	-6673.576	60.83943	0.9869189	35.46012	0.134336	0.472784	0.997798	2.39508	3.203446
151	1	-6668.998	-6688.232	19.23388	2.961033	26.4254	0.386225	0.729347	1.08232	1.80211	4.683967
152	0	-6634.226	-6688.637	54.41075	0.9617723	31.15702	0.129265	0.464952	0.993365	2.41242	3.410634
153	1	-6659.214	-6684.961	25.7469	2.013948	22.668	0.294934	0.656489	1.07033	1.97824	4.441645
154	0	-6644.102	-6690.501	46.39814	1.334049	29.43201	0.198511	0.558382	1.03898	2.20412	3.675817
155	1	-6632.4	-6670.596	38.19597	2.006508	27.05864	0.29405	0.655704	1.07015	1.98009	3.967786
156	0	-6635.217	-6682.215	46.99812	1.400049	29.53415	0.209461	0.571028	1.04397	2.17554	3.655354
157	1	-6631.597	-6673.843	42.24648	1.72682	26.30867	0.258332	0.622419	1.06137	2.05788	3.811907
158	0	-6637.024	-6673.707	36.683	2.12923	31.25195	0.308228	0.668088	1.07291	1.95077	3.977919
159	1	-6636.286	-6673.605	37.31926	1.898991	28.2777	0.280912	0.643824	1.06724	2.00802	3.995211
160	0	-6633.478	-6673.632	40.15345	1.521123	29.66629	0.228567	0.592035	1.05164	2.12776	3.885907
161	1	-6634.21	-6666.819	32.60923	2.23576	29.24277	0.319882	0.67795	1.07491	1.92726	4.147505
162	0	-6631.138	-6674.403	43.26514	2.273862	27.13346	0.323912	0.681298	1.07554	1.91925	3.780969
163	1	-6634.164	-6664.327	30.16281	2.234341	27.85184	0.31973	0.677824	1.07488	1.92756	4.254738
164	0	-6647.339	-6687.135	39.79544	1.449684	24.8312	0.217444	0.579961	1.04732	2.15527	3.886304
165	1	-6636.148	-6670.793	34.6455	2.077567	29.17506	0.302361	0.663016	1.07181	1.96281	4.078822
166	0	-6624.091	-6675.613	51.5211	1.063323	30.60466	0.149413	0.494991	1.00975	2.34585	3.504174
167	1	-6637.302	-6677.295	39.99322	1.722401	32.86226	0.257726	0.621826	1.06119	2.05926	3.845229
168	0	-6645.351	-6683.602	38.25114	1.833398	30.38288	0.272542	0.636041	1.0652	2.02621	3.94092
169	1	-6634.157	-6668.07	33.91313	1.995385	25.60078	0.292723	0.654522	1.06987	1.98288	4.127959
170	0	-6672.959	-6693.94	20.98075	3.093187	20.94841	0.396345	0.73656	1.08294	1.78416	4.624624
171	1	-6646.403	-6673.074	26.67102	2.687634	23.13462	0.363554	0.712622	1.08047	1.84335	4.407604
172	0	-6668.417	-6689.59	21.17303	2.085578	23.78815	0.303281	0.663816	1.07199	1.96091	4.644472
173	1	-6652.225	-6676.971	24.7459	3.834103	22.40299	0.44501	0.76927	1.08439	1.70133	4.481917
174	0	-6644.957	-6674.303	29.34539	1.632555	23.8347	0.245092	0.60923	1.05734	2.08834	4.301403
175	1	-6648.707	-6683.048	34.34075	1.913265	32.01008	0.282697	0.645462	1.06766	2.00418	4.036755
176	0	-6640.841	-6677.391	36.54997	1.750372	26.22535	0.26154	0.62554	1.06227	2.05064	4.028199
177	1	-6663.836	-6683.817	19.98062	3.26663	24.32998	0.408892	0.745298	1.08355	1.76226	4.690197
178	0	-6625.788	-6676.177	50.3884	1.802126	26.37695	0.268453	0.632175	1.06415	2.03523	3.50395
179	1	-6642.586	-6674.643	32.05723	2.683464	25.5351	0.363188	0.712346	1.08043	1.84403	4.200403
180	0	-6645.658	-6682.086	36.42803	1.81216	26.01189	0.269772	0.633427	1.06449	2.03231	4.03208
181	1	-6642.668	-6679.235	36.56707	1.709925	29.49779	0.256007	0.620138	1.06069	2.06316	4.009008
182	0	-6632.62	-6676.824	44.20432	2.097373	29.45621	0.304627	0.664984	1.07225	1.95814	3.750263
183	1	-6649.458	-6680.119	30.66114	3.044223	27.30833	0.392654	0.733947	1.08273	1.79067	4.243604
184	0	-6650.477	-6685.144	34.66717	1.476724	24.71981	0.221704	0.584636	1.04903	2.14463	4.091621
185	1	-6656.077	-6685.178	29.10095	2.050729	22.04199	0.299256	0.660302	1.07121	1.96923	4.277735
186	0	-6630.403	-6672.538	42.13526	2.117388	26.15888	0.306896	0.666943	1.07267	1.95349	3.814466
187	1	-6630.627	-6667.569	36.94229	1.875816	29.51213	0.277986	0.641123	1.06655	2.01434	3.99611
188	0	-6635.694	-6680.691	44.99687	1.302949	25.33296	0.193216	0.552094	1.0364	2.21829	3.689282
189	1	-6658.261	-6691.242	32.9808	2.291383	27.48215	0.325741	0.682807	1.07582	1.91563	4.157182
190	0	-6647.44	-6682.105	34.66574	1.422348	28.48732	0.213074	0.575099	1.04552	2.16631	4.086785
191	1	-6654.711	-6693.82	39.1092	2.491646	26.48694	0.345663	0.698831	1.07853	1.87697	3.932162
192	0	-6637.804	-6672.25	34.44545	2.167126	26.28528	0.31244	0.671685	1.07366	1.94222	4.108436
193	1	-6649.271	-6675.179	25.90764	2.044052	25.91439	0.298477	0.659618	1.07105	1.97085	4.437595
194	0	-6657.75	-6683.959	26.20989	1.870656	26.99616	0.27733	0.640515	1.06639	2.01577	4.411747
195	1	-6654.222	-6683.037	28.81441	2.808626	24.64685	0.373893	0.72035	1.08139	1.82437	4.328238
196	0	-6648.577	-6676.295	27.71772	1.846403	24.11014	0.274224	0.637619	1.06562	2.02253	4.371339
197	1	-6643.519	-6684.391	40.87177	1.906427	28.5893	0.281843	0.64468	1.06746	2.00602	3.868542
198	0	-6655.008	-6682.748	27.74008	2.284574	27.30354	0.325032	0.682222	1.07572	1.91703	4.350642
199	1	-6653.477	-6686.376	32.8998	2.273272	29.18211	0.32385	0.681246	1.07553	1.91937	4.138544
200	0	-6656.957	-6692.023	35.06637	2.127177	24.78452	0.307997	0.66789	1.07287	1.95124	4.076229
201	1	-6634.513	-6673.129	38.61587	2.078233	26.76166	0.302438	0.663083	1.07183	1.96265	3.951747
