Iteration	Posterior	Likelihood	Prior	alpha_morpho	br_len_lambda	rates_morpho[1]	rates_morpho[2]	rates_morpho[3]	rates_morpho[4]	tree_length
0	-6661.284	-6696.623	35.33889	2.385274	20.87506	0.335303	0.690589	1.0772	1.89691	3.934777
10	-6666.406	-6695.096	28.69064	2.690724	25.20092	0.363824	0.712826	1.0805	1.84285	4.333276
20	-6665.011	-6694.795	29.78412	2.686504	25.9742	0.363455	0.712547	1.08046	1.84354	4.287702
30	-6669.201	-6699.141	29.94063	1.820559	25.38063	0.270871	0.634467	1.06477	2.02989	4.283564
40	-6675.704	-6705.839	30.1352	2.836298	27.58801	0.376187	0.722042	1.08158	1.82019	4.259356
50	-6667.66	-6693.168	25.50816	3.237596	27.59344	0.406847	0.743889	1.08346	1.7658	4.426971
60	-6651.81	-6684.642	32.83241	1.564277	21.10958	0.235083	0.598917	1.05398	2.11202	4.06738
70	-6650.908	-6691.804	40.8966	2.006493	25.20481	0.294049	0.655702	1.07015	1.9801	3.848997
80	-6652.026	-6697.036	45.01038	1.973601	33.02095	0.290103	0.652177	1.06931	1.98841	3.690335
90	-6655.004	-6703.339	48.33553	1.078061	25.59872	0.152261	0.49902	1.01182	2.3369	3.564549
100	-6623.365	-6678.995	55.63063	1.288944	32.97482	0.190803	0.54919	1.03518	2.22482	3.368915
110	-6644.622	-6697.53	52.90756	1.290801	31.62778	0.191124	0.549578	1.03535	2.22395	3.457998
120	-6630.156	-6685.641	55.48533	1.247739	30.73906	0.183598	0.540366	1.0314	2.24464	3.375122
130	-6626.21	-6679.64	53.43024	0.8535909	30.40124	0.106901	0.427847	0.970766	2.49449	3.441373
140	-6624.505	-6686.404	61.899	0.5877857	34.97098	0.050599	0.305414	0.874957	2.76903	3.17587
150	-6623.6	-6690.847	67.2463	0.5217806	35.33474	0.0374923	0.265897	0.835492	2.86112	3.022876
160	-6624.474	-6701.127	76.65307	0.6119391	39.83822	0.0555795	0.318844	0.88729	2.73829	2.762688
170	-6618.704	-6687.059	68.35563	0.7448017	41.31308	0.0837722	0.383924	0.940403	2.5919	2.957196
180	-6626.682	-6683.109	56.4278	0.9923968	40.19519	0.135434	0.474455	0.998729	2.39138	3.264631
190	-6620.075	-6674.69	54.61502	1.129668	33.5374	0.162076	0.512535	1.01855	2.30684	3.396331
200	-6628.437	-6670.847	42.40987	1.250464	27.44699	0.184079	0.540963	1.03166	2.2433	3.813955
210	-6635.347	-6673.037	37.69046	2.731557	28.65341	0.367366	0.715491	1.08083	1.83632	3.9793
220	-6628.929	-6667.825	38.89661	1.647344	27.36981	0.247213	0.611376	1.05802	2.08339	3.942011
230	-6621.346	-6667.508	46.16149	1.302487	33.57502	0.193137	0.551999	1.03636	2.2185	3.647854
240	-6648.918	-6693.322	44.40408	1.802812	29.67281	0.268543	0.632261	1.06417	2.03503	3.742596
250	-6637.706	-6668.197	30.49125	2.017388	24.77957	0.295342	0.65685	1.07042	1.97739	4.260805
260	-6645.652	-6678.116	32.46399	2.529316	26.34657	0.349218	0.701616	1.07895	1.87021	4.18361
270	-6657.408	-6690.995	33.58663	1.490026	29.64709	0.223778	0.586888	1.04983	2.1395	4.107585
280	-6641.152	-6670.232	29.0806	1.861894	22.53191	0.276212	0.639475	1.06612	2.0182	4.291525
290	-6653.056	-6677.825	24.76886	1.747332	23.30897	0.261128	0.625141	1.06216	2.05157	4.491144
300	-6648.042	-6674.841	26.79928	2.511963	24.0919	0.347588	0.700341	1.07876	1.87331	4.409372
310	-6623.32	-6669.241	45.92042	1.455642	27.15293	0.218388	0.581003	1.04771	2.1529	3.68331
320	-6609.407	-6668.072	58.66564	1.197056	32.4804	0.174519	0.528908	1.02627	2.2703	3.277242
330	-6632.122	-6680.196	48.07426	1.647242	30.35465	0.247198	0.611361	1.05801	2.08343	3.617699
340	-6641.456	-6684.806	43.35026	1.232934	30.8185	0.180971	0.53709	1.02996	2.25198	3.76913
350	-6629.329	-6669.767	40.43748	1.314682	27.47609	0.195224	0.554493	1.03739	2.21289	3.885848
360	-6641.56	-6675.791	34.23072	1.500341	25.71383	0.225375	0.588613	1.05044	2.13557	4.115943
370	-6648.154	-6680.956	32.80189	2.194446	24.0191	0.315431	0.674216	1.07417	1.93618	4.159196
380	-6659.755	-6694.731	34.97594	2.181404	25.56252	0.314008	0.673014	1.07393	1.93905	4.086248
390	-6628.596	-6669.253	40.6562	1.493234	23.69026	0.224275	0.587426	1.05002	2.13828	3.822408
400	-6664.808	-6686.561	21.75302	2.701756	24.95815	0.364787	0.713553	1.08059	1.84107	4.611514
410	-6646.675	-6680.996	34.32053	2.016102	25.80235	0.295189	0.656715	1.07039	1.97771	4.112706
420	-6638.616	-6677.521	38.90445	2.45319	26.84058	0.341973	0.695918	1.07808	1.88403	3.941185
430	-6633.179	-6680.764	47.58446	1.821207	27.12093	0.270956	0.634547	1.0648	2.0297	3.621623
440	-6641.249	-6678.158	36.90964	2.187012	31.96761	0.314621	0.673533	1.07403	1.93781	3.957331
450	-6638.076	-6676.737	38.66057	3.070415	26.46824	0.394637	0.735354	1.08284	1.78717	3.949016
460	-6633.78	-6681.233	47.45377	1.272237	25.55379	0.1879	0.545663	1.03369	2.23275	3.597906
470	-6637.901	-6673.681	35.78023	2.146095	29.46152	0.310112	0.669701	1.07325	1.94694	4.036178
480	-6636.955	-6672.417	35.4623	1.926706	29.81308	0.284366	0.646986	1.06804	2.00061	4.04185
490	-6653.689	-6684.455	30.76589	1.761568	32.51925	0.263051	0.627002	1.06269	2.04725	4.135187
500	-6645.825	-6681.277	35.45204	1.374876	21.8398	0.20533	0.566312	1.04214	2.18622	3.980705
510	-6651.757	-6674.811	23.05478	1.889937	22.44173	0.279773	0.642775	1.06697	2.01048	4.557891
520	-6644.332	-6677.101	32.76852	2.466933	24.95603	0.343299	0.696968	1.07824	1.88149	4.170142
530	-6645.9	-6674.006	28.10603	2.000665	23.05296	0.293354	0.655084	1.07001	1.98156	4.344344
540	-6627.478	-6664.72	37.24165	1.610729	24.99825	0.241932	0.606007	1.05631	2.09575	3.991464
550	-6651.701	-6693.242	41.54063	3.19142	28.0359	0.403549	0.741604	1.08331	1.77154	3.84621
560	-6646.134	-6693.348	47.21452	1.485986	31.43459	0.223149	0.586207	1.04959	2.14106	3.639562
570	-6662.539	-6705.455	42.91554	1.543219	25.66556	0.231922	0.595596	1.05286	2.11962	3.777403
580	-6634.625	-6683.282	48.6573	1.233244	32.59943	0.181026	0.53716	1.02999	2.25183	3.584234
590	-6644.338	-6683.564	39.22523	1.906906	23.37894	0.281903	0.644735	1.06748	2.00589	3.873241
600	-6685.711	-6701.896	16.1852	2.385925	22.5905	0.335367	0.690641	1.07721	1.89678	4.863699
610	-6665.198	-6690.153	24.95551	2.188165	24.22857	0.314747	0.673639	1.07406	1.93756	4.485854
620	-6657.66	-6686.833	29.17258	2.178763	25.57408	0.313719	0.67277	1.07388	1.93963	4.313232
630	-6666.409	-6696.883	30.47414	2.091561	27.38414	0.303965	0.66441	1.07212	1.9595	4.24957
640	-6641.197	-6683.23	42.03266	2.353853	26.47118	0.332148	0.68804	1.07676	1.90305	3.821642
650	-6645.099	-6686.243	41.14449	1.911042	27.81935	0.282419	0.645208	1.0676	2.00478	3.86045
660	-6653.783	-6688.188	34.40458	2.106872	26.49709	0.305707	0.665917	1.07245	1.95593	4.109765
670	-6657.95	-6687.244	29.2936	2.284421	25.06993	0.325016	0.682209	1.07571	1.91706	4.309422
680	-6656.053	-6691.748	35.69563	2.077863	26.51298	0.302395	0.663046	1.07182	1.96274	4.061042
690	-6654.222	-6680.958	26.73544	1.999052	27.01271	0.293162	0.654913	1.06997	1.98196	4.39203
700	-6654.998	-6688.994	33.9968	2.608983	31.70833	0.356552	0.707289	1.07976	1.8564	4.054167
710	-6623.889	-6663.166	39.2771	1.595601	33.08519	0.23972	0.603733	1.05558	2.10097	3.862708
720	-6633.327	-6682.141	48.81396	2.138287	30.68286	0.309241	0.668957	1.07309	1.94871	3.592361
730	-6635.143	-6680.249	45.10627	1.339292	28.70875	0.199395	0.559421	1.0394	2.20178	3.720527
740	-6613.614	-6675.565	61.95088	1.024799	32.63313	0.141875	0.484081	1.00399	2.37005	3.17654
750	-6612.736	-6673.576	60.83943	0.9869189	35.46012	0.134336	0.472784	0.997798	2.39508	3.203446
760	-6634.226	-6688.637	54.41075	0.9617723	31.15702	0.129265	0.464952	0.993365	2.41242	3.410634
770	-6644.102	-6690.501	46.39814	1.334049	29.43201	0.198511	0.558382	1.03898	2.20412	3.675817
780	-6635.217	-6682.215	46.99812	1.400049	29.53415	0.209461	0.571028	1.04397	2.17554	3.655354
790	-6637.024	-6673.707	36.683	2.12923	31.25195	0.308228	0.668088	1.07291	1.95077	3.977919
800	-6633.478	-6673.632	40.15345	1.521123	29.66629	0.228567	0.592035	1.05164	2.12776	3.885907
810	-6631.138	-6674.403	43.26514	2.273862	27.13346	0.323912	0.681298	1.07554	1.91925	3.780969
820	-6647.339	-6687.135	39.79544	1.449684	24.8312	0.217444	0.579961	1.04732	2.15527	3.886304
830	-6624.091	-6675.613	51.5211	1.063323	30.60466	0.149413	0.494991	1.00975	2.34585	3.504174
840	-6645.351	-6683.602	38.25114	1.833398	30.38288	0.272542	0.636041	1.0652	2.02621	3.94092
850	-6672.959	-6693.94	20.98075	3.093187	20.94841	0.396345	0.73656	1.08294	1.78416	4.624624
860	-6668.417	-6689.59	21.17303	2.085578	23.78815	0.303281	0.663816	1.07199	1.96091	4.644472
870	-6644.957	-6674.303	29.34539	1.632555	23.8347	0.245092	0.60923	1.05734	2.08834	4.301403
880	-6640.841	-6677.391	36.54997	1.750372	26.22535	0.26154	0.62554	1.06227	2.05064	4.028199
890	-6625.788	-6676.177	50.3884	1.802126	26.37695	0.268453	0.632175	1.06415	2.03523	3.50395
900	-6645.658	-6682.086	36.42803	1.81216	26.01189	0.269772	0.633427	1.06449	2.03231	4.03208
910	-6632.62	-6676.824	44.20432	2.097373	29.45621	0.304627	0.664984	1.07225	1.95814	3.750263
920	-6650.477	-6685.144	34.66717	1.476724	24.71981	0.221704	0.584636	1.04903	2.14463	4.091621
930	-6630.403	-6672.538	42.13526	2.117388	26.15888	0.306896	0.666943	1.07267	1.95349	3.814466
940	-6635.694	-6680.691	44.99687	1.302949	25.33296	0.193216	0.552094	1.0364	2.21829	3.689282
950	-6647.44	-6682.105	34.66574	1.422348	28.48732	0.213074	0.575099	1.04552	2.16631	4.086785
960	-6637.804	-6672.25	34.44545	2.167126	26.28528	0.31244	0.671685	1.07366	1.94222	4.108436
970	-6657.75	-6683.959	26.20989	1.870656	26.99616	0.27733	0.640515	1.06639	2.01577	4.411747
980	-6648.577	-6676.295	27.71772	1.846403	24.11014	0.274224	0.637619	1.06562	2.02253	4.371339
990	-6655.008	-6682.748	27.74008	2.284574	27.30354	0.325032	0.682222	1.07572	1.91703	4.350642
1000	-6656.957	-6692.023	35.06637	2.127177	24.78452	0.307997	0.66789	1.07287	1.95124	4.076229
