Iteration	Posterior	Likelihood	Prior	alpha_morpho	br_len_lambda	rates_morpho[1]	rates_morpho[2]	rates_morpho[3]	rates_morpho[4]	tree_length
0	-4138.152	-4132.165	-5.986694	94213.29	18.5618	0.995862	0.998939	1.00105	1.00414	6.215167
10	-4125.332	-4122.859	-2.472803	35454.66	22.33709	0.993257	0.998268	1.00172	1.00676	5.910209
20	-4129.544	-4125.201	-4.343687	52328.16	16.68196	0.994449	0.998575	1.00141	1.00556	6.116292
30	-4111.566	-4113.505	1.939151	72791.67	16.45501	0.995293	0.998793	1.0012	1.00472	5.727522
40	-4099.871	-4110.487	10.61515	26430.16	18.72422	0.992192	0.997992	1.00199	1.00783	5.325446
50	-4115.857	-4121.377	5.519674	44474.62	22.44611	0.993979	0.998454	1.00153	1.00603	5.548969
60	-4116.937	-4118.318	1.380545	23002.78	22.61208	0.991632	0.997847	1.00213	1.00839	5.726636
70	-4134.784	-4130.556	-4.228639	25487.13	19.10868	0.992049	0.997955	1.00202	1.00797	6.111277
80	-4125.554	-4124.165	-1.388383	26280.89	17.04798	0.99217	0.997986	1.00199	1.00785	5.95119
90	-4133.266	-4131.634	-1.631853	10954.29	19.11634	0.987881	0.996872	1.00308	1.01217	5.975275
100	-4109.346	-4109.451	0.1049637	2128.249	16.02624	0.972583	0.992829	1.0069	1.02769	5.814394
110	-4132.859	-4132.759	-0.09959822	2442.487	15.6377	0.974399	0.993314	1.00645	1.02584	5.799563
120	-4112.798	-4116.704	3.906721	3414.188	17.11614	0.978331	0.99436	1.00547	1.02184	5.643674
130	-4116.248	-4119.15	2.901813	9147.81	15.97817	0.986741	0.996574	1.00336	1.01332	5.636202
140	-4097.908	-4106.567	8.659521	3914.091	18.85218	0.979756	0.994738	1.00512	1.02039	5.4325
150	-4096.088	-4103.893	7.804867	17615.05	19.23157	0.990439	0.997538	1.00243	1.00959	5.482898
160	-4109.194	-4118.131	8.93693	32726.31	19.92744	0.992982	0.998197	1.00179	1.00704	5.429198
170	-4121.833	-4122.037	0.2035097	75164.41	15.60488	0.995367	0.998812	1.00118	1.00464	5.777544
180	-4136.247	-4132.948	-3.298478	53108.64	19.03461	0.99449	0.998586	1.0014	1.00552	6.063913
190	-4133.057	-4134.558	1.500918	62135.86	19.90152	0.994905	0.998693	1.0013	1.0051	5.80278
200	-4116.477	-4119.811	3.334231	53001.43	22.10083	0.994484	0.998584	1.0014	1.00553	5.658408
210	-4099.983	-4109.91	9.927228	41322.07	22.5346	0.993754	0.998396	1.00159	1.00626	5.350533
220	-4094.106	-4105.17	11.06397	43745.47	21.89948	0.993929	0.998441	1.00155	1.00608	5.312082
230	-4094.966	-4103.392	8.426128	39511.37	21.95726	0.993613	0.998359	1.00163	1.0064	5.431273
240	-4098.652	-4107.592	8.94063	34338.92	21.39019	0.993149	0.99824	1.00174	1.00687	5.418283
250	-4110.007	-4116.16	6.153251	30073.7	21.468	0.99268	0.998118	1.00186	1.00734	5.546871
260	-4100.53	-4107.418	6.887207	62401.49	17.76729	0.994916	0.998696	1.0013	1.00509	5.499224
270	-4107.172	-4119.287	12.11562	33648.48	20.64338	0.993079	0.998222	1.00176	1.00694	5.273202
280	-4130.185	-4133.924	3.738968	61641.25	22.70175	0.994885	0.998688	1.0013	1.00512	5.61904
290	-4109.368	-4112.948	3.579748	26824.98	18.00498	0.99225	0.998007	1.00197	1.00777	5.691088
300	-4088.953	-4104.475	15.52228	9859.924	22.91608	0.987228	0.996701	1.00324	1.01283	5.096757
310	-4103.543	-4110.447	6.903934	95890.13	19.52227	0.995898	0.998949	1.00105	1.00411	5.531264
320	-4092.922	-4103.929	11.00678	41141.58	23.44695	0.99374	0.998392	1.00159	1.00627	5.279787
330	-4084.598	-4098.715	14.11687	14054.38	23.15029	0.989298	0.997241	1.00272	1.01074	5.153512
340	-4104.989	-4115.835	10.84539	69171.99	19.43493	0.995171	0.998761	1.00123	1.00484	5.328146
350	-4092.833	-4108.781	15.94855	17080.43	18.39214	0.990291	0.997499	1.00247	1.00974	5.025286
360	-4105.588	-4111.158	5.570513	76314.64	19.05266	0.995402	0.998821	1.00117	1.00461	5.598101
370	-4096.213	-4103.259	7.046692	28943.54	17.61017	0.992538	0.998082	1.0019	1.00748	5.48402
380	-4096.581	-4103.187	6.605244	236.4891	18.87859	0.918596	0.977697	1.01989	1.08382	5.541815
390	-4069.916	-4081.814	11.89777	2.478146	22.70665	0.344375	0.697817	1.07838	1.87943	5.259544
400	-4043.774	-4059.405	15.63091	1.326427	22.89353	0.197222	0.556861	1.03836	2.20755	5.09237
410	-4044.019	-4053.166	9.146256	1.117825	18.85407	0.159846	0.509512	1.01708	2.31357	5.40672
420	-4049.212	-4065.116	15.90377	1.077888	23.18401	0.152228	0.498973	1.0118	2.337	5.075745
430	-4040.493	-4052.634	12.14095	1.045753	21.51586	0.145992	0.490085	1.00719	2.35674	5.26749
440	-4027.439	-4048.763	21.32344	1.089934	22.14389	0.154541	0.502209	1.01344	2.32981	4.844571
450	-4049.32	-4058.655	9.335539	0.8632009	24.68595	0.108919	0.431387	0.973038	2.48666	5.308167
460	-4032.36	-4050.78	18.41928	0.6466142	23.30352	0.0628429	0.337213	0.903357	2.69659	4.965675
470	-4021.437	-4053.066	31.62891	0.6466142	22.45374	0.0628429	0.337213	0.903357	2.69659	4.385924
480	-4021.908	-4048.778	26.8701	1.095987	22.2071	0.155698	0.503817	1.01425	2.32624	4.594947
490	-4043.19	-4058.899	15.7091	1.08889	24.15232	0.154341	0.501931	1.0133	2.33043	5.06373
500	-4041.561	-4045.737	4.175371	1.334189	24.15119	0.198535	0.55841	1.03899	2.20406	5.541321
510	-4049.835	-4052.208	2.372688	1.334189	19.40704	0.198535	0.55841	1.03899	2.20406	5.764308
520	-4026.751	-4048.533	21.78249	1.255468	22.91273	0.184961	0.542054	1.03213	2.24085	4.823591
530	-4040.416	-4055.128	14.71236	1.348077	21.60534	0.200871	0.561147	1.0401	2.19788	5.147535
540	-4023.385	-4042.247	18.86247	0.7466624	23.13352	0.0841704	0.38474	0.941005	2.59009	4.948714
550	-4039.52	-4054.037	14.51686	1.121651	20.3829	0.160568	0.510494	1.01756	2.31138	5.154941
560	-4035.657	-4049.599	13.94219	1.284328	20.68713	0.190003	0.548222	1.03477	2.227	5.184896
570	-4051.047	-4069.747	18.70002	0.888746	19.85524	0.114257	0.440554	0.978807	2.46638	4.937297
580	-4036.204	-4065.899	29.69488	0.9267389	21.39209	0.122114	0.453567	0.986715	2.4376	4.448069
590	-4033.274	-4068.762	35.48813	0.5223385	24.34752	0.0375991	0.266249	0.835866	2.86029	4.246525
600	-4022.409	-4054.045	31.6358	1.028002	24.21453	0.142507	0.48501	1.00449	2.36799	4.404478
610	-4032.044	-4050.034	17.99014	0.9417568	21.90645	0.125191	0.458517	0.989637	2.42666	4.9958
620	-4051.577	-4060.907	9.329949	0.9454807	23.04179	0.125951	0.459728	0.990344	2.42398	5.363432
630	-4050.101	-4061.324	11.22251	0.9787398	19.65955	0.132693	0.470267	0.996386	2.40065	5.311852
640	-4037.552	-4051.708	14.15566	1.085926	19.76275	0.153773	0.501138	1.0129	2.33219	5.164588
650	-4049.605	-4059.71	10.10541	1.443211	21.42091	0.216415	0.578823	1.0469	2.15786	5.36342
660	-4050.392	-4061.818	11.42644	1.057042	22.89961	0.148193	0.49325	1.00884	2.34971	5.27588
670	-4042.511	-4063.752	21.24075	0.9208171	19.31702	0.120896	0.451586	0.985532	2.44199	4.788147
680	-4020.084	-4045.347	25.26308	0.795047	20.07182	0.0945044	0.405132	0.955573	2.54479	4.615962
690	-4045.712	-4056.461	10.74907	1.483356	19.48823	0.22274	0.585762	1.04943	2.14207	5.33385
700	-4032.919	-4047.945	15.02621	1.091209	20.84038	0.154785	0.502549	1.01361	2.32906	5.133302
710	-4032.116	-4050.626	18.51005	1.014045	22.11038	0.139748	0.480933	1.00229	2.37703	4.97172
720	-4020.897	-4041.583	20.68603	1.17407	22.95879	0.170323	0.523476	1.02377	2.28244	4.871154
730	-4040.802	-4047.965	7.163256	1.569639	22.5303	0.235882	0.599752	1.05426	2.1101	5.473313
740	-4044.859	-4057.404	12.54435	1.476529	19.47264	0.221674	0.584603	1.04901	2.14471	5.241441
750	-4031.675	-4047.488	15.81323	0.9968323	18.66446	0.136321	0.475798	0.999473	2.38841	5.045283
760	-4046.96	-4055.861	8.901273	0.7929714	19.96261	0.0940623	0.404289	0.954988	2.54666	5.431048
770	-4033.195	-4054.561	21.36653	0.8902219	19.8776	0.114564	0.441073	0.979129	2.46523	4.80377
780	-4041.01	-4055	13.99023	1.058832	21.2909	0.148541	0.493748	1.0091	2.34861	5.182618
790	-4044.378	-4057.337	12.95829	0.9116243	23.21413	0.119001	0.448476	0.98366	2.44886	5.202103
800	-4040.122	-4062.048	21.92594	1.0113	23.45856	0.139203	0.480122	1.00185	2.37883	4.813993
810	-4046.159	-4060.591	14.43257	0.8030926	17.12221	0.0962167	0.408376	0.957808	2.5376	5.029195
820	-4031.335	-4048.066	16.73086	1.222459	21.17334	0.179099	0.534738	1.02891	2.25725	5.053516
830	-4038.75	-4056.532	17.78228	1.03832	20.54073	0.144536	0.487974	1.00607	2.36142	4.997255
840	-4037.811	-4042.15	4.338916	1.224027	17.13643	0.17938	0.535092	1.02907	2.25646	5.619347
850	-4060.117	-4063.013	2.896132	1.593448	20.42409	0.239404	0.603406	1.05547	2.10172	5.724282
860	-4048.789	-4051.103	2.31445	1.620301	19.43155	0.243323	0.607428	1.05677	2.09248	5.767122
870	-4064.231	-4063.368	-0.8634406	1.221656	21.20669	0.178955	0.534556	1.02883	2.25766	5.883298
880	-4038.412	-4048.383	9.97156	1.077663	18.28345	0.152184	0.498912	1.01176	2.33714	5.346624
890	-4042.251	-4052.725	10.47338	1.244203	18.63716	0.182972	0.539589	1.03106	2.24638	5.330607
900	-4041.9	-4051.157	9.257064	0.9158001	19.07046	0.119863	0.449894	0.984516	2.44573	5.40491
910	-4053.19	-4052.369	-0.8209471	1.515507	19.75034	0.227708	0.591117	1.05132	2.12986	5.922661
920	-4062.733	-4062.113	-0.6198019	1.467774	21.18947	0.220301	0.583103	1.04847	2.14812	5.872412
930	-4048.717	-4056.555	7.838227	1.521462	20.80605	0.228619	0.59209	1.05166	2.12763	5.478623
940	-4036.216	-4055.398	19.1826	1.813677	19.87606	0.269971	0.633615	1.06454	2.03187	4.913594
950	-4062.44	-4069.74	7.299752	1.122748	20.7812	0.160774	0.510774	1.01769	2.31076	5.504827
960	-4053.321	-4067.973	14.65193	0.9788321	20.17694	0.132711	0.470296	0.996402	2.40059	5.14603
970	-4026.191	-4059.68	33.48848	0.7684278	25.96079	0.0888251	0.394105	0.947807	2.56926	4.326491
980	-4040.136	-4059.101	18.96573	1.06686	20.19385	0.150098	0.495965	1.01025	2.34369	4.932622
990	-4033.695	-4048.624	14.92984	0.867462	22.34096	0.109812	0.432941	0.974028	2.48322	5.13107
1000	-4040.177	-4062.545	22.36806	1.379298	22.40954	0.20606	0.56715	1.04247	2.18432	4.798289
1010	-4028.438	-4055.846	27.40796	0.8373205	19.71921	0.103472	0.421736	0.966783	2.50801	4.491744
1020	-4059.048	-4065.598	6.550482	0.6556208	23.12448	0.0647461	0.341816	0.907243	2.68619	5.481239
1030	-4039.894	-4049.214	9.320678	1.105008	17.79866	0.157417	0.506189	1.01543	2.32096	5.363657
1040	-4045.06	-4057.503	12.44312	0.9788693	19.16233	0.132719	0.470307	0.996409	2.40057	5.240112
1050	-4018.696	-4035.519	16.8235	1.073804	23.44743	0.15144	0.497864	1.01123	2.33947	5.031699
1060	-4030.861	-4046.128	15.26707	1.27209	21.71894	0.187874	0.545632	1.03367	2.23282	5.12131
1070	-4033.258	-4050.818	17.55999	0.7159032	23.22153	0.0775879	0.370938	0.930622	2.62085	5.003767
1080	-4036.993	-4056.746	19.75251	0.9440818	21.67254	0.125666	0.459274	0.990079	2.42498	4.914587
1090	-4066.24	-4060.258	-5.982658	1.333424	17.13672	0.198406	0.558258	1.03893	2.2044	6.221667
1100	-4037.575	-4048.62	11.04452	0.8821901	23.50043	0.112891	0.438234	0.977363	2.47151	5.276666
1110	-4023.162	-4051.262	28.09977	0.7938672	22.31508	0.0942531	0.404653	0.955241	2.54585	4.541203
1120	-4050.609	-4064.587	13.97784	0.6850883	22.32154	0.0710064	0.356409	0.919215	2.65337	5.173955
1130	-4029.519	-4040.337	10.81821	1.473134	21.12455	0.221142	0.584023	1.0488	2.14603	5.333204
1140	-4042.868	-4056.199	13.33166	0.9406932	18.09844	0.124974	0.45817	0.989433	2.42742	5.154166
1150	-4033.08	-4041.232	8.151742	1.202937	21.86039	0.175585	0.530274	1.0269	2.26724	5.445923
1160	-4033.968	-4047.284	13.31659	1.431112	17.94818	0.214482	0.576673	1.04611	2.16274	5.147341
1170	-4051.41	-4056.468	5.057516	1.356361	18.12303	0.202256	0.56276	1.04074	2.19424	5.611921
1180	-4040.992	-4049.381	8.388885	1.084677	18.50655	0.153533	0.500803	1.01273	2.33294	5.439334
1190	-4038.636	-4056.626	17.99021	0.8322863	20.53586	0.102408	0.419815	0.965515	2.51226	4.987058
1200	-4030.375	-4049.394	19.01829	0.7556173	19.49509	0.0860862	0.388632	0.943855	2.58143	4.909773
1210	-4048.505	-4061.274	12.76922	1.359066	22.06152	0.202707	0.563283	1.04095	2.19306	5.232061
1220	-4030.662	-4046.845	16.18345	0.9033358	21.44058	0.117286	0.445636	0.981935	2.45514	5.079671
1230	-4032.116	-4051.657	19.54081	0.9408697	23.51636	0.12501	0.458228	0.989467	2.4273	4.914919
1240	-4033.022	-4052.655	19.63381	0.9898207	21.42633	0.134918	0.473671	0.998293	2.39312	4.918642
1250	-4026.464	-4047.722	21.25733	0.7058914	23.48738	0.0754471	0.366297	0.927032	2.63122	4.842215
1260	-4007.603	-4050.278	42.67492	0.746556	25.98771	0.0841476	0.384693	0.94097	2.59019	3.972817
1270	-4023.545	-4046.509	22.96339	0.7790986	21.83988	0.091104	0.398581	0.950991	2.55932	4.768176
1280	-4041.997	-4057.896	15.8995	1.002239	18.21021	0.1374	0.477424	1.00037	2.38481	5.018497
1290	-4027.491	-4051.627	24.13583	1.131446	23.94707	0.16241	0.512985	1.01877	2.30583	4.716684
1300	-4039.436	-4058.081	18.64473	0.7748992	20.59155	0.0902075	0.396828	0.94975	2.56321	4.956105
1310	-4018.184	-4039.84	21.65674	0.8674451	19.87874	0.109809	0.432934	0.974024	2.48323	4.78921
1320	-4033.51	-4051.448	17.93754	1.114052	21.09859	0.159132	0.508539	1.0166	2.31573	4.995995
1330	-4030.396	-4044.606	14.20979	1.048935	20.36929	0.146613	0.490982	1.00766	2.35475	5.169889
1340	-4040.228	-4049.842	9.613879	1.035283	21.74263	0.14394	0.487106	1.00561	2.36335	5.381182
1350	-4045.891	-4052.839	6.948382	1.159308	18.49082	0.167601	0.519905	1.02209	2.29041	5.516838
1360	-4046.618	-4050.395	3.777062	1.260042	24.62219	0.185765	0.543045	1.03256	2.23863	5.536312
1370	-4051.542	-4051.727	0.1841184	1.374313	19.1607	0.205237	0.566205	1.0421	2.18646	5.879872
1380	-4054.018	-4055.699	1.680251	1.367286	20.03557	0.204074	0.564865	1.04157	2.18949	5.791528
1390	-4061.134	-4064.47	3.335503	1.2849	21.1381	0.190103	0.548342	1.03483	2.22673	5.687076
1400	-4052.284	-4058.393	6.108333	1.047999	19.58855	0.14643	0.490718	1.00752	2.35533	5.572039
1410	-4061.71	-4059.291	-2.418874	1.311351	20.04395	0.194655	0.553815	1.03711	2.21442	5.995888
1420	-4043.563	-4052.057	8.493562	1.602987	19.54992	0.240802	0.604847	1.05594	2.09841	5.450027
1430	-4033.214	-4050.848	17.63366	1.028705	22.58489	0.142646	0.485213	1.0046	2.36754	5.008106
1440	-4069.867	-4083.953	14.08571	0.6385009	28.06621	0.0611336	0.333009	0.899758	2.7061	4.992211
1450	-4030.477	-4055.008	24.53181	1.255703	23.31978	0.185002	0.542105	1.03215	2.24074	4.703335
1460	-4022.748	-4041.383	18.63472	1.165005	21.33808	0.168654	0.521291	1.02274	2.28731	4.964777
1470	-4025.337	-4045.946	20.60912	0.8957502	22.01844	0.115713	0.443007	0.980324	2.46096	4.876597
1480	-4017.187	-4036.382	19.19473	1.108334	22.28808	0.158048	0.507056	1.01586	2.31903	4.940351
1490	-4025.309	-4049.323	24.01358	1.124722	26.86625	0.161146	0.511278	1.01794	2.30964	4.670804
1500	-4038.457	-4062.596	24.13934	0.9498956	30.33947	0.126851	0.461156	0.991175	2.42082	4.561878
1510	-4033.11	-4047.727	14.61701	0.9335634	21.34871	0.123515	0.45583	0.988056	2.4326	5.153036
1520	-4042.732	-4046.359	3.626363	1.31106	21.8848	0.194606	0.553756	1.03709	2.21455	5.65217
1530	-4059.727	-4063.513	3.786533	1.552793	20.45409	0.233364	0.597114	1.05338	2.11614	5.68017
1540	-4047.828	-4057.944	10.11608	1.183032	20.44426	0.171965	0.525612	1.02476	2.27766	5.370741
1550	-4026.955	-4049.797	22.84183	0.6760774	24.39671	0.0690875	0.352021	0.91567	2.66322	4.765269
1560	-4048.032	-4063.519	15.48626	1.0336	21.8034	0.143609	0.486623	1.00535	2.36442	5.110759
1570	-4058.163	-4060.482	2.319295	1.487921	15.73824	0.223451	0.586533	1.0497	2.14031	5.653556
1580	-4060.293	-4061.178	0.8846167	1.334487	20.55202	0.198585	0.558469	1.03902	2.20393	5.819612
1590	-4064.35	-4063.643	-0.7069761	1.452919	22.05411	0.217957	0.580527	1.04753	2.15398	5.843216
1600	-4063.682	-4063.138	-0.5436391	1.252843	22.70647	0.184499	0.541482	1.03188	2.24214	5.807472
1610	-4043.744	-4058.694	14.94915	1.065628	19.6993	0.149859	0.495626	1.01008	2.34444	5.12314
1620	-4035.146	-4050.089	14.94264	1.010294	26.07381	0.139003	0.479824	1.00168	2.37949	5.036979
1630	-4056.68	-4068.271	11.59074	1.232033	21.38941	0.18081	0.536889	1.02987	2.25243	5.294396
1640	-4037.379	-4053.584	16.20545	0.9734501	25.92781	0.131626	0.468624	0.995458	2.40429	4.993291
1650	-4049.409	-4066.857	17.44812	0.9459471	21.79007	0.126047	0.459879	0.990433	2.42364	5.020801
1660	-4058.921	-4067.883	8.961692	0.8806566	22.02297	0.112571	0.437688	0.977022	2.47272	5.405485
1670	-4041.552	-4050.808	9.256194	0.8762009	20.95477	0.11164	0.436095	0.976022	2.47624	5.409062
1680	-4038.215	-4046.402	8.186838	1.410849	20.80206	0.211216	0.573012	1.04473	2.17105	5.461912
1690	-4045.061	-4053.155	8.093745	1.242577	18.22032	0.182684	0.53923	1.0309	2.24719	5.447452
1700	-4036.831	-4056.4	19.5699	1.632781	24.56743	0.245125	0.609263	1.05735	2.08826	4.896021
1710	-4037.972	-4051.415	13.4433	1.373488	21.66223	0.205101	0.566048	1.04204	2.18681	5.205793
1720	-4038.306	-4051.854	13.54791	1.204974	23.1713	0.175953	0.530744	1.02711	2.26619	5.177636
1730	-4037.473	-4048.007	10.5341	1.3711	21.46076	0.204706	0.565593	1.04186	2.18784	5.3429
1740	-4047.316	-4058.612	11.29618	1.092352	21.61138	0.155004	0.502853	1.01376	2.32838	5.305576
1750	-4044.077	-4056.904	12.82642	1.472497	20.26885	0.221042	0.583914	1.04876	2.14628	5.237191
1760	-4054.715	-4070.75	16.03461	0.9607695	23.33605	0.129061	0.464634	0.993183	2.41312	5.067418
1770	-4059.236	-4069.157	9.920759	1.158021	20.55887	0.167363	0.519591	1.02194	2.29111	5.379912
1780	-4052.077	-4054.349	2.272248	0.9719914	22.28516	0.131332	0.468168	0.995199	2.4053	5.699721
1790	-4056.337	-4059.745	3.407599	1.439398	18.02778	0.215807	0.578148	1.04666	2.15939	5.701119
1800	-4044.091	-4058.975	14.88385	0.996924	19.04814	0.13634	0.475825	0.999488	2.38835	5.109133
1810	-4031.67	-4047.49	15.81996	0.9903728	19.76843	0.135029	0.473839	0.998386	2.39275	5.080499
1820	-4029.14	-4048.691	19.55098	1.03629	25.47105	0.144137	0.487394	1.00576	2.36271	4.876223
1830	-4039.176	-4049.415	10.2396	1.180101	18.99384	0.171428	0.524916	1.02444	2.27922	5.35184
1840	-4041.232	-4049.79	8.558376	1.695854	21.50939	0.254055	0.618212	1.06012	2.06762	5.434114
1850	-4047.198	-4055.607	8.408598	1.00068	17.10446	0.137089	0.476956	1.00011	2.38584	5.379956
1860	-4024.424	-4040.154	15.73054	1.047906	20.71907	0.146412	0.490692	1.00751	2.35539	5.098694
1870	-4044.254	-4057.042	12.78804	1.110534	23.71951	0.158466	0.507628	1.01615	2.31776	5.196782
1880	-4056.881	-4056.175	-0.7058622	1.161518	18.24565	0.16801	0.520444	1.02234	2.2892	5.930501
1890	-4039.194	-4048.625	9.43099	1.161515	23.20751	0.16801	0.520443	1.02234	2.28921	5.354245
1900	-4059.961	-4061.727	1.766407	0.9448832	17.48372	0.12583	0.459534	0.990231	2.4244	5.780565
1910	-4062.07	-4073.212	11.14205	1.025848	20.05714	0.142082	0.484386	1.00415	2.36938	5.319405
1920	-4043.57	-4057.515	13.94503	1.217583	21.98167	0.178225	0.533632	1.02841	2.25973	5.179663
1930	-4045.002	-4058.894	13.89231	0.9447107	18.15275	0.125794	0.459478	0.990199	2.42453	5.125914
1940	-4062.913	-4064.419	1.506098	0.9886021	18.82253	0.134674	0.473299	0.998085	2.39394	5.811969
1950	-4055.54	-4050.653	-4.887177	1.017117	18.01051	0.140357	0.481837	1.00278	2.37503	6.161316
1960	-4060.457	-4064.84	4.382627	1.252944	20.84351	0.184516	0.541504	1.03189	2.24209	5.643958
1970	-4064.154	-4063.027	-1.126984	1.127027	17.70421	0.16158	0.511865	1.01823	2.30833	5.949501
1980	-4071.135	-4064.266	-6.868409	1.549022	14.14891	0.232797	0.596518	1.05318	2.11751	6.110229
1990	-4059.162	-4058.555	-0.6076496	1.189023	15.62023	0.173058	0.527027	1.02541	2.2745	5.830712
2000	-4061.464	-4061.494	0.03058005	0.8516039	18.32283	0.106483	0.427109	0.970288	2.49612	5.890518
2010	-4056.541	-4063.478	6.936635	1.473239	18.76594	0.221159	0.584041	1.04881	2.14599	5.522585
2020	-4062.939	-4066.547	3.607899	1.650712	23.04682	0.247694	0.611861	1.05817	2.08228	5.611567
2030	-4054.244	-4061.94	7.695545	1.249718	21.86937	0.183947	0.5408	1.03159	2.24367	5.466587
2040	-4039.427	-4048.502	9.074884	1.564113	24.792	0.235059	0.598891	1.05397	2.11207	5.314657
2050	-4067.061	-4063.978	-3.083467	1.12239	17.69872	0.160707	0.510683	1.01765	2.31096	6.059972
2060	-4053.234	-4052.505	-0.7284939	1.188045	20.07736	0.17288	0.526797	1.02531	2.27502	5.910758
2070	-4050.379	-4048.436	-1.942732	1.347008	18.37648	0.200692	0.560938	1.04001	2.19836	5.998098
2080	-4047.583	-4058.042	10.45835	1.419224	17.5958	0.21257	0.574535	1.0453	2.16759	5.289529
2090	-4041.527	-4061.966	20.43892	1.490081	18.86465	0.223786	0.586897	1.04983	2.13948	4.808321
2100	-4065.989	-4070.24	4.250777	0.9829252	19.49486	0.133534	0.471559	0.997112	2.39779	5.667273
2110	-4043.776	-4047.591	3.814929	1.101695	20.78937	0.156786	0.505321	1.015	2.32289	5.672347
2120	-4054.442	-4058.15	3.707959	1.090037	16.88807	0.154561	0.502237	1.01345	2.32975	5.644604
2130	-4063.078	-4062.781	-0.2972091	1.193194	17.8452	0.173818	0.528006	1.02586	2.27232	5.904645
2140	-4043.922	-4051.078	7.15595	1.217132	18.12787	0.178144	0.53353	1.02837	2.25996	5.496276
2150	-4042.933	-4051.591	8.657632	1.012345	18.85166	0.13941	0.480431	1.00202	2.37814	5.43259
2160	-4029.694	-4052.064	22.37041	1.149822	22.91306	0.165842	0.517576	1.02098	2.2956	4.797931
2170	-4054.356	-4053.975	-0.3808139	1.331537	15.63413	0.198087	0.557882	1.03878	2.20525	5.81727
2180	-4051.659	-4049.745	-1.914602	1.465873	21.45775	0.220002	0.582776	1.04835	2.14887	5.923089
2190	-4044.053	-4046.98	2.927657	1.458302	19.98386	0.218809	0.581465	1.04788	2.15185	5.729999
2200	-4051.024	-4057.139	6.114968	1.691666	17.25333	0.253471	0.617634	1.05994	2.06895	5.521505
2210	-4039.431	-4053.124	13.69326	1.107021	19.34329	0.157799	0.506714	1.01569	2.31979	5.179498
2220	-4054.436	-4070.505	16.06824	1.119952	19.49373	0.160247	0.510058	1.01734	2.31235	5.061059
2230	-4042.993	-4050.327	7.334576	0.7510947	16.43825	0.0851187	0.386673	0.942425	2.58578	5.398337
2240	-4040.283	-4055.316	15.03285	1.050993	21.20329	0.147015	0.49156	1.00796	2.35346	5.133711
2250	-4037.456	-4048.086	10.63026	1.50092	23.18403	0.225465	0.58871	1.05048	2.13535	5.303208
2260	-4056.494	-4061.924	5.430458	0.9893935	19.3433	0.134833	0.47354	0.99822	2.39341	5.606664
2270	-4061.921	-4058.185	-3.735767	1.604633	19.33467	0.241043	0.605094	1.05602	2.09784	6.08073
2280	-4050.26	-4060.999	10.73868	1.679206	22.23278	0.251726	0.6159	1.05942	2.07296	5.320852
2290	-4024.258	-4052.065	27.80669	0.7510318	21.73432	0.0851053	0.386646	0.942405	2.58584	4.544274
2300	-4014.813	-4055.1	40.28698	0.7028521	25.78574	0.0747976	0.364873	0.925921	2.63441	4.063917
2310	-4017.341	-4053.351	36.01035	0.8480246	26.43568	0.105729	0.425774	0.969422	2.49907	4.227267
2320	-4015.406	-4041.84	26.43444	1.171086	20.47515	0.169774	0.522759	1.02343	2.28404	4.573685
2330	-4042.191	-4065.817	23.62552	1.36155	24.02355	0.203121	0.563763	1.04114	2.19198	4.737271
2340	-4024.223	-4055.249	31.02638	0.8277261	23.6811	0.101443	0.418062	0.964351	2.51614	4.427638
2350	-4030.515	-4054.651	24.13609	0.9495757	23.90069	0.126786	0.461053	0.991115	2.42105	4.717048
2360	-4042.397	-4060.425	18.0283	0.9774064	21.99947	0.132424	0.469854	0.996153	2.40157	4.99386
2370	-4038.732	-4058.015	19.28289	1.234785	21.71589	0.1813	0.537503	1.03014	2.25106	4.936401
2380	-4048.704	-4063.705	15.00108	0.7198088	17.55264	0.0784235	0.372728	0.931993	2.61685	5.028411
2390	-4066.496	-4067.921	1.424754	1.365939	19.5375	0.20385	0.564607	1.04147	2.19007	5.811751
2400	-4061.885	-4068.482	6.596964	1.199006	20.68199	0.174873	0.529362	1.02648	2.26928	5.540027
2410	-4045.848	-4052.908	7.059644	1.385848	20.57831	0.207138	0.568383	1.04295	2.18153	5.518866
2420	-4035.331	-4052.352	17.02158	1.209103	22.34726	0.176699	0.531695	1.02754	2.26407	5.037391
2430	-4054.252	-4061.361	7.109524	1.163519	18.73939	0.16838	0.52093	1.02257	2.28812	5.512929
2440	-4040.097	-4051.682	11.58544	1.050281	23.27659	0.146876	0.49136	1.00786	2.35391	5.259631
2450	-4044.061	-4052.287	8.225823	1.313647	20.36568	0.195047	0.554282	1.03731	2.21336	5.463683
2460	-4038.593	-4052.62	14.02653	1.207664	21.30845	0.176439	0.531364	1.02739	2.2648	5.180851
2470	-4041.411	-4059.416	18.00518	1.272851	25.48597	0.188007	0.545794	1.03374	2.23246	4.9365
2480	-4044.455	-4063.051	18.59637	1.312717	23.38082	0.194889	0.554093	1.03723	2.21379	4.957028
2490	-4038.828	-4058.78	19.95206	1.034499	20.40141	0.143786	0.486881	1.00549	2.36384	4.888697
2500	-4038.366	-4061.45	23.08381	1.200571	26.03303	0.175157	0.529725	1.02665	2.26847	4.725664
2510	-4037.726	-4058.161	20.43553	1.058809	20.14701	0.148536	0.493742	1.0091	2.34862	4.858576
2520	-4055.082	-4066.106	11.02409	1.271006	21.05159	0.187685	0.5454	1.03357	2.23334	5.32403
2530	-4064.112	-4060.254	-3.857831	1.369972	18.89362	0.204519	0.565378	1.04178	2.18833	6.095796
2540	-4054.728	-4058.054	3.325941	1.018413	17.93529	0.140613	0.482217	1.00299	2.37418	5.703696
2550	-4048.475	-4049.112	0.6374974	1.059259	21.04187	0.148624	0.493866	1.00916	2.34835	5.817717
2560	-4089.123	-4080.784	-8.338266	1.65278	17.84661	0.247988	0.612157	1.05826	2.08159	6.355228
2570	-4059.615	-4068.481	8.866098	1.224465	19.64689	0.179459	0.535191	1.02911	2.25624	5.431637
2580	-4051.388	-4068.567	17.17823	0.8449162	24.73867	0.105074	0.424608	0.968664	2.50165	4.989152
2590	-4063.571	-4066.27	2.698882	1.672092	21.74902	0.250725	0.614902	1.05911	2.07526	5.699014
2600	-4056.232	-4068.209	11.97773	1.02128	19.30156	0.14118	0.483056	1.00344	2.37233	5.267365
2610	-4045.845	-4073.141	27.29621	0.736864	23.27907	0.0820734	0.380417	0.937799	2.59971	4.584679
2620	-4051.617	-4067.729	16.11228	1.208446	20.24511	0.17658	0.531544	1.02747	2.2644	5.074722
2630	-4061.933	-4073.459	11.52555	1.068372	19.64893	0.150391	0.49638	1.01047	2.34276	5.296301
2640	-4043.549	-4060.738	17.18955	0.6961866	19.4138	0.0733739	0.361725	0.923447	2.64145	5.001046
2650	-4050.048	-4070.686	20.63703	1.026073	21.40709	0.142127	0.484451	1.00419	2.36923	4.871637
2660	-4065	-4071.136	6.136045	1.20933	17.49508	0.17674	0.531747	1.02757	2.26395	5.531113
2670	-4057.439	-4067.155	9.715658	1.489824	24.18933	0.223746	0.586854	1.04982	2.13958	5.310602
2680	-4054.327	-4056.061	1.734026	1.270447	18.70483	0.187588	0.545281	1.03352	2.23361	5.799719
2690	-4044.845	-4051.612	6.766362	1.167155	21.71416	0.16905	0.521811	1.02299	2.28615	5.512818
2700	-4047.671	-4056.637	8.965987	0.8149866	18.47538	0.0987435	0.413098	0.961022	2.52714	5.407301
2710	-4040.599	-4062.718	22.11915	1.053909	21.15515	0.147583	0.492376	1.00839	2.35165	4.798739
2720	-4037.02	-4050.778	13.75803	0.9669723	22.20991	0.130318	0.466594	0.994304	2.40878	5.185354
2730	-4040.338	-4049.189	8.850229	1.228043	22.02373	0.180098	0.535995	1.02947	2.25444	5.41053
2740	-4049.825	-4059.116	9.290985	1.39347	19.43221	0.208387	0.569807	1.0435	2.17831	5.408098
2750	-4041.875	-4050.448	8.572483	1.013112	22.98044	0.139563	0.480658	1.00214	2.37764	5.398136
2760	-4043.587	-4047.298	3.711452	1.450842	20.04814	0.217628	0.580164	1.0474	2.15481	5.689991
2770	-4049.404	-4060.503	11.09948	1.150604	24.38323	0.165987	0.517769	1.02107	2.29517	5.247028
2780	-4045.561	-4067.409	21.8478	1.010113	21.44529	0.138967	0.479771	1.00166	2.37961	4.815538
2790	-4046.184	-4068.745	22.56183	0.6116938	22.63385	0.0555285	0.31871	0.887169	2.73859	4.789917
2800	-4036.117	-4048.896	12.77925	1.620598	23.25166	0.243365	0.607472	1.05678	2.09238	5.208934
2810	-4022.848	-4047.613	24.76552	0.7641599	23.98926	0.0879129	0.392294	0.946507	2.57329	4.690079
2820	-4032.152	-4047.51	15.35885	0.7516455	25.58257	0.0852366	0.386912	0.9426	2.58525	5.037258
2830	-4033.12	-4045.854	12.7339	1.175033	24.71318	0.170499	0.523706	1.02387	2.28192	5.169627
2840	-4033.266	-4047.142	13.87613	1.294854	19.87999	0.191823	0.550421	1.0357	2.22205	5.180632
2850	-4036.686	-4059.613	22.92731	1.110726	23.36634	0.158502	0.507678	1.01617	2.31765	4.771878
2860	-4035.745	-4045.384	9.638579	1.26667	19.08305	0.186927	0.544473	1.03318	2.23542	5.385128
2870	-4039.347	-4057.029	17.68246	1.186194	17.37681	0.172542	0.52636	1.0251	2.27599	4.861537
2880	-4077.495	-4069.164	-8.331002	1.369353	17.99716	0.204417	0.56526	1.04173	2.18859	6.352733
2890	-4043.369	-4058.688	15.31911	0.7970159	19.11863	0.0949236	0.40593	0.956125	2.54302	5.088623
2900	-4025.073	-4052.783	27.71007	0.813795	23.56858	0.0984906	0.412629	0.960705	2.52817	4.567604
2910	-4048.156	-4052.106	3.949468	1.739877	15.10397	0.260115	0.624157	1.06187	2.05385	5.48368
2920	-4043.19	-4066.476	23.28655	0.9545136	25.12212	0.127791	0.462639	0.992034	2.41754	4.735987
2930	-4049.138	-4057.375	8.236953	1.462837	19.28847	0.219524	0.582251	1.04816	2.15006	5.46104
2940	-4067.034	-4064.729	-2.304961	1.426955	18.42694	0.213815	0.575929	1.04583	2.16443	6.017598
2950	-4048.007	-4057.998	9.991472	1.127698	18.16148	0.161706	0.512035	1.01831	2.30795	5.341132
2960	-4052.146	-4069.619	17.47273	1.164154	23.21898	0.168497	0.521085	1.02264	2.28777	5.007562
2970	-4024.216	-4051.015	26.79921	0.9592589	22.78666	0.128755	0.464154	0.992907	2.41418	4.603863
2980	-4018.637	-4043.081	24.44413	1.042799	21.09527	0.145414	0.489249	1.00674	2.35859	4.687531
2990	-4032.824	-4053.897	21.07327	0.9151553	24.2706	0.11973	0.449675	0.984384	2.44621	4.839808
3000	-4054.056	-4076.352	22.29675	0.8856652	20.51719	0.113615	0.439467	0.978132	2.46879	4.77687
3010	-4041.189	-4056.441	15.25173	1.029182	21.80897	0.142739	0.485351	1.00467	2.36724	5.121479
3020	-4028.482	-4048.244	19.76165	0.9563276	24.79238	0.12816	0.46322	0.992369	2.41625	4.883593
3030	-4034.65	-4059.321	24.67132	0.7952573	22.5276	0.0945491	0.405218	0.955632	2.5446	4.696209
3040	-4017.004	-4053.143	36.13878	0.9843215	27.38463	0.133815	0.471988	0.997353	2.39684	4.214687
3050	-4035.577	-4058.147	22.57062	0.9940927	22.32918	0.135774	0.474969	0.999014	2.39024	4.789025
3060	-4039.304	-4062.747	23.44271	1.136437	22.7107	0.163345	0.514242	1.01938	2.30303	4.75111
3070	-4006.075	-4048.188	42.1121	0.6202341	26.19318	0.0573063	0.323334	0.891301	2.72806	3.995546
3080	-4017.134	-4054.685	37.55112	0.7138889	28.77188	0.0771571	0.37001	0.929908	2.62292	4.146824
3090	-4024.067	-4061.148	37.08089	0.631952	27.7655	0.0597579	0.329574	0.896784	2.71388	4.176412
3100	-4037.456	-4062.957	25.50045	0.6783327	22.81465	0.0695674	0.353125	0.916567	2.66074	4.660976
3110	-4016.851	-4045.638	28.78702	0.988139	23.01427	0.134581	0.473157	0.998007	2.39425	4.518782
3120	-4034.614	-4067.962	33.34816	0.6204962	23.56105	0.057361	0.323475	0.891426	2.72774	4.328299
3130	-4034.713	-4063.435	28.72244	0.8195001	21.76151	0.0997009	0.414868	0.962215	2.52322	4.502757
3140	-4027.967	-4049.931	21.96428	1.193339	20.51272	0.173844	0.52804	1.02588	2.27224	4.792962
3150	-4023.419	-4050.161	26.74148	0.7356504	22.1928	0.0818137	0.379876	0.937395	2.60091	4.600552
3160	-4023.658	-4048.589	24.93061	1.16002	21.76446	0.167733	0.520079	1.02217	2.29002	4.677045
3170	-4030.052	-4051.501	21.44929	0.869574	24.23613	0.110254	0.433707	0.974514	2.48153	4.824834
3180	-4016.343	-4044.108	27.76461	0.8684661	29.84713	0.110022	0.433305	0.974259	2.48241	4.457024
3190	-4018.018	-4040.388	22.36999	0.8947744	21.40044	0.11551	0.442667	0.980114	2.46171	4.790594
3200	-4031.038	-4050.721	19.68315	1.194411	20.54706	0.174039	0.528291	1.02599	2.27168	4.904836
3210	-4051.921	-4071.124	19.20312	1.236845	20.75648	0.181667	0.537961	1.03034	2.25003	4.931665
3220	-4060.431	-4069.912	9.480813	1.87557	22.59665	0.277955	0.641094	1.06654	2.01441	5.368798
3230	-4040.768	-4056.382	15.61475	0.8799697	22.94274	0.112427	0.437444	0.976869	2.47326	5.092298
3240	-4051.797	-4059.541	7.744224	1.513554	16.58919	0.227409	0.590797	1.05121	2.13059	5.384967
3250	-4039.937	-4051.625	11.68805	1.064603	26.26612	0.149661	0.495344	1.00993	2.34506	5.154159
3260	-4040.048	-4048.034	7.986713	1.156877	21.55931	0.167151	0.519311	1.02181	2.29173	5.459734
3270	-4049.96	-4047.462	-2.498246	1.331962	18.53587	0.198159	0.557967	1.03881	2.20506	6.027419
3280	-4039.253	-4045.924	6.671008	1.50513	19.74024	0.226114	0.589408	1.05072	2.13376	5.543339
3290	-4053.03	-4056.522	3.492091	1.560393	17.05345	0.234503	0.59831	1.05378	2.11341	5.665156
3300	-4035.978	-4044.884	8.906283	1.145747	22.22196	0.165084	0.516567	1.0205	2.29785	5.403523
3310	-4030.535	-4049.624	19.08894	0.9048546	23.00225	0.117601	0.446159	0.982254	2.45399	4.940295
3320	-4042.255	-4052.596	10.34039	1.142353	20.09282	0.164451	0.515723	1.02009	2.29973	5.359497
3330	-4043.714	-4041.782	-1.931199	1.45443	18.9384	0.218196	0.580791	1.04763	2.15338	5.993303
3340	-4067.631	-4051.514	-16.11762	1.520307	18.65626	0.228443	0.591902	1.05159	2.12806	6.756462
3350	-4055.763	-4061.214	5.451593	1.434381	17.30639	0.215005	0.577257	1.04632	2.16141	5.562344
3360	-4045.607	-4055.452	9.844924	0.9583809	18.61738	0.128577	0.463874	0.992746	2.4148	5.363794
3370	-4049.611	-4063.084	13.47318	1.021041	17.33558	0.141133	0.482986	1.0034	2.37248	5.100903
3380	-4027.853	-4053.463	25.60998	1.012534	22.76252	0.139448	0.480487	1.00205	2.37802	4.655941
3390	-4043.3	-4057.199	13.89962	1.086766	22.25682	0.153934	0.501363	1.01301	2.33169	5.178354
3400	-4027.359	-4058.774	31.4148	0.7816315	24.12241	0.0916445	0.399632	0.951732	2.55699	4.413369
3410	-4041.795	-4054.96	13.16533	0.7909562	21.7752	0.0936329	0.403467	0.954417	2.54848	5.217506
3420	-4035.935	-4052.684	16.74937	1.321157	19.7955	0.196327	0.555802	1.03793	2.20994	5.034139
3430	-4034.164	-4046.813	12.64909	0.9509893	20.15375	0.127074	0.461508	0.991379	2.42004	5.245112
3440	-4061.964	-4062.033	0.06913786	1.264107	22.79028	0.186478	0.543922	1.03294	2.23666	5.776759
3450	-4070.098	-4064.857	-5.241083	1.256913	17.06879	0.185215	0.542367	1.03227	2.24015	6.177483
3460	-4046.858	-4051.637	4.779623	0.8699797	21.23962	0.110339	0.433854	0.974607	2.4812	5.616436
3470	-4065.139	-4071.642	6.5023	1.401009	22.10708	0.209617	0.571205	1.04404	2.17514	5.514892
3480	-4040.76	-4058.878	18.11725	1.097313	23.06232	0.155951	0.504167	1.01442	2.32546	4.981819
3490	-4045.693	-4061.799	16.1053	0.9502238	22.23775	0.126918	0.461261	0.991236	2.42058	5.079424
3500	-4034.448	-4048.162	13.71437	0.8394334	17.43168	0.103918	0.422539	0.96731	2.50623	5.093679
3510	-4024.641	-4054.157	29.51615	0.7850637	25.58206	0.0923767	0.40105	0.952729	2.55384	4.483867
3520	-4043.175	-4070.154	26.97911	0.6969206	25.40592	0.0735306	0.362074	0.923722	2.64067	4.58547
3530	-4019.711	-4046.714	27.00262	0.861726	22.97805	0.108609	0.430847	0.972693	2.48785	4.596131
3540	-4031.416	-4061.276	29.85955	0.9253491	20.18617	0.121829	0.453103	0.986439	2.43863	4.392778
3550	-4031.776	-4057.66	25.88461	1.085325	22.56679	0.153657	0.500977	1.01281	2.33255	4.642645
3560	-4023.879	-4048.975	25.09584	0.8875289	24.13671	0.114003	0.440125	0.978541	2.46733	4.675208
3570	-4026.001	-4050.632	24.6315	1.076687	25.37148	0.151996	0.498647	1.01163	2.33773	4.678454
3580	-4053.639	-4058.996	5.357192	1.132354	17.62491	0.16258	0.513214	1.01888	2.30532	5.580489
3590	-4050.451	-4055.806	5.355216	1.429122	20.40509	0.214163	0.576317	1.04597	2.16355	5.604131
3600	-4045.53	-4039.795	-5.734866	1.481752	17.1556	0.22249	0.585491	1.04933	2.14269	6.207409
3610	-4045.314	-4046.456	1.141811	0.9366018	18.82339	0.124137	0.45683	0.988646	2.43039	5.831322
3620	-4047.086	-4046.408	-0.6778156	1.423962	23.07638	0.213334	0.57539	1.04563	2.16565	5.796118
3630	-4059.635	-4056.564	-3.071223	1.071319	16.06624	0.15096	0.497186	1.01088	2.34097	6.014647
3640	-4047.439	-4047.907	0.4682459	1.154417	17.73757	0.166695	0.518708	1.02152	2.29308	5.859993
3650	-4059.04	-4058.855	-0.1841591	1.61433	21.19293	0.242456	0.606543	1.05649	2.09452	5.851735
3660	-4063.102	-4073.176	10.07366	1.073878	19.73012	0.151454	0.497884	1.01124	2.33942	5.370888
3670	-4031.869	-4045.314	13.44526	0.7258786	21.39969	0.0797223	0.375489	0.934093	2.6107	5.207634
3680	-4030.587	-4045.062	14.47464	1.142143	23.93633	0.164412	0.51567	1.02007	2.29985	5.120392
3690	-4059.578	-4063.765	4.187254	1.392535	20.1481	0.208234	0.569633	1.04343	2.1787	5.665048
3700	-4053.778	-4063.633	9.855081	1.316947	19.64567	0.19561	0.554952	1.03758	2.21186	5.381289
3710	-4039.916	-4062.241	22.32467	0.7979728	19.63331	0.0951273	0.406317	0.956392	2.54216	4.746056
3720	-4026.369	-4046.735	20.36605	1.324476	24.17993	0.196891	0.55647	1.0382	2.20843	4.870463
3730	-4044.86	-4054.065	9.204954	1.268706	21.45664	0.187283	0.544909	1.03336	2.23445	5.404899
3740	-4047.142	-4054.154	7.012055	0.9575308	21.07256	0.128404	0.463604	0.99259	2.4154	5.514263
3750	-4059.989	-4060.944	0.9545671	1.841249	20.03154	0.273559	0.636996	1.06546	2.02399	5.827826
3760	-4044.251	-4063.106	18.85463	1.160723	21.90566	0.167863	0.52025	1.02225	2.28964	4.956337
3770	-4026.043	-4046.844	20.80042	1.109402	20.37532	0.158251	0.507334	1.016	2.31841	4.84648
3780	-4040.08	-4051.994	11.91395	1.243669	19.20491	0.182878	0.539471	1.031	2.24665	5.268665
3790	-4033.121	-4047.163	14.04161	1.120088	21.62188	0.160273	0.510093	1.01736	2.31227	5.178466
3800	-4044.524	-4055.958	11.43432	1.566401	19.93294	0.2354	0.599248	1.05409	2.11126	5.30392
3810	-4043.752	-4060.94	17.18773	1.354738	23.86629	0.201985	0.562445	1.04062	2.19495	5.008453
3820	-4030.882	-4051.633	20.75124	0.777002	22.20794	0.0906564	0.397707	0.950373	2.56126	4.870483
3830	-4025.5	-4053.1	27.59975	0.7316676	25.61295	0.0809612	0.378096	0.936061	2.60488	4.558364
3840	-4033.58	-4050.428	16.84797	1.070875	19.53201	0.150875	0.497065	1.01082	2.34124	5.022176
3850	-4037.848	-4054.907	17.059	0.8018341	24.63109	0.095949	0.407871	0.957462	2.53872	4.996663
3860	-4046.059	-4061.327	15.26827	1.115159	25.78661	0.159341	0.508825	1.01674	2.3151	5.034142
3870	-4040.123	-4057.133	17.01054	1.465005	22.42243	0.219866	0.582626	1.0483	2.14921	5.037249
3880	-4040.758	-4056.972	16.21457	1.214151	21.93492	0.177608	0.532851	1.02806	2.26148	5.076694
3890	-4036.7	-4057.719	21.01861	0.7534168	21.34776	0.0856155	0.387681	0.943162	2.58354	4.853166
3900	-4019.695	-4049.837	30.14219	0.6762188	23.15315	0.0691176	0.35209	0.915727	2.66307	4.461309
3910	-4022.398	-4054.5	32.1019	0.7334378	22.0174	0.0813401	0.378889	0.936656	2.60311	4.354609
3920	-4041.542	-4064.515	22.97333	0.8513415	20.31986	0.106427	0.427011	0.970225	2.49634	4.73816
3930	-4029.421	-4063.149	33.72775	0.6432909	25.2362	0.0621421	0.335498	0.901894	2.70047	4.320222
3940	-4047.118	-4061.002	13.88339	1.218426	21.68286	0.178376	0.533824	1.0285	2.2593	5.185314
3950	-4035.089	-4050.071	14.98174	1.247425	20.07459	0.183542	0.540297	1.03137	2.24479	5.128231
3960	-4044.163	-4046.254	2.090728	1.097428	19.04559	0.155973	0.504197	1.01444	2.32539	5.78076
3970	-4041.371	-4049.654	8.282924	1.093343	21.20009	0.155193	0.503116	1.01389	2.3278	5.452103
3980	-4033.21	-4039.913	6.702813	0.9760803	20.67102	0.132157	0.469442	0.995921	2.40248	5.535052
3990	-4035.758	-4052.992	17.23395	1.049083	20.144	0.146642	0.491024	1.00768	2.35465	5.017428
4000	-4036.421	-4050.167	13.74624	1.147023	22.34001	0.165321	0.516884	1.02065	2.29714	5.184063
4010	-4035.894	-4046.59	10.69561	1.434442	21.82802	0.215015	0.577268	1.04633	2.16139	5.330083
4020	-4029.692	-4047.579	17.88687	0.847267	24.61121	0.10557	0.42549	0.969238	2.4997	4.963515
4030	-4052.288	-4057.222	4.933344	1.425595	19.26035	0.213596	0.575684	1.04574	2.16498	5.632269
4040	-4054.088	-4053.037	-1.050713	1.531526	17.96359	0.230152	0.593721	1.05222	2.12391	5.947953
4050	-4031.943	-4046.367	14.42413	1.236985	20.88208	0.181691	0.537992	1.03035	2.24996	5.162301
4060	-4053.969	-4061.968	7.998513	1.086887	21.5085	0.153957	0.501396	1.01303	2.33162	5.460159
4070	-4039.652	-4043.704	4.052668	1.277579	20.10176	0.188831	0.546798	1.03417	2.2302	5.67232
4080	-4047.257	-4050.764	3.507489	1.30877	17.8046	0.194214	0.553288	1.0369	2.2156	5.690418
4090	-4059.996	-4059.915	-0.08028209	1.464849	16.42452	0.219841	0.582599	1.04829	2.14927	5.848718
4100	-4050.169	-4060.735	10.56588	1.180873	23.90305	0.17157	0.525099	1.02452	2.27881	5.284748
4110	-4059.083	-4057.513	-1.570462	1.007737	18.52731	0.138495	0.479065	1.00127	2.38117	5.977402
4120	-4040.385	-4055.069	14.68455	1.291977	26.74499	0.191327	0.549823	1.03545	2.2234	5.022588
4130	-4031.158	-4041.828	10.67031	1.511072	20.72102	0.227028	0.590389	1.05107	2.13152	5.342917
4140	-4049.962	-4069.179	19.21775	0.7169548	21.02167	0.0778129	0.371421	0.930993	2.61977	4.934475
4150	-4030.307	-4049.944	19.63734	0.7750138	25.12675	0.0902319	0.396876	0.949784	2.56311	4.881138
4160	-4037.397	-4054.152	16.75418	0.8613999	23.78706	0.108541	0.430728	0.972617	2.48811	5.028231
4170	-4030.047	-4040.697	10.65009	1.140529	20.03868	0.16411	0.515267	1.01988	2.30075	5.343847
4180	-4038.476	-4047.505	9.028872	1.153247	20.38867	0.166478	0.51842	1.02138	2.29372	5.424163
4190	-4041.183	-4054.429	13.24613	0.8609052	25.02436	0.108437	0.430546	0.972501	2.48852	5.138889
4200	-4060.404	-4067.44	7.036348	1.357825	22.25918	0.2025	0.563043	1.04085	2.1936	5.486656
4210	-4056.468	-4061.061	4.592871	1.122621	23.07902	0.16075	0.510742	1.01768	2.31083	5.567616
4220	-4045.823	-4059.79	13.96714	1.116105	21.65541	0.15952	0.509069	1.01686	2.31455	5.181663
4230	-4023.945	-4055.013	31.06808	0.8510361	25.24718	0.106363	0.426898	0.970152	2.49659	4.425549
4240	-4034.613	-4054.999	20.38597	0.8633494	23.96325	0.10895	0.431441	0.973073	2.48654	4.873033
4250	-4017.204	-4041.598	24.39405	0.9643818	24.8935	0.129793	0.465778	0.993838	2.41059	4.695331
4260	-4044.918	-4052.542	7.624355	1.498594	17.989	0.225105	0.588322	1.05034	2.13623	5.465906
4270	-4034.963	-4053.701	18.7378	1.083257	21.32339	0.15326	0.500422	1.01253	2.33379	4.959851
4280	-4037.714	-4060.952	23.2384	1.083741	24.24894	0.153353	0.500552	1.0126	2.3335	4.750862
4290	-4042.832	-4062.345	19.51335	1.344893	22.43628	0.200337	0.560523	1.03985	2.19929	4.925574
4300	-4046.91	-4058.631	11.72114	1.359499	20.36549	0.202779	0.563367	1.04098	2.19287	5.292054
4310	-4032.481	-4043.957	11.4753	0.8529711	26.2144	0.10677	0.427617	0.970617	2.495	5.164342
4320	-4041.432	-4050.333	8.900989	1.118565	21.27951	0.159985	0.509702	1.01717	2.31314	5.421819
4330	-4043.814	-4050.328	6.513114	1.018702	22.02632	0.14067	0.482302	1.00303	2.374	5.516579
4340	-4048.09	-4067.006	18.91531	1.491817	24.50065	0.224056	0.587189	1.04994	2.13882	4.924074
4350	-4022.985	-4050.924	27.93966	1.355184	22.27671	0.20206	0.562532	1.04065	2.19476	4.547827
4360	-4033.931	-4058.456	24.52444	0.600595	22.87325	0.0532308	0.312603	0.881622	2.75254	4.703866
4370	-4031.405	-4051.673	20.26856	0.8880073	19.39747	0.114103	0.440294	0.978646	2.46696	4.84179
4380	-4023.679	-4051.812	28.13345	0.86067	24.95202	0.108388	0.43046	0.972445	2.48871	4.54462
4390	-4041.323	-4061.77	20.44714	1.001409	23.51167	0.137235	0.477175	1.00023	2.38536	4.876433
4400	-4031.12	-4056.897	25.77759	0.7612897	22.16078	0.0872993	0.391069	0.945623	2.57601	4.643621
4410	-4029.495	-4051.032	21.53665	1.040025	20.94753	0.14487	0.48846	1.00633	2.36034	4.822888
4420	-4016.902	-4043.415	26.51356	1.040421	20.18599	0.144948	0.488573	1.00639	2.36009	4.558527
4430	-4046.295	-4054.757	8.462276	1.105338	18.44169	0.157479	0.506275	1.01547	2.32077	5.433675
4440	-4046.637	-4049.018	2.381351	1.271401	18.47792	0.187754	0.545485	1.03361	2.23315	5.763723
4450	-4047.369	-4049.341	1.971562	0.9373444	18.48724	0.124289	0.457074	0.988789	2.42985	5.785965
4460	-4052.693	-4057.678	4.984947	1.417506	21.76784	0.212293	0.574223	1.04519	2.1683	5.593384
4470	-4038.267	-4048.533	10.26576	1.369834	19.30745	0.204496	0.565352	1.04177	2.18839	5.356152
4480	-4031.071	-4057.024	25.95322	1.136617	23.86196	0.163379	0.514288	1.0194	2.30293	4.641197
4490	-4034.414	-4051.892	17.47805	0.7760261	21.57192	0.0904481	0.3973	0.950084	2.56217	5.019503
4500	-4049.91	-4065.229	15.31925	0.8832157	22.69974	0.113105	0.438599	0.977591	2.47071	5.108964
4510	-4030.418	-4049.287	18.86971	0.7795489	21.88968	0.0912001	0.398768	0.951123	2.55891	4.955645
4520	-4046.917	-4062.263	15.3452	1.069195	23.86564	0.15055	0.496606	1.01058	2.34226	5.08567
4530	-4033.572	-4058.073	24.50101	0.8055154	20.60778	0.0967318	0.409345	0.958471	2.53545	4.672187
4540	-4018.603	-4043.787	25.18387	1.040732	23.9842	0.145009	0.488661	1.00643	2.3599	4.672674
4550	-4029.536	-4056.565	27.02884	1.110048	25.02077	0.158374	0.507502	1.01608	2.31804	4.588157
4560	-4035.074	-4052.671	17.59694	1.03838	22.18077	0.144548	0.487991	1.00608	2.36138	5.012667
4570	-4032.226	-4041.989	9.762771	1.305902	21.91124	0.193723	0.552701	1.03665	2.21692	5.371278
4580	-4035.553	-4059.096	23.54304	1.071164	22.47249	0.15093	0.497144	1.01086	2.34107	4.746107
4590	-4028.582	-4045.567	16.98466	1.162266	22.40767	0.168148	0.520626	1.02243	2.2888	5.038533
4600	-4020.356	-4039.248	18.89166	0.9212563	20.71023	0.120987	0.451733	0.98562	2.44166	4.945992
4610	-4027.663	-4050.058	22.39508	1.030039	20.33993	0.142908	0.485598	1.0048	2.36669	4.767202
4620	-4043.204	-4064.137	20.93287	0.8496508	24.89855	0.106072	0.426381	0.969817	2.49773	4.83427
4630	-4036.147	-4059.527	23.37968	0.8561027	23.43368	0.107429	0.428778	0.971365	2.49243	4.752164
4640	-4054.779	-4063.983	9.203753	1.234329	19.58136	0.181219	0.537402	1.03009	2.25129	5.41396
4650	-4064.691	-4075.836	11.14576	1.147543	21.29539	0.165418	0.517012	1.02071	2.29686	5.316174
4660	-4042.887	-4046.974	4.086536	1.33173	18.38553	0.198119	0.557921	1.0388	2.20516	5.670138
4670	-4050.736	-4062.478	11.74131	1.248069	22.0624	0.183656	0.540438	1.03143	2.24448	5.27864
4680	-4042.054	-4059.238	17.18314	1.428832	22.0841	0.214116	0.576265	1.04595	2.16366	5.031873
4690	-4042.001	-4059.238	17.23649	1.41245	22.58441	0.211476	0.573304	1.04484	2.17038	5.025696
4700	-4047.987	-4059.955	11.96843	1.439243	21.38134	0.215782	0.578121	1.04664	2.15945	5.276812
4710	-4037.45	-4055.003	17.55324	1.001928	20.35441	0.137338	0.477331	1.00032	2.38501	5.005496
4720	-4019.598	-4047.619	28.0207	0.7628648	24.51752	0.0876361	0.391742	0.946109	2.57451	4.552338
4730	-4030.409	-4052.575	22.16653	1.308993	21.48757	0.194252	0.553334	1.03691	2.2155	4.801194
4740	-4048.219	-4060.626	12.4073	1.002248	21.94124	0.137402	0.477426	1.00037	2.3848	5.250179
4750	-4042.161	-4059.232	17.0708	1.247623	20.41042	0.183577	0.540341	1.03138	2.2447	5.030061
4760	-4037.359	-4060.576	23.21622	0.7635147	23.38865	0.087775	0.392019	0.946309	2.5739	4.759394
4770	-4027.808	-4046.035	18.22678	0.7434766	21.33097	0.0834886	0.383341	0.939972	2.5932	4.983857
4780	-4062.547	-4061.879	-0.6681781	1.11646	20.62461	0.159588	0.509161	1.0169	2.31435	5.893031
4790	-4058.78	-4066.11	7.329336	1.079629	21.29036	0.152563	0.499444	1.01204	2.33596	5.49548
4800	-4065.438	-4059.146	-6.291593	1.109419	15.34096	0.158254	0.507338	1.016	2.3184	6.178119
4810	-4047.709	-4059.13	11.42094	1.1193	20.33712	0.160124	0.509891	1.01726	2.31272	5.306731
4820	-4052.261	-4057.954	5.692834	0.8997683	17.83393	0.116547	0.444404	0.981181	2.45787	5.568621
4830	-4067.766	-4058.755	-9.011576	1.371031	15.94002	0.204694	0.56558	1.04186	2.18787	6.380613
4840	-4063.412	-4072.922	9.510324	1.173567	19.70372	0.17023	0.523355	1.02371	2.28271	5.399263
4850	-4053.546	-4067.568	14.02148	1.143121	20.022	0.164594	0.515914	1.02019	2.29931	5.175382
4860	-4050.948	-4066.235	15.28643	1.439491	22.04784	0.215822	0.578165	1.04666	2.15935	5.118082
4870	-4023.153	-4038.82	15.6669	1.047622	18.63263	0.146357	0.490612	1.00746	2.35557	5.051745
4880	-4032.435	-4052.346	19.91194	0.9233649	21.19883	0.121421	0.45244	0.986043	2.4401	4.903553
4890	-4058.049	-4059.656	1.606978	0.9627227	20.97976	0.129457	0.465253	0.993538	2.41175	5.7734
4900	-4040.686	-4043.379	2.693055	1.51274	20.88785	0.227284	0.590663	1.05116	2.13089	5.723936
4910	-4048.401	-4061.027	12.62675	1.292036	19.99779	0.191337	0.549835	1.03545	2.22337	5.244797
4920	-4022.247	-4048.182	25.93423	0.8758314	24.75145	0.111563	0.435963	0.975939	2.47653	4.635073
4930	-4034.573	-4053.077	18.50317	1.239669	18.79188	0.182168	0.538588	1.03062	2.24863	4.907485
4940	-4026.257	-4045.526	19.26909	0.9480773	21.07743	0.126481	0.460569	0.990834	2.42212	4.932657
4950	-4051.637	-4082.811	31.17385	1.055162	24.10911	0.147827	0.492727	1.00857	2.35088	4.423323
4960	-4027.093	-4053.191	26.09774	0.8343172	25.49376	0.102837	0.420592	0.966028	2.51054	4.618852
4970	-4026.084	-4055.157	29.07303	0.9582503	26.25612	0.12855	0.463833	0.992722	2.41489	4.492429
4980	-4018.649	-4051.247	32.59759	0.6043394	29.30373	0.0540043	0.314676	0.883517	2.7478	4.307603
4990	-4030.19	-4064.378	34.18804	0.7119899	26.28443	0.0767509	0.369133	0.929232	2.62488	4.297405
5000	-4019.803	-4053.668	33.86571	0.6417569	23.73845	0.0618189	0.334703	0.901213	2.70226	4.308363
5010	-4017.711	-4056.196	38.48494	0.7652009	27.13057	0.0881354	0.392737	0.946826	2.5723	4.13073
5020	-4024.885	-4065.537	40.65196	0.8212794	24.27469	0.100078	0.415562	0.962681	2.52168	4.033196
5030	-4045.186	-4075.463	30.27686	0.9509624	26.04923	0.127069	0.461499	0.991374	2.42006	4.449166
5040	-4054.932	-4074.766	19.83426	0.8009466	20.73266	0.0957602	0.407515	0.957217	2.53951	4.90086
5050	-4059.701	-4069.83	10.12882	1.464943	20.03017	0.219856	0.582615	1.04829	2.14923	5.369831
5060	-4036.014	-4059.095	23.08055	0.9495663	22.27393	0.126784	0.46105	0.991113	2.42105	4.765939
5070	-4027.971	-4045.745	17.77351	1.158641	21.72298	0.167478	0.519742	1.02201	2.29077	5.005905
5080	-4053.016	-4062.772	9.756479	1.517441	18.80778	0.228004	0.591434	1.05143	2.12913	5.373305
5090	-4042.446	-4058.487	16.04065	0.8499047	23.79691	0.106125	0.426476	0.969878	2.49752	5.058016
5100	-4063.972	-4068.656	4.683907	1.171527	18.2519	0.169855	0.522865	1.02348	2.2838	5.635223
5110	-4025.302	-4049.373	24.07084	1.0244	19.90974	0.141796	0.483965	1.00393	2.37031	4.669033
5120	-4040.208	-4064.935	24.72637	0.9418448	26.06132	0.125209	0.458546	0.989653	2.42659	4.662
5130	-4061.927	-4076.487	14.55999	1.334549	21.64564	0.198596	0.558481	1.03902	2.2039	5.154347
5140	-4029.658	-4052.392	22.73352	1.029148	25.83801	0.142733	0.485341	1.00467	2.36726	4.743514
5150	-4048.218	-4073.426	25.208	0.9913456	23.33878	0.135224	0.474135	0.998551	2.39209	4.674314
5160	-4018.378	-4055.365	36.98696	0.5399809	24.45808	0.0410162	0.277217	0.847313	2.83445	4.186076
5170	-4026.073	-4063.317	37.2447	0.5684478	27.714	0.0466727	0.294272	0.864327	2.79473	4.171064
5180	-4022.958	-4060.533	37.57522	0.7762727	24.15089	0.0905007	0.397403	0.950157	2.56194	4.158369
5190	-4025.869	-4055.498	29.62886	0.8103791	21.36592	0.0977653	0.411279	0.95979	2.53117	4.450378
5200	-4016.236	-4051.141	34.90458	0.6619948	23.97203	0.0660963	0.345032	0.909927	2.67894	4.267253
5210	-4026.312	-4058.921	32.60866	0.7092438	27.81252	0.0761638	0.367859	0.928246	2.62773	4.336687
5220	-4009.172	-4046.953	37.78136	0.6230352	23.63489	0.0578911	0.324837	0.892631	2.72464	4.141542
5230	-4023.445	-4056.788	33.34274	0.5643629	22.78248	0.0458514	0.291873	0.861989	2.80029	4.316617
5240	-4021.031	-4050.101	29.07019	1.097497	22.63375	0.155986	0.504216	1.01445	2.32535	4.502366
5250	-4047.348	-4053.643	6.295823	0.7490545	27.55494	0.0846822	0.385785	0.941773	2.58776	5.295861
5260	-4042.554	-4057.039	14.48479	0.9905787	21.70868	0.13507	0.473902	0.998421	2.39261	5.1574
5270	-4034.16	-4045.128	10.96776	1.29121	19.09711	0.191194	0.549663	1.03538	2.22376	5.315773
5280	-4054.533	-4061.816	7.282809	1.242472	19.10279	0.182665	0.539207	1.03089	2.24724	5.508793
5290	-4046.385	-4060.362	13.97697	1.047491	21.73423	0.146331	0.490575	1.00744	2.35565	5.180583
5300	-4042.751	-4063.832	21.08102	0.9442724	20.50587	0.125705	0.459336	0.990115	2.42484	4.835862
5310	-4039.805	-4055.744	15.93903	0.9981223	20.86457	0.136579	0.476187	0.999688	2.38755	5.089652
5320	-4066.466	-4068.871	2.405204	1.038117	19.27647	0.144496	0.487916	1.00604	2.36155	5.763448
5330	-4038.125	-4050.887	12.76149	1.31468	18.7123	0.195224	0.554492	1.03739	2.21289	5.210418
5340	-4038.407	-4048.689	10.28194	1.322688	21.00931	0.196587	0.556111	1.03806	2.20924	5.359658
5350	-4039.144	-4048.168	9.024142	1.067575	19.91458	0.150236	0.496162	1.01035	2.34325	5.424791
5360	-4042.077	-4044.351	2.27392	1.027499	18.98188	0.142408	0.484864	1.00441	2.36832	5.771235
5370	-4054.913	-4065.677	10.76416	1.102741	18.94005	0.156986	0.505595	1.01514	2.32228	5.322992
5380	-4054.661	-4064.126	9.465167	1.336628	16.72979	0.198946	0.558894	1.03919	2.20297	5.292168
5390	-4039.67	-4045.1	5.430647	1.390406	18.63775	0.207885	0.569236	1.04328	2.1796	5.60119
5400	-4045.788	-4049.613	3.825598	1.104952	18.55683	0.157406	0.506174	1.01542	2.32099	5.686484
5410	-4067.999	-4072.632	4.633149	2.32453	21.64562	0.329163	0.685612	1.07633	1.90889	5.612954
5420	-4040.772	-4050.596	9.824093	0.9013817	23.0677	0.116881	0.444962	0.981523	2.45663	5.341267
5430	-4028.912	-4044.629	15.71707	0.928904	20.84459	0.122559	0.454287	0.987143	2.43601	5.100177
5440	-4051.052	-4060.471	9.418126	1.381735	18.37622	0.206461	0.56761	1.04265	2.18328	5.379862
5450	-4031.119	-4047.656	16.53609	1.011073	21.91709	0.139158	0.480055	1.00181	2.37898	5.062124
5460	-4019.399	-4040.837	21.43783	0.940803	21.63399	0.124996	0.458206	0.989454	2.42734	4.8365
5470	-4051.614	-4062.56	10.94609	1.633377	23.44358	0.245211	0.60935	1.05738	2.08806	5.28247
5480	-4048.812	-4061.486	12.67359	1.007626	18.32222	0.138473	0.479032	1.00125	2.38124	5.200478
5490	-4047.714	-4055.393	7.678151	1.086388	20.65835	0.153861	0.501262	1.01296	2.33192	5.488003
5500	-4034.664	-4047.931	13.26719	0.9544393	20.54933	0.127776	0.462616	0.992021	2.41759	5.217102
5510	-4036.529	-4056.336	19.8066	1.078133	22.53774	0.152275	0.499039	1.01183	2.33686	4.91211
5520	-4043.746	-4059.547	15.80054	0.9393826	21.71205	0.124706	0.457741	0.989182	2.42837	5.096777
5530	-4039.226	-4056.628	17.40263	0.9767298	24.17373	0.132288	0.469644	0.996035	2.40203	4.993153
5540	-4045.3	-4057.339	12.03911	1.127607	19.56374	0.161689	0.512012	1.0183	2.308	5.268887
5550	-4055.048	-4059.222	4.173315	1.28675	16.42212	0.190423	0.54873	1.03499	2.22586	5.589581
5560	-4055.63	-4053.177	-2.452964	1.58948	19.47889	0.23882	0.602803	1.05527	2.10311	6.011484
5570	-4085.701	-4069.189	-16.51166	1.349128	18.76008	0.201047	0.561353	1.04018	2.19742	6.772395
5580	-4065.481	-4058.83	-6.651538	1.620368	17.36476	0.243332	0.607438	1.05677	2.09246	6.261879
5590	-4053.698	-4055.869	2.170935	1.669563	19.17819	0.250368	0.614545	1.059	2.07609	5.776106
5600	-4054.022	-4060.919	6.8974	0.6777854	19.56121	0.0694509	0.352857	0.91635	2.66134	5.5317
5610	-4062.954	-4061.024	-1.929491	1.406463	17.98687	0.210505	0.572209	1.04442	2.17287	5.996989
5620	-4066.974	-4066.256	-0.7183849	1.512133	18.94058	0.227191	0.590564	1.05113	2.13112	5.929244
5630	-4078.431	-4075.223	-3.208006	0.971266	17.16841	0.131186	0.467941	0.995071	2.4058	6.06036
5640	-4058.752	-4066.426	7.674808	1.55291	19.93985	0.233381	0.597133	1.05338	2.1161	5.492519
5650	-4052.256	-4056.418	4.161227	0.9204183	22.16724	0.120814	0.451451	0.985451	2.44228	5.618845
5660	-4055.209	-4057.588	2.378847	1.301729	18.52263	0.193007	0.551843	1.03629	2.21886	5.764206
5670	-4036.977	-4055.431	18.45428	0.8855511	21.16054	0.113591	0.439426	0.978107	2.46888	4.97202
5680	-4038.288	-4058.079	19.79186	0.9222219	22.3799	0.121186	0.452057	0.985814	2.44094	4.913338
5690	-4039.777	-4058.516	18.73941	0.9370642	21.27996	0.124232	0.456982	0.988735	2.43005	4.95948
5700	-4036.675	-4056.963	20.28761	0.6652576	21.92038	0.0667884	0.346666	0.911281	2.67527	4.890965
5710	-4027.738	-4055.186	27.44798	0.8723253	24.73677	0.11083	0.434701	0.975143	2.47933	4.574038
5720	-4046.745	-4055.072	8.32686	0.7894178	22.07664	0.093305	0.402838	0.953979	2.54988	5.433072
5730	-4059.919	-4067.114	7.195184	1.054766	19.24659	0.14775	0.492616	1.00851	2.35112	5.514724
5740	-4037.624	-4059.745	22.12141	0.9481109	22.63491	0.126488	0.46058	0.99084	2.42209	4.809375
5750	-4034.508	-4052.927	18.41963	0.9478838	21.37646	0.126442	0.460506	0.990798	2.42225	4.975066
5760	-4047.099	-4064.735	17.63587	0.9504923	21.18755	0.126973	0.461348	0.991287	2.42039	5.010857
5770	-4045.428	-4059.921	14.49281	0.9869818	21.57887	0.134349	0.472804	0.997809	2.39504	5.15785
5780	-4026.825	-4046.492	19.6673	0.9651754	19.82922	0.129954	0.466028	0.993981	2.41004	4.887784
5790	-4041.011	-4066.485	25.47472	1.080798	21.76944	0.152788	0.499759	1.0122	2.33526	4.652122
5800	-4052.219	-4065.054	12.83488	0.9419179	20.32702	0.125224	0.45857	0.989667	2.42654	5.237147
5810	-4038.137	-4049.562	11.42494	1.226176	21.5031	0.179764	0.535576	1.02928	2.25538	5.300915
5820	-4053.658	-4060.905	7.247317	1.26464	23.02242	0.186572	0.544037	1.03299	2.2364	5.454446
5830	-4042.424	-4055.211	12.7864	0.9617662	19.44073	0.129263	0.46495	0.993364	2.41242	5.228389
5840	-4053.801	-4055.347	1.54508	1.885944	20.37469	0.279269	0.64231	1.06685	2.01157	5.791526
5850	-4049.17	-4053.93	4.760347	1.322892	22.74417	0.196622	0.556152	1.03807	2.20915	5.572554
5860	-4038.869	-4051.197	12.32797	1.398969	18.14455	0.209285	0.570828	1.04389	2.17599	5.211723
5870	-4036.417	-4052.653	16.23585	0.8456107	23.04834	0.105221	0.424869	0.968834	2.50108	5.063617
5880	-4018.38	-4041.478	23.09838	1.332717	25.75416	0.198286	0.558117	1.03888	2.20472	4.731179
5890	-4024.836	-4049.467	24.63096	0.8658833	22.33686	0.109481	0.432366	0.973662	2.48449	4.69681
5900	-4042.03	-4050.599	8.568515	1.053891	19.64932	0.14758	0.492371	1.00839	2.35166	5.446797
5910	-4041.64	-4047.032	5.391908	0.9936045	22.41083	0.135676	0.474821	0.998932	2.39057	5.555789
5920	-4037.075	-4045.228	8.152912	0.8209207	19.55934	0.100002	0.415422	0.962587	2.52199	5.467506
5930	-4026.187	-4041.553	15.36535	1.054976	23.09835	0.147791	0.492675	1.00854	2.35099	5.100511
5940	-4054.485	-4062.086	7.60143	1.317885	19.36997	0.19577	0.555142	1.03766	2.21143	5.494628
5950	-4057.292	-4056.736	-0.5561139	0.8060197	21.4266	0.096839	0.409546	0.958609	2.53501	5.860927
5960	-4074.106	-4067.109	-6.997218	1.105294	19.15212	0.157471	0.506263	1.01547	2.3208	6.254917
5970	-4023.395	-4038.788	15.39235	1.291426	21.75402	0.191232	0.549708	1.0354	2.22366	5.115353
5980	-4040.29	-4048.5	8.210116	1.402199	18.17229	0.209811	0.571424	1.04412	2.17464	5.439561
5990	-4049.485	-4058.407	8.921679	1.220598	20.67361	0.178766	0.534317	1.02872	2.2582	5.42769
6000	-4038.145	-4053.98	15.83554	1.04375	22.94583	0.1456	0.489518	1.00689	2.358	5.082627
6010	-4033.859	-4052.179	18.32	1.268941	23.71686	0.187325	0.544959	1.03338	2.23433	4.963602
6020	-4037.226	-4056.047	18.82167	0.8327368	19.71562	0.102503	0.419988	0.965629	2.51188	4.927062
6030	-4044.299	-4058.163	13.86453	0.8254679	21.91588	0.100965	0.417189	0.963769	2.51808	5.184031
6040	-4030.302	-4059.861	29.55974	0.874021	21.64255	0.111185	0.435312	0.975529	2.47797	4.461299
6050	-4026.797	-4052.425	25.62782	0.8483678	26.63754	0.105801	0.425902	0.969506	2.49879	4.615757
6060	-4049.485	-4061.347	11.86131	0.8593231	21.02728	0.108105	0.429965	0.972128	2.4898	5.284391
6070	-4033.663	-4053.841	20.17815	1.038347	25.23721	0.144541	0.487982	1.00607	2.3614	4.85711
6080	-4039.457	-4056.259	16.8015	0.9885831	22.16516	0.13467	0.473293	0.998082	2.39395	5.048636
6090	-4051.625	-4056.534	4.908924	1.444427	18.86342	0.216609	0.579037	1.04698	2.15737	5.631544
6100	-4053.241	-4061.98	8.73878	1.055775	22.49065	0.147946	0.492898	1.00866	2.3505	5.404413
6110	-4027.986	-4043.89	15.90384	1.057002	21.42206	0.148185	0.493239	1.00884	2.34974	5.092729
6120	-4033.309	-4049.078	15.76846	0.8761366	23.33586	0.111627	0.436072	0.976008	2.47629	5.078826
6130	-4029.922	-4040.632	10.70935	1.197376	18.24052	0.174577	0.528982	1.02631	2.27013	5.304667
6140	-4051.38	-4058.637	7.256798	1.226349	17.10203	0.179795	0.535615	1.0293	2.25529	5.447159
6150	-4041.807	-4058.131	16.32383	1.188615	21.66915	0.172984	0.526931	1.02537	2.27472	5.0728
6160	-4033.084	-4048.02	14.93583	0.8811985	21.42989	0.112684	0.437881	0.977143	2.47229	5.137893
6170	-4029.448	-4056.023	26.57525	0.7589921	23.19689	0.086808	0.390085	0.944911	2.5782	4.615482
6180	-4029.26	-4050.369	21.10883	1.107794	20.71736	0.157946	0.506916	1.01579	2.31935	4.839079
6190	-4043.517	-4061.735	18.21735	0.8192894	19.94742	0.0996562	0.414786	0.96216	2.5234	4.963992
6200	-4043.953	-4057.99	14.03793	0.8379915	22.21955	0.103613	0.421991	0.96695	2.50744	5.172628
6210	-4050.849	-4053.441	2.592042	1.361167	19.57561	0.203057	0.563689	1.04111	2.19214	5.751666
6220	-4034.107	-4052.476	18.36892	1.270643	22.33869	0.187622	0.545323	1.03354	2.23351	4.977146
6230	-4049.697	-4063.866	14.16868	1.012027	21.87663	0.139347	0.480337	1.00196	2.37835	5.170528
6240	-4027.867	-4048.99	21.12295	0.7255153	20.21019	0.0796445	0.375324	0.933969	2.61106	4.826255
6250	-4029.405	-4047.316	17.91048	1.009141	26.04341	0.138774	0.479482	1.0015	2.38025	4.924073
6260	-4039.581	-4069.506	29.92486	0.9559764	21.25901	0.128088	0.463107	0.992304	2.4165	4.433178
6270	-4031.008	-4054.025	23.01759	0.8865568	21.01491	0.113801	0.439782	0.978328	2.46809	4.753581
6280	-4028.781	-4052.54	23.75898	1.021323	21.37198	0.141189	0.483068	1.00345	2.3723	4.725212
6290	-4037.184	-4055.808	18.62373	1.392736	21.54505	0.208267	0.569671	1.04345	2.17861	4.966299
6300	-4037.404	-4060.096	22.69266	0.7858401	24.04812	0.0925423	0.40137	0.952953	2.55313	4.775822
6310	-4035.08	-4058.555	23.47456	0.7911036	26.193	0.0936643	0.403527	0.954459	2.54835	4.707092
6320	-4017.12	-4051.282	34.16229	0.6581087	21.28263	0.0652728	0.343075	0.908297	2.68335	4.234829
6330	-4033.441	-4060.447	27.00679	0.8017736	23.76087	0.0959361	0.407847	0.957445	2.53877	4.597263
6340	-4021.351	-4049.704	28.3526	0.7603959	21.65062	0.0871082	0.390687	0.945347	2.57686	4.517262
6350	-4047.814	-4057.799	9.984696	0.9028646	23.08689	0.117189	0.445474	0.981836	2.4555	5.333774
6360	-4043.81	-4055.763	11.95394	1.093686	22.01764	0.155259	0.503207	1.01394	2.32759	5.269697
6370	-4020.771	-4048.484	27.71276	0.9342969	23.42633	0.123665	0.456071	0.988199	2.43206	4.567238
6380	-4027.692	-4045.096	17.40453	1.062279	22.29252	0.14921	0.494703	1.0096	2.34649	5.020642
6390	-4051.403	-4057.819	6.416747	1.251042	20.25935	0.184181	0.541089	1.03171	2.24302	5.553507
6400	-4057.616	-4062.334	4.717891	1.194522	21.63135	0.174059	0.528317	1.026	2.27162	5.609427
6410	-4069.197	-4065.794	-3.403311	1.139282	20.73378	0.163877	0.514956	1.01973	2.30144	6.021638
6420	-4052.164	-4063.249	11.0849	1.292424	17.75703	0.191404	0.549916	1.03549	2.22319	5.262446
6430	-4045.276	-4052.058	6.7823	1.370348	18.03671	0.204581	0.56545	1.0418	2.18816	5.514198
6440	-4055.491	-4068.105	12.61367	1.152031	20.89926	0.166252	0.518121	1.02124	2.29439	5.248967
6450	-4043.454	-4052.258	8.804126	1.297109	18.43611	0.192212	0.550889	1.0359	2.221	5.414983
6460	-4068.003	-4074.465	6.461904	0.7533163	18.51554	0.085594	0.387637	0.94313	2.58364	5.543633
6470	-4042.97	-4055.989	13.01823	1.014796	22.66268	0.139897	0.481154	1.00241	2.37654	5.211032
6480	-4039.207	-4057.811	18.60449	1.181799	21.5964	0.171739	0.525319	1.02462	2.27832	4.967362
6490	-4046.748	-4056.282	9.534539	1.522291	19.45361	0.228746	0.592225	1.0517	2.12732	5.395802
6500	-4033.982	-4048.417	14.43495	1.059537	19.16439	0.148678	0.493944	1.0092	2.34817	5.136227
6510	-4053.567	-4065.766	12.19867	1.161181	22.1731	0.167948	0.520362	1.0223	2.28939	5.256168
6520	-4053.568	-4057.388	3.819663	1.376082	18.03352	0.20553	0.566541	1.04223	2.1857	5.678385
6530	-4050.686	-4057.737	7.051185	1.10447	18.94985	0.157314	0.506048	1.01536	2.32128	5.519157
6540	-4043.736	-4048.249	4.512627	1.000763	17.67501	0.137106	0.476981	1.00013	2.38579	5.630035
6550	-4053.842	-4052.486	-1.356217	1.416997	16.67682	0.212211	0.574131	1.04515	2.16851	5.937012
6560	-4045.894	-4052.774	6.880235	0.9662248	21.12246	0.130167	0.466359	0.99417	2.4093	5.519658
6570	-4050.669	-4057.811	7.142399	0.8658773	18.87365	0.10948	0.432364	0.973661	2.4845	5.513291
6580	-4050.371	-4054.026	3.654729	0.9444789	21.83927	0.125747	0.459403	0.990155	2.4247	5.652296
6590	-4045.979	-4053.485	7.505276	1.21953	20.39541	0.178574	0.534074	1.02861	2.25874	5.498838
6600	-4029.734	-4045.938	16.20347	0.8926289	26.32336	0.115064	0.441917	0.979651	2.46337	4.980324
6610	-4037.817	-4058.904	21.08677	0.7791484	22.97443	0.0911146	0.398602	0.951005	2.55928	4.853609
6620	-4005.329	-4043.642	38.31342	0.6855116	24.10961	0.0710966	0.356613	0.919379	2.65291	4.127195
6630	-4014.536	-4047.102	32.56668	1.163894	28.40423	0.168449	0.521022	1.02262	2.28791	4.327407
6640	-4042.89	-4062.681	19.79092	1.197135	22.72647	0.174533	0.528926	1.02628	2.27026	4.91181
6650	-4043.648	-4053.707	10.05926	1.299344	21.74785	0.192596	0.551351	1.03609	2.21996	5.360611
6660	-4030.197	-4046.939	16.74218	1.030574	22.71236	0.143014	0.485753	1.00489	2.36635	5.046129
6670	-4062.386	-4078.246	15.86015	0.9160354	21.18581	0.119911	0.449973	0.984564	2.44555	5.094663
6680	-4048.923	-4073.791	24.86763	0.7223427	22.02546	0.0789656	0.373884	0.932875	2.61428	4.68327
6690	-4062.096	-4078.85	16.75375	1.042914	21.07164	0.145436	0.489281	1.00676	2.35852	5.051965
6700	-4047.589	-4065.991	18.40147	1.186493	22.52186	0.172597	0.52643	1.02514	2.27584	4.974568
6710	-4052.628	-4057.418	4.790112	1.4106	20.44441	0.211176	0.572966	1.04471	2.17115	5.63125
6720	-4063.153	-4066.195	3.042298	1.113051	16.71747	0.158943	0.508281	1.01647	2.31631	5.675437
6730	-4045.078	-4054.275	9.197223	1.385752	19.51645	0.207122	0.568365	1.04294	2.18157	5.413741
6740	-4046.372	-4063.681	17.30859	0.8945956	20.06708	0.115473	0.442605	0.980075	2.46185	5.012165
6750	-4031.008	-4051.771	20.76274	1.280358	21.85902	0.189314	0.547386	1.03442	2.22888	4.869029
6760	-4055.306	-4067.451	12.14578	1.369714	19.03022	0.204476	0.565329	1.04176	2.18844	5.252423
6770	-4040.2	-4055.168	14.96858	0.8427935	20.33664	0.104627	0.423809	0.968142	2.50342	5.132285
6780	-4042.123	-4059.848	17.72524	0.8222829	25.14505	0.100291	0.415953	0.962943	2.52081	4.956755
6790	-4036.028	-4055.392	19.36452	0.9150543	21.31262	0.119709	0.449641	0.984364	2.44629	4.930374
6800	-4034.001	-4047.933	13.93231	1.384306	19.63489	0.206884	0.568094	1.04284	2.18218	5.173542
6810	-4026.338	-4048.13	21.79129	1.115208	20.99472	0.159351	0.508838	1.01674	2.31507	4.811581
6820	-4017.29	-4046.048	28.75808	0.7112949	23.35819	0.0766023	0.368811	0.928983	2.6256	4.522301
6830	-4035.183	-4061.834	26.65058	1.140181	21.14884	0.164045	0.51518	1.01983	2.30094	4.584372
6840	-4055.063	-4064.401	9.337899	0.9155073	20.28998	0.119802	0.449794	0.984456	2.44595	5.409265
6850	-4033.66	-4051.467	17.80709	0.7728342	18.69002	0.0897664	0.395962	0.949134	2.56514	4.939703
6860	-4040.368	-4051.042	10.67394	1.522283	23.02631	0.228744	0.592224	1.0517	2.12733	5.305506
6870	-4034.879	-4049.687	14.80738	1.382977	19.71349	0.206666	0.567843	1.04274	2.18275	5.130628
6880	-4055.548	-4064.238	8.689928	1.280001	20.99684	0.189252	0.54731	1.03439	2.22905	5.435586
6890	-4045.084	-4060.751	15.66721	1.186913	23.41701	0.172673	0.52653	1.02518	2.27561	5.081608
6900	-4040.886	-4053.553	12.66653	0.9765734	23.19292	0.132256	0.469595	0.996007	2.40214	5.215169
6910	-4013.373	-4044.723	31.34982	0.8137607	24.71544	0.0984834	0.412616	0.960696	2.5282	4.416344
6920	-4033.938	-4057.041	23.10341	0.6439922	30.42164	0.0622899	0.335861	0.902204	2.69965	4.593115
6930	-4014.116	-4042.302	28.18597	0.7110706	23.89156	0.0765544	0.368707	0.928903	2.62584	4.547609
6940	-4033.91	-4054.979	21.06921	1.059502	23.67395	0.148671	0.493934	1.0092	2.3482	4.84819
6950	-4033.603	-4060.397	26.7935	0.7830912	24.78542	0.0919559	0.400236	0.952157	2.55565	4.600031
6960	-4010.65	-4040.787	30.13688	0.8512826	25.75393	0.106415	0.42699	0.970211	2.49638	4.457886
6970	-4028.005	-4052.93	24.92536	0.8423075	23.01534	0.104524	0.423626	0.968022	2.50383	4.686577
6980	-4019.941	-4046.649	26.7081	0.7176918	23.69465	0.0779706	0.371759	0.931252	2.61902	4.609966
6990	-4030.478	-4056.848	26.37086	1.019481	30.45241	0.140824	0.48253	1.00315	2.37349	4.484726
7000	-4039.349	-4072.864	33.51479	0.7682503	23.14223	0.0887871	0.39403	0.947754	2.56943	4.315472
7010	-4027.851	-4065.907	38.05629	0.835135	24.4715	0.10301	0.420904	0.966234	2.50985	4.142506
7020	-4028.664	-4058.148	29.48411	0.9437792	23.82253	0.125604	0.459176	0.990022	2.4252	4.493149
7030	-4038.413	-4063.435	25.02175	0.8046945	24.27297	0.0965573	0.409017	0.958247	2.53618	4.6771
7040	-4025.478	-4051.869	26.39116	0.7960627	22.66539	0.0947207	0.405544	0.955858	2.54388	4.620965
7050	-4029.296	-4055.672	26.37614	0.7968632	27.97165	0.0948911	0.405868	0.956082	2.54316	4.556741
7060	-4028.21	-4052.845	24.63523	0.7387696	21.49114	0.0824813	0.381263	0.93843	2.59783	4.686366
7070	-4029.598	-4049.658	20.0595	1.87243	23.05219	0.277556	0.640724	1.06644	2.01528	4.897688
7080	-4028.049	-4054.445	26.3963	0.8145753	22.59258	0.0986563	0.412937	0.960913	2.52749	4.620182
7090	-4039.881	-4058.377	18.49544	1.40476	22.9694	0.210228	0.571896	1.0443	2.17357	4.966455
7100	-4032.809	-4043.803	10.99483	1.513769	20.85846	0.227442	0.590832	1.05122	2.13051	5.32665
7110	-4039.96	-4048.861	8.900966	1.059956	17.93417	0.148759	0.49406	1.00926	2.34792	5.392811
7120	-4045.718	-4061.837	16.11849	1.264165	20.51605	0.186489	0.543934	1.03294	2.23663	5.077983
7130	-4057.27	-4069.437	12.16713	1.232787	21.73555	0.180944	0.537058	1.02994	2.25206	5.263838
7140	-4028.599	-4038.914	10.31463	1.390857	21.5347	0.207959	0.569321	1.04331	2.17941	5.352108
7150	-4038.471	-4062.869	24.39799	0.8844277	20.91655	0.113357	0.439028	0.977859	2.46976	4.685534
7160	-4029.872	-4057	27.12789	0.5749913	22.82954	0.0479944	0.298082	0.868003	2.78592	4.589749
7170	-4035.721	-4062.713	26.99246	1.235811	22.25405	0.181483	0.537731	1.03024	2.25055	4.590056
7180	-4040.381	-4052.361	11.98003	0.8536914	20.67598	0.106922	0.427885	0.97079	2.4944	5.279754
7190	-4026.377	-4047.664	21.28762	1.024899	19.93671	0.141895	0.48411	1.00401	2.36999	4.809722
7200	-4029.94	-4049.12	19.17957	0.8066239	18.96906	0.0969675	0.409787	0.958774	2.53447	4.880024
7210	-4037.322	-4052.789	15.46638	1.469056	22.88322	0.220503	0.583323	1.04855	2.14762	5.09972
7220	-4051.82	-4066.948	15.12778	1.069345	21.91488	0.150579	0.496647	1.0106	2.34217	5.126397
7230	-4047.114	-4061.997	14.88306	1.324184	20.2943	0.196841	0.556412	1.03818	2.20857	5.136019
7240	-4050.217	-4058.329	8.112525	0.9638667	17.83567	0.129689	0.465615	0.993745	2.41095	5.433011
7250	-4066.178	-4057.275	-8.902519	1.74289	16.47187	0.260525	0.624556	1.06199	2.05293	6.386674
7260	-4055.731	-4059.504	3.773474	1.395674	21.42848	0.208747	0.570217	1.04366	2.17738	5.65881
7270	-4043.776	-4056.366	12.58997	1.394267	22.06684	0.208517	0.569956	1.04356	2.17797	5.240109
7280	-4027.966	-4057.3	29.3336	0.7404045	24.16549	0.0828312	0.381986	0.938968	2.59621	4.499611
7290	-4036.558	-4059.027	22.46954	0.8783327	24.0892	0.112086	0.436859	0.976502	2.47455	4.784605
7300	-4038.138	-4056.712	18.57447	1.009365	23.4714	0.138819	0.479549	1.00153	2.3801	4.956675
7310	-4031.185	-4055.054	23.86817	0.8341316	20.90287	0.102798	0.420521	0.965981	2.5107	4.710541
7320	-4037.883	-4058.562	20.67872	0.8114818	24.30458	0.0979995	0.411716	0.960086	2.5302	4.8555
7330	-4034.88	-4049.802	14.92208	1.076369	28.44974	0.151935	0.498561	1.01158	2.33792	4.946727
7340	-4015.917	-4043.322	27.40447	0.9390856	23.43864	0.124645	0.457644	0.989125	2.42859	4.58042
7350	-4042.233	-4056.115	13.88246	1.345137	21.89238	0.200378	0.560571	1.03987	2.19918	5.183453
7360	-4041.341	-4059.447	18.10562	1.080689	24.99842	0.152767	0.49973	1.01218	2.33532	4.94535
7370	-4032.127	-4053.654	21.52665	0.9177156	22.46831	0.120258	0.450541	0.984905	2.4443	4.835836
7380	-4027.368	-4046.759	19.39091	0.9292918	22.43218	0.122639	0.454416	0.987219	2.43573	4.931048
7390	-4032.752	-4057.653	24.90146	0.8718235	22.7324	0.110725	0.43452	0.975029	2.47973	4.686961
7400	-4025.218	-4047.057	21.83919	1.058499	19.37613	0.148476	0.493656	1.00905	2.34881	4.759863
7410	-4034.451	-4050.067	15.61656	0.805513	25.19135	0.0967313	0.409344	0.958471	2.53545	5.039236
7420	-4045.847	-4066.339	20.49203	0.8396824	20.28212	0.10397	0.422633	0.967372	2.50603	4.859331
7430	-4019.169	-4052.916	33.74697	0.8046449	24.90845	0.0965468	0.408997	0.958234	2.53622	4.319624
7440	-4016.525	-4054.73	38.20573	0.5808268	27.16283	0.0491792	0.301445	0.871213	2.77816	4.140809
7450	-4020.883	-4055.139	34.25627	0.589284	24.50432	0.0509056	0.306263	0.875752	2.76708	4.297946
7460	-4015.737	-4051.045	35.30778	0.7984998	25.66955	0.0952395	0.406529	0.956538	2.54169	4.25731
7470	-4026.46	-4057.164	30.70329	0.6010684	24.8397	0.0533285	0.312866	0.881863	2.75194	4.442093
7480	-4012.429	-4040.372	27.94316	0.8040646	25.46584	0.0964234	0.408765	0.958075	2.53674	4.546807
7490	-4032.366	-4050.383	18.01684	1.045285	21.5285	0.1459	0.489953	1.00712	2.35703	4.994428
7500	-4028.801	-4050.539	21.7386	0.9106361	23.89988	0.118797	0.448139	0.983456	2.44961	4.817368
7510	-4039.142	-4057.656	18.51366	1.396613	20.84096	0.208901	0.570391	1.04373	2.17698	4.965968
7520	-4029.648	-4058.84	29.19199	1.010265	25.58716	0.138997	0.479816	1.00168	2.37951	4.496483
7530	-4038.949	-4051.249	12.30035	0.8116176	25.03973	0.0980284	0.41177	0.960123	2.53008	5.176155
7540	-4061.875	-4060.197	-1.677889	1.158096	16.18168	0.167377	0.519609	1.02195	2.29107	5.934202
7550	-4049.373	-4049.757	0.3832923	1.482352	18.63092	0.222583	0.585592	1.04937	2.14246	5.872006
7560	-4032.784	-4043.908	11.12333	1.10059	21.66174	0.156576	0.50503	1.01485	2.32354	5.312897
7570	-4061.979	-4065.026	3.047228	1.037823	19.79937	0.144438	0.487833	1.00599	2.36173	5.726281
7580	-4043.722	-4055.107	11.38508	0.9155026	24.77046	0.119801	0.449793	0.984455	2.44595	5.222224
7590	-4053.595	-4071.203	17.6076	0.9936937	18.22316	0.135694	0.474848	0.998947	2.39051	4.925464
7600	-4039.454	-4053.69	14.23554	1.377628	20.48644	0.205785	0.566834	1.04235	2.18503	5.169557
7610	-4040.183	-4050.821	10.63811	1.27052	21.92248	0.1876	0.545297	1.03353	2.23357	5.331136
7620	-4041.072	-4051.155	10.08231	0.9268455	21.00779	0.122136	0.453602	0.986736	2.43753	5.369174
7630	-4043.274	-4053.071	9.796958	1.326483	20.6112	0.197231	0.556873	1.03837	2.20753	5.385689
7640	-4024.303	-4049.893	25.58954	0.9760305	23.97167	0.132147	0.469427	0.995912	2.40251	4.655835
7650	-4033.013	-4056.595	23.58211	1.08376	21.52272	0.153357	0.500557	1.0126	2.33348	4.735836
7660	-4033.722	-4053.747	20.02559	1.095718	26.97694	0.155647	0.503745	1.01421	2.3264	4.81587
7670	-4035.213	-4053.971	18.75818	0.7316769	22.12104	0.0809632	0.378101	0.936064	2.60487	4.960472
7680	-4029.053	-4045.656	16.60338	1.250994	22.42455	0.184173	0.541079	1.03171	2.24304	5.055387
7690	-4026.17	-4042.658	16.48849	1.210141	22.65041	0.176886	0.531933	1.02765	2.26353	5.058052
7700	-4052.994	-4061.837	8.843038	1.507047	24.03122	0.226409	0.589725	1.05083	2.13303	5.352333
7710	-4057.699	-4059.204	1.504865	1.882467	16.34887	0.278829	0.641904	1.06675	2.01252	5.747841
7720	-4056.717	-4060.777	4.059762	1.384605	20.68718	0.206933	0.56815	1.04286	2.18206	5.662604
7730	-4055.209	-4055.779	0.5696598	0.9348504	23.23499	0.123778	0.456254	0.988306	2.43166	5.73481
7740	-4046.337	-4052.65	6.313611	1.570483	20.1299	0.236008	0.599883	1.05431	2.1098	5.559646
7750	-4080.551	-4076.263	-4.288079	1.318283	15.68721	0.195838	0.555222	1.03769	2.21125	6.070398
7760	-4068.874	-4072.101	3.22769	0.8355908	18.20772	0.103106	0.421078	0.966349	2.50947	5.714319
7770	-4055.704	-4059.35	3.646019	1.362199	16.67211	0.203229	0.563888	1.04119	2.19169	5.636795
7780	-4064.755	-4062.087	-2.668457	0.9801021	16.15939	0.132967	0.470688	0.996623	2.39972	5.994325
7790	-4056.588	-4055.956	-0.6324532	0.9254306	19.39391	0.121846	0.453131	0.986455	2.43857	5.919356
7800	-4044.649	-4054.057	9.407933	1.224573	21.25942	0.179478	0.535215	1.02912	2.25619	5.398265
7810	-4045.05	-4055.71	10.66019	1.142696	19.41146	0.164515	0.515808	1.02014	2.29954	5.337337
7820	-4062.164	-4068.523	6.359243	1.089352	20.78818	0.154429	0.502054	1.01336	2.33016	5.54998
7830	-4062.723	-4068.097	5.373827	1.28065	19.67191	0.189365	0.547447	1.03445	2.22874	5.609311
7840	-4046.317	-4053.59	7.272757	1.001973	20.35925	0.137347	0.477344	1.00033	2.38498	5.510532
7850	-4034.716	-4045.652	10.93622	0.9031395	18.83773	0.117246	0.445569	0.981894	2.45529	5.311363
7860	-4043.072	-4054.786	11.71431	1.112001	20.3198	0.158744	0.508009	1.01633	2.31691	5.29225
7870	-4027.942	-4051.715	23.77368	0.6967186	25.68397	0.0734875	0.361978	0.923646	2.64089	4.706356
7880	-4025.899	-4040.211	14.31221	1.120938	21.07055	0.160433	0.510311	1.01747	2.31179	5.167834
7890	-4045.361	-4053.57	8.208982	1.09683	19.10341	0.155859	0.504039	1.01436	2.32574	5.460318
7900	-4057.089	-4070.03	12.94186	0.987391	19.94727	0.134431	0.472929	0.997879	2.39476	5.228461
7910	-4071.863	-4078.186	6.322336	1.350697	18.99848	0.20131	0.561659	1.0403	2.19673	5.558125
7920	-4042.323	-4041.591	-0.7319691	1.251551	18.65849	0.184271	0.5412	1.03176	2.24277	5.931762
7930	-4041.48	-4050.889	9.408903	1.234603	19.75309	0.181268	0.537463	1.03012	2.25115	5.404719
7940	-4045.771	-4060.152	14.38032	1.156191	20.78001	0.167024	0.519143	1.02173	2.29211	5.164103
7950	-4048.446	-4046.17	-2.276438	1.137441	17.18928	0.163533	0.514494	1.0195	2.30247	6.006551
7960	-4055.724	-4052.885	-2.83916	1.180828	18.44414	0.171561	0.525089	1.02452	2.27883	6.046479
7970	-4052.094	-4057.159	5.065713	1.114791	20.43289	0.159272	0.50873	1.01669	2.31531	5.617932
7980	-4038.64	-4051.214	12.57382	0.8778865	19.92678	0.111993	0.436699	0.976402	2.47491	5.246684
7990	-4056.845	-4062.771	5.925696	1.513877	18.76091	0.227458	0.59085	1.05123	2.13047	5.57639
8000	-4050.567	-4061.366	10.79865	1.113133	22.43154	0.158958	0.508302	1.01648	2.31626	5.314095
8010	-4042.47	-4057.898	15.42881	1.333676	21.16116	0.198448	0.558308	1.03895	2.20429	5.114998
8020	-4044.979	-4061.677	16.69824	0.9621078	22.37374	0.129333	0.465058	0.993426	2.41218	5.051625
8030	-4041.71	-4058.983	17.27239	1.169649	23.8478	0.16951	0.522413	1.02327	2.28481	5.005269
8040	-4040.233	-4052.654	12.42121	1.01729	22.53352	0.140391	0.481888	1.00281	2.37491	5.23988
8050	-4034.694	-4059.038	24.34427	1.023316	19.63339	0.141583	0.48365	1.00376	2.37101	4.643194
8060	-4042.992	-4054.156	11.16411	1.056422	19.22156	0.148072	0.493078	1.00875	2.3501	5.308032
8070	-4041.124	-4055.952	14.82766	1.171338	21.0329	0.169821	0.52282	1.02346	2.2839	5.143328
8080	-4032.972	-4057.993	25.0207	0.72584	21.35648	0.079714	0.375471	0.93408	2.61073	4.665869
8090	-4046.338	-4051.55	5.211952	0.9919804	17.59615	0.135351	0.474328	0.998658	2.39166	5.587704
8100	-4032.453	-4050.089	17.6353	1.005552	22.60368	0.13806	0.478414	1.00091	2.38261	5.007862
8110	-4056.108	-4061.875	5.7672	1.133457	22.35104	0.162787	0.513492	1.01902	2.3047	5.540889
8120	-4031.88	-4053.274	21.39359	1.544758	19.75403	0.232154	0.595841	1.05295	2.11906	4.798029
8130	-4046.3	-4059.278	12.97863	1.493562	21.303	0.224326	0.587481	1.05004	2.13815	5.230061
8140	-4043.186	-4054.688	11.50138	1.018902	18.60862	0.14071	0.48236	1.00306	2.37387	5.27454
8150	-4048.845	-4053.118	4.27251	1.48045	17.29537	0.222287	0.58527	1.04925	2.14319	5.630027
8160	-4062.465	-4061.117	-1.347629	1.146748	18.56695	0.16527	0.516815	1.02062	2.2973	5.965219
8170	-4046.996	-4056.852	9.855769	0.9289191	22.26998	0.122562	0.454292	0.987146	2.436	5.359758
8180	-4040.022	-4053.538	13.51544	1.186381	22.01237	0.172576	0.526404	1.02512	2.2759	5.19884
8190	-4029.206	-4045.787	16.58052	0.8819414	22.0709	0.112839	0.438146	0.977308	2.47171	5.059245
8200	-4022.461	-4046.26	23.79927	0.8322049	22.7076	0.102391	0.419784	0.965494	2.51233	4.735405
8210	-4046.127	-4057.049	10.92269	1.098837	19.08276	0.156242	0.504569	1.01462	2.32457	5.317831
8220	-4041.312	-4067.815	26.50374	0.7507295	25.4464	0.0850406	0.386514	0.942309	2.58614	4.603609
8230	-4016.609	-4041.773	25.1637	0.9661576	24.46086	0.130153	0.466338	0.994158	2.40935	4.669456
8240	-4043.969	-4054.207	10.23749	0.9403019	22.87843	0.124894	0.458042	0.989358	2.42771	5.328347
8250	-4023.859	-4042.761	18.90278	0.9134321	21.9088	0.119374	0.449091	0.984032	2.4475	4.954139
8260	-4007.392	-4038.977	31.58499	0.8544432	22.01264	0.10708	0.428163	0.970969	2.49379	4.377966
8270	-4018.216	-4049.764	31.54789	0.7934182	31.80673	0.0941574	0.404471	0.955114	2.54626	4.277075
8280	-4043.027	-4061.398	18.37075	0.8662008	29.35463	0.109548	0.432482	0.973736	2.48423	4.791122
8290	-4019.633	-4055.559	35.92601	0.7394514	28.29292	0.0826272	0.381565	0.938654	2.59715	4.210803
8300	-4031.576	-4052.746	21.16962	1.017448	23.04016	0.140422	0.481934	1.00283	2.37481	4.849607
8310	-4039.834	-4051.941	12.10699	0.9843581	23.56988	0.133822	0.471999	0.997359	2.39682	5.229598
8320	-4058.252	-4060.68	2.42779	1.028956	21.19003	0.142695	0.485286	1.00464	2.36738	5.728571
8330	-4036.49	-4051.844	15.35397	0.9560445	18.63905	0.128102	0.463129	0.992317	2.41645	5.068814
8340	-4013.706	-4037.775	24.06863	0.7331483	21.3852	0.0812781	0.378759	0.936559	2.6034	4.710955
8350	-4018.39	-4044.711	26.32044	0.6153261	23.03047	0.0562837	0.320685	0.888941	2.73409	4.626016
8360	-4024.71	-4050.092	25.3818	0.7060286	26.12434	0.0754764	0.366361	0.927082	2.63108	4.635629
8370	-4020.595	-4053.299	32.704	1.187498	24.97875	0.17278	0.526668	1.02525	2.27531	4.361408
8380	-4042.296	-4053.204	10.90843	1.090131	21.66393	0.154578	0.502262	1.01346	2.3297	5.322787
8390	-4030.004	-4042.934	12.92961	1.134398	18.88192	0.162963	0.513729	1.01913	2.30417	5.206915
8400	-4057.573	-4053.635	-3.938069	1.067134	20.79618	0.150151	0.49604	1.01029	2.34352	6.045012
8410	-4037.749	-4048.193	10.44305	1.584785	22.77014	0.238128	0.602086	1.05504	2.10475	5.322065
8420	-4052.452	-4058.424	5.972591	1.611553	19.07228	0.242052	0.606129	1.05635	2.09547	5.577153
8430	-4051.147	-4055.777	4.629319	1.280637	18.21251	0.189363	0.547445	1.03444	2.22875	5.637436
8440	-4045.383	-4052.625	7.242162	1.128293	20.27181	0.161818	0.512186	1.01838	2.30761	5.51268
8450	-4036.895	-4045.541	8.646483	0.88216	21.0971	0.112884	0.438224	0.977357	2.47154	5.436378
8460	-4037.977	-4043.793	5.816397	1.11495	20.07286	0.159302	0.508771	1.01671	2.31522	5.584809
8470	-4038.9	-4046.113	7.212976	1.162589	18.97555	0.168208	0.520704	1.02247	2.28862	5.510956
8480	-4038.118	-4054.277	16.15963	0.9390884	23.6005	0.124646	0.457645	0.989125	2.42858	5.057052
8490	-4050.561	-4059.191	8.630878	1.288802	23.98877	0.190778	0.54916	1.03517	2.22489	5.362675
8500	-4034.115	-4059.594	25.47916	0.8149682	22.54081	0.0987396	0.413091	0.961018	2.52715	4.660439
8510	-4056.045	-4070.967	14.92169	0.9669318	26.53701	0.13031	0.466582	0.994297	2.40881	5.02134
8520	-4053.21	-4071.843	18.63298	0.6211207	22.35764	0.0574914	0.32381	0.891723	2.72698	4.965233
8530	-4055.28	-4064.986	9.705591	1.151029	20.79729	0.166066	0.517874	1.02112	2.29494	5.388938
8540	-4055.269	-4070.064	14.79496	1.375036	21.13783	0.205357	0.566342	1.04215	2.18615	5.144953
8550	-4041.391	-4053.81	12.4182	0.9562983	25.45202	0.128154	0.46321	0.992364	2.41627	5.156944
8560	-4055.981	-4055.053	-0.9281743	1.346339	17.37105	0.20058	0.560807	1.03996	2.19865	5.932418
8570	-4080.687	-4079.428	-1.259503	1.514348	17.06779	0.227531	0.590927	1.05125	2.13029	5.944189
8580	-4057.753	-4055.594	-2.158904	1.064762	18.8737	0.149692	0.495388	1.00995	2.34497	6.00611
8590	-4064.04	-4065.617	1.577095	1.194486	19.84445	0.174052	0.528308	1.026	2.27164	5.799852
8600	-4047.863	-4052.787	4.923523	1.064175	20.31971	0.149578	0.495226	1.00987	2.34533	5.626446
8610	-4039.542	-4054.261	14.71922	1.196824	20.43702	0.174477	0.528854	1.02625	2.27042	5.14552
8620	-4034.117	-4054.757	20.64009	1.107758	19.71647	0.157939	0.506906	1.01579	2.31937	4.834859
8630	-4026.904	-4058.134	31.23006	0.8053036	25.00838	0.0966868	0.409261	0.958414	2.53564	4.420299
8640	-4023.174	-4044.453	21.27908	0.8923713	23.25015	0.115011	0.441827	0.979596	2.46357	4.843388
8650	-4048.407	-4058.705	10.29755	0.8045333	20.69	0.096523	0.408953	0.958203	2.53632	5.361061
8660	-4042.439	-4047.272	4.832863	1.137933	20.87288	0.163625	0.514618	1.01956	2.30219	5.621787
8670	-4030.051	-4053.702	23.65098	0.7270523	21.35932	0.0799735	0.376019	0.934495	2.60951	4.730053
8680	-4028.331	-4054.59	26.25914	0.9245453	23.57563	0.121664	0.452835	0.986278	2.43922	4.629156
8690	-4054.102	-4067.982	13.87993	0.9311374	25.7124	0.123017	0.455028	0.987582	2.43437	5.090578
8700	-4044.991	-4061.028	16.03675	1.254477	20.45581	0.184787	0.541838	1.03204	2.24134	5.081278
8710	-4029.959	-4045.126	15.16718	1.505159	20.31499	0.226118	0.589413	1.05072	2.13375	5.122267
8720	-4043.287	-4053.402	10.1154	1.442215	19.71201	0.216256	0.578647	1.04684	2.15826	5.368624
8730	-4051.208	-4061.286	10.07762	0.8740956	18.10159	0.1112	0.435339	0.975546	2.47791	5.334086
8740	-4051.254	-4058.347	7.092702	0.9528056	18.69363	0.127444	0.462092	0.991718	2.41875	5.513035
8750	-4068.272	-4080.494	12.22223	1.197203	18.67716	0.174546	0.528942	1.02629	2.27022	5.238098
8760	-4070.346	-4078.365	8.018118	0.9773852	19.06905	0.13242	0.469847	0.996149	2.40158	5.469858
8770	-4056.912	-4072.342	15.43029	1.342967	21.78396	0.200013	0.560145	1.03969	2.20015	5.11344
8780	-4052.161	-4060.651	8.490216	1.700265	18.99069	0.254668	0.618818	1.0603	2.06621	5.443892
8790	-4048.702	-4063.867	15.16434	1.22385	19.63915	0.179348	0.535052	1.02905	2.25655	5.110891
8800	-4058.095	-4071.912	13.81713	0.9474559	21.41049	0.126354	0.460368	0.990717	2.42256	5.1902
8810	-4055.287	-4061.871	6.583482	1.136773	22.22047	0.163408	0.514327	1.01942	2.30284	5.508092
8820	-4044.456	-4053.794	9.337587	1.276529	21.17474	0.188648	0.546576	1.03408	2.2307	5.402677
8830	-4040.702	-4051.884	11.18207	1.118668	19.27726	0.160005	0.509729	1.01718	2.31308	5.308147
8840	-4035.433	-4058.628	23.19503	1.019401	24.47436	0.140809	0.482507	1.00314	2.37354	4.749756
8850	-4054.742	-4069.596	14.85462	1.115804	18.90654	0.159463	0.508991	1.01682	2.31473	5.105846
8860	-4047.064	-4057.27	10.20571	1.107445	19.43149	0.15788	0.506825	1.01575	2.31955	5.361016
8870	-4044.516	-4059.446	14.9299	1.192239	21.90868	0.173644	0.527782	1.02576	2.27281	5.135477
8880	-4050.428	-4057.909	7.481049	1.075375	19.1248	0.151743	0.498291	1.01145	2.33852	5.498661
8890	-4059.001	-4067.587	8.585552	1.866697	20.64885	0.276826	0.640046	1.06627	2.01686	5.444159
8900	-4055.213	-4060.094	4.881282	1.26338	25.59706	0.186351	0.543765	1.03287	2.23701	5.44612
8910	-4041.298	-4056.885	15.58699	1.141194	25.39672	0.164235	0.515434	1.01996	2.30038	5.034159
8920	-4025.116	-4041.539	16.42322	1.263248	19.9519	0.186328	0.543737	1.03286	2.23708	5.054028
8930	-4049.822	-4060.642	10.82011	1.552108	18.42792	0.233261	0.597006	1.05334	2.11639	5.305356
8940	-4037.029	-4054.83	17.8009	1.016015	29.36087	0.140138	0.481513	1.0026	2.37574	4.810287
8950	-4028.285	-4050.238	21.95291	0.9756184	24.31163	0.132064	0.469299	0.99584	2.4028	4.802971
8960	-4025.765	-4050.225	24.46019	0.7344443	19.88904	0.0815555	0.379339	0.936993	2.60211	4.648615
8970	-4033.555	-4047.414	13.85891	1.054756	20.84441	0.147748	0.492613	1.00851	2.35113	5.189319
8980	-4042.66	-4054.496	11.83557	1.147782	17.32152	0.165463	0.517072	1.02074	2.29673	5.194454
8990	-4041.757	-4050.539	8.781589	0.9350925	18.46506	0.123828	0.456333	0.988353	2.43149	5.417002
9000	-4054.784	-4057.895	3.110706	1.051937	17.93736	0.147199	0.491825	1.0081	2.35288	5.715741
9010	-4054.141	-4057.225	3.083947	1.288392	18.06075	0.190707	0.549074	1.03513	2.22508	5.719699
9020	-4065.268	-4060.994	-4.273982	1.342476	17.05657	0.199931	0.560048	1.03966	2.20036	6.120608
9030	-4061.211	-4064.441	3.229772	1.680634	22.37203	0.251927	0.6161	1.05948	2.0725	5.653663
9040	-4029.945	-4052.562	22.6169	0.8960393	24.01703	0.115773	0.443108	0.980386	2.46073	4.779331
9050	-4028.036	-4054.153	26.1168	1.001557	24.47426	0.137264	0.477219	1.00026	2.38526	4.630376
9060	-4026.057	-4050.52	24.46259	1.122762	23.88957	0.160777	0.510778	1.0177	2.31075	4.703468
9070	-4026.75	-4044.526	17.77553	0.9713134	20.37745	0.131195	0.467956	0.995079	2.40577	4.994975
9080	-4047.803	-4057.79	9.986765	0.9081789	18.28057	0.118289	0.4473	0.982947	2.45146	5.345692
9090	-4034.079	-4051.292	17.21289	1.272	21.52387	0.187859	0.545612	1.03366	2.23286	5.031767
9100	-4041.478	-4055.127	13.649	0.9481541	22.12265	0.126497	0.460594	0.990848	2.42206	5.191417
9110	-4034.234	-4042.892	8.658196	0.9430517	18.42404	0.125456	0.458939	0.989883	2.42572	5.422565
9120	-4056.606	-4062.391	5.784913	0.9985277	21.24182	0.13666	0.476309	0.999756	2.38728	5.569059
9130	-4053.668	-4057.058	3.390246	1.129534	20.76814	0.162051	0.512501	1.01854	2.30691	5.693239
9140	-4069.736	-4068.494	-1.242217	1.385571	18.62322	0.207092	0.568331	1.04293	2.18165	5.959292
9150	-4055.92	-4061.037	5.117143	1.112513	21.6572	0.158841	0.508141	1.0164	2.31662	5.590289
9160	-4043.139	-4050.966	7.826949	0.7050096	15.23759	0.0752586	0.365884	0.926711	2.63215	5.244689
9170	-4040.979	-4051.869	10.88993	1.150692	21.34909	0.166004	0.517791	1.02108	2.29512	5.327613
9180	-4066.765	-4065.996	-0.7688845	1.464069	17.99776	0.219718	0.582464	1.04824	2.14958	5.932554
9190	-4047.766	-4055.23	7.464684	1.144833	22.10538	0.164913	0.51634	1.02039	2.29836	5.471402
9200	-4048.857	-4064.419	15.56214	0.7127969	22.19557	0.0769235	0.369506	0.92952	2.62405	5.104263
9210	-4045.307	-4064.432	19.12477	1.52151	25.10454	0.228626	0.592098	1.05166	2.12762	4.902071
9220	-4046.699	-4071.665	24.96593	1.116069	25.40167	0.159514	0.50906	1.01685	2.31457	4.664781
9230	-4021.404	-4058.39	36.98611	0.5238162	24.75604	0.0378824	0.26718	0.836853	2.85809	4.188591
9240	-4026.067	-4062.73	36.66272	0.9353559	27.10449	0.123882	0.45642	0.988405	2.43129	4.198117
9250	-4028.715	-4060.269	31.55445	0.6857489	31.06279	0.0711472	0.356728	0.919471	2.65265	4.297991
9260	-4030.642	-4053.195	22.55236	0.7612511	27.01835	0.0872911	0.391053	0.945611	2.57604	4.721077
9270	-4025.524	-4054.056	28.53154	0.7500914	20.41875	0.0849041	0.386237	0.942105	2.58675	4.468901
9280	-4029.682	-4056.322	26.63954	0.7311009	26.79155	0.0808399	0.377842	0.93587	2.60545	4.574626
9290	-4009.765	-4039.006	29.24073	0.8289254	25.18286	0.101697	0.418524	0.964658	2.51512	4.49848
9300	-4047.807	-4060.949	13.14196	1.252951	22.74208	0.184518	0.541506	1.03189	2.24208	5.204077
9310	-4031.113	-4051.65	20.53712	1.07294	23.56351	0.151273	0.497629	1.01111	2.33999	4.872008
9320	-4046.119	-4052.202	6.082726	1.124181	20.69916	0.161044	0.51114	1.01787	2.30994	5.56464
9330	-4044.365	-4056.125	11.75913	1.149968	22.49863	0.165869	0.517612	1.021	2.29552	5.26996
9340	-4050.404	-4054.567	4.16304	1.006206	21.22473	0.13819	0.478609	1.00102	2.38218	5.645833
9350	-4041.451	-4053.135	11.68397	1.341513	17.08742	0.199769	0.559859	1.03958	2.20079	5.187246
9360	-4039.971	-4054.559	14.5882	1.207069	21.04735	0.176332	0.531227	1.02733	2.26511	5.154723
9370	-4047.584	-4055.728	8.14432	1.160299	18.56663	0.167785	0.520147	1.0222	2.28987	5.453984
9380	-4046.448	-4060.722	14.27419	1.278731	17.95651	0.189031	0.547042	1.03427	2.22965	5.094451
9390	-4056.597	-4061.644	5.046761	1.221089	24.83461	0.178854	0.534428	1.02877	2.25795	5.475207
9400	-4061.613	-4077.747	16.1341	0.9672728	21.15057	0.130379	0.466689	0.994358	2.40857	5.081638
9410	-4044.652	-4055.416	10.76404	1.14759	22.47187	0.165427	0.517024	1.02072	2.29683	5.314771
9420	-4051.599	-4058.307	6.708258	1.518131	19.5819	0.22811	0.591547	1.05147	2.12887	5.541403
9430	-4026.747	-4050.203	23.45571	0.8841091	23.84061	0.113291	0.438916	0.977789	2.47001	4.746049
9440	-4037.733	-4058.145	20.41156	1.074256	21.15987	0.151527	0.497987	1.01129	2.33919	4.879515
9450	-4015.267	-4043.242	27.97558	0.8764918	21.48548	0.111701	0.4362	0.976088	2.47601	4.530798
9460	-4027.911	-4046.47	18.5591	1.367528	21.06846	0.204114	0.564911	1.04159	2.18938	4.966259
9470	-4058.343	-4065.423	7.080104	0.900718	20.35985	0.116744	0.444732	0.981382	2.45714	5.519989
9480	-4065.027	-4074.633	9.605818	1.060093	21.51973	0.148786	0.494098	1.00928	2.34783	5.385257
9490	-4053.338	-4066.779	13.44113	0.941251	21.39854	0.125088	0.458352	0.98954	2.42702	5.207833
9500	-4047.517	-4066.529	19.01207	1.15467	23.751	0.166742	0.51877	1.02155	2.29294	4.933885
9510	-4031.516	-4054.283	22.76758	0.7701859	24.76853	0.0892007	0.394848	0.948339	2.56761	4.762736
9520	-4047.741	-4059.884	12.14316	0.9506746	17.58935	0.12701	0.461407	0.991321	2.42026	5.193401
9530	-4039.002	-4063.294	24.29199	0.8444428	26.48695	0.104974	0.42443	0.968548	2.50205	4.669383
9540	-4040.944	-4062.634	21.6899	0.6544241	23.58451	0.0644929	0.341208	0.906733	2.68757	4.822881
9550	-4046.236	-4064.3	18.06354	1.044316	22.1073	0.14571	0.489678	1.00697	2.35764	4.991925
9560	-4053.465	-4070.021	16.55614	1.214466	22.49055	0.177665	0.532922	1.0281	2.26132	5.056831
9570	-4043.972	-4070.731	26.75852	0.954593	21.263	0.127807	0.462665	0.992049	2.41748	4.582219
9580	-4079.848	-4079.072	-0.7763494	1.110257	15.23843	0.158413	0.507556	1.01611	2.31792	5.809377
9590	-4040.944	-4056.065	15.12166	1.715391	20.19502	0.256762	0.62088	1.06091	2.06145	5.122996
9600	-4051.597	-4067.929	16.33222	1.352469	18.88378	0.201606	0.562004	1.04044	2.19595	5.026785
9610	-4043.455	-4063.576	20.12066	1.223927	21.48839	0.179362	0.535069	1.02906	2.25651	4.896412
9620	-4032.491	-4056.75	24.25864	0.9738293	25.72563	0.131703	0.468742	0.995525	2.40403	4.686678
9630	-4052.699	-4065.081	12.3819	1.715811	20.81702	0.256819	0.620937	1.06093	2.06131	5.260225
9640	-4044.287	-4066.194	21.90726	0.8744638	21.31865	0.111277	0.435472	0.975629	2.47762	4.811149
9650	-4054.57	-4065.265	10.69502	0.8160502	21.55877	0.0989692	0.413517	0.961305	2.52621	5.33412
9660	-4049.643	-4065.333	15.68971	1.418841	18.79246	0.212509	0.574465	1.04528	2.16775	5.057225
9670	-4053.988	-4050.832	-3.155729	1.315002	18.18654	0.195279	0.554558	1.03742	2.21274	6.064972
9680	-4056.131	-4054.465	-1.666037	1.747744	14.98339	0.261184	0.625195	1.06218	2.05145	5.843754
9690	-4057.134	-4062.821	5.687124	1.219288	22.27752	0.178531	0.53402	1.02859	2.25886	5.546717
9700	-4039.711	-4055.285	15.57417	0.9416109	21.34196	0.125161	0.458469	0.989609	2.42676	5.108206
9710	-4034.301	-4047.115	12.81424	1.040164	23.09614	0.144897	0.4885	1.00635	2.36025	5.211006
9720	-4059.098	-4055.045	-4.053404	1.485319	21.97005	0.223046	0.586094	1.04955	2.14131	5.999015
9730	-4043.577	-4050.767	7.189124	1.422347	19.87718	0.213074	0.575099	1.04552	2.16631	5.517006
9740	-4066.379	-4065.933	-0.4460991	1.391031	17.44067	0.207988	0.569353	1.04333	2.17933	5.906213
9750	-4065.78	-4059.429	-6.350438	1.202612	20.68053	0.175526	0.530198	1.02686	2.26741	6.166114
9760	-4058.708	-4066.305	7.597704	0.9325813	19.86792	0.123313	0.455505	0.987864	2.43332	5.496455
9770	-4052.112	-4062.693	10.58108	1.623724	18.63528	0.243818	0.607934	1.05693	2.09132	5.324774
9780	-4044.943	-4050.667	5.724303	0.8629134	23.07074	0.108859	0.431282	0.972971	2.48689	5.518887
9790	-4040.91	-4054.948	14.03855	0.8746507	18.91827	0.111316	0.435539	0.975672	2.47747	5.149396
9800	-4053.771	-4063.483	9.712583	1.00641	23.40717	0.138231	0.47867	1.00105	2.38205	5.336193
9810	-4045.076	-4050.615	5.538718	0.9680937	22.44046	0.130545	0.466947	0.994505	2.408	5.5483
9820	-4057.035	-4057.628	0.5923766	1.502777	19.5506	0.225751	0.589018	1.05058	2.13465	5.854172
9830	-4022.423	-4038.812	16.38889	1.000754	19.57177	0.137104	0.476978	1.00012	2.38579	5.046765
9840	-4046.614	-4059.761	13.14628	1.457942	22.80402	0.218752	0.581403	1.04785	2.15199	5.202687
9850	-4042.603	-4059.111	16.50737	1.369706	21.13753	0.204475	0.565327	1.04176	2.18844	5.06394
9860	-4039.187	-4057.091	17.90369	1.177273	25.72455	0.17091	0.524242	1.02412	2.28072	4.933737
9870	-4053.726	-4063.311	9.585735	1.332789	23.3682	0.198298	0.558132	1.03888	2.20469	5.342796
9880	-4040.122	-4043.757	3.635204	1.12708	16.76502	0.16159	0.511878	1.01823	2.3083	5.642551
9890	-4021.855	-4040.786	18.93057	1.288369	24.04045	0.190703	0.549069	1.03513	2.2251	4.9324
9900	-4032.455	-4055.075	22.62091	0.7778119	20.99227	0.0908293	0.398045	0.950612	2.56051	4.772017
9910	-4038.084	-4052.38	14.29601	1.272778	22.01949	0.187995	0.545778	1.03373	2.23249	5.163305
9920	-4035.942	-4049.635	13.69265	0.8621708	21.37094	0.108703	0.43101	0.972797	2.48749	5.196223
9930	-4022.3	-4043.77	21.47066	1.571827	21.44273	0.236208	0.600091	1.05438	2.10933	4.833096
9940	-4029.779	-4054.49	24.71116	1.475302	20.72021	0.221482	0.584393	1.04894	2.14519	4.66528
9950	-4031.568	-4054.228	22.66007	0.6604663	19.62601	0.0657723	0.344264	0.909289	2.68067	4.728665
9960	-4030.537	-4055.884	25.34708	0.8032346	21.81281	0.0962469	0.408433	0.957847	2.53747	4.658637
9970	-4038.366	-4061.177	22.81109	0.7378061	20.60097	0.082275	0.380835	0.938111	2.59878	4.754015
9980	-4035.937	-4056.015	20.07873	1.4572	23.31214	0.218634	0.581274	1.04781	2.15229	4.894374
9990	-4052.409	-4050.839	-1.569573	1.431439	17.70666	0.214534	0.576732	1.04613	2.16261	5.974529
10000	-4033.715	-4048.258	14.54299	1.158565	23.20333	0.167464	0.519724	1.022	2.29081	5.134055
