Iteration	Posterior	Likelihood	Prior	alpha_morpho	br_len_lambda	rates_morpho[1]	rates_morpho[2]	rates_morpho[3]	rates_morpho[4]	tree_length
0	-4146.966	-4146.195	-0.7711267	96628.67	18.29387	0.995914	0.998953	1.00104	1.00409	5.934213
10	-4109.528	-4109.103	-0.4246586	49074.19	17.46354	0.994268	0.998529	1.00146	1.00574	5.905468
20	-4103.178	-4109.889	6.711089	27813.22	17.83802	0.992389	0.998043	1.00194	1.00763	5.511668
30	-4115.843	-4122.407	6.563845	22835.33	19.96679	0.991601	0.997839	1.00214	1.00842	5.54812
40	-4097.464	-4106.452	8.987415	52133.6	19.16128	0.994438	0.998573	1.00142	1.00557	5.420435
50	-4106.807	-4111.782	4.975982	10986.11	20.11203	0.987899	0.996877	1.00307	1.01215	5.626283
60	-4108.245	-4121.945	13.69982	7538.853	21.53724	0.985399	0.996223	1.0037	1.01468	5.194894
70	-4115.002	-4122.239	7.237299	27960.67	21.57045	0.992409	0.998048	1.00193	1.00761	5.49426
80	-4133.745	-4130.371	-3.373646	90573.66	19.38943	0.99578	0.998918	1.00108	1.00423	6.060799
90	-4131.874	-4132.698	0.8239526	33188.26	21.07096	0.993031	0.998209	1.00177	1.00699	5.807969
100	-4129.198	-4137.439	8.240204	79829.12	20.95456	0.995505	0.998847	1.00115	1.0045	5.457549
110	-4132.9	-4133.554	0.6536926	54790.24	19.94456	0.994575	0.998608	1.00138	1.00544	5.844545
120	-4129.411	-4128.322	-1.088244	98417.12	17.20398	0.995951	0.998962	1.00103	1.00405	5.937798
130	-4137.949	-4131.786	-6.162943	69183.76	15.92748	0.995172	0.998762	1.00123	1.00484	6.20136
140	-4129.502	-4125.144	-4.357831	97701.32	15.42387	0.995936	0.998958	1.00104	1.00407	6.057948
150	-4112.91	-4122.862	9.952582	91719.48	22.97474	0.995806	0.998925	1.00107	1.0042	5.338234
160	-4118.087	-4115.17	-2.916864	26106.29	17.734	0.992144	0.99798	1.002	1.00788	6.050813
170	-4104.075	-4108.96	4.884034	9716.145	19.47943	0.987134	0.996677	1.00326	1.01292	5.634818
180	-4111.481	-4104.749	-6.732352	2303.495	16.19954	0.973641	0.993112	1.00664	1.02661	6.247147
190	-4129.247	-4124.645	-4.601967	1437.871	19.44785	0.96668	0.99124	1.00836	1.03372	6.122632
200	-4115.021	-4114.916	-0.1052991	8968.155	20.14844	0.98661	0.99654	1.0034	1.01345	5.87809
210	-4110.162	-4123.369	13.20741	56582.98	21.87861	0.994661	0.99863	1.00136	1.00535	5.214446
220	-4106.258	-4112.861	6.602804	72604.52	19.18082	0.995287	0.998791	1.0012	1.00472	5.545037
230	-4107.834	-4116.542	8.707395	62405.67	20.20614	0.994916	0.998696	1.0013	1.00509	5.440587
240	-4102.839	-4110.259	7.420176	80797.31	18.97916	0.995532	0.998854	1.00114	1.00448	5.500085
250	-4094.355	-4101.442	7.08766	43536.63	18.39042	0.993915	0.998437	1.00155	1.0061	5.507021
260	-4115.907	-4112.293	-3.613324	49140.55	19.09498	0.994272	0.99853	1.00146	1.00574	6.079336
270	-4123.625	-4122.783	-0.8424302	73094.36	17.69313	0.995302	0.998795	1.0012	1.00471	5.933271
280	-4100.218	-4107.252	7.033297	91963.34	20.292	0.995812	0.998926	1.00107	1.00419	5.522833
290	-4103.003	-4104.859	1.855972	72975.27	19.93216	0.995299	0.998794	1.0012	1.00471	5.784461
300	-4106.766	-4105.398	-1.367787	42944.25	16.85846	0.993873	0.998427	1.00156	1.00614	5.944187
310	-4118.639	-4122.347	3.707677	26229.44	20.01931	0.992162	0.997984	1.00199	1.00786	5.690539
320	-4103.099	-4109.51	6.410545	43637.04	20.32997	0.993922	0.998439	1.00155	1.00609	5.553167
330	-4094.026	-4104.793	10.76652	69421.04	23.63484	0.99518	0.998764	1.00123	1.00483	5.28455
340	-4115.426	-4123.458	8.032131	80578.13	18.6439	0.995526	0.998853	1.00114	1.00448	5.46174
350	-4103.049	-4106.649	3.59991	83040.57	20.71518	0.995592	0.99887	1.00112	1.00441	5.684257
360	-4099.802	-4115.305	15.50312	27293.13	20.41263	0.992316	0.998024	1.00195	1.0077	5.106894
370	-4111.521	-4113.381	1.85965	58248.93	21.45267	0.994738	0.99865	1.00134	1.00527	5.747358
380	-4108.424	-4120.149	11.72447	38499.31	21.84567	0.993529	0.998338	1.00165	1.00649	5.2827
390	-4108.152	-4115.489	7.336386	96620.85	20.2233	0.995914	0.998953	1.00104	1.00409	5.508337
400	-4102.811	-4113.481	10.67003	64391.65	23.30026	0.994995	0.998716	1.00128	1.00501	5.298302
410	-4110.827	-4117.119	6.291976	85023.12	19.5334	0.995644	0.998883	1.00111	1.00436	5.562624
420	-4102.899	-4114.934	12.03538	27133.24	17.96235	0.992294	0.998019	1.00196	1.00773	5.219414
430	-4116.381	-4120.835	4.453594	52561.08	19.40218	0.994461	0.998578	1.00141	1.00555	5.657092
440	-4107.566	-4109.167	1.601046	33543.45	18.58062	0.993068	0.998219	1.00176	1.00695	5.806463
450	-4102.059	-4118.765	16.70601	79343.11	19.6375	0.995491	0.998844	1.00115	1.00452	5.032347
460	-4129.362	-4124.274	-5.087312	25986.04	18.05299	0.992126	0.997975	1.002	1.0079	6.172179
470	-4108.843	-4114.62	5.776503	23460.72	20.4801	0.991714	0.997868	1.00211	1.00831	5.582548
480	-4100.557	-4106.551	5.993694	57353.48	19.0765	0.994697	0.998639	1.00135	1.00531	5.576079
490	-4099.447	-4109.279	9.831657	81931.56	21.63362	0.995563	0.998862	1.00113	1.00444	5.372985
500	-4099.302	-4105.282	5.979134	76691.08	17.83143	0.995414	0.998824	1.00117	1.00459	5.552485
510	-4101.421	-4107.825	6.403976	19140.13	20.90103	0.990827	0.997638	1.00233	1.0092	5.546064
520	-4113.374	-4120.51	7.135819	54056.41	20.12186	0.994538	0.998598	1.00139	1.00547	5.518842
530	-4114.078	-4112.882	-1.196469	34637.42	18.6776	0.993178	0.998247	1.00174	1.00684	5.956551
540	-4126.51	-4124.369	-2.140541	6200.312	17.74902	0.983904	0.995831	1.00408	1.01619	6.007175
550	-4106.903	-4109.76	2.857825	38788.96	20.28003	0.993553	0.998344	1.00164	1.00646	5.728814
560	-4100.523	-4109.773	9.249686	28731.61	20.01759	0.992511	0.998075	1.00191	1.00751	5.413703
570	-4106.641	-4111.937	5.296287	87754.02	20.14441	0.995712	0.998901	1.00109	1.00429	5.610041
580	-4112.022	-4117.438	5.415294	62276.13	18.47331	0.994911	0.998694	1.0013	1.0051	5.599451
590	-4113.858	-4111.99	-1.867357	88255.33	18.50165	0.995725	0.998904	1.00109	1.00428	5.993552
600	-4119.639	-4124.694	5.055588	9359.301	19.75111	0.986892	0.996614	1.00333	1.01317	5.625116
610	-4109.327	-4115.007	5.679904	93340.74	18.74055	0.995843	0.998934	1.00106	1.00416	5.589234
620	-4116.948	-4121.929	4.980509	45731.47	19.64841	0.994062	0.998476	1.00151	1.00595	5.629402
630	-4115.694	-4114.898	-0.7958847	67371.2	18.0092	0.995107	0.998745	1.00125	1.0049	5.934144
640	-4105.718	-4107.332	1.614142	33682.94	18.20761	0.993083	0.998223	1.00176	1.00693	5.802937
650	-4114.242	-4120.864	6.621775	1906.849	19.78732	0.971043	0.992416	1.00728	1.02926	5.545765
660	-4112.871	-4115.364	2.493473	5098.594	22.13893	0.982255	0.995397	1.00449	1.01786	5.695094
670	-4115.508	-4124.753	9.244901	49931.97	21.56861	0.994317	0.998541	1.00145	1.00569	5.401219
680	-4110.806	-4110.958	0.1520216	98396.74	16.13227	0.995951	0.998962	1.00103	1.00406	5.818138
690	-4104.783	-4106.333	1.550219	50447.06	16.16561	0.994346	0.998549	1.00144	1.00566	5.733665
700	-4108.761	-4111.215	2.453036	44952.61	19.2658	0.994011	0.998462	1.00152	1.006	5.76102
710	-4100.699	-4110.716	10.01692	86908.79	21.31314	0.995692	0.998895	1.0011	1.00431	5.368962
720	-4122.874	-4129.583	6.709043	97908.37	17.09037	0.995941	0.99896	1.00103	1.00407	5.478553
730	-4115.348	-4121.179	5.831339	2387.401	17.70096	0.974106	0.993236	1.00652	1.02613	5.556354
740	-4113.829	-4122.698	8.868343	75629.62	22.80414	0.995382	0.998816	1.00118	1.00463	5.390279
750	-4118.028	-4114.565	-3.462452	46058.51	20.2239	0.994083	0.998481	1.00151	1.00593	6.042298
760	-4101.367	-4105.445	4.078085	66119.22	17.44907	0.995061	0.998733	1.00126	1.00495	5.647112
770	-4121.513	-4123.933	2.420118	64691.48	19.41696	0.995007	0.998719	1.00127	1.005	5.761792
780	-4097.007	-4104.4	7.393647	18991.98	15.99391	0.990792	0.997629	1.00234	1.00924	5.356569
790	-4107.826	-4117.145	9.319427	26253.17	20.03776	0.992166	0.997985	1.00199	1.00786	5.410251
800	-4117.165	-4111.024	-6.141153	68738.83	23.9463	0.995156	0.998758	1.00123	1.00485	5.98106
810	-4122.192	-4118.084	-4.107898	67934.7	20.25504	0.995127	0.99875	1.00124	1.00488	6.07315
820	-4116.961	-4122.511	5.550651	29340.64	19.94469	0.992589	0.998095	1.00189	1.00743	5.599015
830	-4122.093	-4127.405	5.312226	47370.1	19.26747	0.994166	0.998502	1.00149	1.00585	5.612617
840	-4108.667	-4116.258	7.590297	41097	16.31867	0.993737	0.998392	1.00159	1.00628	5.373133
850	-4093.029	-4110.62	17.59114	69297.88	18.84035	0.995176	0.998763	1.00123	1.00483	4.958203
860	-4103.928	-4113.081	9.15371	37946.35	17.84489	0.993482	0.998326	1.00166	1.00653	5.375026
870	-4096.578	-4111.873	15.29493	16980.8	19.42664	0.990262	0.997492	1.00247	1.00977	5.098981
880	-4109.279	-4117.406	8.127815	58547.76	22.2193	0.994752	0.998653	1.00134	1.00526	5.438621
890	-4111.931	-4114.247	2.316503	2490.654	20.99108	0.974646	0.99338	1.00639	1.02558	5.739281
900	-4112.92	-4112.42	-0.49945	3844.976	16.48019	0.979576	0.99469	1.00516	1.02057	5.876922
910	-4113.217	-4120.56	7.342838	27978.04	17.64858	0.992411	0.998049	1.00193	1.00761	5.468819
920	-4113.569	-4112.457	-1.112122	384.1597	18.00425	0.935913	0.9827	1.01581	1.06557	5.95167
930	-4089.149	-4082.981	-6.168315	11.38327	17.36916	0.652369	0.880413	1.06967	1.39755	6.23407
940	-4064.141	-4065.389	1.24805	1.522853	17.14013	0.228831	0.592317	1.05174	2.12712	5.799843
950	-4032.167	-4048.561	16.39385	1.475131	20.82802	0.221455	0.584364	1.04893	2.14525	5.067585
960	-4030.824	-4048.76	17.93624	0.7304759	20.06549	0.0807062	0.377561	0.935659	2.60607	4.980851
970	-4024.86	-4052.436	27.5759	0.7589947	23.49038	0.0868086	0.390086	0.944911	2.57819	4.5732
980	-4040.47	-4054.077	13.60755	0.9727871	24.74425	0.131493	0.468417	0.99534	2.40475	5.133315
990	-4042.926	-4061.765	18.83876	0.9727871	22.70542	0.131493	0.468417	0.99534	2.40475	4.953873
1000	-4035.799	-4042.091	6.292044	1.030532	19.09934	0.143005	0.485741	1.00488	2.36637	5.56063
1010	-4023.826	-4046.545	22.71984	0.8168964	21.41779	0.0991487	0.413849	0.961529	2.52547	4.774493
1020	-4042.493	-4053.55	11.05684	1.028343	19.98751	0.142574	0.485108	1.00454	2.36778	5.323235
1030	-4043.708	-4053.557	9.848885	1.186355	22.00712	0.172572	0.526398	1.02512	2.27591	5.365511
1040	-4052.229	-4063.447	11.21783	1.771555	18.37801	0.264392	0.628293	1.06306	2.04425	5.28199
1050	-4041.508	-4060.178	18.67042	0.8483316	28.2432	0.105794	0.425888	0.969497	2.49882	4.822495
1060	-4038.203	-4062.077	23.87358	0.8729364	26.23237	0.110958	0.434922	0.975282	2.47884	4.690986
1070	-4045.473	-4057.268	11.79498	1.141709	23.85181	0.164331	0.515562	1.02002	2.30009	5.234834
1080	-4049.007	-4055.719	6.711875	1.291654	18.8511	0.191271	0.549755	1.03542	2.22355	5.535797
1090	-4035.357	-4050.691	15.33387	1.419368	20.7761	0.212593	0.574561	1.04531	2.16753	5.118193
1100	-4059.273	-4062.744	3.470163	1.035023	21.93934	0.143889	0.487032	1.00557	2.36351	5.657561
1110	-4039.464	-4059.564	20.09942	0.8309094	20.82787	0.102117	0.419287	0.965165	2.51343	4.88967
1120	-4027.717	-4046.499	18.78237	1.50092	24.09468	0.225465	0.588709	1.05048	2.13535	4.937566
1130	-4040.501	-4061.362	20.86097	1.266862	21.23858	0.186961	0.544514	1.03319	2.23533	4.859284
1140	-4028.99	-4049.998	21.0085	0.7768482	20.50378	0.0906236	0.397643	0.950327	2.56141	4.839351
1150	-4025.449	-4056.183	30.73388	0.7742937	21.95112	0.0900781	0.396575	0.949569	2.56378	4.415162
1160	-4021.681	-4058.624	36.94249	0.7586999	24.58498	0.0867455	0.389959	0.94482	2.57848	4.189031
1170	-4030.079	-4055.442	25.36358	0.768583	20.18504	0.0888582	0.394171	0.947855	2.56912	4.615459
1180	-4029.74	-4051.69	21.95046	0.9787116	21.29646	0.132687	0.470258	0.996381	2.40067	4.808817
1190	-4045.875	-4057.668	11.79384	1.328773	23.55117	0.197619	0.557331	1.03856	2.20649	5.243398
1200	-4039.22	-4060.597	21.37745	0.627206	20.30816	0.0587634	0.327061	0.894588	2.71959	4.816384
1210	-4009.436	-4051.076	41.64009	0.6329899	22.53536	0.0599757	0.330121	0.897259	2.71264	3.943266
1220	-4019.563	-4049.035	29.47223	0.7575786	26.60779	0.0865057	0.389477	0.94447	2.57955	4.471911
1230	-4038.224	-4059.117	20.89325	1.022927	19.86026	0.141506	0.483536	1.0037	2.37126	4.827004
1240	-4031.22	-4056.01	24.78987	1.203403	21.06797	0.175669	0.530381	1.02695	2.267	4.670508
1250	-4024.37	-4053.126	28.75588	0.863992	21.22345	0.109085	0.431676	0.973223	2.48602	4.487107
1260	-4037.298	-4058.474	21.17647	0.8607047	23.17453	0.108395	0.430473	0.972453	2.48868	4.848388
1270	-4019.717	-4053.174	33.45647	1.016729	25.97324	0.14028	0.481723	1.00272	2.37528	4.32764
1280	-4035.578	-4053.229	17.65116	0.90735	25.44879	0.118117	0.447016	0.982775	2.45209	4.951433
1290	-4070.576	-4078.9	8.32333	1.322617	17.91834	0.196575	0.556097	1.03805	2.20928	5.42442
1300	-4037.429	-4054.16	16.73128	1.550886	20.65314	0.233077	0.596813	1.05328	2.11683	5.049716
1310	-4036.52	-4056.355	19.83514	0.9496678	19.51009	0.126805	0.461082	0.991132	2.42098	4.868431
1320	-4039.536	-4058.454	18.91794	0.8966905	25.30618	0.115908	0.443335	0.980525	2.46023	4.905312
1330	-4056.344	-4062.6	6.256088	1.342485	19.51739	0.199932	0.56005	1.03966	2.20036	5.564443
1340	-4043.066	-4051.779	8.713657	2.216587	25.88295	0.317827	0.676231	1.07457	1.93137	5.284181
1350	-4053.908	-4050.878	-3.029036	1.093644	21.79501	0.155251	0.503196	1.01394	2.32762	5.960327
1360	-4049.616	-4059.154	9.53819	1.277867	17.35386	0.188881	0.546859	1.0342	2.23006	5.328932
1370	-4054.886	-4056.332	1.446404	0.8513626	21.16602	0.106432	0.427019	0.97023	2.49632	5.775609
1380	-4039.279	-4055.523	16.244	0.8997701	19.83508	0.116547	0.444404	0.981181	2.45787	5.060553
1390	-4025.347	-4046.947	21.59987	1.026282	27.05818	0.142168	0.484512	1.00422	2.3691	4.755187
1400	-4029.959	-4049.629	19.66973	0.8159539	19.10928	0.0989488	0.413479	0.961279	2.52629	4.860648
1410	-4026.12	-4049.667	23.54641	0.8334598	19.69139	0.102656	0.420264	0.965812	2.51127	4.686374
1420	-4038.424	-4054.967	16.54263	1.045887	28.11263	0.146018	0.490123	1.00721	2.35665	4.902885
1430	-4058.264	-4062.072	3.808707	1.21217	24.8056	0.177251	0.532398	1.02786	2.26249	5.52643
1440	-4051.601	-4056.693	5.091681	1.389684	20.19632	0.207767	0.569101	1.04323	2.1799	5.619638
1450	-4051.29	-4054.042	2.752163	1.373335	17.49593	0.205076	0.566019	1.04203	2.18688	5.724558
1460	-4055.782	-4061.883	6.101131	1.05733	17.60675	0.148249	0.49333	1.00889	2.34954	5.537582
1470	-4037.454	-4050.951	13.49725	1.161762	22.09973	0.168055	0.520503	1.02237	2.28907	5.198574
1480	-4048.524	-4065.472	16.94805	0.9534292	19.47518	0.127571	0.462292	0.991833	2.4183	5.015369
1490	-4055.382	-4063.113	7.73052	1.655089	23.62849	0.248317	0.612488	1.05837	2.08083	5.413227
1500	-4045.937	-4062.322	16.3855	1.334469	21.23564	0.198582	0.558466	1.03902	2.20394	5.070001
1510	-4055.269	-4066.214	10.94441	1.018909	21.53836	0.140711	0.482363	1.00306	2.37386	5.322816
1520	-4031.408	-4055.688	24.28054	0.9814421	21.34787	0.133236	0.471102	0.996856	2.39881	4.700369
1530	-4023.28	-4061.363	38.08246	0.7234364	22.37332	0.0791997	0.374381	0.933253	2.61317	4.095838
1540	-4013.412	-4051.609	38.19756	0.7511518	24.77524	0.085131	0.386698	0.942443	2.58573	4.139829
1550	-4020.685	-4055.466	34.7811	0.755487	21.73808	0.0860584	0.388576	0.943814	2.58155	4.223514
1560	-4039.333	-4059.303	19.97086	0.9434971	22.36413	0.125547	0.459084	0.989968	2.4254	4.905378
1570	-4045.416	-4067.944	22.52834	1.16229	22.38731	0.168153	0.520632	1.02243	2.28878	4.791083
1580	-4039.847	-4053.747	13.8991	1.184381	19.34727	0.172211	0.525931	1.02491	2.27695	5.168954
1590	-4041.013	-4063.978	22.96485	0.9167954	26.05591	0.120068	0.45023	0.984718	2.44498	4.729714
1600	-4014.489	-4049.281	34.79134	0.6266691	25.76243	0.058651	0.326775	0.894338	2.72024	4.277129
1610	-4017.385	-4045.02	27.63513	1.031057	20.83374	0.143109	0.485892	1.00496	2.36604	4.528057
1620	-4023.627	-4048.445	24.81727	0.91037	24.51754	0.118742	0.448048	0.983401	2.44981	4.682996
1630	-4015.232	-4040.079	24.84652	0.7891448	21.47719	0.0932468	0.402727	0.953901	2.55013	4.676285
1640	-4014.3	-4045.629	31.32892	0.749544	24.48726	0.084787	0.385998	0.94193	2.58728	4.417412
1650	-4011.524	-4046.922	35.39808	0.9785053	23.52539	0.132645	0.470194	0.996345	2.40082	4.24075
1660	-4030.083	-4055.918	25.83574	0.7146597	23.2451	0.0773219	0.370366	0.930182	2.62213	4.647401
1670	-4037.136	-4052.131	14.99525	0.9708414	17.23283	0.1311	0.467809	0.994995	2.4061	5.005204
1680	-4032.506	-4058.764	26.25839	0.9936314	21.28299	0.135681	0.474829	0.998937	2.39055	4.606215
1690	-4030.088	-4046.467	16.37855	0.9927071	17.56647	0.135496	0.474549	0.998781	2.39117	4.950946
1700	-4062.865	-4078.084	15.21904	0.960875	22.23626	0.129083	0.464667	0.993202	2.41305	5.119294
1710	-4071.814	-4065.768	-6.045466	1.249627	22.93326	0.183931	0.54078	1.03158	2.24371	6.036939
1720	-4045.823	-4052.243	6.419342	1.389127	16.27937	0.207676	0.568997	1.04319	2.18014	5.441779
1730	-4046.037	-4060.817	14.77933	1.491828	21.78155	0.224057	0.587191	1.04994	2.13881	5.14334
1740	-4036.878	-4055.802	18.92347	0.978865	26.02428	0.132718	0.470306	0.996408	2.40057	4.885724
1750	-4051.207	-4061.222	10.01491	1.000764	18.0497	0.137106	0.476981	1.00013	2.38579	5.335498
1760	-4054.697	-4062.203	7.506273	1.476	17.24511	0.221591	0.584512	1.04898	2.14492	5.440432
1770	-4045.943	-4060.002	14.05934	0.9523238	22.69417	0.127346	0.461937	0.991628	2.41909	5.164561
1780	-4012.612	-4048.411	35.79888	0.9665611	25.8624	0.130235	0.466465	0.994231	2.40907	4.237787
1790	-4038.628	-4055.114	16.48584	1.253935	22.04031	0.184691	0.54172	1.03199	2.2416	5.063729
1800	-4023.531	-4044.359	20.82818	0.8442336	19.7185	0.10493	0.424351	0.968496	2.50222	4.825392
1810	-4027.898	-4049.178	21.27964	0.9199091	21.18056	0.120709	0.45128	0.985349	2.44266	4.838782
1820	-4038.765	-4051.645	12.87928	1.646855	25.178	0.247143	0.611306	1.058	2.08356	5.148352
1830	-4041.132	-4046.872	5.740154	1.811504	20.82094	0.269686	0.633346	1.06447	2.0325	5.579213
1840	-4056.568	-4057.221	0.6527922	1.110112	18.63297	0.158386	0.507519	1.01609	2.318	5.857542
1850	-4061.258	-4065.737	4.479358	1.373518	20.52896	0.205106	0.566054	1.04204	2.1868	5.645088
1860	-4054.389	-4064.389	10.00038	1.644248	19.6181	0.24677	0.610929	1.05788	2.08442	5.373637
1870	-4078.375	-4071.025	-7.350789	1.247874	18.02831	0.183622	0.540396	1.03141	2.24457	6.297879
1880	-4063.66	-4065.737	2.077893	1.118629	21.27972	0.159997	0.509719	1.01718	2.31311	5.742454
1890	-4048.478	-4052.054	3.575936	0.9618575	17.58915	0.129282	0.464979	0.993381	2.41236	5.680464
1900	-4051.928	-4063.412	11.48418	0.9560939	18.90221	0.128112	0.463145	0.992326	2.41642	5.284
1910	-4040.757	-4050.6	9.842751	0.9401049	21.2761	0.124854	0.457978	0.98932	2.42785	5.377605
1920	-4058.531	-4059.29	0.7595514	0.8609883	17.28407	0.108455	0.430577	0.97252	2.48845	5.832814
1930	-4047.522	-4055.583	8.061263	1.122688	21.86778	0.160763	0.510759	1.01769	2.31079	5.449899
1940	-4055.541	-4068.158	12.61723	1.223634	23.67433	0.17931	0.535003	1.02903	2.25666	5.205196
1950	-4056.837	-4061.81	4.972303	1.255406	17.77687	0.18495	0.54204	1.03213	2.24088	5.607298
1960	-4051.874	-4064.024	12.14989	1.156033	18.79975	0.166995	0.519104	1.02171	2.29219	5.245808
1970	-4055.437	-4066.33	10.89313	1.199223	20.72897	0.174912	0.529412	1.0265	2.26917	5.332133
1980	-4037.878	-4053.289	15.41042	1.033656	22.43106	0.14362	0.486639	1.00536	2.36438	5.108507
1990	-4044.258	-4060.317	16.05888	1.247852	22.78785	0.183618	0.540391	1.03141	2.24458	5.07519
2000	-4060.827	-4068.72	7.892738	1.778128	20.61501	0.26527	0.629136	1.0633	2.04229	5.47804
2010	-4034.642	-4051.962	17.32001	0.6740278	19.18257	0.0686515	0.351014	0.91485	2.66548	4.986355
2020	-4035.6	-4045.368	9.768183	1.014987	21.70743	0.139934	0.481211	1.00244	2.37642	5.37469
2030	-4033.452	-4059.177	25.72448	1.16741	22.69369	0.169098	0.521873	1.02302	2.28601	4.650544
2040	-4034.217	-4059.656	25.43953	1.380327	20.79736	0.206229	0.567344	1.04255	2.18388	4.632403
2050	-4038.76	-4053.368	14.60786	0.9378222	21.5586	0.124387	0.45723	0.988882	2.4295	5.152625
2060	-4053.149	-4059.703	6.553914	0.9472222	20.70285	0.126307	0.460292	0.990673	2.42273	5.541825
2070	-4049.368	-4052.317	2.948673	1.091388	20.95011	0.154819	0.502596	1.01363	2.32895	5.710183
2080	-4040.958	-4057.348	16.39018	0.963417	21.71845	0.129598	0.465473	0.993664	2.41127	5.0696
2090	-4067.241	-4069.344	2.102549	1.815068	18.85005	0.270153	0.633788	1.06459	2.03147	5.780308
2100	-4063.947	-4064.851	0.9037516	1.095822	18.07945	0.155667	0.503773	1.01423	2.32634	5.840633
2110	-4050.066	-4070.246	20.18009	0.7135228	22.36917	0.0770788	0.369841	0.929778	2.6233	4.896012
2120	-4041.353	-4048.156	6.802805	1.02026	19.60606	0.140978	0.482758	1.00328	2.37299	5.536613
2130	-4031.78	-4048.357	16.57774	0.9635543	21.79489	0.129626	0.465516	0.993688	2.41117	5.060728
2140	-4043.651	-4067.16	23.50933	1.048088	24.62783	0.146448	0.490744	1.00753	2.35528	4.734831
2150	-4028.663	-4057.37	28.70702	0.9602912	21.5095	0.128964	0.464482	0.993096	2.41346	4.49738
2160	-4014.274	-4053.648	39.37393	0.7322696	23.81788	0.0810901	0.378366	0.936264	2.60428	4.077912
2170	-4014.366	-4052.153	37.78734	0.8287363	26.71495	0.101657	0.418451	0.96461	2.51528	4.158919
2180	-4019.283	-4057.481	38.19775	0.6209417	26.00076	0.057454	0.323714	0.891638	2.72719	4.145098
2190	-4012.778	-4065.101	52.32281	0.4626895	27.89482	0.0266988	0.226862	0.7911	2.95534	3.62854
2200	-4022.602	-4069.57	46.96811	0.7624554	29.25118	0.0875485	0.391567	0.945983	2.5749	3.817487
2210	-4017.17	-4061.579	44.40939	0.4540569	29.1487	0.0252223	0.220869	0.783729	2.97018	3.905788
2220	-4016.381	-4056.328	39.94705	0.7168671	26.09435	0.0777941	0.371381	0.930962	2.61986	4.078036
2230	-4035.059	-4059.881	24.82233	1.04934	27.0549	0.146692	0.491096	1.00772	2.35449	4.636173
2240	-4031.675	-4058.547	26.87148	1.102138	24.51733	0.156871	0.505437	1.01506	2.32263	4.599213
2250	-4054.258	-4064.214	9.956376	0.9149253	22.32246	0.119682	0.449597	0.984337	2.44638	5.354095
2260	-4048.869	-4063.946	15.07651	0.6977046	17.17895	0.073698	0.362445	0.924015	2.63984	4.996201
2270	-4028.148	-4047.025	18.87659	1.039381	22.22495	0.144744	0.488277	1.00623	2.36075	4.954844
2280	-4055.175	-4058.432	3.25675	1.267523	20.0661	0.187077	0.544656	1.03325	2.23501	5.712422
2290	-4054.112	-4064.433	10.32034	1.069604	21.18646	0.150629	0.496718	1.01064	2.34201	5.356143
2300	-4042.973	-4058.804	15.83144	0.8912989	24.30656	0.114788	0.441451	0.979363	2.4644	5.05489
2310	-4038.41	-4053.081	14.6706	0.8511747	18.39304	0.106392	0.426949	0.970185	2.49647	5.094812
2320	-4050.104	-4060.878	10.77419	1.021702	24.74239	0.141264	0.483179	1.0035	2.37205	5.247887
2330	-4048.564	-4067.964	19.39976	1.072539	20.99163	0.151196	0.497519	1.01105	2.34023	4.925454
2340	-4054.036	-4060.955	6.918672	1.395994	19.59877	0.208799	0.570277	1.04368	2.17724	5.53069
2350	-4044.03	-4052.868	8.838413	1.087975	20.05827	0.154165	0.501686	1.01317	2.33097	5.434259
2360	-4035.609	-4052.19	16.58053	1.052707	21.24209	0.147349	0.49204	1.00821	2.3524	5.060835
2370	-4021.549	-4047.489	25.94002	0.6884682	21.87659	0.0717269	0.358038	0.920519	2.64972	4.632449
2380	-4020.548	-4051.471	30.92231	0.7390568	23.77169	0.0825427	0.38139	0.938524	2.59754	4.43253
2390	-4034.193	-4068.156	33.96254	1.024241	29.18171	0.141765	0.483919	1.0039	2.37041	4.263519
2400	-4023.404	-4060.084	36.68026	0.8351598	23.07541	0.103015	0.420914	0.96624	2.50983	4.177208
2410	-4002.31	-4036.068	33.75855	1.011707	27.52108	0.139284	0.480243	1.00191	2.37856	4.299695
2420	-4035.639	-4057.624	21.98439	0.6156682	18.47127	0.0563549	0.32087	0.889107	2.73367	4.702396
2430	-4038.49	-4058.092	19.60232	1.406056	23.23344	0.210438	0.572134	1.04439	2.17303	4.915689
2440	-4037.329	-4061.125	23.79635	0.9726971	20.6373	0.131474	0.468389	0.995324	2.40481	4.7072
2450	-4044.267	-4059.852	15.58443	1.222401	19.79755	0.179089	0.534724	1.0289	2.25728	5.093031
2460	-4047.972	-4055.691	7.718983	1.644499	21.22553	0.246806	0.610965	1.05789	2.08434	5.478282
2470	-4067.605	-4062.35	-5.255045	1.507373	17.56581	0.226459	0.589779	1.05085	2.13291	6.182472
2480	-4036.421	-4047.379	10.95812	1.411056	17.52391	0.21125	0.57305	1.04474	2.17096	5.25713
2490	-4039.04	-4050.533	11.49282	1.154945	17.54477	0.166793	0.518837	1.02158	2.29279	5.227828
2500	-4027.94	-4046.763	18.82294	0.8397863	22.87676	0.103992	0.422672	0.967397	2.50594	4.953098
2510	-4054.39	-4060.884	6.494463	1.336195	18.3431	0.198873	0.558808	1.03916	2.20316	5.538211
2520	-4056.017	-4067.753	11.73633	1.088192	20.53339	0.154207	0.501745	1.0132	2.33085	5.291591
2530	-4063.334	-4071.017	7.68309	1.086407	20.7424	0.153865	0.501267	1.01296	2.33191	5.486837
2540	-4060.939	-4066.647	5.708279	1.553389	24.6153	0.233453	0.597208	1.05341	2.11593	5.458177
2550	-4045.585	-4048.241	2.6554	1.51419	18.51913	0.227506	0.590901	1.05124	2.13035	5.749247
2560	-4039.47	-4047.002	7.532402	1.290285	21.2179	0.191035	0.54947	1.0353	2.22419	5.487203
2570	-4038.986	-4054.312	15.32551	1.166208	23.0528	0.168876	0.521582	1.02288	2.28666	5.103037
2580	-4044.68	-4055.122	10.44205	1.094575	22.76961	0.155428	0.503443	1.01406	2.32707	5.322123
2590	-4038.32	-4058.259	19.93881	1.327109	21.32695	0.197337	0.556998	1.03842	2.20724	4.90356
2600	-4034.793	-4057.834	23.04151	0.8241104	21.79808	0.100678	0.416663	0.963418	2.51924	4.764188
2610	-4037.657	-4060.948	23.29123	0.6722716	20.1911	0.0682781	0.350148	0.914143	2.66743	4.718331
2620	-4056.555	-4066.986	10.43098	1.066138	17.48718	0.149958	0.495767	1.01015	2.34413	5.285179
2630	-4041.091	-4061.73	20.63813	0.848701	24.87133	0.105872	0.426027	0.969587	2.49852	4.84666
2640	-4035.478	-4058.655	23.17695	1.218674	24.8539	0.178421	0.53388	1.02853	2.25917	4.744862
2650	-4034.318	-4050.979	16.66036	1.060771	21.74685	0.148918	0.494286	1.00938	2.34741	5.057084
2660	-4062.761	-4064.027	1.266752	1.000658	19.64469	0.137085	0.47695	1.00011	2.38586	5.818463
2670	-4032.637	-4047.585	14.94813	0.795119	16.9721	0.0945197	0.405161	0.955593	2.54473	4.98644
2680	-4025.269	-4045.853	20.58481	1.034703	23.19088	0.143826	0.48694	1.00552	2.36371	4.873778
2690	-4040.549	-4054.833	14.28427	1.131222	22.18516	0.162368	0.512928	1.01874	2.30596	5.161962
2700	-4038.318	-4041.171	2.853502	1.7277	25.5451	0.258453	0.622537	1.0614	2.05761	5.527996
2710	-4058.274	-4064.792	6.518661	1.036073	20.40243	0.144095	0.487332	1.00573	2.36284	5.547141
2720	-4046.394	-4053.815	7.42096	1.011544	19.63892	0.139251	0.480194	1.00189	2.37867	5.505173
2730	-4036.715	-4053.636	16.92149	1.126645	22.35875	0.161508	0.511767	1.01818	2.30854	5.041774
2740	-4037.523	-4059.389	21.86589	0.8285065	21.75598	0.101609	0.418363	0.964551	2.51548	4.81779
2750	-4056.501	-4070.888	14.38705	1.134673	20.70361	0.163015	0.513799	1.01917	2.30402	5.163469
2760	-4031.905	-4050.814	18.90964	1.625888	24.31472	0.244131	0.608252	1.05703	2.09058	4.928088
2770	-4027.247	-4040.268	13.02084	1.505181	21.83818	0.226122	0.589417	1.05072	2.13374	5.223443
2780	-4026.261	-4050.984	24.72312	0.9918828	25.21058	0.135331	0.474298	0.998642	2.39173	4.67744
2790	-4045.513	-4066.842	21.32977	1.087885	22.01453	0.154148	0.501662	1.01316	2.33103	4.843852
2800	-4031.493	-4046.345	14.85136	1.213429	23.43259	0.177478	0.532686	1.02799	2.26185	5.116121
2810	-4047.772	-4048.07	0.2983077	1.119798	16.7472	0.160218	0.510019	1.01732	2.31244	5.840843
2820	-4032.737	-4050.234	17.49647	1.394444	21.79037	0.208546	0.569989	1.04357	2.17789	5.018582
2830	-4025.791	-4054.359	28.56712	0.7862822	23.95398	0.0926365	0.401552	0.95308	2.55273	4.531635
2840	-4028.776	-4058.744	29.96812	0.8030757	26.80402	0.0962131	0.408369	0.957803	2.53761	4.450185
2850	-4036.492	-4060.037	23.54534	0.7326857	23.93849	0.0811791	0.378552	0.936404	2.60386	4.741421
2860	-4023.702	-4053.876	30.1745	0.680664	23.48496	0.0700638	0.354262	0.917487	2.65819	4.462542
2870	-4020.567	-4054.373	33.80616	0.6526388	25.90115	0.0641153	0.3403	0.905969	2.68962	4.314615
2880	-4036.751	-4057.79	21.03932	1.058225	22.19354	0.148423	0.493579	1.00902	2.34898	4.857491
2890	-4038.936	-4054.761	15.82523	0.9014786	24.7943	0.116901	0.444995	0.981543	2.45656	5.042315
2900	-4052.234	-4065.329	13.09436	0.9504994	21.87732	0.126974	0.46135	0.991288	2.42039	5.219628
2910	-4052.668	-4054.63	1.962616	1.233063	18.51293	0.180993	0.537119	1.02997	2.25192	5.786617
2920	-4058.601	-4067.602	9.000877	1.302971	19.08451	0.19322	0.552099	1.0364	2.21828	5.418568
2930	-4038.63	-4053.929	15.29967	1.125626	19.11205	0.161316	0.511508	1.01805	2.30912	5.089426
2940	-4041.028	-4057.304	16.27635	1.006613	20.81163	0.138271	0.478731	1.00109	2.38191	5.073105
2950	-4049.217	-4060.789	11.57111	1.257067	17.51755	0.185242	0.542401	1.03228	2.24008	5.221778
2960	-4040.038	-4065.869	25.83017	0.984715	22.65244	0.133894	0.472109	0.99742	2.39658	4.645635
2970	-4025.792	-4054.24	28.44717	0.7268924	23.2123	0.0799392	0.375947	0.93444	2.60967	4.534875
2980	-4037.634	-4061.706	24.07248	1.078187	21.84464	0.152285	0.499054	1.01184	2.33682	4.717449
2990	-4025.674	-4056.513	30.83832	0.8707719	26.16679	0.110505	0.43414	0.974788	2.48057	4.426267
3000	-4021.4	-4047.244	25.84414	0.8900263	25.55059	0.114523	0.441004	0.979087	2.46539	4.627907
3010	-4035.34	-4053.371	18.03167	1.097028	24.52836	0.155897	0.504092	1.01438	2.32563	4.959518
3020	-4035.071	-4050.609	15.5382	0.929291	25.00687	0.122638	0.454416	0.987219	2.43573	5.047807
3030	-4035.927	-4055.455	19.52744	1.190934	20.77497	0.173406	0.527476	1.02562	2.2735	4.916329
3040	-4030.763	-4052.481	21.71769	0.743983	25.04497	0.083597	0.383564	0.940137	2.5927	4.799957
3050	-4024.305	-4045.831	21.52572	0.9795629	25.45421	0.132858	0.470522	0.996529	2.40009	4.799065
3060	-4054.835	-4058.511	3.67593	1.611638	17.93447	0.242064	0.606142	1.05636	2.09544	5.684163
3070	-4041.059	-4055.597	14.53813	1.057707	20.93568	0.148322	0.493435	1.00894	2.3493	5.156963
3080	-4065.149	-4080.262	15.11329	0.8355872	22.44932	0.103106	0.421077	0.966348	2.50947	5.121521
3090	-4048.608	-4057.813	9.204835	1.146283	23.01827	0.165184	0.5167	1.02056	2.29755	5.369538
3100	-4035.019	-4041.602	6.583232	1.186834	19.63237	0.172659	0.526511	1.02517	2.27566	5.547828
3110	-4046.096	-4051.452	5.356363	1.22433	17.28121	0.179434	0.53516	1.0291	2.25631	5.56673
3120	-4028.014	-4040.247	12.2321	0.9953588	18.68304	0.136027	0.475352	0.999227	2.38939	5.237762
3130	-4053.355	-4060.593	7.238335	1.431851	22.35979	0.2146	0.576805	1.04616	2.16244	5.474826
3140	-4050.07	-4065.062	14.99241	1.4977	20.77569	0.224967	0.588173	1.05029	2.13657	5.134626
3150	-4048.691	-4062.737	14.0458	1.460967	20.96438	0.219229	0.581928	1.04804	2.1508	5.180498
3160	-4040.792	-4052.025	11.2337	1.07047	20.03408	0.150796	0.496954	1.01076	2.34149	5.314695
3170	-4033.065	-4039.439	6.374036	0.9526008	22.50184	0.127402	0.462026	0.99168	2.41889	5.509215
3180	-4047.399	-4060.346	12.94631	1.444423	21.59579	0.216608	0.579036	1.04698	2.15737	5.229364
3190	-4078.011	-4076.249	-1.761989	1.08634	19.55254	0.153852	0.501249	1.01295	2.33195	5.974557
3200	-4056.684	-4060.522	3.83862	0.8756543	17.99724	0.111526	0.435899	0.975899	2.47668	5.676538
3210	-4044.184	-4057.297	13.11262	1.430516	21.34143	0.214386	0.576567	1.04607	2.16298	5.223548
3220	-4069.782	-4065.597	-4.184857	1.179499	17.76888	0.171318	0.524772	1.02437	2.27954	6.122399
3230	-4072.454	-4069.112	-3.34279	1.516762	18.64185	0.2279	0.591323	1.05139	2.12939	6.071878
3240	-4059.571	-4068.089	8.517426	1.683676	18.72748	0.252354	0.616525	1.05961	2.07152	5.437548
3250	-4042.457	-4047.756	5.299567	1.380125	24.2142	0.206196	0.567306	1.04253	2.18397	5.492113
3260	-4055.872	-4073.364	17.49232	1.337332	20.34612	0.199065	0.559033	1.03925	2.20266	5.008348
3270	-4032.049	-4054.327	22.27819	1.025441	21.38842	0.142002	0.484268	1.00409	2.36964	4.794723
3280	-4023.245	-4048.326	25.08143	0.8804359	21.71375	0.112525	0.43761	0.976973	2.47289	4.669349
3290	-4031.524	-4060.648	29.12369	1.089734	23.06747	0.154503	0.502156	1.01341	2.32993	4.504614
3300	-4049.427	-4071.425	21.99827	1.133161	21.24234	0.162732	0.513418	1.01898	2.30487	4.805791
3310	-4053.689	-4069.119	15.42973	1.456831	23.95513	0.218576	0.581209	1.04778	2.15243	5.08005
3320	-4037.815	-4060.664	22.84962	1.128251	26.04543	0.16181	0.512176	1.01838	2.30764	4.734377
3330	-4040.089	-4066.838	26.74884	0.9085413	21.69617	0.118364	0.447424	0.983023	2.45119	4.592224
3340	-4018.203	-4058.944	40.74023	0.6058361	23.01282	0.054314	0.315501	0.884267	2.74592	3.999354
3350	-4020.407	-4052.952	32.545	0.7282387	26.44906	0.0802274	0.376555	0.9349	2.60832	4.358209
3360	-4041.404	-4066.522	25.11811	0.7583243	20.21437	0.0866652	0.389798	0.944703	2.57883	4.628732
3370	-4035.916	-4051.46	15.54361	1.580984	24.55941	0.237566	0.601504	1.05484	2.10609	5.060124
3380	-4019.634	-4045.362	25.7283	0.8904353	26.06735	0.114608	0.441148	0.979176	2.46507	4.623442
3390	-4042.234	-4068.918	26.68395	0.8086135	22.23599	0.0973903	0.410579	0.959313	2.53272	4.603695
3400	-4047.457	-4061.057	13.59986	1.100768	20.91567	0.15661	0.505077	1.01488	2.32343	5.201782
3410	-4049.016	-4057.531	8.515271	1.063838	21.37071	0.149513	0.495133	1.00982	2.34553	5.43849
3420	-4040.591	-4055.163	14.57208	1.399785	21.26306	0.209418	0.570979	1.04395	2.17565	5.155348
3430	-4035.257	-4058.696	23.43893	0.8989675	23.47031	0.116381	0.444126	0.981011	2.45848	4.74943
3440	-4044.742	-4064.698	19.95644	1.215857	25.00741	0.177915	0.53324	1.02824	2.26061	4.871114
3450	-4018.093	-4052.67	34.57661	0.8886633	22.87439	0.114239	0.440525	0.978789	2.46645	4.264417
3460	-4033.538	-4064.883	31.34498	1.398355	21.90842	0.209185	0.570714	1.04385	2.17625	4.386221
3470	-4052.847	-4070.12	17.27328	0.842128	28.27997	0.104486	0.423558	0.967978	2.50398	4.870568
3480	-4028.14	-4055.962	27.82181	0.8730181	22.80779	0.110975	0.434951	0.975301	2.47877	4.559169
3490	-4033.673	-4060.497	26.82433	0.9160985	24.32319	0.119924	0.449995	0.984577	2.4455	4.602523
3500	-4053.71	-4072.206	18.49599	1.27072	23.32511	0.187635	0.545339	1.03355	2.23348	4.962091
3510	-4042.673	-4055.3	12.62682	1.23763	22.30222	0.181806	0.538136	1.03042	2.24964	5.234801
3520	-4024.563	-4050.44	25.87667	0.725989	22.46629	0.0797459	0.375539	0.934131	2.61058	4.642212
3530	-4016	-4046.47	30.4701	0.93363	23.30291	0.123528	0.455852	0.988069	2.43255	4.448546
3540	-4006.759	-4049.311	42.55242	0.5837932	25.29369	0.0497835	0.303143	0.87282	2.77425	3.971226
3550	-4034.416	-4071.016	36.6	0.8071502	26.60784	0.0970793	0.409997	0.958917	2.53401	4.204028
3560	-4016.722	-4064.417	47.6943	0.5582534	34.0925	0.0446287	0.288255	0.858429	2.80869	3.733324
3570	-3997.242	-4042.966	45.72409	0.6674961	28.43592	0.0672635	0.347782	0.912201	2.67275	3.864089
3580	-4031.602	-4054.804	23.20172	1.062234	26.08723	0.149201	0.49469	1.00959	2.34652	4.719919
3590	-4037.908	-4055.198	17.29008	0.9399602	21.00893	0.124824	0.45793	0.989293	2.42795	5.026082
3600	-4042.602	-4057.614	15.01194	1.079819	18.60612	0.152599	0.499495	1.01206	2.33584	5.085782
3610	-4044.466	-4055.43	10.9634	0.7739253	16.236	0.0899995	0.39642	0.94946	2.56412	5.158407
3620	-4051.447	-4053.709	2.261919	1.340713	19.31546	0.199634	0.559701	1.03952	2.20115	5.770649
3630	-4053.039	-4059.112	6.073283	1.422999	18.09128	0.213179	0.575217	1.04556	2.16604	5.555022
3640	-4041.004	-4045.456	4.452438	1.401463	20.30321	0.209691	0.571289	1.04407	2.17495	5.649863
3650	-4054.458	-4067.02	12.56254	1.044093	20.62005	0.145667	0.489615	1.00694	2.35778	5.251523
3660	-4042.959	-4063.902	20.94277	0.783224	21.19359	0.0919843	0.400291	0.952196	2.55553	4.854858
3670	-4052.101	-4061.429	9.327941	1.239115	24.25278	0.18207	0.538465	1.03056	2.2489	5.324377
3680	-4035.214	-4055.791	20.57629	1.028614	23.6849	0.142628	0.485187	1.00458	2.3676	4.868874
3690	-4023.091	-4052.963	29.87162	1.093436	23.86905	0.155211	0.503141	1.01391	2.32774	4.477003
3700	-4032.024	-4050.544	18.51982	0.5987704	18.55002	0.0528546	0.311588	0.88069	2.75487	4.894269
3710	-4058.889	-4067.497	8.607981	1.230906	19.94719	0.180609	0.536637	1.02975	2.253	5.445727
3720	-4042.413	-4061.819	19.40636	0.7792724	19.20277	0.0911411	0.398653	0.951042	2.55916	4.878445
3730	-4034.023	-4047.542	13.51901	1.671625	23.03685	0.250659	0.614836	1.05909	2.07541	5.181731
3740	-4038.268	-4044.699	6.431334	1.171456	18.70259	0.169842	0.522848	1.02347	2.28384	5.548555
3750	-4054.426	-4056.988	2.562022	1.507357	19.57656	0.226457	0.589776	1.05085	2.13292	5.753191
3760	-4059.398	-4062.13	2.732165	1.119007	17.02923	0.160069	0.509816	1.01722	2.31289	5.708692
3770	-4039.104	-4047.006	7.901601	1.180835	16.23802	0.171563	0.52509	1.02452	2.27883	5.347164
3780	-4046.64	-4054.813	8.173291	0.9144584	21.58132	0.119586	0.449439	0.984242	2.44673	5.450659
3790	-4038.483	-4049.613	11.13019	1.329015	20.77916	0.19766	0.557379	1.03858	2.20639	5.320513
3800	-4055.423	-4062.866	7.442656	1.352983	18.98744	0.201692	0.562104	1.04048	2.19572	5.499011
3810	-4061.317	-4061.475	0.1570963	1.232578	20.9194	0.180907	0.537011	1.02992	2.25216	5.84438
3820	-4057.055	-4065.381	8.325759	1.587521	20.10743	0.238531	0.602504	1.05517	2.10379	5.459736
3830	-4038.808	-4048.213	9.404954	0.8536259	17.66633	0.106908	0.42786	0.970774	2.49446	5.352828
3840	-4042.16	-4055.225	13.06496	1.196727	19.31223	0.174459	0.528831	1.02624	2.27047	5.21128
3850	-4050.493	-4070.045	19.5516	0.9223437	21.06383	0.121211	0.452098	0.985838	2.44085	4.919097
3860	-4028.412	-4054.216	25.80396	1.046638	22.45149	0.146165	0.490335	1.00732	2.35618	4.645326
3870	-4029.974	-4052.739	22.7651	1.158777	20.75143	0.167503	0.519776	1.02203	2.29069	4.759938
3880	-4059.672	-4068.094	8.421365	0.9548281	18.88216	0.127855	0.46274	0.992092	2.41731	5.445679
3890	-4054.142	-4065.23	11.08755	1.243214	18.01553	0.182797	0.539371	1.03096	2.24687	5.274571
3900	-4034.585	-4042.779	8.194086	0.9436369	18.27688	0.125575	0.459129	0.989995	2.4253	5.443648
3910	-4025.673	-4037.853	12.18028	1.18823	22.23106	0.172914	0.52684	1.02533	2.27492	5.25604
3920	-4048.755	-4052.659	3.90387	1.295197	19.72886	0.191882	0.550492	1.03573	2.22189	5.683607
3930	-4046.737	-4050.412	3.67446	1.159766	23.3166	0.167686	0.520017	1.02214	2.29016	5.597871
3940	-4036.933	-4053.001	16.06782	1.090614	21.74062	0.154671	0.502391	1.01353	2.32941	5.084357
3950	-4040.818	-4047.333	6.515002	1.412588	21.58004	0.211498	0.573329	1.04485	2.17033	5.527527
3960	-4055.615	-4055.051	-0.5643937	1.630831	16.78932	0.244844	0.608978	1.05726	2.08892	5.893978
3970	-4037.128	-4048.446	11.31818	1.423348	19.5769	0.213235	0.57528	1.04558	2.1659	5.305918
3980	-4034.03	-4042.664	8.633983	1.044259	21.81064	0.145699	0.489662	1.00696	2.35768	5.424887
3990	-4035.558	-4055.462	19.9038	0.7989531	25.63752	0.095336	0.406712	0.956664	2.54129	4.858213
4000	-4050.416	-4061.544	11.12788	0.9592442	24.43105	0.128752	0.464149	0.992904	2.41419	5.244266
4010	-4016.121	-4041.42	25.29953	0.912038	22.83829	0.119086	0.448617	0.983745	2.44855	4.669866
4020	-4035.975	-4051.684	15.70951	0.9624493	17.235	0.129402	0.465167	0.993488	2.41194	4.963932
4030	-4032.763	-4057.73	24.96696	0.8227035	23.0657	0.10038	0.416116	0.963052	2.52045	4.684812
4040	-4034.668	-4051.632	16.96486	1.047065	27.13083	0.146248	0.490455	1.00738	2.35592	4.923925
4050	-4032.582	-4054.544	21.96227	0.5981549	25.27485	0.0527277	0.311245	0.880375	2.75565	4.785653
4060	-4026.767	-4062.941	36.17386	0.6799985	23.18418	0.0699221	0.353938	0.917225	2.65892	4.201435
4070	-3994.738	-4044.236	49.49824	0.6431258	26.40477	0.0621073	0.335413	0.901821	2.70066	3.71663
4080	-4026.674	-4062.579	35.90421	0.5320762	28.39173	0.039476	0.272341	0.842274	2.84591	4.210096
4090	-4021.681	-4053.138	31.45677	0.9204216	23.84835	0.120815	0.451453	0.985452	2.44228	4.410484
4100	-4001.951	-4047.529	45.57787	0.5276886	24.35469	0.0386274	0.269608	0.839415	2.85235	3.832299
4110	-4012.042	-4055.121	43.07883	0.59691	30.83801	0.0524714	0.31055	0.879734	2.75724	3.930458
4120	-4016.861	-4060.395	43.53471	0.5582031	29.01544	0.0446186	0.288225	0.858399	2.80876	3.936944
4130	-4006.221	-4057.802	51.58087	0.6003659	35.29401	0.0531835	0.312476	0.881506	2.75284	3.600195
4140	-4027.169	-4054.857	27.68802	0.7106018	27.36618	0.0764541	0.36849	0.928735	2.62632	4.523684
4150	-4030.939	-4058.107	27.16771	0.8623965	22.79932	0.10875	0.431093	0.97285	2.48731	4.587786
4160	-4026.992	-4053.57	26.57817	1.066011	22.89376	0.149934	0.495732	1.01013	2.3442	4.61419
4170	-4050.075	-4070.099	20.02369	0.9081275	22.45002	0.118278	0.447282	0.982937	2.4515	4.902786
4180	-4043.136	-4060.282	17.14628	0.9580648	22.01899	0.128513	0.463774	0.992688	2.41503	5.033865
4190	-4043.049	-4055.536	12.48722	0.9121315	20.82303	0.119105	0.448649	0.983765	2.44848	5.255158
4200	-4054.751	-4069.736	14.98576	1.281248	24.18524	0.189469	0.547574	1.0345	2.22846	5.092837
4210	-4030.091	-4048.642	18.55125	0.8364805	23.61859	0.103294	0.421417	0.966572	2.50872	4.955431
4220	-4039.2	-4056.655	17.45473	1.056789	20.70847	0.148144	0.49318	1.00881	2.34987	5.015354
4230	-4048.738	-4062.39	13.65201	1.036418	21.77082	0.144162	0.487431	1.00578	2.36263	5.195197
4240	-4043.677	-4061.535	17.85789	1.640839	19.60924	0.246282	0.610436	1.05772	2.08556	4.972848
4250	-4039.355	-4053.375	14.02004	1.245283	19.89102	0.183163	0.539827	1.03116	2.24585	5.173565
4260	-4050.666	-4053.793	3.12719	1.313455	21.04303	0.195015	0.554243	1.03729	2.21345	5.699367
4270	-4064.921	-4063.271	-1.650717	1.180878	17.29019	0.171571	0.525101	1.02452	2.27881	5.972394
4280	-4071.585	-4078.197	6.611741	0.8313446	19.38683	0.102209	0.419454	0.965275	2.51306	5.545796
4290	-4054.273	-4058.798	4.525807	1.254952	19.25338	0.18487	0.541941	1.03208	2.24111	5.653423
4300	-4035.52	-4048.171	12.65096	1.167894	16.73921	0.169187	0.52199	1.02307	2.28575	5.102558
4310	-4027.423	-4040.282	12.85868	0.8305446	23.31474	0.10204	0.419147	0.965072	2.51374	5.204024
4320	-4032.73	-4043.102	10.37235	1.443753	22.82325	0.216501	0.578918	1.04694	2.15764	5.323848
4330	-4026.607	-4047.516	20.90886	1.1521	23.43844	0.166265	0.518138	1.02125	2.29435	4.857555
4340	-4051.105	-4071.602	20.4964	0.8020811	19.33907	0.0960015	0.407971	0.95753	2.5385	4.827615
4350	-4028.527	-4053.662	25.13534	1.188774	24.95586	0.173013	0.526968	1.02538	2.27463	4.664723
4360	-4024.966	-4050.505	25.53985	0.8317641	23.8755	0.102298	0.419615	0.965382	2.51271	4.65845
4370	-4028.38	-4048.931	20.55122	1.343726	25.05391	0.200141	0.560294	1.03975	2.19981	4.846341
4380	-4043.341	-4058.638	15.29612	1.239792	20.55488	0.18219	0.538615	1.03063	2.24857	5.118416
4390	-4030.612	-4048.4	17.78792	1.231848	20.24978	0.180777	0.536848	1.02985	2.25253	4.992044
4400	-4031.62	-4044.99	13.3703	1.714256	18.43406	0.256605	0.620726	1.06087	2.0618	5.167223
4410	-4044.604	-4055.772	11.16822	1.49532	21.07265	0.224599	0.587775	1.05015	2.13748	5.317031
4420	-4052.639	-4059.151	6.512294	1.00878	17.57634	0.138702	0.479375	1.00144	2.38048	5.513002
4430	-4039.137	-4059.899	20.76173	0.8864471	25.91643	0.113778	0.439743	0.978304	2.46818	4.817851
4440	-4041.301	-4047.143	5.842284	1.274682	21.84969	0.188327	0.546183	1.03391	2.23158	5.551854
4450	-4035.609	-4049.542	13.93262	1.065993	18.94186	0.14993	0.495727	1.01013	2.34421	5.155761
4460	-4035.038	-4055.613	20.57423	0.9423243	18.27512	0.125307	0.458702	0.989745	2.42625	4.766165
4470	-4063.71	-4062.209	-1.501604	1.197838	18.48016	0.174661	0.52909	1.02636	2.26989	5.973856
4480	-4068.129	-4061.752	-6.377801	1.255751	17.39229	0.185011	0.542115	1.03216	2.24072	6.246204
4490	-4075.051	-4062.064	-12.98661	1.200523	13.94829	0.175148	0.529714	1.02664	2.2685	6.523932
4500	-4071.747	-4062.697	-9.049883	1.247357	14.66719	0.18353	0.540282	1.03136	2.24483	6.313147
4510	-4074.212	-4071.463	-2.749542	1.373773	17.8049	0.205148	0.566102	1.04206	2.18669	6.041847
4520	-4033.41	-4050.137	16.72639	1.006131	22.19444	0.138175	0.478587	1.00101	2.38223	5.051817
4530	-4058.12	-4070.01	11.89003	0.894317	19.53554	0.115415	0.442507	0.980016	2.46206	5.276069
4540	-4040.95	-4058.931	17.98143	1.014513	18.27329	0.13984	0.481071	1.00236	2.37672	4.907933
4550	-4048.768	-4056.222	7.453333	1.019159	22.57766	0.140761	0.482436	1.0031	2.3737	5.459074
4560	-4057.636	-4058.36	0.7236613	1.294011	16.0534	0.191678	0.550246	1.03563	2.22245	5.777598
4570	-4045.513	-4055.791	10.2787	1.327638	21.50379	0.197427	0.557104	1.03846	2.20701	5.354212
4580	-4039.569	-4056.229	16.66067	1.066831	21.56038	0.150092	0.495957	1.01025	2.3437	5.057403
4590	-4038.818	-4056.449	17.63123	1.113085	20.19394	0.158949	0.508289	1.01647	2.31629	4.998708
4600	-4038.417	-4046.919	8.502423	1.373437	19.39837	0.205092	0.566038	1.04204	2.18683	5.448379
4610	-4055.089	-4065	9.910774	1.268631	17.04151	0.18727	0.544893	1.03336	2.23448	5.287972
4620	-4061.076	-4072.236	11.15993	1.148825	20.56663	0.165657	0.51733	1.02086	2.29615	5.319629
4630	-4057.274	-4063.232	5.958334	1.307958	18.2373	0.194075	0.553122	1.03683	2.21598	5.565056
4640	-4052.516	-4060.845	8.329282	1.396191	21.46104	0.208832	0.570313	1.0437	2.17716	5.445633
4650	-4051.125	-4066.012	14.88702	0.992658	21.85074	0.135487	0.474534	0.998773	2.39121	5.137893
4660	-4052.823	-4054.933	2.110254	1.3998	17.85337	0.20942	0.570982	1.04395	2.17565	5.769902
4670	-4047.994	-4042.083	-5.910657	1.488626	15.22718	0.22356	0.586652	1.04975	2.14004	6.145516
4680	-4092.679	-4078.203	-14.47612	2.139796	17.36466	0.30941	0.669101	1.07312	1.94836	6.712483
4690	-4050.389	-4050.841	0.4517173	1.039738	18.47218	0.144814	0.488379	1.00628	2.36052	5.868137
4700	-4061.546	-4058.751	-2.794575	1.808018	15.63319	0.269229	0.632912	1.06435	2.03351	5.971597
4710	-4049.149	-4059.916	10.7669	1.157091	20.10763	0.167191	0.519363	1.02183	2.29161	5.338332
4720	-4042.555	-4050.859	8.303659	1.35776	18.06555	0.20249	0.563031	1.04085	2.19363	5.430856
4730	-4026.831	-4040.244	13.4121	0.8535067	16.94156	0.106883	0.427816	0.970745	2.49456	5.074442
4740	-4031.517	-4046.567	15.04984	0.984849	24.10259	0.133921	0.47215	0.997443	2.39649	5.092279
4750	-4030.802	-4041.234	10.43196	1.1487	20.48307	0.165633	0.517299	1.02085	2.29622	5.355227
4760	-4049.17	-4054.683	5.512719	1.428757	19.00356	0.214104	0.576252	1.04595	2.1637	5.600779
4770	-4062.727	-4069.731	7.003694	1.310827	20.06564	0.194566	0.553708	1.03707	2.21466	5.525694
4780	-4043.804	-4056.742	12.93868	0.989026	22.92746	0.134759	0.473428	0.998158	2.39366	5.209261
4790	-4035.957	-4059.654	23.69746	0.7070315	24.39906	0.0756908	0.366829	0.927446	2.63003	4.730168
4800	-4050.665	-4065.185	14.51953	1.29733	21.19178	0.19225	0.550935	1.03592	2.2209	5.157935
4810	-4034.343	-4046.313	11.9703	1.169195	18.68874	0.169426	0.522304	1.02322	2.28505	5.251956
4820	-4031.089	-4050.157	19.06776	0.8501158	24.78747	0.106169	0.426555	0.969929	2.49735	4.91169
4830	-4040.111	-4052.521	12.40959	0.9300018	19.33669	0.122784	0.454651	0.987359	2.43521	5.245725
4840	-4021.078	-4043.928	22.85031	0.7832835	20.45745	0.091997	0.400316	0.952213	2.55547	4.748237
4850	-4024.866	-4047.027	22.16105	1.200337	26.47844	0.175114	0.529671	1.02662	2.26859	4.750055
4860	-4017.947	-4044.167	26.21958	0.7065489	26.60079	0.0755876	0.366604	0.927271	2.63054	4.594299
4870	-4034.645	-4053.367	18.72228	1.036493	21.08916	0.144177	0.487452	1.00579	2.36258	4.958712
4880	-4020.089	-4037.329	17.24065	0.9504657	20.85416	0.126968	0.461339	0.991282	2.42041	5.027172
4890	-4014.013	-4028.394	14.38088	1.069657	20.29451	0.150639	0.496732	1.01065	2.34198	5.160766
4900	-4041.751	-4055.223	13.47164	1.266684	24.68453	0.18693	0.544476	1.03318	2.23542	5.140662
4910	-4045.12	-4054.537	9.417143	0.8036033	23.51683	0.0963253	0.408581	0.957948	2.53715	5.345399
4920	-4041.174	-4049.469	8.29506	1.439047	17.305	0.215751	0.578086	1.04663	2.15953	5.397968
4930	-4051.577	-4056.834	5.257177	1.732081	18.67733	0.259052	0.623122	1.06157	2.05625	5.611018
4940	-4077.318	-4072.561	-4.757188	1.482501	17.86106	0.222607	0.585618	1.04938	2.1424	6.154549
4950	-4063.618	-4068.597	4.978639	0.901425	23.07335	0.11689	0.444977	0.981532	2.4566	5.551111
4960	-4061.816	-4074.417	12.60149	1.107099	20.081	0.157814	0.506735	1.0157	2.31975	5.246859
4970	-4043.471	-4052.813	9.341639	1.144517	18.41866	0.164854	0.516261	1.02035	2.29853	5.38531
4980	-4058.951	-4056.687	-2.264372	1.368572	14.99712	0.204287	0.565111	1.04167	2.18893	5.885018
4990	-4055.926	-4057.108	1.182137	1.998132	18.99717	0.293052	0.654815	1.06994	1.98219	5.828689
5000	-4050.922	-4063.723	12.80068	1.207421	23.58221	0.176395	0.531308	1.02737	2.26493	5.19985
5010	-4032.419	-4040.509	8.090021	0.948727	17.00086	0.126613	0.460779	0.990956	2.42165	5.392318
5020	-4046.163	-4054.585	8.422386	1.343345	22.78232	0.200077	0.560219	1.03972	2.19998	5.41046
5030	-4060.098	-4059.169	-0.9293084	1.500071	16.8487	0.225334	0.588568	1.05043	2.13567	5.917838
5040	-4062.192	-4054.654	-7.537469	1.473187	16.72979	0.221151	0.584032	1.04881	2.14601	6.308477
5050	-4061.22	-4065.553	4.33296	1.132507	21.98511	0.162609	0.513253	1.0189	2.30524	5.616834
5060	-4056.559	-4053.532	-3.027011	1.193127	17.46134	0.173805	0.52799	1.02585	2.27235	6.054457
5070	-4059.244	-4053.616	-5.62854	1.167563	15.51374	0.169126	0.52191	1.02303	2.28593	6.145922
5080	-4053.033	-4059.65	6.617404	1.397726	18.65543	0.209082	0.570598	1.0438	2.17652	5.53782
5090	-4053.115	-4061.368	8.253263	1.26741	19.10282	0.187057	0.544631	1.03324	2.23507	5.457992
5100	-4067.151	-4067.85	0.6998719	1.054901	22.47441	0.147776	0.492654	1.00853	2.35104	5.762522
5110	-4061.5	-4059.875	-1.624738	1.342944	18.86428	0.20001	0.56014	1.03969	2.20016	5.977902
5120	-4028.981	-4049.298	20.31722	1.094138	22.35345	0.155345	0.503327	1.014	2.32733	4.889908
5130	-4037.192	-4054.883	17.69053	0.9345041	20.92335	0.123707	0.45614	0.988239	2.43191	5.006274
5140	-4037.393	-4053.449	16.05647	0.7444357	24.64855	0.0836939	0.383763	0.940284	2.59226	5.036903
5150	-4025.232	-4053.647	28.41504	1.093823	21.88111	0.155285	0.503243	1.01396	2.32751	4.519406
5160	-4038.679	-4057.06	18.38072	0.6944961	19.49629	0.073013	0.360922	0.922812	2.64325	4.942517
5170	-4039.289	-4058.214	18.92476	1.247339	20.41998	0.183527	0.540278	1.03136	2.24484	4.939413
5180	-4082.878	-4083.827	0.9493864	1.497177	17.31662	0.224886	0.588086	1.05026	2.13677	5.822789
5190	-4068.075	-4068.815	0.7392372	0.9845839	15.54666	0.133868	0.472069	0.997398	2.39667	5.7383
5200	-4064.455	-4059.26	-5.19522	1.357461	15.22045	0.20244	0.562973	1.04083	2.19376	6.098035
5210	-4056.507	-4061.755	5.248054	1.553265	19.32959	0.233435	0.597189	1.0534	2.11597	5.616075
5220	-4055.627	-4053.811	-1.816306	1.225098	16.69492	0.179572	0.535333	1.02918	2.25592	5.965259
5230	-4041.086	-4053.533	12.44747	1.247558	23.78968	0.183566	0.540326	1.03138	2.24473	5.209211
5240	-4040.538	-4051.416	10.87766	1.177854	21.09598	0.171017	0.524381	1.02419	2.28042	5.33063
5250	-4057.212	-4062.436	5.223604	1.274691	21.25426	0.188328	0.546185	1.03391	2.23158	5.595204
5260	-4046.787	-4056.652	9.864431	1.125506	19.53406	0.161294	0.511478	1.01804	2.30919	5.379742
5270	-4068.022	-4069.319	1.297136	1.543456	18.33689	0.231958	0.595633	1.05287	2.11953	5.821503
5280	-4068.693	-4069.686	0.9934893	1.593041	18.93855	0.239344	0.603345	1.05545	2.10186	5.838871
5290	-4059.349	-4068.484	9.135024	1.489634	19.81425	0.223717	0.586822	1.04981	2.13965	5.418872
5300	-4048.687	-4057.775	9.08774	0.9603187	17.21124	0.12897	0.464491	0.993101	2.41344	5.346738
5310	-4038.682	-4050.306	11.62412	1.580251	19.92015	0.237458	0.601391	1.05481	2.10634	5.294285
5320	-4027.357	-4050.355	22.99895	0.8436539	23.48821	0.104808	0.424133	0.968354	2.50271	4.768058
5330	-4038.758	-4050.642	11.88341	0.905722	22.52719	0.11778	0.446457	0.982435	2.45333	5.263872
5340	-4054.81	-4067.319	12.50905	0.9745569	23.83595	0.13185	0.468968	0.995653	2.40353	5.205338
5350	-4018.232	-4036.421	18.18973	0.9068083	23.07339	0.118005	0.44683	0.982662	2.4525	4.978542
5360	-4032.437	-4038.318	5.880764	1.116077	15.82869	0.159515	0.509062	1.01685	2.31457	5.436017
5370	-4039.757	-4047.636	7.878976	1.238009	19.76312	0.181873	0.53822	1.03045	2.24945	5.48219
5380	-4053.4	-4056.756	3.356047	1.003958	19.76995	0.137743	0.477938	1.00065	2.38367	5.71098
5390	-4045.013	-4048.906	3.892195	1.236742	14.28558	0.181648	0.537938	1.03033	2.25008	5.37265
5400	-4043.63	-4064.335	20.70518	1.037707	21.70176	0.144416	0.487799	1.00598	2.36181	4.870818
5410	-4042.061	-4057.001	14.94032	1.001704	19.12128	0.137294	0.477264	1.00028	2.38516	5.10852
5420	-4019.663	-4037.859	18.19584	1.014967	20.68871	0.13993	0.481205	1.00244	2.37643	4.979299
5430	-4044.695	-4058.869	14.17454	0.8018613	23.86712	0.0959548	0.407882	0.957469	2.53869	5.134685
5440	-4034.759	-4049.864	15.10479	1.30379	20.38316	0.19336	0.552267	1.03647	2.2179	5.1261
5450	-4056.123	-4056.18	0.05687799	1.623357	16.51743	0.243765	0.60788	1.05691	2.09144	5.844981
5460	-4053.182	-4064.937	11.75495	1.101343	23.55408	0.156719	0.505228	1.01495	2.3231	5.244969
5470	-4047.15	-4059.783	12.6329	1.355403	18.82831	0.202096	0.562574	1.04067	2.19466	5.221005
5480	-4041.235	-4067.004	25.76902	0.738714	27.49915	0.0824694	0.381238	0.938411	2.59788	4.590545
5490	-4021.597	-4044.803	23.20579	0.9350688	22.86449	0.123823	0.456326	0.988349	2.4315	4.761524
5500	-4035.636	-4043.824	8.187647	1.443389	18.40769	0.216443	0.578854	1.04692	2.15779	5.447672
5510	-4033.949	-4054.131	20.18223	0.9576875	20.08476	0.128436	0.463654	0.992619	2.41529	4.869455
5520	-4028.317	-4052.832	24.5152	0.9223191	21.69767	0.121206	0.45209	0.985833	2.44087	4.695196
5530	-4032.383	-4055.538	23.15523	0.7015887	21.2367	0.0745277	0.364279	0.925456	2.63574	4.751229
5540	-4022.464	-4045.613	23.14922	1.20161	24.22594	0.175345	0.529966	1.02676	2.26793	4.754816
5550	-4042.888	-4066.504	23.61609	0.9974602	25.77244	0.136447	0.475987	0.999578	2.38799	4.710705
5560	-4031.913	-4049.009	17.09597	0.9225776	23.14241	0.121259	0.452176	0.985885	2.44068	5.024943
5570	-4052.871	-4056.499	3.627925	1.026587	17.80373	0.142228	0.4846	1.00427	2.3689	5.683631
5580	-4057.955	-4063.071	5.115292	1.320654	19.99914	0.196241	0.555701	1.03789	2.21017	5.6204
5590	-4046.993	-4042.617	-4.375856	1.435636	21.56965	0.215206	0.57748	1.04641	2.16091	6.03268
5600	-4043.725	-4054.784	11.05897	1.167534	22.95965	0.16912	0.521903	1.02303	2.28595	5.290452
5610	-4037.386	-4036.03	-1.355734	1.222862	18.82601	0.179172	0.534829	1.02895	2.25705	5.963982
5620	-4062.766	-4056.831	-5.934362	1.726529	19.72733	0.258292	0.62238	1.06136	2.05797	6.18233
5630	-4041.745	-4047.283	5.537076	1.431865	19.35881	0.214603	0.576808	1.04616	2.16243	5.601183
5640	-4046.894	-4054.996	8.102091	1.256188	21.4298	0.185088	0.54221	1.0322	2.2405	5.456783
5650	-4061.999	-4064.178	2.17861	0.9317081	17.72029	0.123134	0.455217	0.987694	2.43396	5.763167
5660	-4037.434	-4056.987	19.55237	1.177461	23.68288	0.170945	0.524287	1.02414	2.28062	4.912134
5670	-4034.234	-4059.856	25.62229	0.7209031	21.27923	0.0786576	0.373228	0.932375	2.61574	4.636019
5680	-4038.969	-4061.403	22.43451	1.207985	22.80957	0.176497	0.531438	1.02743	2.26464	4.79537
5690	-4027.156	-4050.343	23.18664	1.00685	25.14348	0.138318	0.478801	1.00113	2.38175	4.739587
5700	-4029.061	-4049.297	20.23617	0.7834892	27.84815	0.0920408	0.400401	0.952273	2.55529	4.780361
5710	-4023.551	-4047.833	24.2817	0.9544363	23.29462	0.127775	0.462615	0.99202	2.41759	4.714132
5720	-4039.742	-4062.807	23.06453	1.038005	21.74834	0.144474	0.487885	1.00602	2.36162	4.762613
5730	-4044.065	-4056.632	12.56608	0.974619	23.82957	0.131862	0.468988	0.995664	2.40349	5.203123
5740	-4035.927	-4048.232	12.30571	1.325372	19.7316	0.197043	0.55665	1.03828	2.20803	5.257779
5750	-4059.824	-4072.987	13.16372	1.076575	24.94476	0.151975	0.498617	1.01161	2.33779	5.144797
5760	-4039.576	-4060.285	20.70948	1.12236	19.6278	0.160701	0.510675	1.01765	2.31098	4.82812
5770	-4067.017	-4068.46	1.443197	1.37334	18.49224	0.205076	0.56602	1.04203	2.18688	5.814571
5780	-4054.005	-4062.11	8.10431	1.253659	19.17427	0.184643	0.54166	1.03196	2.24174	5.466678
5790	-4069.895	-4063.114	-6.781332	1.617872	13.93313	0.24297	0.607069	1.05665	2.09331	6.077067
5800	-4041.964	-4052.937	10.97238	1.375034	23.01573	0.205356	0.566342	1.04215	2.18615	5.292814
5810	-4060.553	-4068.936	8.383144	1.48851	20.46039	0.223542	0.586633	1.04974	2.14009	5.455401
5820	-4034.588	-4043.109	8.520847	1.461531	18.56321	0.219318	0.582025	1.04808	2.15058	5.433621
5830	-4050.391	-4052.745	2.354014	1.34095	18.18326	0.199674	0.559748	1.03953	2.20104	5.76197
5840	-4052.67	-4055.305	2.634917	1.153664	19.8686	0.166556	0.518523	1.02143	2.29349	5.746235
5850	-4050.928	-4061.564	10.63605	0.9301186	18.68827	0.122808	0.45469	0.987382	2.43512	5.323336
5860	-4060.997	-4062.958	1.961569	1.669925	21.05819	0.250419	0.614596	1.05902	2.07597	5.754337
5870	-4071.785	-4071.634	-0.150817	0.9754691	20.02642	0.132034	0.469252	0.995813	2.4029	5.883121
5880	-4044.986	-4047.089	2.10259	1.159002	17.34579	0.167545	0.519831	1.02205	2.29057	5.757142
5890	-4038.536	-4054.666	16.13011	1.207432	20.93449	0.176397	0.531311	1.02737	2.26492	5.080915
5900	-4046.528	-4050.397	3.868465	1.19133	17.52922	0.173478	0.527569	1.02566	2.27329	5.661878
5910	-4043.084	-4055.196	12.11181	0.9193259	20.5281	0.120589	0.451084	0.985231	2.4431	5.273297
5920	-4058.327	-4060.413	2.086069	1.065968	17.73719	0.149925	0.49572	1.01012	2.34423	5.768776
5930	-4038.604	-4047.793	9.188919	1.249279	26.38442	0.18387	0.540704	1.03154	2.24388	5.244118
5940	-4046.731	-4066.524	19.79329	1.053512	22.29061	0.147506	0.492266	1.00833	2.3519	4.91349
5950	-4039.722	-4059.276	19.55365	0.9859401	18.6742	0.13414	0.472485	0.997631	2.39574	4.845405
5960	-4046.858	-4058.633	11.77497	0.9777995	18.88895	0.132503	0.469976	0.996222	2.4013	5.268257
5970	-4041.359	-4059.011	17.65272	1.286533	20.59796	0.190385	0.548685	1.03497	2.22596	5.004369
5980	-4063.422	-4064.667	1.24532	1.30537	20.25751	0.193631	0.552592	1.03661	2.21717	5.808807
5990	-4045.796	-4053.623	7.82728	1.244662	21.71741	0.183053	0.53969	1.0311	2.24616	5.46389
6000	-4051.607	-4059.15	7.543216	1.428257	17.19714	0.214024	0.576162	1.04592	2.1639	5.435713
6010	-4051.236	-4055.124	3.887722	1.612762	17.33248	0.242228	0.60631	1.05641	2.09505	5.653719
6020	-4059.805	-4066.166	6.360728	0.9298662	19.35478	0.122756	0.454607	0.987332	2.4353	5.55862
6030	-4059.04	-4073.409	14.36874	1.350747	23.82345	0.201318	0.561669	1.04031	2.19671	5.127625
6040	-4038.696	-4054.658	15.96219	1.439944	20.98078	0.215894	0.578245	1.04669	2.15917	5.089163
6050	-4031.32	-4054.708	23.38769	0.9360771	23.1292	0.12403	0.456657	0.988544	2.43077	4.753113
6060	-4053.009	-4065.403	12.3945	0.8647116	21.15537	0.109236	0.431939	0.97339	2.48544	5.25842
6070	-4044.759	-4048.836	4.077494	1.700477	18.24526	0.254698	0.618847	1.06031	2.06615	5.66833
6080	-4054.739	-4073.974	19.23537	1.33499	20.26329	0.19867	0.558569	1.03906	2.2037	4.920869
6090	-4051.432	-4070.143	18.71079	1.021132	21.90117	0.141151	0.483013	1.00342	2.37242	4.962904
6100	-4042.872	-4066.929	24.05678	0.9367837	21.72949	0.124174	0.45689	0.988681	2.43026	4.716745
6110	-4025.601	-4055.426	29.82542	0.7536059	23.68838	0.085656	0.387762	0.943221	2.58336	4.47838
6120	-4047.127	-4076.102	28.97464	0.9826334	21.07463	0.133476	0.471469	0.997062	2.39799	4.472095
6130	-4041.714	-4063.586	21.87197	1.101437	22.17401	0.156737	0.505253	1.01497	2.32304	4.819908
6140	-4021.286	-4049.25	27.96391	0.9474641	26.27063	0.126356	0.460371	0.990719	2.42255	4.534432
6150	-4041.202	-4055.377	14.17498	1.527516	19.87727	0.229542	0.593073	1.052	2.12539	5.165556
6160	-4028.202	-4046.242	18.04055	0.9491847	24.04815	0.126707	0.460926	0.991042	2.42133	4.969272
6170	-4050.473	-4068.021	17.54839	1.268334	21.99593	0.187218	0.544829	1.03333	2.23462	5.015688
6180	-4050.487	-4060.006	9.519037	0.9931934	19.71518	0.135594	0.474696	0.998863	2.39085	5.398899
6190	-4041.234	-4054.448	13.21375	1.304834	23.61386	0.193539	0.552482	1.03656	2.21742	5.181538
6200	-4036.944	-4045.669	8.725289	0.9932063	17.34867	0.135596	0.4747	0.998865	2.39084	5.375494
6210	-4035.31	-4051.306	15.99618	0.9391547	22.25654	0.124659	0.457667	0.989138	2.42854	5.084158
6220	-4033.198	-4057.07	23.87202	0.8971796	24.55758	0.11601	0.443505	0.98063	2.45986	4.721035
6230	-4043.218	-4062.391	19.17303	0.954483	23.86071	0.127785	0.46263	0.992029	2.41756	4.925359
6240	-4050.324	-4060.203	9.879239	1.236861	19.67843	0.181669	0.537965	1.03034	2.25002	5.380337
6250	-4042.461	-4052.695	10.2338	0.8466131	19.26683	0.105432	0.425245	0.969079	2.50024	5.357173
6260	-4034.734	-4054.625	19.89094	0.7127646	19.87755	0.0769166	0.369491	0.929508	2.62408	4.878002
6270	-4049.295	-4068.888	19.59368	0.7349331	22.30708	0.0816601	0.379557	0.937156	2.60163	4.922404
6280	-4044.18	-4065.453	21.27277	0.6017496	22.76488	0.0534691	0.313243	0.882209	2.75108	4.846474
6290	-4025.5	-4053.473	27.97327	0.748214	26.59138	0.0845024	0.385418	0.941504	2.58858	4.528543
6300	-4040.19	-4065.219	25.02888	0.8696349	21.76762	0.110267	0.433729	0.974528	2.48148	4.672576
6310	-4041.073	-4063.802	22.72887	1.02245	25.25093	0.141411	0.483397	1.00362	2.37157	4.75578
6320	-4036.247	-4046.597	10.35049	0.9586394	16.7285	0.128629	0.463957	0.992794	2.41462	5.239147
6330	-4041.624	-4053.723	12.09931	0.9591985	20.95758	0.128743	0.464135	0.992896	2.41423	5.273372
6340	-4043.003	-4047.321	4.318371	1.127095	18.93167	0.161593	0.511882	1.01824	2.30829	5.663271
6350	-4049.688	-4050.075	0.3870402	1.260853	18.86798	0.185908	0.54322	1.03264	2.23824	5.871241
6360	-4046.72	-4057.495	10.7743	1.074211	16.76086	0.151519	0.497975	1.01128	2.33922	5.216389
6370	-4033.037	-4051.34	18.30324	0.8049369	22.93758	0.0966088	0.409114	0.958314	2.53596	4.975172
6380	-4027.1	-4043.472	16.37221	1.015928	22.86953	0.140121	0.481488	1.00259	2.3758	5.060327
6390	-4042.066	-4050.428	8.362122	1.038962	19.88952	0.144662	0.488157	1.00617	2.36101	5.458009
6400	-4052.18	-4051.402	-0.7783038	1.116005	18.4941	0.159502	0.509043	1.01685	2.31461	5.9347
6410	-4051.007	-4058.926	7.9196	1.001613	20.35494	0.137276	0.477236	1.00027	2.38522	5.478787
6420	-4023.519	-4045.003	21.4842	1.213398	24.18297	0.177473	0.532679	1.02799	2.26186	4.824176
6430	-4024.002	-4044.985	20.98326	1.155699	24.98128	0.166933	0.519022	1.02167	2.29237	4.830585
6440	-4019.802	-4049.244	29.44189	0.7279669	25.40094	0.0801692	0.376432	0.934807	2.60859	4.48858
6450	-4044.638	-4058.184	13.54613	0.817012	24.90701	0.0991733	0.413894	0.961559	2.52537	5.130674
6460	-4035.323	-4054.561	19.23797	1.188342	24.44518	0.172934	0.526866	1.02534	2.27486	4.912025
6470	-4030.513	-4051.36	20.84733	1.02541	21.43993	0.141996	0.484258	1.00409	2.36966	4.862138
6480	-4003.149	-4040.195	37.04598	0.8051441	24.32246	0.0966529	0.409197	0.95837	2.53578	4.182272
6490	-4003.011	-4048.447	45.43621	0.7048955	29.31165	0.0752343	0.365831	0.926669	2.63227	3.869423
6500	-4025.577	-4057.144	31.56718	0.6983779	24.00541	0.0738418	0.362764	0.924266	2.63913	4.406619
6510	-4027.989	-4057.813	29.82393	0.9745627	18.8623	0.131851	0.46897	0.995654	2.40353	4.310645
6520	-4026.286	-4047.64	21.35391	1.353207	23.12024	0.20173	0.562148	1.0405	2.19563	4.841104
6530	-4048.415	-4068.928	20.51315	0.7103294	23.33023	0.0763959	0.368363	0.928637	2.6266	4.87556
6540	-4033.051	-4068.309	35.25819	0.9536232	29.72949	0.12761	0.462354	0.991869	2.41817	4.208383
6550	-4025.033	-4055.868	30.83481	0.6511916	24.25008	0.0638095	0.339561	0.905346	2.69128	4.437595
6560	-4031.559	-4062.737	31.17812	0.5879383	20.06515	0.0506302	0.305501	0.875038	2.76883	4.3209
6570	-4043.36	-4060.153	16.79319	1.108758	21.68261	0.158129	0.507167	1.01592	2.31879	5.051116
6580	-4057.679	-4059.195	1.51575	1.694449	18.72575	0.253859	0.618018	1.06006	2.06806	5.811418
6590	-4058.529	-4058.181	-0.3481705	1.450344	21.03225	0.217549	0.580077	1.04737	2.15501	5.864877
6600	-4074.687	-4070.45	-4.237289	0.8935578	17.41029	0.115257	0.442242	0.979852	2.46265	6.123308
6610	-4060.91	-4066.514	5.604008	1.394013	19.24376	0.208476	0.569909	1.04354	2.17808	5.597386
6620	-4055.545	-4065.843	10.29803	1.109832	22.09711	0.158333	0.507446	1.01606	2.31817	5.343388
6630	-4047.263	-4054.702	7.439714	1.779514	20.96355	0.265455	0.629314	1.06335	2.04188	5.49562
6640	-4032.656	-4046.445	13.7883	1.103382	24.57791	0.157107	0.505763	1.01522	2.32191	5.131045
6650	-4042.268	-4054.818	12.5504	1.357093	24.47584	0.202378	0.562902	1.0408	2.19392	5.184639
6660	-4046.603	-4051.075	4.471284	1.648711	23.06057	0.247408	0.611573	1.05808	2.08294	5.573585
6670	-4039.447	-4049.759	10.3116	1.065434	20.5026	0.149822	0.495573	1.01005	2.34456	5.361058
6680	-4049.011	-4058.567	9.555874	1.139716	21.51041	0.163958	0.515064	1.01978	2.3012	5.387723
6690	-4052.524	-4062.885	10.36127	0.924957	20.84516	0.121748	0.452972	0.986361	2.43892	5.357112
6700	-4039.771	-4050.566	10.79485	1.830943	18.73302	0.272224	0.635742	1.06512	2.02691	5.316092
6710	-4038.221	-4048.919	10.69816	1.180915	19.41564	0.171577	0.525109	1.02453	2.27879	5.335443
6720	-4039.881	-4046.991	7.109873	0.9644865	19.66386	0.129815	0.465811	0.993857	2.41052	5.521051
6730	-4036.614	-4042.195	5.580574	1.328843	19.48945	0.197631	0.557345	1.03856	2.20646	5.599061
6740	-4047.98	-4055.986	8.006125	1.025815	17.74082	0.142076	0.484376	1.00415	2.3694	5.435161
6750	-4024.681	-4044.721	20.04059	1.127804	25.73601	0.161726	0.512062	1.01832	2.30789	4.850376
6760	-4026.637	-4047.911	21.27353	1.108363	22.75276	0.158054	0.507064	1.01587	2.31902	4.846484
6770	-4023.936	-4048.32	24.38396	1.263339	23.64374	0.186344	0.543757	1.03287	2.23703	4.708342
6780	-4037.425	-4056.632	19.20617	1.063431	22.98245	0.149434	0.495021	1.00976	2.34578	4.935389
6790	-4046.377	-4056.143	9.765586	1.002834	23.9408	0.137519	0.477602	1.00047	2.38441	5.316976
6800	-4029.733	-4053.234	23.50111	0.8932296	21.32651	0.115189	0.442127	0.979781	2.4629	4.73652
6810	-4030.382	-4052.099	21.71715	1.07641	23.76548	0.151943	0.498572	1.01159	2.33789	4.819831
6820	-4033.796	-4047.976	14.18039	1.004586	23.63632	0.137868	0.478126	1.00076	2.38325	5.140072
6830	-4022.813	-4040.9	18.08719	0.7826634	21.35987	0.0918647	0.400059	0.952033	2.55604	4.990541
6840	-4045.22	-4061.09	15.87025	0.8983115	23.84076	0.116245	0.443898	0.980871	2.45899	5.064219
6850	-4041.389	-4057.937	16.54765	1.064864	20.3843	0.149711	0.495416	1.00997	2.3449	5.055329
6860	-4059.244	-4068.2	8.956303	0.886509	20.22702	0.113791	0.439765	0.978317	2.46813	5.428228
6870	-4033.766	-4052.531	18.76493	1.107933	24.95582	0.157972	0.506952	1.01581	2.31926	4.919991
6880	-4051.055	-4064.589	13.5346	1.199957	18.87184	0.175045	0.529583	1.02658	2.26879	5.174548
6890	-4027.435	-4058.316	30.88122	0.6708574	26.62838	0.0679775	0.349449	0.913571	2.669	4.418668
6900	-4050.77	-4072.504	21.73443	0.8306823	27.6559	0.102069	0.4192	0.965107	2.51362	4.732502
6910	-4023.866	-4053.683	29.8176	0.789708	28.73371	0.0933669	0.402957	0.954062	2.54961	4.416523
6920	-4031.39	-4060.246	28.85566	0.7196546	29.67883	0.0783905	0.372658	0.93194	2.61701	4.425141
6930	-4029.191	-4060.682	31.49085	1.201265	25.8459	0.175282	0.529886	1.02672	2.26811	4.404511
6940	-4027.295	-4065.135	37.84012	0.5104804	23.80725	0.0353463	0.258703	0.827747	2.8782	4.14213
6950	-4011.639	-4051.26	39.62019	0.8107941	24.96271	0.0978535	0.411444	0.959901	2.5308	4.084371
6960	-4020.042	-4054.213	34.17121	0.8355506	22.91807	0.103098	0.421063	0.966339	2.5095	4.283004
6970	-4008.75	-4048.088	39.33835	0.8365842	27.26775	0.103316	0.421456	0.966598	2.50863	4.098546
6980	-4012.884	-4046.773	33.88867	0.7442742	29.11428	0.0836593	0.383692	0.940232	2.59242	4.267415
6990	-4031.399	-4056.147	24.74801	0.4933843	25.83488	0.0321682	0.247575	0.815394	2.90486	4.665607
7000	-4047.009	-4059.05	12.0412	1.21446	21.92328	0.177664	0.532921	1.02809	2.26132	5.267122
7010	-4026.249	-4049.138	22.88931	1.208546	19.6073	0.176598	0.531567	1.02748	2.26435	4.716179
7020	-4033.376	-4045.37	11.99345	1.006863	17.78968	0.138321	0.478805	1.00113	2.38175	5.213017
7030	-4035.967	-4053.092	17.12532	1.253602	21.27627	0.184632	0.541647	1.03195	2.24177	5.035317
7040	-4051.497	-4056.274	4.776676	0.9634447	17.04135	0.129604	0.465482	0.993669	2.41125	5.589234
7050	-4027.91	-4042.898	14.98787	1.16263	22.48005	0.168216	0.520714	1.02247	2.2886	5.126702
7060	-4024.797	-4039.334	14.53677	1.293688	17.46787	0.191622	0.550179	1.0356	2.2226	5.049047
7070	-4056.825	-4072.108	15.28276	0.9607453	18.92197	0.129056	0.464626	0.993178	2.41314	5.083763
7080	-4053.647	-4078.28	24.63295	0.9922194	25.0077	0.135399	0.474401	0.998699	2.3915	4.684104
7090	-4034.95	-4069.635	34.68484	1.06437	23.72793	0.149616	0.49528	1.0099	2.34521	4.273729
7100	-4012.828	-4045.296	32.46811	0.6368265	22.38208	0.0607815	0.332134	0.899003	2.70808	4.346975
7110	-4026.422	-4051.814	25.39147	0.9941361	21.88531	0.135782	0.474982	0.999022	2.39021	4.657646
7120	-4022.602	-4045.924	23.32228	0.7852143	22.3456	0.0924088	0.401112	0.952772	2.55371	4.755439
7130	-4024.954	-4048.721	23.767	1.00525	21.78692	0.138	0.478324	1.00086	2.38281	4.730775
7140	-4024.508	-4044.346	19.83796	1.245798	20.97243	0.183254	0.53994	1.03121	2.2456	4.904321
7150	-4040.472	-4044.571	4.098865	1.615254	20.78226	0.24259	0.60668	1.05653	2.0942	5.658834
7160	-4059.154	-4061.741	2.587015	1.11961	20.37817	0.160183	0.50997	1.0173	2.31255	5.74032
7170	-4037.814	-4052.957	15.14263	1.094815	19.31671	0.155474	0.503506	1.01409	2.32693	5.103825
7180	-4023.574	-4044.205	20.63118	0.6812998	23.87913	0.0701992	0.354572	0.917737	2.65749	4.863994
7190	-4029.109	-4045.487	16.37819	0.7835221	20.76425	0.0920479	0.400414	0.952282	2.55526	5.067829
7200	-4031.142	-4044.583	13.4408	1.358694	20.15943	0.202645	0.563212	1.04092	2.19322	5.205885
7210	-4030.489	-4038.699	8.209951	1.05629	17.21119	0.148047	0.493041	1.00873	2.35018	5.397736
7220	-4052.579	-4056.491	3.912424	1.212961	18.89044	0.177394	0.532579	1.02794	2.26209	5.684516
7230	-4052.49	-4048.987	-3.502853	1.135226	17.60442	0.163119	0.513938	1.01923	2.30371	6.083036
7240	-4064.863	-4054.65	-10.21326	1.458481	16.38415	0.218837	0.581496	1.04789	2.15178	6.465111
7250	-4069.555	-4067.931	-1.62322	1.363981	16.44398	0.203525	0.564231	1.04132	2.19092	5.943527
7260	-4044.456	-4043.316	-1.139566	1.458225	18.76707	0.218797	0.581452	1.04787	2.15188	5.952942
7270	-4056.217	-4053.06	-3.157237	1.238537	22.00973	0.181967	0.538337	1.03051	2.24919	5.956386
7280	-4053.205	-4055.717	2.511954	0.947054	17.91587	0.126272	0.460238	0.990641	2.42285	5.748696
7290	-4047.828	-4055.593	7.76513	1.137107	22.03423	0.163471	0.514411	1.01946	2.30266	5.459547
7300	-4043.998	-4055.932	11.93314	1.085686	21.17826	0.153726	0.501074	1.01286	2.33234	5.280075
7310	-4042.27	-4053.599	11.32905	1.067181	21.39587	0.15016	0.496053	1.0103	2.34349	5.306563
7320	-4050.6	-4064.409	13.80949	1.239437	22.77108	0.182127	0.538536	1.03059	2.24874	5.174204
7330	-4049.305	-4055.597	6.29175	0.8548565	22.21414	0.107167	0.428317	0.971068	2.49345	5.521402
7340	-4053.062	-4065.964	12.902	1.115385	20.09551	0.159384	0.508884	1.01677	2.31497	5.232034
7350	-4029.66	-4049.603	19.94324	1.062459	21.11639	0.149245	0.494753	1.00962	2.34638	4.901144
7360	-4049.133	-4058.729	9.596306	1.317973	19.13553	0.195785	0.555159	1.03767	2.21139	5.388237
7370	-4041.513	-4050.515	9.002528	1.318157	20.32488	0.195816	0.555197	1.03768	2.2113	5.425688
7380	-4039.622	-4051.153	11.53118	1.254801	22.43045	0.184844	0.541909	1.03207	2.24118	5.28146
7390	-4042.967	-4049.179	6.212677	1.366386	21.69302	0.203924	0.564692	1.04151	2.18988	5.538835
7400	-4051.067	-4057.762	6.695151	1.21594	19.58284	0.17793	0.533258	1.02825	2.26057	5.542074
7410	-4066.467	-4061.418	-5.048758	1.456933	16.85483	0.218592	0.581227	1.04779	2.15239	6.162459
7420	-4056.365	-4057.581	1.215838	0.8329922	17.60102	0.102557	0.420085	0.965693	2.51166	5.814918
7430	-4053.335	-4057.616	4.280901	1.193057	20.39797	0.173793	0.527974	1.02585	2.27239	5.656892
7440	-4045.026	-4052.589	7.563146	1.247471	17.77632	0.18355	0.540307	1.03137	2.24477	5.461535
7450	-4064.181	-4068.006	3.825313	1.561094	20.68265	0.234608	0.598419	1.05382	2.11316	5.674027
7460	-4054.037	-4067.545	13.50796	1.224743	22.42855	0.179508	0.535253	1.02914	2.2561	5.193361
7470	-4057.172	-4070.466	13.29361	1.250453	20.78367	0.184077	0.54096	1.03166	2.24331	5.216403
7480	-4070.048	-4075.575	5.526439	1.591356	20.45512	0.239096	0.603089	1.05536	2.10245	5.595093
7490	-4064.083	-4062.254	-1.828549	0.9943678	20.96591	0.135829	0.475052	0.99906	2.39006	5.937649
7500	-4045.209	-4051.781	6.572343	1.239259	20.19567	0.182095	0.538497	1.03058	2.24883	5.546329
7510	-4042.72	-4057.615	14.89454	1.292925	23.68157	0.191491	0.55002	1.03553	2.22296	5.108838
7520	-4053.899	-4058.658	4.759171	1.223157	16.32556	0.179224	0.534895	1.02898	2.2569	5.547119
7530	-4043.234	-4054.245	11.01176	1.044978	21.56355	0.14584	0.489866	1.00707	2.35722	5.319366
7540	-4041.549	-4055.832	14.28338	1.195296	22.63712	0.1742	0.528497	1.02609	2.27122	5.15562
7550	-4034.801	-4056.557	21.75639	1.114896	21.91825	0.159292	0.508757	1.0167	2.31525	4.823947
7560	-4047.83	-4055.355	7.524888	1.169174	17.63663	0.169422	0.522299	1.02322	2.28506	5.457999
7570	-4045.426	-4052.366	6.940274	1.596288	17.19859	0.239821	0.603837	1.05561	2.10073	5.47085
7580	-4037.059	-4049.955	12.89573	1.303951	20.10594	0.193388	0.5523	1.03649	2.21783	5.232444
7590	-4068.892	-4069.898	1.00621	1.70201	16.70886	0.254911	0.619058	1.06037	2.06566	5.796837
7600	-4061.711	-4059.081	-2.630701	1.141038	19.57662	0.164205	0.515395	1.01994	2.30046	6.018442
7610	-4066.261	-4066.796	0.5345353	1.5562	17.32471	0.233875	0.597651	1.05356	2.11492	5.846969
7620	-4064.255	-4060.75	-3.505417	1.615293	15.55652	0.242596	0.606686	1.05653	2.09419	6.011996
7630	-4060.221	-4060.654	0.4334567	1.267145	21.11745	0.18701	0.544574	1.03322	2.2352	5.825027
7640	-4059.167	-4057.779	-1.388275	1.368709	17.40577	0.20431	0.565137	1.04168	2.18887	5.959582
7650	-4074.806	-4070.326	-4.479525	1.03072	22.59425	0.143042	0.485795	1.00491	2.36625	5.986729
7660	-4061.86	-4060.031	-1.828487	1.198344	21.30528	0.174753	0.529208	1.02641	2.26963	5.925045
7670	-4056.854	-4063.273	6.419552	1.27371	19.27325	0.188157	0.545977	1.03382	2.23205	5.555179
7680	-4043.158	-4054.274	11.11583	1.02536	17.7813	0.141986	0.484244	1.00408	2.36969	5.26193
7690	-4073.528	-4066.703	-6.825709	1.444717	17.47048	0.216655	0.579088	1.047	2.15725	6.272005
7700	-4038.547	-4052.871	14.32408	0.810617	23.14009	0.0978159	0.411374	0.959854	2.53096	5.144765
7710	-4050.834	-4057.379	6.545512	1.138486	18.46253	0.163729	0.514756	1.01963	2.30189	5.538048
7720	-4051.302	-4058.198	6.895973	1.301425	19.81435	0.192954	0.551781	1.03627	2.219	5.531874
7730	-4048.005	-4068.389	20.38342	1.042595	22.60771	0.145374	0.489191	1.00671	2.35872	4.886267
7740	-4068.097	-4073.32	5.223547	1.046859	20.78476	0.146208	0.490397	1.00735	2.35605	5.604672
7750	-4058.738	-4065.03	6.291563	1.132239	17.41218	0.162559	0.513185	1.01887	2.30539	5.518643
7760	-4047.991	-4063.806	15.81471	0.9009648	24.65541	0.116795	0.444818	0.981435	2.45695	5.046527
7770	-4040.972	-4053.501	12.52853	0.936069	18.97418	0.124028	0.456655	0.988543	2.43077	5.230791
7780	-4039.873	-4059.541	19.6679	1.09169	25.20784	0.154877	0.502677	1.01367	2.32877	4.878024
7790	-4031.558	-4059.172	27.61382	1.048345	19.8591	0.146498	0.490816	1.00757	2.35512	4.488552
7800	-4037.681	-4057.975	20.29427	1.184438	26.49986	0.172222	0.525945	1.02491	2.27692	4.819947
7810	-4027.412	-4042.628	15.2161	0.8863653	23.64442	0.113761	0.439714	0.978286	2.46824	5.096077
7820	-4043.934	-4058.809	14.87561	0.8260612	20.39087	0.101091	0.417419	0.963922	2.51757	5.137421
7830	-4037.578	-4049.12	11.54224	1.380313	19.83457	0.206227	0.567341	1.04254	2.18389	5.297591
7840	-4041.559	-4049.183	7.624395	0.9570498	16.95419	0.128306	0.46345	0.992502	2.41574	5.416854
7850	-4049.168	-4062.562	13.39371	0.7825905	20.07672	0.0918491	0.400029	0.952012	2.55611	5.207361
7860	-4028.309	-4052.52	24.21064	0.661955	22.88682	0.0660879	0.345012	0.909911	2.67899	4.717598
7870	-4022.816	-4044.75	21.93381	0.8462406	27.39199	0.105353	0.425105	0.968988	2.50055	4.733191
7880	-4028.428	-4048.379	19.95022	0.84875	22.81971	0.105882	0.426045	0.969599	2.49847	4.904218
7890	-4021.441	-4044.995	23.55361	0.9098252	25.50769	0.118629	0.447862	0.983289	2.45022	4.718381
7900	-4009.7	-4041.234	31.53407	0.748589	22.86556	0.0845826	0.385582	0.941624	2.58821	4.397295
7910	-4024.071	-4050.879	26.80784	0.8136085	24.26622	0.0984511	0.412556	0.960655	2.52834	4.603558
7920	-4039.874	-4059.786	19.91199	1.317264	19.92527	0.195664	0.555016	1.03761	2.21171	4.878383
7930	-4028.521	-4046.214	17.6929	1.118985	22.05617	0.160065	0.50981	1.01722	2.3129	5.008902
7940	-4051.956	-4053.135	1.178308	1.768851	16.51552	0.26403	0.627944	1.06296	2.04506	5.776987
7950	-4064.757	-4063.172	-1.584843	1.073659	15.68827	0.151412	0.497825	1.01121	2.33956	5.898152
7960	-4052.92	-4060.053	7.132692	0.7732165	20.37997	0.0898481	0.396123	0.949248	2.56478	5.517238
7970	-4060.906	-4055.902	-5.003759	1.366685	16.89623	0.203974	0.564749	1.04153	2.18975	6.160613
7980	-4056.855	-4054.046	-2.808818	1.441607	20.11947	0.216159	0.578539	1.0468	2.1585	6.013134
7990	-4051.752	-4053.579	1.827413	1.310809	22.93885	0.194563	0.553705	1.03707	2.21467	5.693408
8000	-4054.7	-4060.366	5.665686	1.683093	22.23816	0.252272	0.616443	1.05958	2.0717	5.548867
8010	-4046.362	-4055.588	9.225579	1.003397	20.31807	0.137631	0.47777	1.00056	2.38404	5.414732
8020	-4081.59	-4071.187	-10.40313	1.047401	13.62605	0.146314	0.49055	1.00743	2.35571	6.29951
8030	-4065.321	-4059.105	-6.216335	1.506502	19.29794	0.226325	0.589635	1.0508	2.13324	6.210091
8040	-4085.249	-4068.789	-16.45936	1.316247	18.69629	0.195491	0.55481	1.03752	2.21218	6.7728
8050	-4047.435	-4049.98	2.544815	1.033424	20.14501	0.143574	0.486573	1.00532	2.36453	5.746618
8060	-4056.996	-4060.818	3.821917	1.132931	20.49465	0.162688	0.51336	1.01895	2.305	5.677729
8070	-4049.683	-4067.037	17.35427	0.8394793	19.72776	0.103927	0.422556	0.967321	2.5062	5.001815
8080	-4037.245	-4064.302	27.05738	0.7601745	25.3506	0.0870608	0.390592	0.945278	2.57707	4.583109
8090	-4033.164	-4061.832	28.66854	0.6134837	22.47067	0.0559004	0.319685	0.888045	2.73637	4.518003
8100	-4054.001	-4062.947	8.945648	1.201891	19.00528	0.175396	0.530031	1.02679	2.26779	5.420162
8110	-4040.497	-4055.742	15.24506	1.213545	22.46188	0.177499	0.532712	1.028	2.26179	5.115493
8120	-4059.953	-4063.036	3.082471	1.241846	21.42284	0.182554	0.539069	1.03083	2.24755	5.691219
8130	-4034.587	-4049.704	15.11695	1.154026	23.30076	0.166623	0.518612	1.02147	2.29329	5.107439
8140	-4054.839	-4058.88	4.040681	1.286628	22.12885	0.190402	0.548705	1.03498	2.22591	5.625536
8150	-4059.788	-4067.79	8.002386	1.033766	17.81844	0.143642	0.486671	1.00538	2.36431	5.438509
8160	-4050.065	-4054.533	4.467899	1.254987	18.06868	0.184876	0.541949	1.03209	2.24109	5.643252
8170	-4053.277	-4056.148	2.87136	1.546985	20.00487	0.23249	0.596195	1.05307	2.11825	5.73252
8180	-4060.726	-4059.262	-1.463592	0.9318815	19.4492	0.12317	0.455274	0.987728	2.43383	5.961234
8190	-4054.25	-4054.93	0.6797125	1.294888	18.01537	0.191829	0.550428	1.0357	2.22204	5.852284
8200	-4061.565	-4064.695	3.13066	0.9785153	19.5442	0.132647	0.470197	0.996347	2.40081	5.724388
8210	-4057.803	-4062.903	5.099967	1.104243	22.11261	0.157271	0.505989	1.01533	2.32141	5.578158
8220	-4083.288	-4071.711	-11.57629	1.097499	18.72321	0.155987	0.504216	1.01445	2.32535	6.510656
8230	-4069.072	-4068.518	-0.5540254	1.669945	18.68075	0.250422	0.614599	1.05902	2.07596	5.922142
8240	-4057.613	-4053.928	-3.68568	0.991883	20.56185	0.135331	0.474298	0.998642	2.39173	6.041632
8250	-4057.468	-4060.828	3.360318	1.381089	21.61557	0.206355	0.567488	1.0426	2.18356	5.672658
8260	-4051.133	-4054.996	3.862068	1.152513	21.28292	0.166342	0.51824	1.0213	2.29412	5.658528
8270	-4054.56	-4054.867	0.3062911	1.321803	15.46549	0.196437	0.555933	1.03798	2.20965	5.759214
8280	-4051.681	-4055.428	3.746359	0.8203171	22.97706	0.0998741	0.415187	0.962429	2.52251	5.608277
8290	-4042.48	-4050.99	8.510516	1.119522	22.4349	0.160166	0.509948	1.01729	2.3126	5.416013
8300	-4023.562	-4053.191	29.62949	0.7623317	25.14285	0.0875221	0.391514	0.945945	2.57502	4.483348
8310	-4021.995	-4051.084	29.08902	0.8765347	26.22463	0.11171	0.436215	0.976098	2.47598	4.492282
8320	-4024.27	-4055.523	31.2531	0.8449504	24.65056	0.105081	0.424621	0.968672	2.50163	4.420368
8330	-4025.474	-4049.86	24.38542	0.71439	22.99438	0.0772642	0.370241	0.930086	2.62241	4.710035
8340	-4042.35	-4062.586	20.23639	0.9810938	20.05656	0.133166	0.470994	0.996795	2.39904	4.865967
8350	-4051.461	-4063.453	11.99154	1.0437	23.93109	0.14559	0.489504	1.00688	2.35803	5.224284
8360	-4036.712	-4055.815	19.10332	0.695367	20.32191	0.0731989	0.361336	0.923139	2.64233	4.928659
8370	-4063.107	-4066.766	3.658878	1.224622	22.23002	0.179487	0.535226	1.02913	2.25616	5.639385
8380	-4053.405	-4073.448	20.04316	0.7550324	21.83402	0.0859611	0.388379	0.943671	2.58199	4.901867
8390	-4054.128	-4068.486	14.35732	0.9630588	24.26461	0.129525	0.465359	0.993599	2.41152	5.116682
8400	-4029.907	-4049.279	19.37134	0.7514911	22.65525	0.0852036	0.386845	0.942551	2.5854	4.930745
8410	-4031.315	-4051.497	20.18169	1.357562	19.40324	0.202457	0.562993	1.04083	2.19372	4.846499
8420	-4052.382	-4055.616	3.234293	1.369837	19.57116	0.204497	0.565352	1.04177	2.18838	5.718891
8430	-4053.61	-4053.798	0.1872209	2.083912	18.07997	0.30309	0.66365	1.07195	1.96131	5.880271
8440	-4055.8	-4056.193	0.3930517	0.9519349	19.18803	0.127267	0.461812	0.991556	2.41937	5.868718
8450	-4062.282	-4058.269	-4.012821	1.353512	17.8319	0.201781	0.562207	1.04052	2.19549	6.112843
8460	-4058.612	-4055.544	-3.06888	1.886475	17.69451	0.279336	0.642372	1.06687	2.01142	6.059118
8470	-4049.881	-4055.47	5.589043	1.272595	21.35412	0.187963	0.545739	1.03372	2.23258	5.575794
8480	-4022.544	-4047.484	24.94038	0.7650039	23.85081	0.0880933	0.392653	0.946765	2.57249	4.683711
8490	-4025.003	-4068.537	43.53429	0.5948137	30.31218	0.0520402	0.309377	0.87865	2.75993	3.92297
8500	-4026.897	-4055.826	28.92883	0.6554832	25.26488	0.064717	0.341746	0.907185	2.68635	4.510115
8510	-4030.133	-4061.093	30.96077	0.8188239	24.74976	0.0995575	0.414604	0.962037	2.5238	4.431997
8520	-4009.867	-4049.354	39.48746	0.827467	26.20594	0.101389	0.417962	0.964284	2.51637	4.095758
8530	-4010.749	-4043.867	33.11863	0.8865637	25.54347	0.113802	0.439784	0.978329	2.46808	4.343232
8540	-4013.71	-4044.557	30.84782	0.6896421	24.62015	0.0719773	0.358602	0.920969	2.64845	4.436871
8550	-4012.537	-4036.239	23.70273	0.9279352	21.42625	0.12236	0.453965	0.986951	2.43672	4.728738
8560	-4029.391	-4049.974	20.58362	0.7725695	22.4418	0.0897099	0.395851	0.949055	2.56538	4.877861
8570	-4031.303	-4057.571	26.26846	0.8963174	24.46823	0.115831	0.443205	0.980445	2.46052	4.62423
8580	-4040.56	-4061.857	21.29721	1.107477	20.19678	0.157886	0.506833	1.01575	2.31953	4.817251
8590	-4054.002	-4065.144	11.14251	1.056918	19.48165	0.148169	0.493216	1.00883	2.34979	5.313565
8600	-4057.505	-4056.835	-0.6694177	1.35962	20.74675	0.2028	0.56339	1.04099	2.19282	5.88938
8610	-4045.543	-4053.298	7.755143	1.6806	20.90049	0.251922	0.616095	1.05948	2.07251	5.481425
8620	-4052.956	-4062.575	9.619403	0.8139172	17.04814	0.0985166	0.412677	0.960738	2.52807	5.305506
8630	-4051.991	-4056.617	4.625718	1.109309	24.1101	0.158233	0.50731	1.01599	2.31847	5.524446
8640	-4048.515	-4052.403	3.888088	1.324065	19.71728	0.196821	0.556387	1.03817	2.20862	5.684498
8650	-4047.26	-4056.005	8.745242	1.228692	19.82257	0.180214	0.536141	1.02953	2.25411	5.43857
8660	-4057.514	-4055.083	-2.431263	1.143185	16.08973	0.164606	0.51593	1.02019	2.29927	5.97606
8670	-4062.601	-4064.314	1.71244	1.361708	17.80151	0.203147	0.563793	1.04115	2.19191	5.791176
8680	-4073.492	-4064.379	-9.112976	1.5068	16.29046	0.226371	0.589684	1.05082	2.13313	6.396123
8690	-4062.84	-4060.898	-1.941348	1.313618	22.24537	0.195042	0.554276	1.0373	2.21338	5.89061
8700	-4063.176	-4058.609	-4.567174	1.081038	19.73402	0.152834	0.499824	1.01223	2.33511	6.112827
8710	-4051.013	-4055.528	4.514781	1.23278	19.07914	0.180943	0.537056	1.02994	2.25206	5.653614
8720	-4069.25	-4071.516	2.26628	1.230376	19.17887	0.180515	0.536519	1.0297	2.25326	5.771131
8730	-4040.824	-4059.623	18.79903	0.950145	19.77606	0.126902	0.461236	0.991222	2.42064	4.930027
8740	-4043.917	-4061.513	17.59608	1.293836	21.60513	0.191648	0.55021	1.03561	2.22253	5.014063
8750	-4033.893	-4049.442	15.54864	1.133307	21.09727	0.162759	0.513455	1.019	2.30479	5.109217
8760	-4034.677	-4062.312	27.63447	0.8000736	21.72689	0.0955744	0.407164	0.956975	2.54029	4.552045
8770	-4059.771	-4074.496	14.72489	1.483413	22.191	0.222749	0.585772	1.04943	2.14205	5.142036
8780	-4034.781	-4063.164	28.38288	0.6878901	26.44921	0.0716037	0.35776	0.920297	2.65034	4.51557
8790	-4040.675	-4059.968	19.29328	0.9199775	19.74267	0.120724	0.451303	0.985363	2.44261	4.903996
8800	-4044.33	-4064.17	19.83991	0.9463708	18.66356	0.126133	0.460017	0.990513	2.42334	4.829492
8810	-4029.08	-4053.811	24.73062	1.58293	20.42205	0.237854	0.601802	1.05494	2.1054	4.655159
8820	-4058.614	-4065.869	7.25444	1.517094	17.39723	0.227951	0.591377	1.05141	2.12926	5.462631
8830	-4037.592	-4049.198	11.60645	1.630068	19.01338	0.244734	0.608866	1.05723	2.08917	5.280356
8840	-4068.867	-4068.269	-0.5983992	1.061154	19.63045	0.148992	0.494392	1.00944	2.34718	5.913668
8850	-4052.646	-4064.236	11.58972	1.095899	21.36666	0.155681	0.503793	1.01424	2.32629	5.294666
8860	-4058.92	-4052.682	-6.237547	1.452045	18.07921	0.217818	0.580375	1.04748	2.15433	6.235631
8870	-4069.821	-4059.65	-10.17132	1.437559	19.04377	0.215513	0.577822	1.04653	2.16013	6.424652
8880	-4070.34	-4068.284	-2.055337	2.263263	16.8478	0.322798	0.680376	1.07537	1.92146	5.984642
8890	-4054.746	-4058.946	4.200652	1.056129	18.20786	0.148015	0.492996	1.00871	2.35028	5.660885
8900	-4053.937	-4059.509	5.57221	1.622813	21.40498	0.243686	0.607799	1.05689	2.09163	5.575416
8910	-4069.662	-4073.295	3.633009	1.140094	19.19939	0.164029	0.515159	1.01982	2.30099	5.699857
8920	-4053.52	-4059.784	6.263376	0.9773504	17.32914	0.132413	0.469836	0.996143	2.40161	5.516501
8930	-4051.886	-4053.528	1.641944	1.312048	25.13052	0.194774	0.553957	1.03717	2.2141	5.597128
8940	-4041.838	-4045.401	3.563428	1.239833	21.72895	0.182197	0.538624	1.03063	2.24855	5.659874
8950	-4051.139	-4056.189	5.049738	0.9338981	19.74197	0.123583	0.45594	0.988121	2.43236	5.62546
8960	-4035.996	-4048.297	12.30046	1.000497	23.85906	0.137053	0.476901	1.00008	2.38596	5.213435
8970	-4031.379	-4048.827	17.44816	1.226928	19.78456	0.179899	0.535745	1.02936	2.255	4.998556
8980	-4033.763	-4050.352	16.58886	1.147781	19.51765	0.165462	0.517071	1.02074	2.29673	5.035037
8990	-4026.677	-4044.031	17.35353	0.8168648	23.37766	0.099142	0.413836	0.961521	2.5255	5.010235
9000	-4045.244	-4057.704	12.46053	1.05972	18.06578	0.148713	0.493994	1.00923	2.34806	5.200768
9010	-4061.018	-4066.096	5.078373	1.02742	19.67915	0.142392	0.484841	1.0044	2.36837	5.6243
9020	-4058.919	-4059.74	0.8211072	1.42645	17.66368	0.213734	0.575838	1.04579	2.16463	5.838662
9030	-4050.147	-4050.604	0.4567332	1.159331	20.89826	0.167606	0.519911	1.02209	2.29039	5.830689
9040	-4052.982	-4057.182	4.199727	1.540905	17.52907	0.231573	0.595226	1.05274	2.12046	5.642976
9050	-4055.932	-4055.611	-0.3209338	1.062263	15.91864	0.149207	0.494699	1.0096	2.3465	5.833982
9060	-4059.915	-4055.514	-4.400983	1.300899	19.46657	0.192864	0.551672	1.03622	2.21924	6.111812
9070	-4049.646	-4056.306	6.659938	0.9938941	19.15864	0.135734	0.474909	0.998981	2.39038	5.541881
9080	-4055.835	-4049.939	-5.896248	1.205083	18.18082	0.175973	0.530769	1.02712	2.26614	6.215725
9090	-4053.092	-4059.415	6.322694	1.435242	19.27338	0.215143	0.57741	1.04638	2.16107	5.560205
9100	-4064.087	-4064.826	0.7388495	1.24709	16.73571	0.183483	0.540224	1.03133	2.24496	5.814033
9110	-4065.683	-4077.273	11.59001	1.134883	18.36142	0.163054	0.513851	1.01919	2.3039	5.261116
9120	-4069.761	-4068.506	-1.254944	1.776526	15.85984	0.265057	0.628931	1.06324	2.04277	5.888878
9130	-4033.424	-4042.852	9.427386	1.474967	23.00297	0.22143	0.584336	1.04892	2.14532	5.360302
9140	-4044.662	-4058.398	13.7362	1.628062	19.67727	0.244445	0.608572	1.05713	2.08985	5.184317
9150	-4028.45	-4040.169	11.71964	1.09036	22.43485	0.154622	0.502323	1.0135	2.32956	5.272973
9160	-4036.542	-4053.59	17.04823	1.109537	22.89099	0.158277	0.507369	1.01602	2.31834	5.030493
9170	-4048.945	-4059.764	10.81939	1.783989	20.21803	0.266051	0.629884	1.06351	2.04056	5.336096
9180	-4049.83	-4058.823	8.993076	1.353506	22.57023	0.20178	0.562206	1.04052	2.19549	5.391069
9190	-4046.502	-4065.31	18.80756	0.7967484	23.43128	0.0948666	0.405822	0.95605	2.54326	4.947306
9200	-4032.949	-4054.255	21.30624	1.007396	20.45813	0.138427	0.478964	1.00121	2.38139	4.823731
9210	-4041.736	-4055.629	13.89365	0.8456928	21.15726	0.105238	0.4249	0.968854	2.50101	5.187552
9220	-4032.761	-4052.736	19.9752	0.8402263	21.7318	0.104085	0.422839	0.967507	2.50557	4.904591
9230	-4046.148	-4061.172	15.02393	1.230201	21.91203	0.180483	0.536479	1.02968	2.25335	5.131159
9240	-4037.534	-4060.858	23.32325	1.122481	22.87347	0.160724	0.510706	1.01766	2.31091	4.756381
9250	-4047.028	-4059.718	12.6906	1.006921	18.17193	0.138333	0.478822	1.00114	2.38171	5.192989
9260	-4052.188	-4059.12	6.932325	1.189365	21.06449	0.17312	0.527107	1.02545	2.27432	5.518182
9270	-4039.802	-4059.689	19.88724	0.9077853	20.35451	0.118207	0.447165	0.982866	2.45176	4.89083
9280	-4039.556	-4054.698	15.14225	0.9584495	21.61736	0.128591	0.463896	0.992759	2.41475	5.127583
9290	-4041.221	-4056.502	15.2811	1.07947	21.29324	0.152532	0.499401	1.01201	2.33605	5.121986
9300	-4048.363	-4059.001	10.63788	0.9514387	21.29657	0.127166	0.461653	0.991463	2.41972	5.34001
9310	-4033.511	-4051.278	17.76699	0.9380712	24.08723	0.124438	0.457312	0.98893	2.42932	4.979859
9320	-4036.054	-4057.56	21.50596	0.8038753	20.15397	0.0963831	0.40869	0.958023	2.5369	4.805654
9330	-4035.288	-4066.06	30.7717	0.4380209	19.42842	0.0225597	0.209545	0.769351	2.99854	4.302424
9340	-4024.068	-4053.532	29.46359	0.6666758	24.95689	0.0670894	0.347373	0.911865	2.67367	4.49128
9350	-4026.534	-4047.452	20.91773	0.8887362	26.29762	0.114255	0.44055	0.978805	2.46639	4.801926
9360	-4020.588	-4039.792	19.20474	1.220912	22.93529	0.178822	0.534388	1.02875	2.25804	4.93589
9370	-4033.058	-4058.634	25.57667	0.8122287	22.40924	0.0981581	0.412011	0.960287	2.52954	4.655105
9380	-4039.163	-4047.289	8.126657	1.187715	17.79165	0.17282	0.526719	1.02527	2.27519	5.430459
9390	-4034.535	-4053.06	18.52496	0.9537524	21.53444	0.127636	0.462396	0.991893	2.41807	4.970847
9400	-4039.193	-4050.953	11.75932	1.491192	19.24086	0.223959	0.587084	1.0499	2.13906	5.277466
9410	-4027.322	-4049.048	21.72612	1.02248	22.68426	0.141417	0.483406	1.00363	2.37155	4.826751
9420	-4042.192	-4057.489	15.29673	1.157304	24.06001	0.16723	0.519415	1.02186	2.2915	5.08308
9430	-4037.675	-4049.317	11.64181	0.9244753	20.23241	0.121649	0.452812	0.986265	2.43927	5.295484
9440	-4054.801	-4057.456	2.654449	1.583375	19.04461	0.23792	0.601871	1.05496	2.10525	5.751162
9450	-4060.2	-4065.997	5.796849	1.706263	20.61728	0.2555	0.619639	1.06054	2.06432	5.579676
9460	-4048.63	-4050.184	1.554294	1.858656	17.93428	0.275798	0.639089	1.06601	2.0191	5.802459
9470	-4064.143	-4065.819	1.676025	1.108725	19.68936	0.158123	0.507158	1.01591	2.31881	5.797058
9480	-4045.465	-4048.463	2.998026	1.142479	17.16004	0.164474	0.515754	1.02011	2.29966	5.698547
9490	-4034.941	-4049.445	14.50368	0.9303559	21.72179	0.122857	0.454769	0.987428	2.43495	5.156438
9500	-4034.871	-4051.439	16.56832	1.035917	21.35323	0.144064	0.487288	1.00571	2.36294	5.06164
9510	-4024.495	-4044.676	20.1805	0.9811644	21.22802	0.13318	0.471016	0.996808	2.399	4.891209
9520	-4020.54	-4046.493	25.95334	1.159327	20.95364	0.167605	0.51991	1.02209	2.29039	4.612212
9530	-4037.701	-4056.999	19.29784	1.009531	23.96833	0.138852	0.479598	1.00156	2.37999	4.918355
9540	-4029.343	-4053.559	24.216	0.9109073	22.21149	0.118853	0.448232	0.983512	2.4494	4.714497
9550	-4022.252	-4054.994	32.74156	0.7476275	23.53525	0.0843769	0.385162	0.941315	2.58915	4.353776
9560	-4042.032	-4061.49	19.45828	1.088801	21.98169	0.154324	0.501907	1.01329	2.33048	4.928852
9570	-4033.217	-4049.782	16.56503	0.9431079	21.65531	0.125467	0.458957	0.989894	2.42568	5.061698
9580	-4058.929	-4067.45	8.521397	0.7904809	19.73391	0.0935316	0.403273	0.954282	2.54891	5.449577
9590	-4029.821	-4045.762	15.94095	1.028868	22.15914	0.142678	0.48526	1.00462	2.36744	5.087511
9600	-4030.343	-4044.769	14.42517	1.408102	23.01818	0.210771	0.572509	1.04454	2.17218	5.142749
9610	-4028.288	-4052.865	24.57618	0.8443668	25.39445	0.104958	0.424401	0.968529	2.50211	4.680247
9620	-4030.885	-4060.257	29.37198	0.6538021	21.70874	0.0643614	0.340892	0.906467	2.68828	4.47163
9630	-4056.365	-4072.674	16.30945	0.931149	21.93464	0.12302	0.455032	0.987584	2.43436	5.07237
9640	-4048.188	-4063.973	15.78511	1.048046	19.84985	0.14644	0.490732	1.00753	2.3553	5.083994
9650	-4031.895	-4058.253	26.35798	0.8693812	23.75362	0.110214	0.433637	0.97447	2.48168	4.62459
9660	-4034.004	-4066.096	32.09204	0.8670227	23.82558	0.10972	0.432781	0.973926	2.48357	4.383696
9670	-4041.149	-4059.192	18.04342	1.176056	26.88568	0.170687	0.523951	1.02399	2.28137	4.892379
9680	-4026.797	-4055.02	28.22276	0.7041811	23.40329	0.0750816	0.365496	0.926408	2.63301	4.545388
9690	-4044.956	-4064.156	19.20042	0.9935703	23.60697	0.135669	0.474811	0.998926	2.39059	4.928114
9700	-4041.78	-4054.901	13.12114	1.411512	20.35347	0.211324	0.573133	1.04477	2.17077	5.223236
9710	-4050.026	-4062.802	12.77642	1.133686	20.32388	0.16283	0.51355	1.01905	2.30457	5.240004
9720	-4059.749	-4063.333	3.584358	1.275019	21.86129	0.188385	0.546255	1.03394	2.23142	5.654829
9730	-4054.661	-4056.519	1.858723	1.600768	19.28111	0.240478	0.604513	1.05583	2.09918	5.791766
9740	-4060.172	-4061.707	1.534798	0.9935361	17.53463	0.135662	0.4748	0.998921	2.39062	5.795148
9750	-4051.58	-4050.675	-0.9043135	1.074764	14.91408	0.151625	0.498125	1.01136	2.33889	5.785636
9760	-4042.075	-4050.504	8.428892	1.240034	22.55568	0.182233	0.538668	1.03065	2.24845	5.416458
9770	-4051.174	-4059.119	7.944596	1.223583	19.65802	0.179301	0.534992	1.02902	2.25669	5.478581
9780	-4040.144	-4056.479	16.33473	1.313331	21.17698	0.194993	0.554218	1.03728	2.21351	5.072236
9790	-4053.783	-4067.843	14.06088	1.220333	17.49202	0.178718	0.534257	1.02869	2.25833	5.077932
9800	-4039.181	-4056.673	17.49218	0.8854032	25.47943	0.113561	0.439374	0.978074	2.46899	4.956814
9810	-4029.973	-4049.861	19.88783	0.8558709	27.02825	0.10738	0.428692	0.97131	2.49262	4.819389
9820	-4024.709	-4044.173	19.46399	1.410772	18.7834	0.211204	0.572998	1.04472	2.17108	4.855922
9830	-4034.517	-4054.918	20.40141	1.031875	22.25842	0.14327	0.486127	1.00509	2.36552	4.886228
9840	-4018.829	-4054.794	35.96509	0.938226	24.47745	0.124469	0.457363	0.988959	2.42921	4.228007
9850	-4038.712	-4056.289	17.57635	1.024959	23.28206	0.141907	0.484127	1.00402	2.36995	5.00217
9860	-4044.212	-4059.166	14.95385	0.9169882	20.91596	0.120108	0.450295	0.984758	2.44484	5.137047
9870	-4023.571	-4039.349	15.77762	1.052789	20.79722	0.147365	0.492063	1.00822	2.35235	5.096975
9880	-4045.994	-4058.952	12.95769	1.164789	20.4831	0.168614	0.521238	1.02272	2.28743	5.231919
9890	-4032.672	-4050.932	18.25992	1.250026	22.6946	0.184002	0.540867	1.03161	2.24352	4.979462
9900	-4031.193	-4049.775	18.5817	0.8569658	22.09653	0.10761	0.429096	0.97157	2.49172	4.968514
9910	-4033.095	-4053.589	20.49415	1.147757	21.16542	0.165458	0.517065	1.02074	2.29674	4.875681
9920	-4040.143	-4051.288	11.14435	1.336222	19.98761	0.198878	0.558813	1.03916	2.20315	5.318858
9930	-4029.885	-4046.406	16.52132	1.324705	20.58543	0.196929	0.556516	1.03822	2.20833	5.059158
9940	-4024.588	-4055.271	30.68251	0.8672512	23.88641	0.109768	0.432864	0.973979	2.48339	4.443096
9950	-4016.265	-4044.034	27.76958	0.7172875	29.29703	0.077884	0.371574	0.93111	2.61943	4.472547
9960	-4011.801	-4046.878	35.07744	0.6255321	25.47975	0.0584131	0.32617	0.893806	2.72161	4.266639
9970	-4015.112	-4049.902	34.78915	0.7777328	26.32724	0.0908124	0.398012	0.950589	2.56059	4.274245
9980	-4020.517	-4046.961	26.44395	0.9024613	28.45895	0.117105	0.445335	0.981751	2.45581	4.541487
9990	-4026.673	-4049.239	22.56566	0.9194349	22.45098	0.120612	0.451121	0.985253	2.44301	4.78956
10000	-4012.073	-4052.438	40.36586	0.7157684	29.35703	0.0775591	0.370876	0.930574	2.62099	4.0418
