Iteration	Posterior	Likelihood	Prior	br_len_lambda	tree_length
0	-6697.313	-6728.534	31.22023	21.84479	4.917277
10	-6695.199	-6725.012	29.81243	22.4826	4.97937
20	-6697.643	-6731.347	33.70414	23.7093	4.800451
30	-6694.811	-6736.433	41.62153	22.31206	4.451125
40	-6696.136	-6730.479	34.34283	22.47173	4.777839
50	-6694.97	-6729.07	34.10063	22.0617	4.787012
60	-6692.054	-6727.099	35.04586	22.58388	4.746899
70	-6698.951	-6733.59	34.63914	21.23719	4.752603
80	-6699.469	-6732.565	33.09602	24.21943	4.819558
90	-6704.174	-6740.689	36.51475	22.99804	4.683233
100	-6697.735	-6734.222	36.48642	23.33666	4.684366
110	-6703.474	-6736.292	32.81771	23.3891	4.841115
120	-6706.858	-6734.808	27.95051	20.27796	5.059169
130	-6709.207	-6740.624	31.41779	21.17021	4.903576
140	-6699.05	-6736.789	37.73912	21.92103	4.620059
150	-6692.049	-6725.39	33.3409	23.40494	4.818618
160	-6706.688	-6739.014	32.3255	23.4356	4.861692
170	-6711.041	-6739.933	28.89174	22.98103	5.014918
180	-6698.239	-6733.075	34.83593	22.81419	4.756417
190	-6685.138	-6719.121	33.98327	24.10501	4.784378
200	-6698.712	-6728.378	29.66591	20.90714	4.984002
210	-6706.889	-6738.058	31.16903	22.34185	4.919516
220	-6699.951	-6733.136	33.18538	25.89827	4.783146
230	-6692.318	-6721.351	29.03344	20.19276	5.004168
240	-6690.751	-6722.94	32.18937	23.43593	4.867497
250	-6695.493	-6731.514	36.02146	23.40279	4.704095
260	-6691.856	-6728.114	36.25858	23.40279	4.693963
270	-6687.917	-6725.87	37.95363	22.94798	4.620454
280	-6681.642	-6719.192	37.55041	25.30465	4.623998
290	-6696.46	-6725.185	28.72478	22.18053	5.030029
300	-6706.854	-6741.522	34.66798	26.45107	4.71318
310	-6706.401	-6734.961	28.56038	21.31872	5.03911
320	-6698.316	-6729.453	31.13745	20.42528	4.905255
330	-6703.334	-6731.021	27.68712	21.34183	5.080091
340	-6695.728	-6727.708	31.98023	23.90896	4.87043
350	-6695.504	-6732.073	36.56982	21.405	4.665129
360	-6690.52	-6723.717	33.19683	21.81083	4.82656
370	-6702.763	-6733.497	30.73399	24.60491	4.909437
380	-6728.6	-6753.767	25.16749	22.16774	5.190578
390	-6702.004	-6738.227	36.2226	26.06832	4.662499
400	-6704.756	-6735.96	31.20379	22.88733	4.915078
410	-6697.757	-6729.874	32.11665	25.4821	4.834632
420	-6701.441	-6725.668	24.22716	18.76334	5.214624
430	-6696.588	-6728.178	31.5903	22.51886	4.900167
440	-6703.903	-6729.571	25.66722	22.98044	5.155242
450	-6690.8	-6721.517	30.71635	17.51535	4.785899
460	-6690.17	-6719.505	29.33512	22.36779	5.00143
470	-6709.21	-6742.253	33.04303	23.40292	4.831362
480	-6703.952	-6734.499	30.54756	22.36027	4.947257
490	-6693.736	-6735.755	42.01912	25.68425	4.444224
500	-6707.786	-6739.455	31.66901	22.27713	4.89723
510	-6692.644	-6723.057	30.41315	18.70504	4.881988
520	-6699.147	-6733.802	34.65425	26.22251	4.71913
530	-6713.022	-6742.447	29.42482	19.56719	4.968807
540	-6689.551	-6720.48	30.9283	22.60509	4.929102
550	-6688.557	-6722.578	34.02175	21.2753	4.782274
560	-6704.468	-6733.309	28.84087	22.70725	5.020394
570	-6698.226	-6729.429	31.20296	22.40716	4.9178
580	-6704.856	-6740.287	35.43122	22.32012	4.728616
590	-6709.812	-6738.262	28.44965	22.36111	5.041073
600	-6704.652	-6730.086	25.43421	20.12222	5.181628
610	-6698.712	-6733.713	35.00136	21.23098	4.735434
620	-6704.038	-6737.985	33.94769	20.97206	4.780494
630	-6706.599	-6739.867	33.26718	20.66463	4.806768
640	-6690.671	-6718.522	27.85126	24.14363	5.037878
650	-6691.008	-6724.791	33.78336	21.6997	4.798672
660	-6705.353	-6732.973	27.62082	22.95626	5.0706
670	-6698.127	-6727.717	29.59081	21.62876	4.991801
680	-6703.109	-6730.448	27.33876	19.68283	5.078252
690	-6698.081	-6729.683	31.60167	22.60812	4.8993
700	-6704.869	-6734.581	29.71159	23.34784	4.974515
710	-6714.152	-6737.741	23.58932	20.87742	5.274743
720	-6705.013	-6733.461	28.4486	28.37076	4.879007
730	-6690.93	-6727.196	36.26619	23.45526	4.69348
740	-6687.811	-6726.054	38.24314	22.99828	4.60808
750	-6702.184	-6733.957	31.77333	28.31387	4.763777
760	-6696.758	-6727.824	31.0656	22.49619	4.923571
770	-6693.741	-6725.288	31.54642	21.87453	4.902437
780	-6691.496	-6728.807	37.31118	22.18571	4.642974
790	-6688.788	-6725.798	37.0101	22.75217	4.660849
800	-6703.517	-6736.009	32.49201	19.38567	4.804659
810	-6699.934	-6731.485	31.55096	21.54024	4.900623
820	-6698.828	-6731.344	32.51579	22.42033	4.8592
830	-6702.732	-6734.998	32.26622	19.99212	4.838251
840	-6698.329	-6733.305	34.97587	18.41333	4.618244
850	-6697.13	-6729.845	32.71452	21.54163	4.846618
860	-6699.771	-6729.996	30.2251	19.49262	4.92539
870	-6700.389	-6737.034	36.64467	25.07971	4.663148
880	-6701.473	-6734.338	32.86448	22.43211	4.843645
890	-6710.987	-6739.685	28.69824	19.3049	4.997678
900	-6712.928	-6742.681	29.75295	23.61004	4.968747
910	-6707.156	-6740.62	33.46366	22.90354	4.816281
920	-6693.857	-6729.094	35.23673	24.4314	4.728691
930	-6697.861	-6734.133	36.27229	22.62049	4.692767
940	-6695.179	-6726.938	31.75953	21.62924	4.891534
950	-6688.909	-6722.206	33.2972	22.19341	4.823924
960	-6709.861	-6730.046	20.18558	15.23424	5.188742
970	-6693.524	-6720.919	27.39534	22.13537	5.090355
980	-6709.566	-6738.919	29.35375	22.20413	5.001556
990	-6704.935	-6732.647	27.71248	20.26255	5.070677
1000	-6691.033	-6722.976	31.94336	24.00559	4.870543
1010	-6693.863	-6724.9	31.03751	20.88343	4.91807
1020	-6679.636	-6710.84	31.20351	25.17825	4.87782
1030	-6688.322	-6724.606	36.2837	22.86697	4.693084
1040	-6685.724	-6718.453	32.72852	24.62968	4.827934
1050	-6692.382	-6731.086	38.70472	23.56699	4.589594
1060	-6711.173	-6736.962	25.78891	18.20072	5.107181
1070	-6704.112	-6731.317	27.20458	22.02756	5.099861
1080	-6700.624	-6728.865	28.24082	23.16112	5.040558
1090	-6695.066	-6724.364	29.29767	23.72162	4.986087
1100	-6693.803	-6725.492	31.68853	25.20823	4.857875
1110	-6701.758	-6730.03	28.27195	25.1265	4.995697
1120	-6695.094	-6724.087	28.99322	24.61147	4.980029
1130	-6700.5	-6727.312	26.81205	21.11139	5.121066
1140	-6690.431	-6717.943	27.51185	21.86129	5.08695
1150	-6688.227	-6724.132	35.90506	23.8426	4.706756
1160	-6699.006	-6734.212	35.20621	23.46379	4.738627
1170	-6708.919	-6736.421	27.50244	25.08619	5.027488
1180	-6700.299	-6737.78	37.48098	24.45525	4.636623
1190	-6696.225	-6729.594	33.3686	24.23487	4.808085
1200	-6704.009	-6729.784	25.77496	20.29935	5.16667
1210	-6690.379	-6724.284	33.90511	23.04045	4.796544
1220	-6715.132	-6746.56	31.42772	22.04517	4.908156
1230	-6703.455	-6736.074	32.61965	25.02752	4.824708
1240	-6708.425	-6739.329	30.90354	21.50597	4.930489
1250	-6691.348	-6724.946	33.59759	22.5228	4.811029
1260	-6706.579	-6735.542	28.96385	20.64062	5.014716
1270	-6697.451	-6738.733	41.28232	26.90268	4.45595
1280	-6708.005	-6743.35	35.34465	24.24651	4.72642
1290	-6694.806	-6732.326	37.52068	25.51886	4.621996
1300	-6698.208	-6728.441	30.23306	21.37825	4.961018
1310	-6699.752	-6733.693	33.94087	21.75432	4.79194
1320	-6705.589	-6736.998	31.40891	21.59315	4.907542
1330	-6691.928	-6727.097	35.1684	22.27858	4.740154
1340	-6703.558	-6737.554	33.99597	23.12456	4.792247
1350	-6693.566	-6720.687	27.12094	23.25841	5.087151
1360	-6701.154	-6736.7	35.54596	20.74513	4.698671
1370	-6707.818	-6733.207	25.38934	19.0602	5.162381
1380	-6715.166	-6747.528	32.36272	23.06792	4.863294
1390	-6692.202	-6734.168	41.96628	23.80281	4.452386
1400	-6698.803	-6727.939	29.13651	20.09378	4.99704
1410	-6688.33	-6724.899	36.5685	22.02726	4.674758
1420	-6700.394	-6734.197	33.80338	21.37038	4.793903
1430	-6701.721	-6732.275	30.55339	20.07419	4.926039
1440	-6700.571	-6737.627	37.05584	26.90137	4.613082
1450	-6716.787	-6750.967	34.17919	21.58845	4.779192
1460	-6706.619	-6734.726	28.10654	21.79538	5.059998
1470	-6695.305	-6724.683	29.37845	20.18827	4.986991
1480	-6705.501	-6736.279	30.7775	18.33751	4.84169
1490	-6702.061	-6739.216	37.15445	21.31992	4.636013
1500	-6693.246	-6722.391	29.14535	21.71489	5.012404
1510	-6704.756	-6732.58	27.82434	20.8191	5.071476
1520	-6694.61	-6727.666	33.05612	21.00235	4.823528
1530	-6687.298	-6723.819	36.52086	24.69171	4.673227
1540	-6692.346	-6729.074	36.72769	23.91852	4.671808
1550	-6688.539	-6721.751	33.21154	20.90005	4.814281
1560	-6706.877	-6741.616	34.7389	21.59626	4.753367
1570	-6705.906	-6734.517	28.61034	20.99487	5.035156
1580	-6692.776	-6726.406	33.62958	24.15309	4.798422
1590	-6697.4	-6731.566	34.16615	22.36807	4.785449
1600	-6697.761	-6731.791	34.02979	21.94271	4.789433
1610	-6702.818	-6736.629	33.8119	23.38457	4.79864
1620	-6694.428	-6727.519	33.09112	23.70274	4.826379
1630	-6699.703	-6735.311	35.6079	23.92851	4.718543
1640	-6692.322	-6730.56	38.23768	25.61355	4.592517
1650	-6718.45	-6748.805	30.35509	19.23746	4.909216
1660	-6685.402	-6724.303	38.90101	26.08309	4.559512
1670	-6674.536	-6714.556	40.01959	25.02151	4.529086
1680	-6695.62	-6729.788	34.16774	25.48925	4.753994
1690	-6696.903	-6733.502	36.59928	22.45303	4.677299
1700	-6701.99	-6727.833	25.84226	22.27637	5.158798
1710	-6711.049	-6744.218	33.16895	21.1224	4.820127
1720	-6705.007	-6732.604	27.59703	22.39336	5.078872
1730	-6712.005	-6739.798	27.79274	26.18876	4.981914
1740	-6689.603	-6722.979	33.37596	26.00645	4.773201
1750	-6689.078	-6723.399	34.32058	19.47488	4.714481
1760	-6703.22	-6731.758	28.53799	24.77038	4.994536
1770	-6696.035	-6735.853	39.8183	24.54881	4.540555
1780	-6698.942	-6729.873	30.93071	22.03414	4.930703
1790	-6707.108	-6729.877	22.76881	24.18709	5.247
1800	-6704.923	-6736.748	31.82545	21.0188	4.882356
1810	-6701.132	-6732.702	31.57057	19.81266	4.86757
1820	-6683.591	-6721.312	37.72156	20.28376	4.577541
1830	-6702.164	-6729.015	26.85143	27.31827	4.976781
1840	-6699.577	-6730.875	31.29839	21.37668	4.911173
1850	-6704.983	-6731.176	26.19259	17.80091	5.062705
1860	-6690.588	-6720.945	30.3572	26.76832	4.86632
1870	-6694.234	-6721.466	27.23243	18.33328	5.034798
1880	-6691.632	-6722.577	30.94563	24.51546	4.902659
1890	-6691.106	-6725.858	34.75118	24.15605	4.751951
1900	-6698.685	-6730.393	31.70806	21.70563	4.89434
1910	-6699.967	-6733.489	33.52181	19.65904	4.763173
1920	-6705.38	-6734.901	29.52088	25.05566	4.947808
1930	-6685.996	-6717.535	31.53931	25.14938	4.865142
1940	-6708.972	-6741.656	32.68363	22.36977	4.851728
1950	-6710.086	-6743.131	33.0454	24.19143	4.822057
1960	-6696.803	-6735.605	38.80203	23.04276	4.58402
1970	-6687.13	-6723.201	36.07088	22.7916	4.702233
1980	-6706.537	-6737.382	30.84477	21.05942	4.92948
1990	-6697.81	-6729.64	31.82965	24.06558	4.874347
2000	-6711.123	-6739.606	28.48335	22.27324	5.040261
2010	-6713.092	-6742.054	28.96168	21.49944	5.020773
2020	-6705.742	-6736.056	30.31367	22.1498	4.958479
2030	-6700.839	-6735.567	34.72745	24.02403	4.754375
2040	-6708.732	-6741.703	32.97089	20.58166	4.819259
2050	-6701.366	-6730.181	28.8151	21.78965	5.0275
2060	-6706.442	-6740.288	33.84629	27.37708	4.719036
2070	-6703.193	-6731.793	28.5998	23.52989	5.01903
2080	-6708.306	-6729.641	21.33467	20.26957	5.385432
2090	-6708.119	-6735.232	27.11287	21.65131	5.10628
2100	-6700	-6731.163	31.16267	27.02429	4.828322
2110	-6695.862	-6730.94	35.07758	21.43588	4.735334
2120	-6702.729	-6736.563	33.83392	19.72724	4.750032
2130	-6706.162	-6737.258	31.09613	22.54057	4.922009
2140	-6715.474	-6742.603	27.12898	18.76855	5.060181
2150	-6698.262	-6728.702	30.44038	17.51484	4.801612
2160	-6711.386	-6743.034	31.64787	24.09397	4.881442
2170	-6714.594	-6746.93	32.33589	24.31738	4.849354
2180	-6705.258	-6737.427	32.16916	20.96204	4.865144
2190	-6712.281	-6739.153	26.87178	20.56837	5.115482
2200	-6711.135	-6738.828	27.69291	18.57201	5.021433
2210	-6702.551	-6736.542	33.99136	22.20384	4.792692
2220	-6724.795	-6745.106	20.31162	19.26582	5.431646
2230	-6706.552	-6735.56	29.00785	22.76198	5.012456
2240	-6715.701	-6742.861	27.16052	21.29587	5.104775
2250	-6694.29	-6732.608	38.31746	22.09937	4.596422
2260	-6708.035	-6738.858	30.8229	22.51184	4.934281
2270	-6703.119	-6733.628	30.50972	23.21592	4.94196
2280	-6685.925	-6725.977	40.05252	20.83862	4.484817
2290	-6699.463	-6728.15	28.68703	23.78246	5.010666
2300	-6691.753	-6729.436	37.6826	22.81959	4.631669
2310	-6693.51	-6734.984	41.47441	27.75307	4.433075
2320	-6701.47	-6736.988	35.51865	24.83418	4.711805
2330	-6694.121	-6726.24	32.11878	23.08234	4.873758
2340	-6698.838	-6731.898	33.05975	20.11885	4.802564
2350	-6701.299	-6731.616	30.3172	23.79722	4.941878
2360	-6704.092	-6740.674	36.58212	21.30337	4.662516
2370	-6690.142	-6726.673	36.5309	24.79129	4.671592
2380	-6689.141	-6725.602	36.4607	26.43446	4.645764
2390	-6700.371	-6729.381	29.01026	25.48119	4.956562
2400	-6706.012	-6734.059	28.04719	24.98608	5.008547
2410	-6696.84	-6732.374	35.53394	25.49717	4.70025
2420	-6711.166	-6738.133	26.96726	27.9802	4.946862
2430	-6701.433	-6733.918	32.48541	23.29262	4.856209
2440	-6705.078	-6733.188	28.1109	24.41944	5.020648
2450	-6703.632	-6734.809	31.17755	21.58283	4.918201
2460	-6707.264	-6738.279	31.01438	18.94642	4.861982
2470	-6709.206	-6736.064	26.85828	24.42415	5.07182
2480	-6704.152	-6738.191	34.03876	23.24823	4.789775
2490	-6681.82	-6718.356	36.53658	20.8741	4.654498
2500	-6685.34	-6723.073	37.73279	22.03333	4.621986
2510	-6706.635	-6733.073	26.43758	22.31617	5.131602
2520	-6683.978	-6717.089	33.11081	20.2557	4.804064
2530	-6712.95	-6738.997	26.04689	18.05378	5.085351
2540	-6696.821	-6728.282	31.46149	23.10506	4.902028
2550	-6709.907	-6737.428	27.52048	23.65584	5.06237
2560	-6704.604	-6735.839	31.23458	21.27132	4.913241
2570	-6699.763	-6734.771	35.00846	23.20174	4.74823
2580	-6711.354	-6741.654	30.2996	19.70469	4.928501
2590	-6694.927	-6726.898	31.97125	21.62659	4.881728
2600	-6697.768	-6729.751	31.98317	21.68514	4.881546
2610	-6709.636	-6737.609	27.97242	20.44728	5.060501
2620	-6704.051	-6738.582	34.53058	24.14064	4.761263
2630	-6692.06	-6730.027	37.96703	21.88815	4.609138
2640	-6698.535	-6730.245	31.71054	22.76806	4.893684
2650	-6699.604	-6731.875	32.27098	23.03763	4.867488
2660	-6691.965	-6734.279	42.31379	27.43827	4.408658
2670	-6699.158	-6732.545	33.38641	19.95972	4.781125
2680	-6713.563	-6740.212	26.64924	23.43278	5.103956
2690	-6717.99	-6745.185	27.19549	24.6434	5.052212
2700	-6712.205	-6741.543	29.33778	21.71146	5.003542
2710	-6697.212	-6734.364	37.15143	25.00003	4.643994
2720	-6689.932	-6720.023	30.09102	23.59703	4.95463
2730	-6689.433	-6720.357	30.92476	20.81112	4.922437
2740	-6702.658	-6738.623	35.96495	24.96434	4.69198
2750	-6696.077	-6728.605	32.52813	21.48541	4.854754
2760	-6698.842	-6731.083	32.24117	22.63238	4.870933
2770	-6692.261	-6730.094	37.83283	23.43619	4.626693
2780	-6707.6	-6742.316	34.71659	20.88273	4.741882
2790	-6697.93	-6736.469	38.5391	24.09387	4.595428
2800	-6724.216	-6750.944	26.72756	22.49157	5.116465
2810	-6693.655	-6724.407	30.75133	23.50272	4.927965
2820	-6726.722	-6751.404	24.68276	21.78191	5.217228
2830	-6703.762	-6729.69	25.92764	19.35195	5.142424
2840	-6708.974	-6743.9	34.92576	28.00193	4.661789
2850	-6694.358	-6726.061	31.70229	20.86864	4.886005
2860	-6693.453	-6726.35	32.89664	23.94364	4.831653
2870	-6706.188	-6735.344	29.15643	24.93864	4.965365
2880	-6707.646	-6732.574	24.92867	19.38531	5.194802
2890	-6712.915	-6749.745	36.82997	20.54177	4.630469
2900	-6703.635	-6737.2	33.56573	26.41524	4.755773
2910	-6702.592	-6726.923	24.33096	27.99264	5.040548
2920	-6698.355	-6728.727	30.37151	21.90501	4.956156
2930	-6683.287	-6720.296	37.00888	24.6918	4.653461
2940	-6702.638	-6729.473	26.83466	20.4265	5.115928
2950	-6698.753	-6727.522	28.76847	20.16654	5.016793
2960	-6700.432	-6728.204	27.77189	25.11868	5.015822
2970	-6695.004	-6725.557	30.55397	21.07486	4.94345
2980	-6701.584	-6734.05	32.46579	22.11448	4.861246
2990	-6695.987	-6727.38	31.39337	22.53819	4.908832
3000	-6689.976	-6722.56	32.5839	20.80762	4.842648
3010	-6690.451	-6727.127	36.67663	20.72362	4.643539
3020	-6699.676	-6728.27	28.59425	21.57839	5.037893
3030	-6710.395	-6739.857	29.46214	19.25007	4.956103
3040	-6698.89	-6731.948	33.05712	28.78441	4.702739
3050	-6705.856	-6742.385	36.52818	22.24886	4.678857
3060	-6699.513	-6728.927	29.41466	28.42459	4.842938
3070	-6685.304	-6726.746	41.44262	24.15592	4.474943
3080	-6695.505	-6731.562	36.05733	22.19856	4.699601
3090	-6682.036	-6727.091	45.05438	25.13968	4.327763
3100	-6713.955	-6737.202	23.24646	20.47443	5.291671
3110	-6697.386	-6726.139	28.75371	24.25936	4.997965
3120	-6695.364	-6734.775	39.4111	22.80774	4.555821
3130	-6711.626	-6741.05	29.42379	22.26835	4.998065
3140	-6699.216	-6734.882	35.66535	24.72613	4.707409
3150	-6699.131	-6735.847	36.71575	22.3266	4.671121
3160	-6696.268	-6730.684	34.41594	25.15609	4.750638
3170	-6712.215	-6742.868	30.65297	21.2199	4.940152
3180	-6701.427	-6730.514	29.08706	18.27347	4.930233
3190	-6696.132	-6732.63	36.49771	28.08903	4.603244
3200	-6706.854	-6737.274	30.4198	25.39843	4.903394
3210	-6694.967	-6736.321	41.35431	23.77798	4.478021
3220	-6689.904	-6722.611	32.70623	21.43084	4.845906
3230	-6706.493	-6731.259	24.76616	18.79585	5.186989
3240	-6706.19	-6736.288	30.09755	20.88615	4.963112
3250	-6692.387	-6721.96	29.57266	21.35417	4.9918
3260	-6693.742	-6719.995	26.25215	18.99372	5.114937
3270	-6698.872	-6727.167	28.29565	19.31055	5.018717
3280	-6704.576	-6734.177	29.60153	23.25752	4.98051
3290	-6689.446	-6721.745	32.29887	22.06796	4.868696
3300	-6698.807	-6736.093	37.28569	25.5273	4.631072
3310	-6701.777	-6733.38	31.60224	22.73533	4.898631
3320	-6690.517	-6726.217	35.69972	26.01352	4.683701
3330	-6694.536	-6720.256	25.71997	17.82644	5.090765
3340	-6704.764	-6734.282	29.5178	25.30843	4.941333
3350	-6694.972	-6725.028	30.05655	21.96855	4.970478
3360	-6702.071	-6729.561	27.49015	19.8615	5.07456
3370	-6703.093	-6740.628	37.53451	24.17884	4.636577
3380	-6709.755	-6736.82	27.06583	22.95953	5.094722
3390	-6695.868	-6727.103	31.23446	23.57174	4.906511
3400	-6709.749	-6745.597	35.8482	25.01267	4.695932
3410	-6707.185	-6740.623	33.43867	24.27027	4.804689
3420	-6716.464	-6742.682	26.21793	22.03626	5.144568
3430	-6693.33	-6731.803	38.47236	22.86044	4.597329
3440	-6706.331	-6736.815	30.48478	24.45102	4.922791
3450	-6709.419	-6740.321	30.90252	24.95003	4.895092
3460	-6708.235	-6729.176	20.94107	23.19738	5.354666
3470	-6699.177	-6735.088	35.91162	26.23481	4.670916
3480	-6702.213	-6732.425	30.21156	17.56297	4.81859
3490	-6697.539	-6730.927	33.38797	20.69236	4.801544
3500	-6697.389	-6730.019	32.63018	20.80586	4.840391
3510	-6697.694	-6725.929	28.23446	24.03693	5.024365
3520	-6690.375	-6730.568	40.19236	24.93586	4.522863
3530	-6706.384	-6743.906	37.52231	21.99873	4.631065
3540	-6708.59	-6747.239	38.64896	23.65687	4.591936
3550	-6684.465	-6724.003	39.53841	25.27901	4.545717
3560	-6693.435	-6725.168	31.73317	23.31617	4.888262
3570	-6690.733	-6720.9	30.16656	20.95364	4.960586
3580	-6688.869	-6722.249	33.37975	21.90625	4.818833
3590	-6689.606	-6725.357	35.75085	25.08316	4.698733
3600	-6699.35	-6733.422	34.0715	21.15417	4.777951
3610	-6700.684	-6733.522	32.83807	20.41703	4.821788
3620	-6693.868	-6728.661	34.79348	26.42171	4.70914
3630	-6690.517	-6724.419	33.90215	21.08461	4.784753
3640	-6702.957	-6732.429	29.47166	23.5532	4.981599
3650	-6709.851	-6738.14	28.28907	21.36987	5.051937
3660	-6702.165	-6732.704	30.53911	23.74151	4.933441
3670	-6698.128	-6730.383	32.2551	24.40345	4.851216
3680	-6695.289	-6730.387	35.09854	21.19527	4.73019
3690	-6695.92	-6727.186	31.26517	20.3573	4.897524
3700	-6701.893	-6735.281	33.38782	21.01714	4.807995
3710	-6693.657	-6731.15	37.4927	22.53573	4.638191
3720	-6685.8	-6724.39	38.58947	26.92962	4.555488
3730	-6716.09	-6743.674	27.58347	21.6858	5.084434
3740	-6698.29	-6727.108	28.8183	23.124	5.016159
3750	-6684.026	-6724.736	40.71001	23.03687	4.501166
3760	-6704.122	-6736.075	31.95303	21.23538	4.879064
3770	-6704.43	-6728.945	24.51501	19.43196	5.217116
3780	-6702.196	-6726.792	24.59527	18.90199	5.199445
3790	-6700.841	-6734.643	33.80169	23.51066	4.798113
3800	-6693.407	-6726.049	32.64247	25.79416	4.80666
3810	-6713.104	-6741.099	27.99486	26.10081	4.977068
3820	-6708.706	-6738.436	29.73059	22.30136	4.98412
3830	-6705.825	-6733.41	27.58472	21.6963	5.08434
3840	-6690.693	-6731.063	40.36988	21.95046	4.500653
3850	-6705.575	-6730.276	24.70064	20.90518	5.221496
3860	-6700.071	-6728.598	28.52702	25.01902	4.988461
3870	-6704.11	-6729.782	25.67207	20.85406	5.174937
3880	-6707.944	-6733.119	25.17502	19.63698	5.187343
3890	-6717.662	-6741.657	23.99513	20.99497	5.254981
3900	-6687.385	-6719.904	32.5191	22.3784	4.859079
3910	-6705.485	-6739.008	33.52217	22.9703	4.813474
3920	-6704.434	-6733.85	29.41552	20.49791	4.990739
3930	-6692.362	-6724.273	31.91159	21.77594	4.885327
3940	-6706.685	-6735.081	28.39527	24.64503	5.003486
3950	-6715.907	-6751.916	36.00965	26.65867	4.657729
3960	-6708.553	-6734.179	25.62603	22.06528	5.171103
3970	-6696.983	-6729.501	32.51786	26.10391	4.803698
3980	-6690.645	-6721.049	30.4036	22.91481	4.949781
3990	-6700.984	-6727.084	26.09927	18.70365	5.11256
4000	-6691.548	-6721.832	30.28435	22.71908	4.956729
4010	-6691.323	-6725.859	34.53583	20.86111	4.750057
4020	-6705.185	-6730.946	25.76122	21.64251	5.168768
4030	-6707.512	-6733.409	25.89769	22.83186	5.147894
4040	-6693.574	-6727.772	34.1985	20.7732	4.764272
4050	-6691.276	-6727.207	35.93103	22.86194	4.708499
4060	-6700.768	-6732.642	31.87415	22.83539	4.886113
4070	-6695.105	-6726.76	31.65499	19.40528	4.848623
4080	-6689.194	-6731.049	41.85559	23.56168	4.455864
4090	-6690.055	-6721.481	31.42637	22.12554	4.908248
4100	-6695.304	-6722.535	27.23163	22.93039	5.087962
4110	-6706.032	-6739.432	33.39961	22.51289	4.819821
4120	-6704.376	-6737.469	33.09337	23.57952	4.827572
4130	-6691.623	-6725.749	34.12685	23.20693	4.786201
4140	-6697.753	-6733.937	36.18357	23.93708	4.694423
4150	-6701.903	-6727.058	25.15479	20.3355	5.197513
4160	-6708.951	-6736.467	27.51615	21.31877	5.088091
4170	-6701.871	-6734.456	32.58454	24.97714	4.827132
4180	-6687.898	-6723.236	35.33821	22.38986	4.733163
4190	-6691.94	-6723.52	31.58061	23.07618	4.897127
4200	-6691.128	-6724.549	33.42031	22.74797	4.818636
4210	-6692.996	-6728.317	35.32047	22.09279	4.731983
4220	-6699.567	-6731.263	31.69601	22.59627	4.895178
4230	-6702.977	-6732.507	29.53022	17.8616	4.879495
4240	-6699.351	-6724.864	25.51302	21.32489	5.182029
4250	-6701.102	-6734.591	33.48903	24.12479	4.80462
4260	-6691.517	-6727.664	36.14716	22.45736	4.697461
4270	-6709.141	-6742.408	33.26713	24.23893	4.812213
4280	-6698.032	-6730.015	31.98305	22.02797	4.882931
4290	-6701.747	-6737.268	35.52023	26.12519	4.688225
4300	-6706.532	-6736.829	30.29705	24.61854	4.926899
4310	-6699.597	-6726.658	27.06059	24.01863	5.073636
4320	-6699.723	-6729.631	29.90761	25.16072	4.929734
4330	-6689.321	-6723.603	34.28175	21.76471	4.776374
4340	-6698.881	-6733.071	34.19022	22.29026	4.784107
4350	-6698.434	-6732.444	34.01012	21.85261	4.789629
4360	-6709.909	-6740.042	30.13297	27.42109	4.853178
4370	-6707.849	-6740.489	32.63979	18.63127	4.758632
4380	-6712.135	-6733.388	21.25251	17.02522	5.29693
4390	-6691.192	-6722.603	31.41088	21.931	4.908763
4400	-6706.283	-6737.181	30.89858	22.2429	4.931899
4410	-6695.169	-6726.958	31.78867	22.15227	4.891888
4420	-6720.134	-6747.915	27.78114	18.21189	4.998342
4430	-6693.59	-6730.121	36.53108	25.60489	4.659297
4440	-6692.766	-6724.392	31.62563	24.34064	4.878147
4450	-6695.163	-6727.747	32.58435	22.36097	4.856167
4460	-6700.882	-6726.565	25.68304	18.14739	5.11034
4470	-6693.204	-6727.497	34.29317	23.19851	4.779074
4480	-6694.208	-6731.222	37.01451	23.74371	4.660686
4490	-6706.745	-6740.603	33.85803	20.33508	4.769519
4500	-6696.563	-6730.085	33.52283	18.97978	4.731394
4510	-6703.596	-6736.08	32.48431	18.8393	4.778731
4520	-6722.514	-6745.898	23.38354	20.92551	5.28442
4530	-6705.324	-6735.173	29.84844	21.88206	4.980055
4540	-6694.644	-6725.134	30.49001	22.16801	4.950475
4550	-6706.108	-6730.59	24.48157	19.79764	5.225159
4560	-6693.365	-6725.941	32.57625	21.8997	4.855481
4570	-6692.423	-6723.266	30.84324	23.59703	4.922752
4580	-6701.526	-6733.247	31.72097	24.03877	4.879288
4590	-6701.31	-6730.84	29.53022	24.70477	4.956036
4600	-6707.006	-6738.22	31.21428	18.60278	4.833559
4610	-6712.509	-6737.869	25.35984	21.49543	5.188329
4620	-6707.677	-6734.604	26.92708	20.82942	5.11463
4630	-6702.32	-6728.32	25.99913	19.40475	5.14007
4640	-6706.091	-6735.837	29.74544	18.37443	4.900096
4650	-6698.221	-6731.748	33.52653	20.12285	4.77949
4660	-6703.761	-6740.894	37.13266	22.85114	4.655897
4670	-6687.716	-6726.195	38.47964	20.52112	4.549402
4680	-6697.043	-6729.28	32.23706	25.83858	4.821268
4690	-6695.467	-6727.191	31.72409	22.13729	4.894797
4700	-6698.789	-6731.16	32.37053	19.91988	4.830751
4710	-6712.555	-6736.447	23.89189	22.76788	5.237093
4720	-6705.236	-6733.523	28.28759	21.5495	5.052121
4730	-6705.608	-6738.208	32.59923	19.56952	4.806667
4740	-6708.121	-6739.355	31.23373	25.63875	4.865319
4750	-6693.288	-6729.458	36.16999	23.83423	4.695699
4760	-6722.375	-6745.668	23.29265	20.42469	5.289327
4770	-6705.449	-6730.426	24.97776	18.94691	5.180612
4780	-6706.185	-6730.78	24.59508	17.91909	5.158876
4790	-6712.765	-6743.086	30.32064	18.43313	4.872204
4800	-6698.453	-6729.515	31.06226	21.03895	4.91891
4810	-6715.251	-6742.22	26.96922	19.79899	5.099533
4820	-6713.359	-6741.463	28.10417	18.68366	5.004469
4830	-6699.539	-6729.897	30.35792	20.24415	4.939719
4840	-6697.258	-6726.324	29.06596	18.93147	4.964187
4850	-6712.251	-6748.247	35.99643	23.43115	4.705068
4860	-6706.407	-6739.376	32.96919	21.8456	4.83722
4870	-6718.486	-6742.526	24.04028	22.86503	5.228544
4880	-6734.824	-6757.68	22.85605	24.12516	5.245358
4890	-6722.153	-6745.17	23.01727	25.43701	5.193411
4900	-6721.577	-6750.101	28.52368	20.27252	5.030812
4910	-6722.665	-6754.004	31.33915	23.17352	4.906662
4920	-6713.611	-6744.709	31.0977	22.18772	4.923038
4930	-6689.827	-6728.683	38.85597	25.62708	4.568189
4940	-6721.915	-6755.075	33.15949	25.2195	4.799291
4950	-6699.681	-6726.565	26.88418	21.30837	5.117743
4960	-6700.006	-6732.305	32.29976	21.67053	4.866848
4970	-6700.556	-6731.125	30.56885	21.21907	4.944109
4980	-6694.048	-6725.806	31.75824	22.14861	4.89326
4990	-6707.128	-6733.698	26.57028	20.79781	5.131611
5000	-6697.954	-6730.982	33.02807	20.90332	4.823119
5010	-6694.723	-6732.545	37.82181	24.55295	4.621846
5020	-6700.948	-6737.144	36.19642	22.57648	4.695917
5030	-6695.176	-6733.886	38.71055	25.59383	4.574333
5040	-6712.516	-6748.439	35.92221	23.26696	4.70872
5050	-6693.45	-6731.503	38.05347	24.93722	4.608623
5060	-6706.125	-6740.044	33.91913	22.7308	4.796729
5070	-6708.004	-6738.824	30.81926	19.31536	4.888222
5080	-6704.754	-6737.76	33.00618	20.71356	4.820443
5090	-6695.551	-6728.373	32.82178	22.54003	4.845452
5100	-6702.68	-6738.627	35.94704	22.40701	4.706078
5110	-6700.061	-6736.094	36.03321	25.00693	4.688621
5120	-6701.16	-6736.826	35.6654	23.67733	4.71793
5130	-6702.441	-6733.309	30.8675	20.17354	4.912878
5140	-6705.087	-6733.152	28.06511	21.14924	5.061866
5150	-6699.652	-6732.929	33.27684	21.44042	4.819393
5160	-6715.333	-6741.954	26.6213	25.27667	5.056771
5170	-6680.046	-6714.997	34.9512	23.48668	4.749363
5180	-6684.314	-6725.929	41.6151	24.03373	4.46769
5190	-6710.16	-6736.102	25.94266	18.66029	5.119243
5200	-6693.193	-6725.832	32.63891	20.81223	4.840091
5210	-6696.644	-6729.608	32.96388	23.69094	4.831878
5220	-6697.05	-6727.73	30.67971	24.76393	4.908215
5230	-6696.367	-6730.85	34.48326	21.47513	4.763614
5240	-6706.972	-6738.116	31.14445	26.55117	4.84344
5250	-6715.94	-6743.606	27.66533	20.70642	5.078225
5260	-6693.985	-6720.913	26.92764	20.00302	5.105474
5270	-6706.721	-6735.257	28.53587	24.55429	5.000014
5280	-6693.46	-6722.139	28.67957	22.45331	5.03002
5290	-6714.488	-6751.516	37.02732	23.24769	4.661225
5300	-6700.937	-6729.042	28.10535	25.35223	4.995871
5310	-6706.237	-6735.831	29.59412	24.68548	4.953901
5320	-6712.242	-6737.624	25.38128	19.27871	5.168834
5330	-6699.853	-6731.643	31.79058	21.80137	4.890995
5340	-6705.639	-6736.001	30.36207	21.43481	4.95531
5350	-6702.207	-6730.462	28.25472	24.23596	5.019073
5360	-6698.423	-6726.476	28.05266	18.96934	5.0192
5370	-6694.615	-6730.711	36.09667	25.78307	4.672957
5380	-6712.988	-6743.23	30.24201	23.67403	4.947037
5390	-6712.364	-6740.926	28.56171	18.39133	4.965422
5400	-6685.646	-6721.382	35.73612	24.5267	4.707115
5410	-6699.148	-6734.532	35.38335	22.64194	4.732123
5420	-6701.149	-6740.487	39.3378	23.65301	4.562816
5430	-6701.532	-6744.449	42.91627	23.83704	4.412664
5440	-6696.632	-6740.779	44.14721	26.54622	4.35377
5450	-6696.542	-6726.759	30.21665	21.90233	4.963226
5460	-6699.378	-6729.939	30.56093	22.36105	4.946656
5470	-6688.783	-6719.283	30.49948	21.14155	4.94669
5480	-6684.534	-6712.364	27.83032	22.98136	5.0611
5490	-6681.841	-6719.837	37.99589	24.75893	4.612828
5500	-6701.972	-6742.144	40.17258	26.62174	4.502211
5510	-6688.321	-6724.427	36.10616	22.60686	4.700053
5520	-6720.937	-6751.06	30.12386	19.51461	4.931332
5530	-6701.123	-6735.976	34.85262	22.16084	4.753631
5540	-6711.156	-6740.464	29.30844	23.51776	4.989113
5550	-6708.239	-6736.41	28.17156	24.81902	5.008051
5560	-6701.644	-6737.549	35.9043	22.77061	4.709496
5570	-6697.738	-6723.854	26.11509	23.75681	5.11942
5580	-6724.359	-6746.852	22.49336	20.77035	5.327758
5590	-6710.333	-6734.009	23.67646	21.02876	5.270011
5600	-6699.015	-6733.833	34.81815	21.69953	4.750984
5610	-6695.709	-6736.131	40.42167	24.43175	4.516465
5620	-6705.784	-6727.956	22.17147	19.26938	5.335171
5630	-6712.101	-6740.994	28.89336	20.24232	5.012031
5640	-6694.765	-6726.958	32.193	21.84491	4.872747
5650	-6702.901	-6732.874	29.9737	22.07266	4.974048
5660	-6703.251	-6733.843	30.59232	20.67538	4.936381
5670	-6695.665	-6727.17	31.50455	23.77672	4.892278
5680	-6695.06	-6730.668	35.60742	21.30896	4.708373
5690	-6709.844	-6740.228	30.38417	24.27362	4.930477
5700	-6693.887	-6728.291	34.40353	23.38069	4.773364
5710	-6713.922	-6750.529	36.60731	24.54255	4.671424
5720	-6700.556	-6727.057	26.50079	29.86807	4.884185
5730	-6710.23	-6736.815	26.58483	20.78237	5.130834
5740	-6702.933	-6729.608	26.67447	19.49882	5.107698
5750	-6699.556	-6729.741	30.18508	22.23246	4.964016
5760	-6709.289	-6728.093	18.80428	19.90649	5.511817
5770	-6696.382	-6722.668	26.28611	22.23012	5.139416
5780	-6676.826	-6720.633	43.80632	24.5204	4.37807
5790	-6689.132	-6724.633	35.50058	24.77116	4.713439
5800	-6692.093	-6726.498	34.40491	21.27774	4.764304
5810	-6700.182	-6733.433	33.25027	20.31488	4.798849
5820	-6691.949	-6726.146	34.19715	21.8718	4.781234
5830	-6695.574	-6730.79	35.21591	21.77471	4.733571
5840	-6688.379	-6716.641	28.26173	19.58559	5.028759
5850	-6710.463	-6744.785	34.32261	19.76797	4.726901
5860	-6701.607	-6733.036	31.42823	21.95744	4.908021
5870	-6694.153	-6728.642	34.48907	25.25795	4.745856
5880	-6711.337	-6738.324	26.98719	19.03883	5.077816
5890	-6697.151	-6726.07	28.91835	20.92603	5.019924
5900	-6683.164	-6723.855	40.69094	23.0939	4.502481
5910	-6706.507	-6736.275	29.76759	22.83341	4.978383
5920	-6700.158	-6733.878	33.72031	23.32809	4.802955
5930	-6706.011	-6740.139	34.12817	25.93175	4.745985
5940	-6701.971	-6732.438	30.46724	25.58665	4.896606
5950	-6696.06	-6735.936	39.87532	21.43145	4.5114
5960	-6695.294	-6728.115	32.82109	25.87252	4.797841
5970	-6700.814	-6732.23	31.41586	22.06937	4.90871
5980	-6703.326	-6733.929	30.60257	21.03079	4.94067
5990	-6704.81	-6737.983	33.17376	24.82916	4.806319
6000	-6685.566	-6724.269	38.70283	24.05246	4.588795
6010	-6697.167	-6732.414	35.24676	25.58563	4.709829
6020	-6694.165	-6730.119	35.95449	23.97527	4.703695
6030	-6695.918	-6727.555	31.63712	21.78042	4.89795
6040	-6710.498	-6741.268	30.77017	20.38297	4.922375
6050	-6711.745	-6739.268	27.52298	26.38852	4.985449
6060	-6716.572	-6740.752	24.18037	22.1265	5.235728
6070	-6702.757	-6731.757	28.99999	21.10662	5.017398
6080	-6695.173	-6732.913	37.74065	21.54925	4.613449
6090	-6707.766	-6741.439	33.67312	22.70947	4.807584
6100	-6693.815	-6727.995	34.18052	25.38649	4.755563
6110	-6696.254	-6731.212	34.95804	24.28302	4.741936
6120	-6689.613	-6724.639	35.02594	22.49678	4.747528
6130	-6693.102	-6725.958	32.85584	23.76757	4.835554
6140	-6698.939	-6731.795	32.85671	22.6799	4.843618
6150	-6695.605	-6723.723	28.11797	20.21143	5.049822
6160	-6696.547	-6731.907	35.35924	24.6224	4.721221
6170	-6704.211	-6736.051	31.84002	24.26016	4.87073
6180	-6702.028	-6733.426	31.39836	24.5529	4.883463
6190	-6702.97	-6737.228	34.25789	22.98417	4.781406
6200	-6697.806	-6728.718	30.91268	19.74572	4.8987
6210	-6691.997	-6732.941	40.94356	24.59354	4.494543
6220	-6705.218	-6738.834	33.61616	26.87835	4.741577
6230	-6704.311	-6736.621	32.31059	21.14781	4.861108
6240	-6686.984	-6717.92	30.93608	27.16458	4.832234
6250	-6709.011	-6733.741	24.73001	20.05651	5.215942
6260	-6695.268	-6730.972	35.70306	22.91107	4.718511
6270	-6703.435	-6734.237	30.80184	19.89785	4.908874
6280	-6708.312	-6733.878	25.56555	19.93664	5.172619
6290	-6699.438	-6729.344	29.90587	25.38661	4.923942
6300	-6694.835	-6730.574	35.7396	22.15398	4.713549
6310	-6701.12	-6731.662	30.5414	22.84619	4.944383
6320	-6690.334	-6719.846	29.51224	20.50498	4.986133
6330	-6704.798	-6739.497	34.69862	21.20744	4.749277
6340	-6701.094	-6736.803	35.70934	22.9133	4.718238
6350	-6705.286	-6729.229	23.94287	19.82181	5.252677
6360	-6699.396	-6734.375	34.97914	20.62043	4.722743
6370	-6689.936	-6729.558	39.62217	26.80701	4.519479
6380	-6717.216	-6750.445	33.22979	27.55912	4.736087
6390	-6705.035	-6736.313	31.27831	20.60413	4.901917
6400	-6701.091	-6733.675	32.58348	22.77731	4.855306
6410	-6692.623	-6729.524	36.90103	19.49031	4.582785
6420	-6709.77	-6737.131	27.3611	17.55801	4.980535
6430	-6701.581	-6724.012	22.43088	21.3716	5.326052
6440	-6706.08	-6729.82	23.74067	18.55858	5.233767
6450	-6693.037	-6718.15	25.11291	22.27697	5.19153
6460	-6707.606	-6741.459	33.85283	21.58354	4.794255
6470	-6700.112	-6726.892	26.78017	20.04046	5.113464
6480	-6712.386	-6736.747	24.36113	20.8191	5.237824
6490	-6708.841	-6736.323	27.48201	22.42027	5.08372
6500	-6695.446	-6729.337	33.89059	21.82557	4.794877
6510	-6695.543	-6728.337	32.79308	23.98523	4.835423
6520	-6701.048	-6726.616	25.56779	19.42067	5.162674
6530	-6704.702	-6732.147	27.44498	22.62532	5.08294
6540	-6705.606	-6738.2	32.5937	24.86879	4.828912
6550	-6689.976	-6729.231	39.2543	26.19928	4.544089
6560	-6690.021	-6720.917	30.89606	23.81622	4.917257
6570	-6699.008	-6726.918	27.91042	18.18077	4.989499
6580	-6678.827	-6716.286	37.45894	25.52631	4.6243
6590	-6691.64	-6728.663	37.02216	22.22055	4.656367
6600	-6700.885	-6732.25	31.36466	22.06957	4.91103
6610	-6700.153	-6730.436	30.28348	17.97186	4.845113
6620	-6703.003	-6729.677	26.67441	22.28424	5.121354
6630	-6685.944	-6713.554	27.60945	21.46482	5.083706
6640	-6687.215	-6719.945	32.73004	20.25973	4.822972
6650	-6682.821	-6715.334	32.51222	26.41664	4.795618
6660	-6679.13	-6714.469	35.33955	22.77501	4.734303
6670	-6691.456	-6725.786	34.33023	26.4461	4.726072
6680	-6695.573	-6729.506	33.93337	21.2206	4.785573
6690	-6688.916	-6722.924	34.0081	22.3787	4.792542
6700	-6693.064	-6725.536	32.47157	19.28224	4.801214
6710	-6686.511	-6721.884	35.37328	23.61552	4.730665
6720	-6691.843	-6722.875	31.03199	24.25412	4.904148
6730	-6694.52	-6726.829	32.30877	30.16895	4.678508
6740	-6715.646	-6737.66	22.01412	21.54138	5.343352
6750	-6700.357	-6731.885	31.52828	23.70072	4.892342
6760	-6706.845	-6734.876	28.03158	22.85474	5.054125
6770	-6687.88	-6715.508	27.62803	23.01353	5.069404
6780	-6694.51	-6730.664	36.15382	21.81764	4.691076
6790	-6695.916	-6728.571	32.6548	25.90501	4.803466
6800	-6685.491	-6721.3	35.80942	26.19885	4.675586
6810	-6695.708	-6729.217	33.50925	22.1628	4.814258
6820	-6711.233	-6741.882	30.64913	23.59035	4.931075
6830	-6698.451	-6725.632	27.18155	20.41648	5.098831
6840	-6695.702	-6734.044	38.34257	22.75997	4.602341
6850	-6698.256	-6737.575	39.31922	23.42193	4.563234
6860	-6701.581	-6738.797	37.21614	25.29507	4.637348
6870	-6703.044	-6731.954	28.90967	23.78204	5.001312
6880	-6717.226	-6741.484	24.25838	20.68193	5.24274
6890	-6695.858	-6726.752	30.89428	26.03959	4.867702
6900	-6702.016	-6735.808	33.79192	23.89054	4.794861
6910	-6690.817	-6728.832	38.0151	22.40315	4.613743
6920	-6683.183	-6718.45	35.26702	22.49773	4.736815
6930	-6700.493	-6738.049	37.55527	22.51433	4.635242
6940	-6704.869	-6732.21	27.34074	24.01136	5.06214
6950	-6697.008	-6725.083	28.07465	21.03425	5.060889
6960	-6693.73	-6728.381	34.65108	21.37494	4.754307
6970	-6702.504	-6736.543	34.03898	24.20064	4.780868
6980	-6702.523	-6740.481	37.95871	23.54712	4.62127
6990	-6700.414	-6733.595	33.18151	23.22043	4.826844
7000	-6699.363	-6740.171	40.80806	27.20227	4.468111
7010	-6699.553	-6727.634	28.08131	19.95259	5.046766
7020	-6687.529	-6721.479	33.95033	23.43815	4.792341
7030	-6703.372	-6729.675	26.3031	24.70069	5.086781
7040	-6696.333	-6728.009	31.67666	26.36618	4.828675
7050	-6697.633	-6729.55	31.91658	23.03141	4.88292
7060	-6696.799	-6726.211	29.41178	20.1429	4.984398
7070	-6691.139	-6720.396	29.25616	20.40006	4.996943
7080	-6690.673	-6727.131	36.45794	23.54103	4.685027
7090	-6679.275	-6717.457	38.18164	22.67529	4.608796
7100	-6701.089	-6734.544	33.45514	22.77127	4.817052
7110	-6695.359	-6721.593	26.23409	20.08509	5.141361
7120	-6699.279	-6728.988	29.70885	23.76128	4.96807
7130	-6699.078	-6728.173	29.09535	21.32326	5.014034
7140	-6696.788	-6731.257	34.46899	25.39009	4.74413
7150	-6712.396	-6743.118	30.72236	22.79388	4.936886
7160	-6698.641	-6725.482	26.84147	19.81344	5.106276
7170	-6703.718	-6729.407	25.6893	24.42897	5.119545
7180	-6707.465	-6737.946	30.48164	21.23046	4.948313
7190	-6710.728	-6732.865	22.1369	15.90506	5.144931
7200	-6708.072	-6737.924	29.85168	20.90061	4.975045
7210	-6714.978	-6741.872	26.89417	20.95622	5.116768
7220	-6718.842	-6744.682	25.84039	19.54283	5.151461
7230	-6681.503	-6720.347	38.84412	24.04214	4.582957
7240	-6698.172	-6730.056	31.88458	24.8148	4.858533
7250	-6702.792	-6735.73	32.93819	20.65537	4.822488
7260	-6698.781	-6730.999	32.21834	23.00365	4.870011
7270	-6698.404	-6728.593	30.18923	22.04769	4.964332
7280	-6698.508	-6725.671	27.16254	23.53687	5.079971
7290	-6707.022	-6736.496	29.47355	21.17607	4.995454
7300	-6707.083	-6736.961	29.87769	22.83479	4.973548
7310	-6692.4	-6730.025	37.62441	20.10748	4.575203
7320	-6680.315	-6718.759	38.44401	25.23837	4.589517
7330	-6692.829	-6727.682	34.85261	25.20056	4.732493
7340	-6699.982	-6729.647	29.66463	23.11612	4.979658
7350	-6710.403	-6739.781	29.37818	17.98419	4.896302
7360	-6704.627	-6736.604	31.97665	23.20685	4.878856
7370	-6703.132	-6731.502	28.37026	19.15546	5.009506
7380	-6702.199	-6735.69	33.49101	25.21478	4.78624
7390	-6697.635	-6735.5	37.86486	27.22923	4.575689
7400	-6705.362	-6736.977	31.6146	19.40073	4.850523
7410	-6710.195	-6739.54	29.34495	23.92839	4.980281
7420	-6703.309	-6730.996	27.68633	22.16768	5.076952
7430	-6699.914	-6729.325	29.41123	21.12535	4.99805
7440	-6695.04	-6726.762	31.72194	19.84779	4.86106
7450	-6709.114	-6731.75	22.63603	20.88466	5.320367
7460	-6700.865	-6731.582	30.71688	20.85206	4.932999
7470	-6714.594	-6741.9	27.30562	20.82013	5.096398
7480	-6705.086	-6738.243	33.15643	21.07311	4.819935
7490	-6689.556	-6725.429	35.87266	21.65492	4.701748
7500	-6700.436	-6733.688	33.25259	21.20582	4.817438
7510	-6707.142	-6739.035	31.89371	21.86641	4.88653
7520	-6689.738	-6730.553	40.81459	23.02268	4.496497
7530	-6690.523	-6724.722	34.19872	26.61453	4.726793
7540	-6700.266	-6732.141	31.87483	21.43474	4.884735
7550	-6706.751	-6738.464	31.71387	23.87806	4.882027
7560	-6685.237	-6719.686	34.44923	27.41599	4.695916
7570	-6699.85	-6731.015	31.16543	22.04337	4.920054
7580	-6700.976	-6735.315	34.3389	23.77973	4.773043
7590	-6702.089	-6735.537	33.44755	23.75718	4.81077
7600	-6708.175	-6739.611	31.43648	22.40363	4.907389
7610	-6700.53	-6735.735	35.2046	19.37097	4.663998
7620	-6704.436	-6734.818	30.38114	19.87157	4.929286
7630	-6701.258	-6728.391	27.13308	20.12163	5.097191
7640	-6698.931	-6735.184	36.25232	25.71789	4.668134
7650	-6694.463	-6725.931	31.46745	21.04864	4.899776
7660	-6691.199	-6729.372	38.17301	24.47801	4.608148
7670	-6699.719	-6735.26	35.54131	22.59664	4.725005
7680	-6717.281	-6743.458	26.17612	20.86764	5.150809
7690	-6698.237	-6731.353	33.11568	22.4555	4.832449
7700	-6697.262	-6728.627	31.36494	23.55657	4.901172
7710	-6691.946	-6729.268	37.32161	23.44016	4.648502
7720	-6699.873	-6730.907	31.03381	22.39749	4.925384
7730	-6700.573	-6728.966	28.39281	19.84949	5.028833
7740	-6696.535	-6724.916	28.38076	17.83371	4.941992
7750	-6694.189	-6726.941	32.75269	21.80663	4.846897
7760	-6705.247	-6732.404	27.15672	23.45863	5.081789
7770	-6698.044	-6732.71	34.66637	21.64704	4.757358
7780	-6704.647	-6737.624	32.97756	23.27781	4.835195
7790	-6684.045	-6718.346	34.30104	22.88431	4.779757
7800	-6706.889	-6739.532	32.64272	20.57113	4.83497
7810	-6691.896	-6729.026	37.13	24.02948	4.654334
7820	-6694.107	-6728.779	34.67194	21.27287	4.751672
7830	-6696.501	-6733.754	37.25244	22.63419	4.649524
7840	-6702.552	-6732.772	30.21984	21.22845	4.960629
7850	-6702.299	-6726.214	23.9146	20.59908	5.259301
7860	-6697.711	-6726.43	28.71902	22.03349	5.031082
7870	-6694.385	-6734.091	39.70623	26.46071	4.522541
7880	-6705.189	-6735.314	30.12575	22.68825	4.963964
7890	-6703.584	-6734.585	31.00134	28.28392	4.792099
7900	-6694.091	-6723.539	29.44774	26.38801	4.912526
7910	-6705.605	-6744.246	38.64087	21.30409	4.565895
7920	-6693.473	-6723.354	29.8811	22.87689	4.972976
7930	-6697.968	-6726.703	28.73497	24.95959	4.981716
7940	-6698.488	-6733.971	35.48287	19.2881	4.645352
7950	-6714.972	-6744.339	29.36718	23.35108	4.989217
7960	-6708.401	-6740.556	32.15417	23.05601	4.872423
7970	-6700.226	-6739.009	38.78274	26.28589	4.560586
7980	-6700.873	-6741.041	40.16746	22.7593	4.522154
7990	-6702.145	-6731.075	28.92998	20.63239	5.016253
8000	-6692.133	-6730.136	38.00316	22.03399	4.609724
8010	-6692.118	-6719.64	27.52178	24.85992	5.033105
8020	-6700.741	-6729.219	28.47797	25.5603	4.975132
8030	-6700.369	-6731.869	31.50073	21.0563	4.898293
8040	-6698.152	-6728.789	30.63698	18.55652	4.862056
8050	-6708.836	-6743.569	34.73302	25.15269	4.738094
8060	-6703.556	-6735.168	31.61182	25.97331	4.84192
8070	-6691.145	-6729.134	37.98943	19.09491	4.503534
8080	-6696.393	-6729.557	33.16355	26.9296	4.756974
8090	-6698.908	-6730.926	32.01773	22.5887	4.880966
8100	-6718.267	-6742.61	24.34335	18.68122	5.205674
8110	-6677.34	-6716.016	38.67613	24.34254	4.588476
8120	-6700.974	-6728.182	27.20855	20.79148	5.100881
8130	-6688.889	-6719.115	30.22669	21.6769	4.962526
8140	-6693.794	-6722.941	29.14653	21.21528	5.011119
8150	-6705.791	-6737.895	32.10428	22.11174	4.877589
8160	-6697.384	-6727.549	30.16445	22.71064	4.962077
8170	-6696.532	-6729.694	33.16207	23.49203	4.825491
8180	-6686.847	-6725.487	38.64012	22.95812	4.590597
8190	-6709.725	-6732.296	22.57072	26.79634	5.156015
8200	-6704.599	-6735.641	31.04202	23.4175	4.916684
8210	-6722.425	-6753.716	31.29054	19.40987	4.867583
8220	-6693.268	-6731.852	38.58339	26.4336	4.56548
8230	-6707.698	-6744.97	37.27167	21.92822	4.641486
8240	-6691.089	-6728.55	37.46107	23.2762	4.642586
8250	-6718.858	-6737.015	18.15634	17.72394	5.511344
8260	-6705.624	-6733.239	27.61469	21.18736	5.083262
8270	-6705.499	-6738.073	32.57354	23.54429	4.849997
8280	-6705.945	-6740.976	35.03056	24.84541	4.731286
8290	-6709.169	-6739.351	30.18266	20.9521	4.959801
8300	-6689.12	-6722.291	33.17106	24.27761	4.815606
8310	-6697.307	-6731.328	34.02083	25.47333	4.760086
8320	-6699.33	-6733.941	34.61048	25.08933	4.744089
8330	-6709.855	-6746.007	36.15199	23.28962	4.698801
8340	-6699.913	-6729.457	29.54349	18.01719	4.88929
8350	-6697.651	-6726.649	28.99836	20.77117	5.01458
8360	-6709.787	-6736.746	26.95936	25.01621	5.051203
8370	-6713.977	-6740.089	26.11192	19.27284	5.130774
8380	-6697.531	-6729.782	32.25054	24.10552	4.856253
8390	-6702.977	-6734.586	31.60946	18.79312	4.82276
8400	-6691.608	-6727.163	35.55538	27.31039	4.658376
8410	-6699.772	-6734.099	34.32753	21.09503	4.764773
8420	-6714.386	-6742.658	28.27175	22.50838	5.04764
8430	-6699.899	-6732.474	32.57516	22.92918	4.854936
8440	-6702.109	-6738.132	36.02314	29.10977	4.589682
8450	-6690.006	-6728.456	38.45024	26.06474	4.577105
8460	-6690.689	-6731.59	40.90126	21.86258	4.474509
8470	-6709.113	-6739.351	30.23804	21.90693	4.962249
8480	-6706.994	-6733.586	26.59173	19.27984	5.10608
8490	-6689.976	-6726.388	36.41176	25.71097	4.66206
8500	-6688.351	-6717.167	28.81611	27.8582	4.885311
8510	-6692.449	-6719.561	27.11223	17.14568	4.963016
8520	-6706.484	-6735.086	28.6016	21.90445	5.036958
8530	-6690.594	-6725.037	34.44374	21.59771	4.767052
8540	-6716.875	-6737.731	20.85588	18.65	5.391585
8550	-6708.706	-6732.085	23.3792	19.03686	5.267274
8560	-6701.866	-6729.857	27.991	19.77979	5.047477
8570	-6709.552	-6735.059	25.50657	18.97009	5.153445
8580	-6702.881	-6732.879	29.9986	22.58186	4.970404
8590	-6684.943	-6716.866	31.92247	18.83965	4.808572
8600	-6694.068	-6728.362	34.2938	19.33545	4.709313
8610	-6713.266	-6745.126	31.85972	21.73265	4.887497
8620	-6691.702	-6723.142	31.44011	21.20986	4.902952
8630	-6696.475	-6727.89	31.41528	19.33584	4.858201
8640	-6698.807	-6730.353	31.54588	21.22828	4.898162
8650	-6714.302	-6745.404	31.10293	23.37927	4.914549
8660	-6691.173	-6722.991	31.81826	21.812	4.889771
8670	-6691.951	-6721.136	29.18545	23.637	4.992316
8680	-6693.956	-6725.241	31.28527	24.59871	4.887156
8690	-6713.536	-6743.857	30.32055	21.89209	4.958482
8700	-6698.655	-6734.233	35.57745	22.80767	4.723906
8710	-6699.818	-6735.716	35.89805	21.08181	4.690029
8720	-6700.781	-6735.997	35.21613	22.50588	4.739107
8730	-6697.506	-6729.768	32.26137	19.90993	4.835912
8740	-6697.436	-6729.464	32.02783	21.63077	4.87914
8750	-6706.745	-6732.565	25.81986	20.7285	5.167443
8760	-6709.68	-6741.218	31.5382	21.96313	4.903024
8770	-6710.291	-6743.825	33.53423	23.13243	4.812172
8780	-6697.454	-6736.648	39.19477	22.90152	4.566039
8790	-6681.982	-6720.613	38.63118	26.01593	4.570972
8800	-6700.871	-6733.685	32.81446	21.26104	4.838836
8810	-6701.858	-6737.977	36.11856	23.90457	4.697375
8820	-6688.675	-6725.666	36.99154	25.86337	4.636814
8830	-6703.722	-6730.004	26.28193	23.35358	5.12129
8840	-6714.418	-6740.021	25.60296	19.23656	5.156217
8850	-6693.513	-6729.919	36.40552	19.60593	4.613943
8860	-6698.989	-6740.988	41.99909	26.84231	4.430261
8870	-6706.997	-6733.663	26.66655	18.23356	5.060662
8880	-6687.571	-6728.37	40.79924	25.25694	4.496036
8890	-6702.753	-6740.285	37.53118	22.61263	4.637059
8900	-6717.871	-6748.99	31.11866	20.95203	4.915126
8910	-6694.305	-6721.555	27.2502	18.62383	5.047581
8920	-6693.509	-6722.499	28.98994	20.84304	5.015729
8930	-6690.628	-6724.893	34.26527	22.03814	4.779394
8940	-6703.613	-6734.882	31.26829	21.63795	4.91429
8950	-6689.599	-6727.855	38.25649	25.33216	4.595733
8960	-6703.017	-6736.502	33.48423	20.99987	4.803099
8970	-6701.114	-6737.839	36.72511	20.70661	4.640696
8980	-6688.696	-6725.771	37.07493	22.12766	4.652976
8990	-6709.983	-6730.575	20.59241	19.70617	5.421143
9000	-6685.353	-6721.299	35.94549	20.50474	4.672384
9010	-6690.972	-6728.863	37.89092	22.70116	4.621798
9020	-6711.028	-6742.311	31.28232	22.45483	4.914096
9030	-6691.507	-6722.288	30.78106	18.37583	4.843819
9040	-6704.555	-6735.305	30.75005	25.15331	4.89643
9050	-6697.232	-6724.457	27.22482	21.00988	5.101206
9060	-6691.317	-6721.312	29.99465	23.74621	4.956295
9070	-6714.293	-6738.598	24.30545	19.08541	5.219916
9080	-6690.645	-6729.945	39.30043	24.68416	4.560712
9090	-6696.007	-6725.824	29.8175	22.40049	4.979672
9100	-6693.093	-6731.139	38.04661	22.03043	4.6077
9110	-6685.294	-6724.742	39.4476	20.78072	4.511849
9120	-6687.972	-6721.645	33.67215	23.88989	4.799882
9130	-6693.874	-6729.738	35.86387	20.311	4.670062
9140	-6709.055	-6732.839	23.78393	20.14333	5.263797
9150	-6718.274	-6744.667	26.39309	18.76481	5.099247
9160	-6694.708	-6735.655	40.94685	26.87752	4.468856
9170	-6702.449	-6739.452	37.00262	21.11322	4.638406
9180	-6705.314	-6741.384	36.0692	19.35835	4.618702
9190	-6715.218	-6740.747	25.52896	19.68751	5.170288
9200	-6688.347	-6722.106	33.75878	21.98413	4.802054
9210	-6693.906	-6729.186	35.27994	25.18769	4.715756
9220	-6690.751	-6723.233	32.48156	19.71535	4.818155
9230	-6696.597	-6726.391	29.79396	19.69551	4.953891
9240	-6698.739	-6726.52	27.78055	25.81361	4.994535
9250	-6731.313	-6761.685	30.37171	23.85712	4.93859
9260	-6708.821	-6740.116	31.29494	23.68228	4.902446
9270	-6690.832	-6724.791	33.95974	20.69944	4.774078
9280	-6696.68	-6730.908	34.22829	20.21539	4.747628
9290	-6697.036	-6736.196	39.15985	24.05477	4.569788
9300	-6693.285	-6732.034	38.74937	27.02109	4.547653
9310	-6694.572	-6739.401	44.82885	26.39646	4.329564
9320	-6711.625	-6743.616	31.99081	21.26144	4.87758
9330	-6704.864	-6733.827	28.96375	24.22774	4.989996
9340	-6691.749	-6726.385	34.63506	21.86904	4.761187
9350	-6698.924	-6735.791	36.86704	22.06941	4.661708
9360	-6701.774	-6735.307	33.53318	23.83871	4.80628
9370	-6697.915	-6725.472	27.55749	24.40937	5.043565
9380	-6699.691	-6728.576	28.88514	20.44675	5.015855
9390	-6686.494	-6720.981	34.4866	26.60582	4.716196
9400	-6709.714	-6738.955	29.24098	21.00205	5.005178
9410	-6709.864	-6733.898	24.03439	21.69998	5.247937
9420	-6712.354	-6736.367	24.01285	18.81152	5.227553
9430	-6711.593	-6739.446	27.85322	20.65412	5.068657
9440	-6696.605	-6730.698	34.09318	21.85109	4.785815
9450	-6694.258	-6727.202	32.94484	25.81523	4.794435
9460	-6692.14	-6726.273	34.13306	24.82768	4.767708
9470	-6694.533	-6724.108	29.57533	21.68907	4.992585
9480	-6694.476	-6726.662	32.18577	21.23381	4.868085
9490	-6700.749	-6733.706	32.95746	23.79877	4.830911
9500	-6704.689	-6737.19	32.50149	18.9121	4.781702
9510	-6687.748	-6731.64	43.89233	23.66173	4.370336
9520	-6703.759	-6730.657	26.89879	18.71996	5.070484
9530	-6719.865	-6740.558	20.69269	19.45011	5.414004
9540	-6707.483	-6738.418	30.93496	23.57501	4.919172
9550	-6700.25	-6729.485	29.23509	27.45724	4.884649
9560	-6691.37	-6723.826	32.45597	21.87649	4.860865
9570	-6713.484	-6747.447	33.96243	24.90321	4.773276
9580	-6701.483	-6734.635	33.15257	23.02418	4.829292
9590	-6718.847	-6741.624	22.77698	16.38834	5.154647
9600	-6702.109	-6736.017	33.90835	21.22448	4.786813
9610	-6700.008	-6734.114	34.10532	23.57434	4.784697
9620	-6697.663	-6731.395	33.73203	24.96707	4.781374
9630	-6692.815	-6725.947	33.13244	22.06722	4.83092
9640	-6701.086	-6730.984	29.89842	23.9595	4.956582
9650	-6701.152	-6734.16	33.00742	23.51255	4.831878
9660	-6712.068	-6739.883	27.81563	17.76264	4.968978
9670	-6708.573	-6734.728	26.15556	19.97955	5.14371
9680	-6694.077	-6727.694	33.6174	25.10293	4.78341
9690	-6698.503	-6732.782	34.27934	25.97578	4.739162
9700	-6707.394	-6735.299	27.9045	20.63035	5.065935
9710	-6699.718	-6735.47	35.75168	23.73798	4.713909
9720	-6702.211	-6730.561	28.34927	19.45696	5.020559
9730	-6691.786	-6724.571	32.78516	23.63494	4.840048
9740	-6694.433	-6726.639	32.2062	25.68961	4.826153
9750	-6702.192	-6734.128	31.93607	23.67151	4.875511
9760	-6688.342	-6727.939	39.5976	20.95704	4.510606
9770	-6714.896	-6747.925	33.02841	24.4279	4.819136
9780	-6694.303	-6731.233	36.92973	24.47199	4.659
9790	-6695.457	-6734.335	38.87795	26.33658	4.556074
9800	-6698.403	-6735.657	37.25373	21.89453	4.641819
9810	-6695.519	-6726.192	30.67293	21.60624	4.94168
9820	-6698.458	-6727.514	29.05621	21.25821	5.015589
9830	-6692.062	-6721.042	28.97996	22.29359	5.017831
9840	-6699.377	-6733.083	33.70534	23.47488	4.802504
9850	-6693.405	-6721.116	27.71097	19.81274	5.062376
9860	-6706.487	-6732.26	25.77239	19.77989	5.159644
9870	-6686.83	-6723.84	37.00979	23.40306	4.661863
9880	-6700.338	-6734.866	34.52793	25.09434	4.74729
9890	-6697.031	-6736.754	39.72292	22.77467	4.541835
9900	-6718.406	-6740.252	21.84614	21.04194	5.356934
9910	-6703.274	-6729.865	26.5909	19.71764	5.116989
9920	-6708.966	-6734.413	25.4475	21.47859	5.184349
9930	-6705.009	-6734.595	29.58574	20.04728	4.973627
9940	-6696.833	-6740.797	43.9641	28.71321	4.32529
9950	-6691.512	-6726.178	34.66583	23.20303	4.762992
9960	-6708.473	-6729.596	21.12273	21.08608	5.390839
9970	-6693.91	-6724.168	30.25732	21.04105	4.957191
9980	-6691.409	-6721.533	30.12416	18.82648	4.903399
9990	-6691.103	-6726.959	35.85637	25.00036	4.695792
10000	-6692.643	-6730.021	37.37837	23.10126	4.645935
