Iteration	Posterior	Likelihood	Prior	br_len_lambda	tree_length
0	-6707.038	-6741.395	34.35664	22.15917	4.776003
10	-6698.733	-6726.855	28.12198	21.11835	5.059048
20	-6701.273	-6734.287	33.01363	18.84399	4.750896
30	-6702.485	-6729.941	27.4566	17.677	4.983436
40	-6692.71	-6726.108	33.3977	22.98548	4.818825
50	-6706.212	-6729.985	23.77261	22.98548	5.237572
60	-6708.11	-6737.321	29.21085	22.65057	5.004654
70	-6715.685	-6743.844	28.15913	20.67715	5.054085
80	-6702.167	-6734.973	32.80625	23.85744	4.83654
90	-6698.537	-6724.713	26.17581	22.82643	5.135805
100	-6703.404	-6739.631	36.22661	22.83102	4.695501
110	-6697.702	-6728.537	30.83434	20.19993	4.915153
120	-6688.639	-6723.162	34.52357	22.5667	4.769999
130	-6704.983	-6728.557	23.5746	19.82912	5.271339
140	-6699.937	-6731.609	31.67146	23.03049	4.89357
150	-6725.945	-6744.868	18.92303	24.60978	5.389264
160	-6692.36	-6723.051	30.69118	25.77825	4.882741
170	-6681.577	-6718.324	36.74694	22.86293	4.672813
180	-6688.888	-6720.973	32.08499	20.53797	4.861379
190	-6696.483	-6724.524	28.04114	16.80906	4.877852
200	-6691.52	-6729.797	38.27763	23.12033	4.607076
210	-6685.752	-6721.402	35.65013	21.57137	4.710799
220	-6707.408	-6734.921	27.51217	21.07853	5.087796
230	-6693.311	-6728.203	34.89219	21.84364	4.749172
240	-6698.676	-6726.344	27.66741	22.96772	5.068396
250	-6704.174	-6729.435	25.26137	20.89575	5.194668
260	-6704.462	-6732.338	27.87585	17.676	4.959648
270	-6692.428	-6724.303	31.87455	23.94109	4.874378
280	-6698.317	-6737.049	38.73134	25.43798	4.575634
290	-6696.874	-6733.501	36.62723	22.27701	4.674659
300	-6683.803	-6718.377	34.5743	20.99285	4.751046
310	-6709.018	-6734.868	25.84945	22.99653	5.14701
320	-6683.433	-6718.683	35.25031	21.27306	4.724487
330	-6698.934	-6736.579	37.64497	25.98564	4.609419
340	-6705.19	-6729.962	24.77221	27.39438	5.049774
350	-6698.494	-6734.022	35.52805	21.23361	4.710678
360	-6710.68	-6736.488	25.80757	21.28678	5.168332
370	-6698.5	-6730.342	31.84164	22.28038	4.889479
380	-6706.662	-6734.325	27.66283	18.65685	5.026906
390	-6701.428	-6734.659	33.23081	25.18776	4.797109
400	-6705.494	-6733.932	28.43819	19.25088	5.009323
410	-6704.473	-6739.707	35.23415	21.74113	4.732331
420	-6712.761	-6744.772	32.01109	19.99235	4.85102
430	-6703.159	-6736.526	33.36623	21.5791	4.816755
440	-6703.512	-6743.023	39.51088	24.19165	4.554794
450	-6687.085	-6722.681	35.59647	24.61666	4.711662
460	-6696.734	-6728.149	31.41547	21.08483	4.902694
470	-6698.778	-6734.175	35.39679	20.41847	4.69651
480	-6704.905	-6735.477	30.57177	18.99319	4.887489
490	-6721.949	-6747.769	25.82033	21.83832	5.164528
500	-6702.369	-6730.927	28.55809	24.10379	5.009469
510	-6696.056	-6733.903	37.84738	24.01334	4.624561
520	-6691.961	-6720.695	28.73366	18.34558	4.953589
530	-6700.968	-6735.334	34.36622	26.38591	4.726187
540	-6693.492	-6729.667	36.17589	22.9697	4.697945
550	-6704.502	-6734.883	30.38169	24.59522	4.923964
560	-6699.738	-6734.652	34.91438	24.79939	4.736674
570	-6712.318	-6745.423	33.10532	24.30058	4.817968
580	-6699.526	-6732.911	33.38561	23.6723	4.814268
590	-6705.606	-6739.511	33.90501	23.54856	4.79341
600	-6711.372	-6737.96	26.58786	21.03567	5.131576
610	-6698.498	-6728.333	29.83482	17.97204	4.87009
620	-6688.883	-6722.273	33.3902	20.33152	4.792426
630	-6698.996	-6731.384	32.38798	21.0272	4.855721
640	-6694.722	-6726.558	31.83536	23.12073	4.885714
650	-6711.962	-6745.226	33.26412	22.51228	4.825839
660	-6694.957	-6727.134	32.17775	23.62807	4.86583
670	-6701.828	-6731.977	30.14964	20.98722	4.961757
680	-6708.144	-6737.968	29.82314	25.58938	4.921704
690	-6694.132	-6729.767	35.63471	24.62572	4.70999
700	-6702.598	-6737.896	35.29847	23.80477	4.732498
710	-6705.31	-6733.914	28.60353	21.05376	5.03587
720	-6695.047	-6725.075	30.02814	22.59516	4.968997
730	-6696.005	-6726.103	30.09869	23.31267	4.958409
740	-6689.068	-6731.087	42.0188	25.19062	4.448192
750	-6706.177	-6734.305	28.12765	20.52613	5.053919
760	-6686.83	-6721.032	34.20214	22.44919	4.784053
770	-6694.62	-6721.196	26.5763	17.54698	5.024471
780	-6699.287	-6734.742	35.45519	23.50999	4.727786
790	-6690.54	-6717.782	27.24147	22.5735	5.092605
800	-6698.164	-6731.564	33.40022	26.40385	4.762334
810	-6695.864	-6728.57	32.70684	20.5511	4.831401
820	-6689.421	-6720.077	30.65641	20.7528	4.934482
830	-6688.784	-6724.42	35.63593	22.04818	4.717295
840	-6686.484	-6724.973	38.48914	23.05106	4.597637
850	-6697.426	-6736.779	39.35267	23.11734	4.560562
860	-6689.591	-6725.865	36.27409	23.1354	4.693728
870	-6703.543	-6736.374	32.83097	23.25511	4.841673
880	-6696.636	-6734.037	37.4008	26.47852	4.609304
890	-6701.005	-6733.958	32.95349	19.07121	4.76608
900	-6712.087	-6743.405	31.31753	24.02623	4.896277
910	-6709.139	-6737.196	28.05694	22.88988	5.052536
920	-6691.502	-6726.531	35.02897	23.98831	4.742173
930	-6690.561	-6733.843	43.28255	23.97523	4.398045
940	-6702.982	-6736.109	33.12647	22.89949	4.831021
950	-6699.311	-6731.529	32.218	21.73514	4.871025
960	-6694.031	-6732.645	38.61361	27.36678	4.545132
970	-6716.357	-6749.03	32.67301	22.65016	4.851804
980	-6695.25	-6726.862	31.61235	22.36507	4.899627
990	-6689.196	-6723.318	34.12113	20.62432	4.76445
1000	-6708.976	-6741.238	32.26115	21.51949	4.867478
1010	-6699.869	-6734.107	34.23761	23.78351	4.777266
1020	-6704.147	-6734.509	30.36245	21.97941	4.956547
1030	-6694.261	-6726.688	32.42738	21.3575	4.858152
1040	-6698.413	-6729.92	31.50734	20.90707	4.895925
1050	-6695.582	-6731.486	35.90392	27.06881	4.651768
1060	-6698.841	-6736.627	37.78546	23.39239	4.628719
1070	-6683.536	-6719.187	35.65052	24.10195	4.715241
1080	-6696.358	-6725.674	29.3154	21.74158	5.004568
1090	-6705.341	-6730.468	25.12719	23.23923	5.173296
1100	-6699.034	-6729.286	30.25284	19.72929	4.931623
1110	-6686.04	-6728.666	42.62631	24.29136	4.426158
1120	-6683.978	-6721.281	37.30298	24.69758	4.641488
1130	-6687.502	-6724.816	37.31368	23.28055	4.648919
1140	-6681.965	-6715.571	33.60575	24.76611	4.79002
1150	-6711.077	-6742.154	31.07783	21.15623	4.919489
1160	-6712.384	-6738.11	25.72671	21.72669	5.169746
1170	-6705.623	-6731.39	25.7675	21.99663	5.165427
1180	-6689.344	-6725.509	36.1648	22.73868	4.69796
1190	-6710.489	-6735.717	25.22784	22.90186	5.175901
1200	-6727.026	-6752.916	25.89053	19.43345	5.146365
1210	-6703.02	-6731.58	28.56035	22.12619	5.037778
1220	-6708.44	-6735.354	26.91396	20.69771	5.114452
1230	-6706.965	-6734.515	27.54987	20.39928	5.080574
1240	-6702.962	-6732.934	29.9718	22.35907	4.973012
1250	-6703.749	-6728.567	24.81863	18.73328	5.182067
1260	-6683.53	-6720.087	36.55748	21.79877	4.672307
1270	-6696.372	-6728.453	32.08093	26.75669	4.802265
1280	-6694.349	-6731.477	37.12708	23.37247	4.656885
1290	-6707.803	-6735.27	27.46643	23.4349	5.069042
1300	-6714.696	-6744.967	30.27074	24.48657	4.9308
1310	-6688.194	-6726.946	38.75178	25.56256	4.573157
1320	-6693.901	-6730.373	36.47256	25.26395	4.667233
1330	-6707.624	-6741.925	34.30097	23.64138	4.77586
1340	-6723.188	-6749.029	25.84081	19.72707	5.155209
1350	-6706.447	-6736.979	30.53164	21.87479	4.948828
1360	-6689.577	-6722.753	33.1755	20.69373	4.811842
1370	-6693.305	-6724.618	31.3137	19.70469	4.877036
1380	-6683.249	-6720.56	37.31097	21.01065	4.621159
1390	-6698.031	-6735.224	37.19296	25.75409	4.630938
1400	-6717.813	-6745.724	27.91153	19.87319	5.0536
1410	-6693.813	-6726.136	32.32313	28.07495	4.752329
1420	-6693.037	-6724.376	31.33914	23.25493	4.905826
1430	-6705.279	-6735.116	29.83659	19.35901	4.940686
1440	-6709.936	-6748.194	38.25749	25.6696	4.590903
1450	-6709.287	-6736.545	27.2581	27.34587	4.960857
1460	-6700.956	-6737.6	36.644	22.98378	4.67759
1470	-6698.375	-6733.428	35.05327	23.02308	4.746742
1480	-6702.484	-6734.82	32.33589	22.68102	4.866578
1490	-6702.537	-6729.965	27.42802	21.87535	5.090706
1500	-6694.993	-6726.025	31.03177	23.00222	4.921606
1510	-6708.682	-6736.326	27.64337	18.58338	5.024625
1520	-6709.863	-6733.666	23.803	24.22401	5.20312
1530	-6690.598	-6731.387	40.78985	22.92745	4.496655
1540	-6689.256	-6723.23	33.97466	21.90016	4.791629
1550	-6699.859	-6736.753	36.89455	24.32802	4.661794
1560	-6704.99	-6732.613	27.62291	20.54758	5.078743
1570	-6702.493	-6728.673	26.17983	22.91786	5.134052
1580	-6709.238	-6742.547	33.30846	21.59298	4.81957
1590	-6719.69	-6746.213	26.52341	23.71415	5.103207
1600	-6698.689	-6730.202	31.51291	21.83041	4.903833
1610	-6703.254	-6734.041	30.78682	20.77342	4.92851
1620	-6690.494	-6725.599	35.10539	26.65465	4.691748
1630	-6706.428	-6738.64	32.21181	22.77278	4.871646
1640	-6708.063	-6737.893	29.82936	19.87679	4.957192
1650	-6705.261	-6733.103	27.8419	26.2804	4.976994
1660	-6707.702	-6733.833	26.13141	20.90958	5.153066
1670	-6683.032	-6719.171	36.13837	25.47793	4.676879
1680	-6700.922	-6730.242	29.32075	21.96339	5.003986
1690	-6704.646	-6735.532	30.88538	18.7899	4.861126
1700	-6707.862	-6737.189	29.32688	21.03007	5.001322
1710	-6698.034	-6734.732	36.69782	20.98729	4.649751
1720	-6695.701	-6724.167	28.46628	22.19754	5.04157
1730	-6710.332	-6735.508	25.17576	26.3074	5.077437
1740	-6690.74	-6721.416	30.67552	20.5468	4.930166
1750	-6695.731	-6730.507	34.77596	23.429	4.757168
1760	-6696.181	-6727.306	31.12512	20.05589	4.897071
1770	-6695.038	-6726.162	31.12344	20.71754	4.911403
1780	-6684.25	-6713.747	29.49665	24.07983	4.971008
1790	-6711.246	-6738.32	27.07394	16.72565	4.927393
1800	-6694.85	-6722.972	28.12189	24.90914	5.007645
1810	-6713.256	-6742.564	29.30745	20.68587	4.998661
1820	-6704.452	-6734.111	29.65924	20.62815	4.980847
1830	-6701.043	-6729.705	28.66214	19.47089	5.004909
1840	-6707.577	-6739.168	31.59062	21.94937	4.900609
1850	-6713.652	-6743.676	30.02324	24.39473	4.942855
1860	-6711.332	-6739.391	28.05903	21.06267	5.061776
1870	-6704.889	-6733.002	28.11314	22.51335	5.054635
1880	-6716.409	-6736.749	20.34037	20.52526	5.433309
1890	-6696.918	-6726.192	29.27475	20.91779	5.002814
1900	-6705.238	-6732.83	27.59204	21.12523	5.084164
1910	-6694.574	-6726.636	32.06143	24.20293	4.862545
1920	-6698.54	-6728.687	30.14731	23.50451	4.953638
1930	-6708.605	-6737.946	29.34081	23.5749	4.986794
1940	-6690.37	-6722.411	32.0407	22.64646	4.879735
1950	-6694.136	-6731.978	37.84225	21.1163	4.598719
1960	-6698.186	-6733.894	35.70801	26.72861	4.667381
1970	-6694.83	-6731.241	36.41099	23.13141	4.687811
1980	-6709.833	-6738.756	28.92292	20.47922	5.014496
1990	-6690.898	-6726.586	35.68727	23.8307	4.715978
2000	-6709.524	-6740.91	31.38552	24.59511	4.883152
2010	-6694.317	-6729.617	35.30019	23.61467	4.733765
2020	-6700.178	-6729.757	29.57891	20.992	4.988995
2030	-6683.526	-6714.658	31.13181	18.96811	4.856819
2040	-6699.295	-6730.723	31.42805	20.35187	4.8894
2050	-6697.208	-6728.263	31.05419	24.46815	4.899168
2060	-6699.236	-6724.913	25.67691	21.21744	5.174657
2070	-6719.523	-6744.389	24.86651	20.17695	5.210378
2080	-6705.778	-6738.333	32.55495	21.92514	4.85657
2090	-6699.065	-6732.902	33.83763	25.25627	4.771681
2100	-6701.347	-6727.259	25.91285	25.27181	5.084956
2110	-6698.269	-6729.523	31.25415	25.33922	4.871984
2120	-6691.391	-6726.268	34.87706	27.23495	4.685263
2130	-6703.778	-6736.17	32.3913	19.93775	4.830283
2140	-6691.557	-6735.801	44.24379	24.11115	4.358752
2150	-6685.953	-6715.766	29.81234	21.43409	4.980953
2160	-6693.08	-6726.175	33.09473	26.7553	4.764414
2170	-6688.189	-6726.265	38.0764	24.9186	4.607909
2180	-6694.309	-6730.226	35.91703	23.3397	4.708756
2190	-6696.591	-6733.366	36.7752	22.54398	4.670082
2200	-6694.547	-6723.716	29.169	19.14336	4.967345
2210	-6713.565	-6741.475	27.91027	22.51132	5.063669
2220	-6694.726	-6729.197	34.47134	20.88985	4.753782
2230	-6699.895	-6733.13	33.23501	25.39239	4.792681
2240	-6699.721	-6732.273	32.55231	23.09456	4.854891
2250	-6708.581	-6741.988	33.40749	23.15933	4.817493
2260	-6712.253	-6737.466	25.21252	18.98064	5.169271
2270	-6689.038	-6726.242	37.20311	24.5527	4.647047
2280	-6699.352	-6726.645	27.29255	21.33051	5.09858
2290	-6695.611	-6727.183	31.57227	21.99476	4.90153
2300	-6700.258	-6731.161	30.90315	23.85403	4.916364
2310	-6716.996	-6746.992	29.9963	20.23661	4.957424
2320	-6711.225	-6738.909	27.68399	23.10726	5.065485
2330	-6685.274	-6721.086	35.81151	25.34383	4.692051
2340	-6691.321	-6726.556	35.23473	24.59143	4.726699
2350	-6685.121	-6724.954	39.83276	26.68762	4.513802
2360	-6709.147	-6737.415	28.26799	23.71405	5.029642
2370	-6692.631	-6729.84	37.20899	22.51713	4.650643
2380	-6692.356	-6726.146	33.79082	22.81271	4.80223
2390	-6711.524	-6738.963	27.43873	22.86369	5.079933
2400	-6711.282	-6740.566	29.28355	20.27153	4.99331
2410	-6714.757	-6738.929	24.17178	20.50012	5.246564
2420	-6710.834	-6739.582	28.74787	22.49208	5.026636
2430	-6699.19	-6725.911	26.72158	23.51921	5.099078
2440	-6697.159	-6725.144	27.98438	24.40662	5.026143
2450	-6709.43	-6736.342	26.9113	25.94259	5.023925
2460	-6707.256	-6735.437	28.18098	21.26621	5.056782
2470	-6707.697	-6736.588	28.89039	22.68142	5.018485
2480	-6710.504	-6737.641	27.13623	19.27817	5.077787
2490	-6701.748	-6729.717	27.96855	20.63513	5.06288
2500	-6697.617	-6734.134	36.51621	24.55648	4.674981
2510	-6689.343	-6720.758	31.41506	21.34433	4.905435
2520	-6709.084	-6741.43	32.34606	23.06359	4.864047
2530	-6699.561	-6736.194	36.63318	24.4254	4.671593
2540	-6706.199	-6738.394	32.19492	23.71911	4.863983
2550	-6691.549	-6725.819	34.26997	20.72399	4.75968
2560	-6693.645	-6723.842	30.19691	22.73639	4.960435
2570	-6708.246	-6733.554	25.3078	22.84449	5.173495
2580	-6708.927	-6737.111	28.18374	19.85987	5.039602
2590	-6696.054	-6731.532	35.47794	25.77595	4.697097
2600	-6690.37	-6726.036	35.66578	22.93893	4.720149
2610	-6717.556	-6744.281	26.72482	27.26648	4.983393
2620	-6699.199	-6729.819	30.62037	20.83166	4.937349
2630	-6693.637	-6719.565	25.92844	20.86989	5.162684
2640	-6693.19	-6723.837	30.64657	23.12903	4.93704
2650	-6703.156	-6732.844	29.68722	21.9611	4.987305
2660	-6688.267	-6725.483	37.21552	24.80768	4.643787
2670	-6688.757	-6723.726	34.96907	22.71729	4.750526
2680	-6726.303	-6752.492	26.18854	17.96504	5.07258
2690	-6710.315	-6734.081	23.7667	19.15606	5.249846
2700	-6702.485	-6736.646	34.16084	23.67179	4.781524
2710	-6677.357	-6716.543	39.18651	21.18052	4.536903
2720	-6697.936	-6729.46	31.52419	19.67905	4.865479
2730	-6690.852	-6723.509	32.65665	22.46888	4.852878
2740	-6707.302	-6737.541	30.23835	20.88795	4.956392
2750	-6691.308	-6719.759	28.45179	21.36961	5.044322
2760	-6692.595	-6724.15	31.55468	20.92576	4.893936
2770	-6687.791	-6719.198	31.40671	21.98062	4.909038
2780	-6710.544	-6734.521	23.97689	18.64933	5.224216
2790	-6698.723	-6724.101	25.37853	23.20998	5.163107
2800	-6692.066	-6730.887	38.82194	24.30364	4.582705
2810	-6709.082	-6743.046	33.96471	24.41147	4.781044
2820	-6716.408	-6743.902	27.49349	17.49881	4.968686
2830	-6712.144	-6737.247	25.10279	20.82546	5.202207
2840	-6698.57	-6733.54	34.97018	22.8239	4.750533
2850	-6692.469	-6729.331	36.86216	22.66788	4.666948
2860	-6698.244	-6728.037	29.79221	24.14804	4.957399
2870	-6700.686	-6731.149	30.46278	19.47968	4.912742
2880	-6715.993	-6746.319	30.32585	20.43981	4.945264
2890	-6701.404	-6737.98	36.57621	20.67656	4.646995
2900	-6697.389	-6731.657	34.26882	23.30811	4.779557
2910	-6677.954	-6711.292	33.33745	20.64389	4.802898
2920	-6695.472	-6726.571	31.09934	22.01315	4.923043
2930	-6697.672	-6727.6	29.92786	23.71175	4.959685
2940	-6700.794	-6733.577	32.78298	20.2371	4.819732
2950	-6704.381	-6732.448	28.06694	18.75187	5.009483
2960	-6702.056	-6731.702	29.64617	20.07372	4.971222
2970	-6707.613	-6736.004	28.39028	20.20648	5.036262
2980	-6689.883	-6722.548	32.66554	22.55313	4.85236
2990	-6694.438	-6718.462	24.02393	22.88497	5.228833
3000	-6706.285	-6733.983	27.69742	18.91054	5.035662
3010	-6697.016	-6730.423	33.40763	22.39881	4.8194
3020	-6692.955	-6724.32	31.36523	19.82808	4.878419
3030	-6703.496	-6729.314	25.81811	20.26791	5.164224
3040	-6710.85	-6737.237	26.38691	18.44119	5.085978
3050	-6702.379	-6731.573	29.19361	22.02984	5.009556
3060	-6683.305	-6717.275	33.96996	20.06009	4.755367
3070	-6693.951	-6724.79	30.83886	22.46397	4.933803
3080	-6702.167	-6732.493	30.32567	20.93643	4.952794
3090	-6692.544	-6722.878	30.3341	20.32906	4.942689
3100	-6707.473	-6736.62	29.14708	21.00729	5.009692
3110	-6715.615	-6745.88	30.26453	20.40129	4.947537
3120	-6708.891	-6741.632	32.74067	21.95286	4.848229
3130	-6702.517	-6739.088	36.57027	23.0286	4.680858
3140	-6691.421	-6724.288	32.86672	22.98014	4.841955
3150	-6694.131	-6723.029	28.89762	23.90534	4.999433
3160	-6683.674	-6711.486	27.81133	18.37766	5.005523
3170	-6692.492	-6724.029	31.53698	21.55618	4.901378
3180	-6696.579	-6731.072	34.49338	21.50916	4.763609
3190	-6692.787	-6727.86	35.07344	22.37984	4.744943
3200	-6711.533	-6739.638	28.10503	19.21396	5.025382
3210	-6716.914	-6745.839	28.92514	21.20834	5.02152
3220	-6712.462	-6744.807	32.34557	21.8044	4.865555
3230	-6703.364	-6737.64	34.27555	19.76883	4.729316
3240	-6704.255	-6733.761	29.50539	21.26086	4.994475
3250	-6694.745	-6732.523	37.77748	24.59017	4.623311
3260	-6706.727	-6739.155	32.42826	21.27746	4.857198
3270	-6709.055	-6738.572	29.51715	21.51978	4.994992
3280	-6705.301	-6744.066	38.76512	22.31824	4.579225
3290	-6701.589	-6732.581	30.99216	23.60477	4.916334
3300	-6685.382	-6727.419	42.0368	25.01822	4.448485
3310	-6686.412	-6724.628	38.2153	26.09105	4.585663
3320	-6695.977	-6725.341	29.3648	23.49051	4.987156
3330	-6697.161	-6726.162	29.00086	19.72778	4.99504
3340	-6699.387	-6731.287	31.89998	23.88491	4.874135
3350	-6703.229	-6732.968	29.73922	21.715	4.985055
3360	-6702.067	-6737.597	35.53003	23.17795	4.725805
3370	-6699.555	-6732.101	32.54573	21.77277	4.856187
3380	-6698.393	-6732.846	34.45293	22.6205	4.773196
3390	-6705.003	-6738.661	33.65733	21.49087	4.802263
3400	-6703.303	-6737.713	34.4098	22.51818	4.774959
3410	-6721.103	-6754.096	32.99282	23.86341	4.828646
3420	-6705.186	-6734.818	29.63242	21.97422	4.989773
3430	-6704.004	-6732.869	28.86566	22.48091	5.021496
3440	-6713.024	-6745.425	32.40091	23.04307	4.861811
3450	-6702.861	-6739.848	36.98674	29.1768	4.55456
3460	-6707.939	-6735.192	27.25291	23.76539	5.07134
3470	-6691.179	-6727.719	36.54002	27.2557	4.623688
3480	-6714.498	-6740.19	25.69153	20.68795	5.173471
3490	-6712.862	-6738.026	25.16396	17.38562	5.09415
3500	-6700.591	-6738.809	38.21855	24.63128	4.605017
3510	-6722.504	-6749.899	27.39438	24.15384	5.056557
3520	-6698.357	-6729.71	31.35287	23.19949	4.90581
3530	-6698.701	-6731.917	33.21548	23.65358	4.821649
3540	-6697.48	-6724.3	26.82	20.56049	5.117932
3550	-6701.997	-6730.674	28.67781	23.58935	5.014658
3560	-6697.287	-6728.405	31.11738	27.04873	4.82923
3570	-6689.994	-6724.344	34.35078	24.04693	4.769798
3580	-6699.086	-6730.103	31.01682	23.26814	4.919538
3590	-6703.959	-6734.197	30.2385	21.47044	4.961251
3600	-6693.433	-6724.559	31.12588	24.40238	4.897509
3610	-6688.027	-6720.45	32.42369	17.74417	4.708039
3620	-6698.824	-6729.247	30.42261	21.28702	4.951531
3630	-6702.806	-6733.711	30.90467	24.83029	4.897682
3640	-6690.213	-6722.795	32.58217	19.75584	4.814512
3650	-6698.927	-6723.984	25.05653	19.54106	5.191535
3660	-6695.428	-6730.339	34.91121	22.98162	4.752985
3670	-6699.791	-6726.892	27.1015	18.46367	5.048296
3680	-6715.493	-6745.443	29.95024	20.95064	4.970878
3690	-6706.037	-6729.511	23.47443	19.94854	5.27762
3700	-6685.924	-6715.892	29.96877	19.89575	4.950686
3710	-6708.646	-6740.248	31.60225	24.38151	4.878369
3720	-6689.376	-6723.879	34.50306	20.44577	4.741069
3730	-6688.702	-6721.665	32.96258	24.87002	4.814056
3740	-6697.546	-6729.816	32.26992	19.84117	4.83323
3750	-6690.567	-6727.478	36.91093	28.38698	4.580274
3760	-6699.424	-6735.542	36.11762	25.40223	4.678992
3770	-6686.701	-6723.69	36.98869	24.22743	4.658769
3780	-6686.407	-6719.988	33.58107	20.05779	4.774678
3790	-6702.154	-6729.905	27.7517	19.88682	5.061932
3800	-6714.069	-6737.767	23.69874	20.69825	5.269793
3810	-6697.405	-6731.732	34.32638	25.65791	4.744292
3820	-6698.483	-6738.452	39.96862	26.28057	4.515555
3830	-6695.552	-6728.886	33.3332	23.60184	4.817186
3840	-6699.286	-6734.205	34.91853	20.9367	4.733428
3850	-6712.847	-6747.977	35.1298	22.26468	4.741805
3860	-6713.325	-6742.694	29.36982	20.12428	4.986087
3870	-6697.118	-6731.856	34.73801	21.06624	4.744747
3880	-6697.877	-6731.452	33.57506	21.04592	4.799597
3890	-6689.548	-6724.232	34.68433	22.20587	4.761494
3900	-6690.492	-6725.298	34.8057	22.2821	4.756453
3910	-6688.518	-6728.757	40.23867	24.1229	4.524843
3920	-6707.212	-6731.752	24.54066	18.48728	5.187923
3930	-6715.82	-6742.696	26.87614	26.46109	5.007401
3940	-6686.176	-6722.326	36.1493	27.13707	4.641009
3950	-6710.798	-6747.878	37.07974	21.81865	4.648652
3960	-6704.573	-6737.79	33.21781	22.53984	4.827882
3970	-6686.988	-6723.11	36.12214	26.17744	4.664099
3980	-6690.333	-6716.925	26.59242	22.14273	5.126554
3990	-6700.193	-6730.374	30.18104	22.44386	4.963203
4000	-6685.922	-6726.165	40.2432	25.40793	4.516522
4010	-6688.393	-6723.536	35.14338	22.48296	4.742257
4020	-6700.681	-6729.424	28.74335	20.58742	5.024736
4030	-6694.732	-6728.928	34.1966	25.00115	4.762168
4040	-6689.019	-6730.956	41.93688	24.21716	4.454526
4050	-6699.409	-6731.128	31.71919	21.67362	4.893656
4060	-6712.819	-6741.389	28.56995	21.41019	5.038877
4070	-6694.899	-6726.726	31.82685	17.73861	4.741227
4080	-6701.59	-6733.839	32.24878	21.44714	4.867406
4090	-6687.869	-6721.959	34.09011	22.37322	4.788863
4100	-6693.022	-6730.294	37.27288	21.6519	4.637034
4110	-6703.002	-6733.642	30.63983	19.00426	4.88441
4120	-6690.038	-6720.631	30.59291	23.4655	4.935218
4130	-6707.42	-6737.45	30.0299	19.59196	4.938685
4140	-6706.648	-6735.03	28.38263	20.94384	5.045654
4150	-6701.485	-6736.353	34.86804	23.492	4.752872
4160	-6697.707	-6735.665	37.95812	22.56374	4.617778
4170	-6694.834	-6730.061	35.22755	20.3996	4.704214
4180	-6702.909	-6734.485	31.57521	21.30465	4.897558
4190	-6712.774	-6743.822	31.04805	24.67015	4.895324
4200	-6699.892	-6731.673	31.78154	18.76826	4.812274
4210	-6693.509	-6730.956	37.44772	24.61724	4.636453
4220	-6691.934	-6726.954	35.02005	20.60253	4.720272
4230	-6700.758	-6724.383	23.62496	27.33586	5.094141
4240	-6702.714	-6734.815	32.10104	22.10911	4.877732
4250	-6697.234	-6731.306	34.07162	21.00098	4.775149
4260	-6695.997	-6731.059	35.06163	22.9563	4.74647
4270	-6710.121	-6733.603	23.48235	18.8946	5.258119
4280	-6710.084	-6740.975	30.89109	20.14771	4.911076
4290	-6706.137	-6736.749	30.61232	20.74062	4.936425
4300	-6702.232	-6735.229	32.99645	20.69807	4.820586
4310	-6690.401	-6724.471	34.07009	22.68814	4.790115
4320	-6703.994	-6728.706	24.71238	19.15166	5.200365
4330	-6701	-6734.385	33.38543	21.63089	4.816378
4340	-6692.272	-6726.385	34.11359	20.32392	4.756621
4350	-6698.626	-6734.407	35.78158	21.3681	4.701294
4360	-6695.368	-6725.392	30.02432	24.41294	4.942429
4370	-6709.4	-6736.746	27.34637	19.7376	5.079129
4380	-6702.952	-6730.453	27.50015	22.65272	5.080152
4390	-6696.414	-6727.333	30.91895	23.22099	4.924277
4400	-6711.959	-6747.17	35.21098	20.02011	4.692014
4410	-6726.624	-6754.127	27.50215	20.43144	5.08331
4420	-6723.358	-6748.018	24.6602	23.97869	5.174682
4430	-6712.57	-6746.12	33.5507	25.33658	4.781406
4440	-6690.263	-6732.65	42.38621	21.29227	4.389694
4450	-6710.197	-6739.059	28.86156	20.68058	5.020154
4460	-6712.396	-6744.196	31.79992	19.16842	4.831049
4470	-6705.927	-6738.057	32.1307	20.40913	4.856248
4480	-6710.811	-6734.437	23.626	20.72712	5.273283
4490	-6717.32	-6744.725	27.40541	21.54295	5.093073
4500	-6702.26	-6734.926	32.66577	21.96587	4.851697
4510	-6694.919	-6731.373	36.45334	22.59713	4.684646
4520	-6683.142	-6719.156	36.01376	25.63773	4.6789
4530	-6678.779	-6719.875	41.09627	22.53855	4.478328
4540	-6698.954	-6731.559	32.60502	20.89135	4.843149
4550	-6714.737	-6739.745	25.00819	18.58326	5.166424
4560	-6704.301	-6730.851	26.55007	21.23263	5.133498
4570	-6694.747	-6727.294	32.54698	20.62257	4.840738
4580	-6701.291	-6730.41	29.11943	19.70342	4.988359
4590	-6704.745	-6736.908	32.16306	22.57313	4.874581
4600	-6702.726	-6731.855	29.12898	22.36475	5.010667
4610	-6702.887	-6728.76	25.87299	18.56117	5.118978
4620	-6698.23	-6730.113	31.88337	20.48098	4.869976
4630	-6688.026	-6718.425	30.39873	23.13848	4.947648
4640	-6701.031	-6730.868	29.83779	23.71492	4.96343
4650	-6707.803	-6742.655	34.85231	21.23248	4.742482
4660	-6719.089	-6741.141	22.05218	25.04565	5.246266
4670	-6693.537	-6725.321	31.78382	24.02201	4.876934
4680	-6700.424	-6734.168	33.74467	22.42333	4.804394
4690	-6696.975	-6725.901	28.92649	20.10744	5.007773
4700	-6698.502	-6728.814	30.31194	20.99185	4.954075
4710	-6691.558	-6725.306	33.74743	20.46028	4.778414
4720	-6707.077	-6731.691	24.6138	22.43598	5.211387
4730	-6693.078	-6725.956	32.87826	21.2801	4.836083
4740	-6708.136	-6730.855	22.71904	21.37988	5.31248
4750	-6705.659	-6728.247	22.58769	17.25937	5.234426
4760	-6707.33	-6740.382	33.05167	18.65653	4.738047
4770	-6697.664	-6735.995	38.3309	25.95206	4.583581
4780	-6688.104	-6727.533	39.42901	26.22671	4.536975
4790	-6707.447	-6734.769	27.32219	25.40496	5.025155
4800	-6695.101	-6726.016	30.91406	24.98608	4.893808
4810	-6705.228	-6740.161	34.93287	21.14424	4.737041
4820	-6701.062	-6725.63	24.56814	19.16458	5.208227
4830	-6707.343	-6733.914	26.57083	21.45854	5.132113
4840	-6697.545	-6732.168	34.62341	21.15168	4.751815
4850	-6699.843	-6720.223	20.37998	25.63683	5.288734
4860	-6687.79	-6722.701	34.91127	23.96822	4.747276
4870	-6691.974	-6729.569	37.59506	28.41635	4.555371
4880	-6702.056	-6735.182	33.12584	23.45048	4.82741
4890	-6689.586	-6721.408	31.82268	21.8772	4.889816
4900	-6696.241	-6730.529	34.2882	23.84336	4.774562
4910	-6719.867	-6744.558	24.69035	22.57041	5.205674
4920	-6719.82	-6740.836	21.01637	20.30741	5.401077
4930	-6701.616	-6729.779	28.16359	24.05486	5.02692
4940	-6704.411	-6735.261	30.84985	21.18743	4.93057
4950	-6705.766	-6741.178	35.41172	23.24166	4.730738
4960	-6704.984	-6733.457	28.47214	21.66498	5.043483
4970	-6704.012	-6735.841	31.82884	22.36937	4.88994
4980	-6705.802	-6739.9	34.09733	21.8833	4.785893
4990	-6697.344	-6726.061	28.71728	19.12808	4.990371
5000	-6700.377	-6739.825	39.44814	23.53896	4.558002
5010	-6718.633	-6747.204	28.57079	20.42096	5.030852
5020	-6699.268	-6728.623	29.35505	19.8931	4.981466
5030	-6707.567	-6734.019	26.45135	21.23935	5.138141
5040	-6703.229	-6735.788	32.55866	23.47487	4.851351
5050	-6703.214	-6736.742	33.52757	25.01423	4.788681
5060	-6702.978	-6732.939	29.96119	18.00789	4.865483
5070	-6699.804	-6736.258	36.45455	24.15182	4.681472
5080	-6692.245	-6724.38	32.13505	30.04729	4.688846
5090	-6708.835	-6738.042	29.20759	23.67841	4.990654
5100	-6702.119	-6727.825	25.70585	23.81069	5.135321
5110	-6699.812	-6727.973	28.16044	17.99911	4.964939
5120	-6691.297	-6724.842	33.54492	22.28056	4.813032
5130	-6698.981	-6733.793	34.81187	19.70715	4.699611
5140	-6688.044	-6728.205	40.16027	24.60199	4.526347
5150	-6713.92	-6747.121	33.20094	21.08019	4.817938
5160	-6704.856	-6741.662	36.8064	23.65942	4.669813
5170	-6711.671	-6744.621	32.95029	19.49111	4.785521
5180	-6694.428	-6725.412	30.98367	22.24039	4.92808
5190	-6694.616	-6725.814	31.19782	21.21829	4.91446
5200	-6702.956	-6737.123	34.1674	23.65701	4.781376
5210	-6702.858	-6735.065	32.20684	21.38136	4.868723
5220	-6718.606	-6749.055	30.44846	19.00715	4.894608
5230	-6703.643	-6732.472	28.82848	23.47391	5.010268
5240	-6693.535	-6725.394	31.85889	24.52441	4.86524
5250	-6702.34	-6733.478	31.13851	21.42457	4.919013
5260	-6704.022	-6733.771	29.74837	23.60793	4.968975
5270	-6685.85	-6722.128	36.27741	24.90306	4.680318
5280	-6699.014	-6730.76	31.74546	22.50622	4.893318
5290	-6697.9	-6731.016	33.11583	22.57682	4.832368
5300	-6687.222	-6723.152	35.93066	26.06517	4.673763
5310	-6688.262	-6726.316	38.05442	25.85007	4.595937
5320	-6701.968	-6733.441	31.47251	26.94013	4.819446
5330	-6700.036	-6734.868	34.83182	23.42725	4.754794
5340	-6697.849	-6725.621	27.7727	18.6292	5.01977
5350	-6689.98	-6719.469	29.4886	18.05345	4.894693
5360	-6696.208	-6732.156	35.94799	24.52114	4.698543
5370	-6705.647	-6734.334	28.68644	20.73934	5.029267
5380	-6690.075	-6719.645	29.56916	17.87705	4.878392
5390	-6682.911	-6717.816	34.90509	25.56752	4.72354
5400	-6708.668	-6731.864	23.19656	22.11596	5.280368
5410	-6690.912	-6726.465	35.5527	21.5259	4.714622
5420	-6692.192	-6725.534	33.34117	22.09892	4.821598
5430	-6717.207	-6738.781	21.57439	19.61904	5.370532
5440	-6692.773	-6725.357	32.584	23.34358	4.851526
5450	-6700.127	-6729.966	29.83871	19.89358	4.957166
5460	-6706.453	-6737.282	30.82887	23.07706	4.929694
5470	-6699.421	-6731.394	31.97357	21.99311	4.883281
5480	-6701.977	-6734.194	32.21727	19.6331	4.828578
5490	-6691.658	-6724.437	32.77882	26.06981	4.794567
5500	-6719.086	-6740.788	21.70171	19.5183	5.362956
5510	-6695.361	-6722.623	27.26259	21.48607	5.099828
5520	-6685.26	-6723.098	37.83778	20.71555	4.587249
5530	-6691.286	-6725.48	34.19396	22.88772	4.78443
5540	-6696.513	-6729.048	32.53532	20.05262	4.826658
5550	-6698.513	-6730.195	31.68248	21.45083	4.89384
5560	-6702.937	-6738.227	35.28987	22.39505	4.735348
5570	-6688.556	-6726.432	37.87532	22.43334	4.620279
5580	-6699.546	-6727.479	27.93388	20.91725	5.066913
5590	-6687.066	-6717.053	29.98639	21.53599	4.973243
5600	-6704.452	-6729.207	24.7552	19.8903	5.212656
5610	-6702.973	-6727.465	24.49254	21.90779	5.224507
5620	-6691.244	-6719.709	28.46496	21.64652	5.043837
5630	-6709.988	-6748.193	38.20574	24.82553	4.603691
5640	-6698.158	-6727.918	29.75945	26.64722	4.892549
5650	-6712.969	-6739.64	26.67144	19.60062	5.110307
5660	-6704.176	-6733.306	29.13093	21.08049	5.011013
5670	-6708.353	-6738.36	30.00705	20.81955	4.96664
5680	-6695.932	-6726.83	30.89793	19.36783	4.886203
5690	-6684.483	-6718.805	34.32251	19.74932	4.726158
5700	-6696.951	-6734.383	37.43155	24.21996	4.640544
5710	-6702.409	-6736.231	33.82232	21.78397	4.797653
5720	-6710.426	-6742.669	32.24332	22.84161	4.869913
5730	-6694.595	-6734.041	39.44561	28.03813	4.499515
5740	-6704.158	-6736.943	32.7849	19.48638	4.793811
5750	-6702.688	-6732.279	29.59104	18.08605	4.891118
5760	-6703.998	-6733.157	29.15936	22.37722	5.009221
5770	-6720.617	-6752.517	31.90025	24.52604	4.863523
5780	-6697.595	-6725.759	28.16418	19.05735	5.016692
5790	-6705.24	-6728.734	23.49323	20.24152	5.278801
5800	-6709.982	-6735.071	25.08948	16.8287	5.055162
5810	-6709.639	-6740.836	31.1975	24.11298	4.89981
5820	-6710.967	-6727.473	16.50688	19.74686	5.628259
5830	-6700.694	-6726.018	25.3243	21.08816	5.191578
5840	-6698.056	-6736.482	38.42596	23.68136	4.601335
5850	-6700.833	-6730.515	29.6816	20.78671	4.981878
5860	-6686.595	-6724.281	37.6854	24.51872	4.627711
5870	-6692.367	-6727.736	35.36973	22.24665	4.73091
5880	-6701.521	-6732.963	31.44179	20.49533	4.891833
5890	-6706.33	-6743.091	36.7616	21.84457	4.663604
5900	-6692.507	-6731.481	38.97348	26.66123	4.546504
5910	-6699.471	-6727.11	27.63937	22.37943	5.077124
5920	-6705.065	-6731.374	26.30919	18.46166	5.091117
5930	-6706.771	-6738.642	31.87103	22.94906	4.885507
5940	-6703.696	-6732.45	28.7539	20.8955	5.027525
5950	-6704.526	-6737.303	32.77693	22.22017	4.847416
5960	-6701.634	-6733.342	31.70875	22.43491	4.895159
5970	-6705.28	-6733.012	27.73174	21.52277	5.077954
5980	-6698.201	-6728.72	30.51929	23.25488	4.941082
5990	-6708.443	-6738.845	30.40232	17.69839	4.818452
6000	-6708.467	-6739.006	30.5396	20.44416	4.93489
6010	-6690.76	-6730.595	39.83444	24.86921	4.537751
6020	-6706.151	-6735.609	29.45798	22.29808	4.996363
6030	-6696.899	-6727.498	30.59879	20.62798	4.935297
6040	-6691.719	-6732.892	41.17228	25.37714	4.480234
6050	-6696.732	-6730.326	33.59426	22.63637	4.811144
6060	-6705.843	-6736.443	30.59978	26.14878	4.875886
6070	-6699.225	-6731.601	32.37615	22.37132	4.865472
6080	-6698.773	-6726.907	28.13382	22.00013	5.057831
6090	-6697.661	-6732.258	34.59696	21.30013	4.755649
6100	-6698.834	-6728.225	29.39104	19.9479	4.98101
6110	-6707.799	-6739.834	32.03543	24.22204	4.863307
6120	-6691.331	-6724.253	32.92229	21.46364	4.83618
6130	-6718.317	-6753.683	35.36544	21.58347	4.724172
6140	-6716.822	-6743.56	26.73771	18.84158	5.08385
6150	-6705.028	-6730.43	25.40245	23.25585	5.161093
6160	-6707.986	-6735.896	27.90994	22.51608	5.063631
6170	-6707.808	-6740.764	32.95668	21.51852	4.835147
6180	-6698.796	-6732.344	33.5487	19.14209	4.738497
6190	-6697.11	-6729.704	32.59428	19.90372	4.818986
6200	-6698.374	-6728.794	30.42011	19.04567	4.897805
6210	-6700.977	-6732.708	31.731	23.11513	4.890276
6220	-6715.858	-6741.604	25.74579	19.42531	5.15362
6230	-6691.746	-6719.811	28.06434	20.50789	5.056781
6240	-6714.098	-6744.707	30.60954	22.72947	4.942339
6250	-6706.57	-6731.879	25.3087	18.23181	5.135049
6260	-6705.234	-6733.861	28.62707	18.23561	4.953256
6270	-6706.29	-6739.731	33.44023	21.06474	4.806326
6280	-6688.56	-6723.093	34.53326	24.74798	4.752854
6290	-6720.359	-6746.364	26.00495	22.20086	5.152414
6300	-6699.098	-6728.94	29.84231	23.99426	4.958278
6310	-6706.53	-6736.806	30.27633	22.31567	4.959588
6320	-6700.973	-6739.899	38.92605	22.79149	4.57696
6330	-6693.085	-6730.689	37.60443	24.90118	4.627053
6340	-6704.798	-6735.686	30.8887	22.71646	4.930146
6350	-6706.282	-6736.303	30.02119	20.16658	4.954675
6360	-6711.012	-6735.88	24.86829	24.14118	5.161498
6370	-6707.9	-6734.205	26.30477	24.44589	5.093887
6380	-6686.331	-6716.807	30.4761	24.8221	4.915128
6390	-6697.884	-6726.795	28.91119	20.56795	5.016323
6400	-6697.977	-6732.364	34.38733	23.60989	4.772459
6410	-6703.12	-6740.325	37.20552	23.02903	4.653274
6420	-6707.216	-6742.711	35.49473	22.59111	4.727048
6430	-6718.841	-6747.105	28.26428	21.64229	5.053114
6440	-6689.328	-6724.646	35.31835	22.95592	4.735287
6450	-6704.112	-6734.672	30.56005	24.46388	4.919451
6460	-6699.565	-6729.469	29.90377	22.57543	4.974651
6470	-6701.66	-6729.718	28.05739	22.97338	5.051335
6480	-6703.456	-6723.865	20.40823	23.9411	5.353317
6490	-6695.028	-6729.754	34.72556	21.89721	4.757314
6500	-6714.166	-6754.783	40.61626	27.61021	4.467007
6510	-6712.775	-6743.021	30.24615	24.29922	4.935653
6520	-6707.869	-6733.903	26.03327	23.10139	5.137036
6530	-6711.179	-6747.504	36.32533	22.43833	4.689405
6540	-6694.735	-6726.134	31.39861	18.04606	4.788375
6550	-6693.304	-6723.952	30.64791	19.53421	4.905163
6560	-6695.859	-6724.828	28.9687	22.04704	5.019693
6570	-6703.311	-6727.33	24.01879	21.61394	5.249575
6580	-6712.277	-6735.856	23.5795	21.32041	5.272735
6590	-6684.232	-6715.404	31.17215	23.76221	4.906473
6600	-6690.638	-6721.767	31.12898	20.0715	4.897295
6610	-6705.77	-6735.626	29.85622	21.26494	4.978
6620	-6701.318	-6734.781	33.46292	21.98221	4.815501
6630	-6685.93	-6718.107	32.17646	24.92772	4.844491
6640	-6709.417	-6738.906	29.4883	23.71892	4.978097
6650	-6695.16	-6727.425	32.26509	24.16675	4.854702
6660	-6709.667	-6745.026	35.35925	19.64121	4.668908
6670	-6700.324	-6740.981	40.65609	24.66616	4.505884
6680	-6696.17	-6731.392	35.22185	26.46483	4.691917
6690	-6685.19	-6719.756	34.56596	21.54585	4.760726
6700	-6692.556	-6726.96	34.40357	21.91007	4.772129
6710	-6697.14	-6727.705	30.56545	19.93047	4.92166
6720	-6702.848	-6731.158	28.30976	19.42839	5.021723
6730	-6707.387	-6736.366	28.97896	24.52241	4.982718
6740	-6691.56	-6731.435	39.87546	24.5878	4.538007
6750	-6699.753	-6732.533	32.77948	19.77253	4.805127
6760	-6692.817	-6723.135	30.31851	19.54719	4.922464
6770	-6700.651	-6730.096	29.44418	19.23099	4.956326
6780	-6698.231	-6727.983	29.7524	19.85994	4.960617
6790	-6701.587	-6731.54	29.95233	21.42434	4.974378
6800	-6692.972	-6728.862	35.88938	21.21543	4.693292
6810	-6705.103	-6722.619	17.51608	15.21405	5.361506
6820	-6685.956	-6718.163	32.20735	27.08008	4.787991
6830	-6697.388	-6731.232	33.84352	23.77546	4.793918
6840	-6691.128	-6725.019	33.89094	20.6776	4.77689
6850	-6691.533	-6727.205	35.67141	27.20393	4.6569
6860	-6696.141	-6728.519	32.37866	20.2821	4.840905
6870	-6700.269	-6731.858	31.58979	25.22162	4.861484
6880	-6699.613	-6723.98	24.36656	22.03715	5.22857
6890	-6693.673	-6730.13	36.45628	23.49651	4.68525
6900	-6692.458	-6725.083	32.62426	20.9096	4.842545
6910	-6708.477	-6742.93	34.45217	21.40672	4.764086
6920	-6707.449	-6737.101	29.65138	23.19545	4.979205
6930	-6708.348	-6734.551	26.20359	19.73631	5.137002
6940	-6696.79	-6734.482	37.69225	20.32782	4.580689
6950	-6697.492	-6729.046	31.55416	25.73014	4.850501
6960	-6710.664	-6744.942	34.27797	21.45453	4.772894
6970	-6702.557	-6739.409	36.85178	24.1866	4.664752
6980	-6718.277	-6743.673	25.39614	24.93222	5.116348
6990	-6699.717	-6726.912	27.19495	19.19039	5.071996
7000	-6702.565	-6728.037	25.47187	19.49094	5.169201
7010	-6686.233	-6728.699	42.46647	24.81122	4.43211
7020	-6711.301	-6744.599	33.29773	22.23412	4.824015
7030	-6707.394	-6737.341	29.94695	25.07069	4.93043
7040	-6716.675	-6748.222	31.54716	21.94616	4.902582
7050	-6702.816	-6738.992	36.17643	22.65708	4.697157
7060	-6712.038	-6745.265	33.22651	21.8627	4.825554
7070	-6704.889	-6730.552	25.6629	19.5404	5.160491
7080	-6710.019	-6742.855	32.83646	23.24151	4.841543
7090	-6705.528	-6732.95	27.42231	25.20905	5.02709
7100	-6704.34	-6737.782	33.44227	23.41387	4.814215
7110	-6700.736	-6736.539	35.80262	22.75158	4.713919
7120	-6691.623	-6729.005	37.38219	23.75287	4.645167
7130	-6708.284	-6733.524	25.24033	21.14729	5.195435
7140	-6709.569	-6737.733	28.16395	19.80812	5.039405
7150	-6707.18	-6740.563	33.38283	24.6803	4.800511
7160	-6705.809	-6731.261	25.45139	20.93774	5.185608
7170	-6706.095	-6736.088	29.99287	22.49634	4.971255
7180	-6705.835	-6737.909	32.07438	21.84936	4.878196
7190	-6705.634	-6733.65	28.01611	23.94	5.035566
7200	-6705.998	-6736.02	30.02187	23.70042	4.955906
7210	-6717.323	-6746.789	29.46681	19.15927	4.952409
7220	-6706.465	-6742.255	35.78989	21.76476	4.707081
7230	-6700.205	-6729.524	29.319	22.49855	5.001192
7240	-6694.351	-6732.471	38.12011	25.81175	4.594018
7250	-6697.461	-6734.619	37.15842	23.05903	4.655382
7260	-6694.692	-6725.685	30.99308	21.96021	4.927842
7270	-6706.323	-6730.805	24.48202	20.7108	5.231966
7280	-6711.061	-6736.057	24.99572	19.23889	5.187843
7290	-6707.232	-6742.487	35.25477	26.20665	4.696583
7300	-6697.05	-6729.117	32.06694	26.523	4.809493
7310	-6713.294	-6739.434	26.14011	20.98488	5.1528
7320	-6701.049	-6730.836	29.78682	23.1206	4.974317
7330	-6699.199	-6732.518	33.31912	24.55524	4.805195
7340	-6691.244	-6725.761	34.51672	19.96259	4.724601
7350	-6696.549	-6726.464	29.9155	22.12687	4.97653
7360	-6690.535	-6728.67	38.13551	21.20376	4.587122
7370	-6694.447	-6732.985	38.53813	23.03971	4.595459
7380	-6710.604	-6737.19	26.58611	24.24064	5.087801
7390	-6706.26	-6735.75	29.49014	26.21091	4.916421
7400	-6702.453	-6739.936	37.48232	26.27693	4.610232
7410	-6696.588	-6725.451	28.86331	23.4569	5.00907
7420	-6689.522	-6721.567	32.04487	20.35857	4.859254
7430	-6689.459	-6724.313	34.85409	24.11497	4.748144
7440	-6696.422	-6735.835	39.41306	26.11624	4.53936
7450	-6697.762	-6730.71	32.94777	24.29294	4.824569
7460	-6696.078	-6728.514	32.43652	28.23062	4.743137
7470	-6687.056	-6722.993	35.93628	24.35596	4.700887
7480	-6693.181	-6722.756	29.5747	20.39353	4.981213
7490	-6698.641	-6728.79	30.14957	24.71125	4.93082
7500	-6705.426	-6728.957	23.53045	19.69609	5.271916
7510	-6695.281	-6733.079	37.79771	25.54327	4.610772
7520	-6702.631	-6730.587	27.95646	24.22304	5.031682
7530	-6693.392	-6739.221	45.82904	26.58072	4.290109
7540	-6702.214	-6740.068	37.85396	24.86337	4.617451
7550	-6702.575	-6738.106	35.53093	22.24653	4.723663
7560	-6695.179	-6729.546	34.36667	23.53354	4.773917
7570	-6702.581	-6729.963	27.38173	23.0733	5.079132
7580	-6688.696	-6726.739	38.04221	24.38406	4.614218
7590	-6687.175	-6727.737	40.56211	27.10517	4.479
7600	-6691.786	-6725.819	34.03296	20.69693	4.770482
7610	-6700.126	-6730.738	30.61224	25.38136	4.896251
7620	-6705.766	-6735.258	29.49155	21.58843	4.996329
7630	-6705.82	-6730.688	24.86731	22.43797	5.200056
7640	-6702.772	-6729.783	27.01009	18.68427	5.063053
7650	-6701.646	-6730.215	28.5689	17.32103	4.893031
7660	-6688.151	-6720.675	32.52407	22.83935	4.857633
7670	-6693.627	-6731.942	38.31519	22.8179	4.603937
7680	-6702.325	-6736.37	34.04509	19.63796	4.735682
7690	-6703.254	-6729.591	26.33745	21.93463	5.140068
7700	-6691.734	-6729.416	37.68208	26.8498	4.590928
7710	-6689.973	-6729.77	39.7967	23.34937	4.542571
7720	-6695.73	-6729.45	33.72016	23.84743	4.798342
7730	-6693.913	-6722.733	28.81971	24.24085	4.995653
7740	-6705.579	-6733.191	27.61163	20.35165	5.076919
7750	-6696.793	-6726.716	29.92303	23.67656	4.96047
7760	-6705.927	-6732.389	26.46208	22.88683	5.122262
7770	-6719.285	-6747.334	28.04847	21.83227	5.062523
7780	-6691.864	-6729.286	37.42194	21.08937	4.617939
7790	-6711.606	-6740.832	29.22529	23.91944	4.985455
7800	-6708.296	-6736.663	28.36742	24.81452	5.000277
7810	-6719.914	-6746.401	26.48712	23.09792	5.117453
7820	-6687.507	-6720.931	33.42404	23.31094	4.81578
7830	-6696.924	-6730.979	34.05519	23.98678	4.782784
7840	-6714.569	-6736.904	22.33462	19.2484	5.326333
7850	-6691.21	-6718.707	27.49695	20.4854	5.084196
7860	-6682.036	-6712.801	30.76428	19.67895	4.904091
7870	-6692.103	-6728.652	36.54937	22.35335	4.678789
7880	-6694.959	-6725.479	30.52078	20.47204	4.936339
7890	-6712.446	-6744.26	31.81341	23.70236	4.880289
7900	-6691.32	-6728.121	36.80117	22.84551	4.670385
7910	-6705.791	-6737.31	31.519	22.93863	4.900926
7920	-6698.56	-6722.175	23.6154	26.78249	5.117597
7930	-6699.964	-6730.451	30.48708	20.90356	4.944681
7940	-6697.023	-6727.568	30.54501	20.60107	4.937455
7950	-6699.075	-6726.46	27.3847	19.60558	5.074041
7960	-6700.839	-6728.581	27.74258	24.99216	5.020568
7970	-6692.252	-6726.633	34.38067	18.80341	4.675923
7980	-6704.729	-6744.205	39.47573	23.59339	4.556918
7990	-6704.544	-6735.66	31.1162	22.56613	4.920993
8000	-6709.901	-6742.559	32.6581	21.61921	4.849908
8010	-6700.367	-6733.461	33.09406	24.88019	4.808579
8020	-6688.04	-6718.668	30.62799	21.00179	4.939134
8030	-6690.669	-6722.114	31.44517	19.72071	4.870902
8040	-6701.387	-6727.724	26.33631	21.4182	5.143178
8050	-6707.656	-6734.622	26.96641	20.8605	5.112902
8060	-6702.125	-6732.034	29.90862	23.44077	4.964745
8070	-6710.034	-6735.083	25.04934	24.86551	5.132383
8080	-6697.988	-6731.463	33.47454	20.33483	4.788371
8090	-6697.451	-6725.287	27.8361	17.78158	4.969094
8100	-6687.005	-6729.722	42.71655	25.6238	4.417571
8110	-6692.381	-6731.14	38.75864	22.20944	4.578065
8120	-6681.001	-6720.909	39.90757	22.92767	4.535138
8130	-6703.008	-6737.873	34.86486	22.92478	4.755081
8140	-6691.011	-6723.049	32.03838	20.90596	4.870507
8150	-6678.883	-6713.579	34.69667	21.2589	4.75027
8160	-6696.926	-6728.255	31.32824	20.6862	4.900977
8170	-6701.172	-6733.105	31.93341	24.14233	4.868821
8180	-6690.309	-6723.87	33.56066	22.32797	4.81244
8190	-6700.108	-6735.649	35.54091	21.51469	4.714995
8200	-6691.953	-6729.86	37.90649	24.23353	4.620847
8210	-6685.92	-6723.02	37.09933	22.80762	4.657179
8220	-6680.162	-6719.608	39.44597	24.51941	4.555902
8230	-6698.146	-6735.779	37.6332	22.56538	4.632191
8240	-6696.56	-6736.943	40.38274	23.26696	4.517009
8250	-6703.096	-6734.568	31.47186	21.23338	4.901702
8260	-6698.048	-6734.848	36.80015	27.23142	4.614738
8270	-6706.947	-6741.458	34.51105	18.654	4.659661
8280	-6701.842	-6742.834	40.99142	25.69209	4.48415
8290	-6689.591	-6722.958	33.36728	23.32497	4.818112
8300	-6700.079	-6727.192	27.11287	20.85793	5.105868
8310	-6700.654	-6740.2	39.54646	22.39953	4.54534
8320	-6725.253	-6755.984	30.73063	19.81941	4.910166
8330	-6699.241	-6733.363	34.12192	25.4028	4.757545
8340	-6709.637	-6740.218	30.58022	26.34397	4.87092
8350	-6704.414	-6733.701	29.28714	19.56664	4.975826
8360	-6698.64	-6730.347	31.70699	22.84293	4.893385
8370	-6699.815	-6733.447	33.63182	22.511	4.809505
8380	-6690.926	-6722.771	31.84472	21.32004	4.885064
8390	-6704.837	-6736.129	31.29142	21.98084	4.914283
8400	-6699.359	-6732.931	33.57111	22.97038	4.811342
8410	-6692.144	-6720.861	28.71671	23.84529	5.008195
8420	-6688.514	-6718.189	29.67528	24.19647	4.961266
8430	-6693.525	-6727.694	34.16926	19.99052	4.743005
8440	-6692.121	-6724.187	32.06558	20.87811	4.868753
8450	-6686.064	-6721.377	35.31303	23.32969	4.734675
8460	-6700.113	-6729.256	29.14274	21.58936	5.012487
8470	-6694.866	-6727.737	32.87094	24.27636	4.827987
8480	-6699.612	-6733.026	33.41411	20.86133	4.803832
8490	-6701.597	-6730.495	28.89838	22.49144	5.019949
8500	-6694.364	-6731.175	36.8109	21.60824	4.657632
8510	-6698.77	-6728.359	29.58838	21.05825	4.98913
8520	-6705.653	-6732.582	26.92922	21.35644	5.115588
8530	-6684.964	-6720.078	35.11388	23.91901	4.739274
8540	-6694.929	-6733.766	38.83734	22.2858	4.575566
8550	-6697.777	-6729.969	32.19166	24.82739	4.845908
8560	-6697.824	-6728.021	30.19731	19.08769	4.911302
8570	-6704.013	-6737.369	33.35625	25.0904	4.794058
8580	-6695.183	-6728.61	33.42722	22.89782	4.817894
8590	-6709.471	-6739.178	29.70674	22.20448	4.985657
8600	-6701.562	-6729.725	28.16271	19.30698	5.025486
8610	-6706.188	-6734.001	27.81289	22.13644	5.071484
8620	-6686.967	-6719.359	32.39161	24.22855	4.848499
8630	-6686.822	-6721.333	34.5115	24.99751	4.749635
8640	-6705.139	-6734.259	29.11982	19.46795	4.981309
8650	-6699.844	-6733.683	33.83877	22.9032	4.799905
8660	-6691.648	-6719.741	28.09315	22.46184	5.056052
8670	-6708.967	-6736.396	27.42979	20.59325	5.088597
8680	-6704.362	-6738.513	34.15159	22.42232	4.786244
8690	-6703.248	-6734.509	31.26072	23.65135	4.904321
8700	-6693.904	-6728.297	34.39288	22.79247	4.775857
8710	-6704.488	-6735.622	31.13377	18.60887	4.838226
8720	-6705.287	-6735.899	30.61172	19.99701	4.921139
8730	-6698.912	-6731.184	32.2718	23.42271	4.864116
8740	-6710.512	-6738.905	28.39316	23.79863	5.022701
8750	-6690.488	-6721.238	30.75002	26.69111	4.85403
8760	-6704.394	-6729.946	25.55223	16.86804	5.031114
8770	-6721.055	-6749.161	28.10602	21.81244	5.059961
8780	-6719.639	-6749.63	29.99062	20.18993	4.956704
8790	-6702.485	-6728.309	25.82496	19.63119	5.154127
8800	-6694.061	-6725.657	31.59673	20.87305	4.891132
8810	-6698.753	-6743.16	44.40705	25.51003	4.352185
8820	-6699.725	-6735.698	35.97282	22.5852	4.70586
8830	-6712.318	-6742.725	30.40721	26.83717	4.862276
8840	-6703.985	-6732.463	28.47799	26.50849	4.945291
8850	-6696.296	-6733.124	36.82753	22.58988	4.668044
8860	-6700.593	-6732.602	32.00971	24.39229	4.861468
8870	-6704.709	-6732.482	27.77285	20.52648	5.071208
8880	-6701.322	-6728.595	27.27291	19.07493	5.064071
8890	-6700.387	-6729.436	29.04808	18.33949	4.93611
8900	-6687.905	-6733.451	45.54636	23.69155	4.300776
8910	-6686.881	-6721.297	34.41612	25.06654	4.75224
8920	-6700.934	-6729.015	28.08108	24.4569	5.020954
8930	-6701.094	-6734.922	33.82792	26.4312	4.745443
8940	-6697.512	-6731.268	33.75579	25.83256	4.762628
8950	-6708.432	-6739.508	31.07589	20.00111	4.89804
8960	-6700.726	-6728.734	28.00827	19.95734	5.050525
8970	-6700.316	-6729.77	29.45316	22.89524	4.991478
8980	-6698.865	-6728.83	29.96494	23.47477	4.961842
8990	-6697.012	-6724.425	27.41261	18.02488	5.008013
9000	-6699.359	-6728.045	28.68641	21.95598	5.032897
9010	-6690.163	-6728.834	38.67162	22.69238	4.587334
9020	-6689.685	-6723.104	33.41875	19.13983	4.745173
9030	-6699.005	-6731.096	32.09056	25.26838	4.840582
9040	-6692.825	-6724.105	31.2798	22.73451	4.912818
9050	-6714.426	-6740.149	25.72296	19.82294	5.162891
9060	-6689.318	-6727.344	38.02642	24.5511	4.613528
9070	-6698.949	-6723.43	24.48132	20.12426	5.229002
9080	-6707.061	-6735.875	28.81444	22.9444	5.018757
9090	-6695.642	-6727.111	31.46908	20.43447	4.889218
9100	-6697.617	-6723.321	25.70382	22.05675	5.167673
9110	-6703.179	-6723.1	19.92103	25.1738	5.326107
9120	-6697.891	-6725.32	27.42903	23.26297	5.073824
9130	-6694.363	-6727.418	33.0549	24.03762	4.823813
9140	-6681.678	-6722.332	40.65326	22.87442	4.502075
9150	-6692.059	-6731.244	39.18445	22.40629	4.561587
9160	-6709.251	-6741.27	32.01917	25.16366	4.845747
9170	-6703.605	-6736.469	32.86341	20.00865	4.80891
9180	-6694.501	-6732.872	38.37053	22.6995	4.600658
9190	-6689.439	-6723.754	34.31519	22.40581	4.778902
9200	-6710.976	-6743.826	32.85051	26.17734	4.78908
9210	-6701.92	-6735.033	33.11274	24.14809	4.819891
9220	-6707.868	-6738.027	30.15888	24.56443	4.933695
9230	-6689.982	-6727.642	37.66031	26.38814	4.6013
9240	-6700.752	-6731.465	30.71323	20.79253	4.932333
9250	-6694.806	-6720.251	25.44526	20.52701	5.184606
9260	-6695.937	-6727.23	31.29339	27.1627	4.81914
9270	-6711.665	-6734.785	23.11956	19.40474	5.288465
9280	-6699.034	-6738.117	39.08344	22.61712	4.568458
9290	-6703.871	-6733.631	29.76037	22.26485	4.982968
9300	-6728.036	-6754.749	26.71291	22.33126	5.119091
9310	-6704.915	-6742.022	37.10728	24.23266	4.653833
9320	-6723.559	-6754.217	30.65844	22.7061	4.940358
9330	-6690.777	-6731.857	41.0798	25.96307	4.477521
9340	-6689.948	-6726.307	36.3589	22.56895	4.688681
9350	-6709.165	-6735.636	26.47022	21.03279	5.137164
9360	-6708.782	-6735.517	26.73499	23.81589	5.09198
9370	-6699.15	-6731.238	32.08826	18.886	4.802205
9380	-6693.493	-6726.216	32.7224	18.36982	4.737776
9390	-6699.67	-6732.513	32.84284	25.72762	4.800476
9400	-6703.235	-6736.437	33.20259	25.25059	4.796942
9410	-6699.086	-6728.689	29.60292	21.53204	4.991039
9420	-6698.883	-6730.113	31.23013	24.4625	4.892087
9430	-6703.774	-6731.043	27.26881	23.04878	5.084434
9440	-6696.771	-6730.72	33.94831	24.74123	4.776602
9450	-6696.781	-6737.608	40.82659	24.44251	4.499858
9460	-6690.755	-6725.3	34.54463	22.89401	4.769099
9470	-6701.234	-6725.411	24.1769	20.14098	5.244269
9480	-6687.768	-6722.126	34.35801	20.87476	4.75888
9490	-6705.703	-6732.554	26.85101	22.51724	5.110646
9500	-6692.007	-6726.793	34.78575	25.12495	4.736484
9510	-6694.211	-6731.553	37.34193	25.63165	4.627194
9520	-6700.532	-6730.158	29.62571	20.39208	4.978686
9530	-6712.202	-6742.019	29.81734	21.70451	4.981446
9540	-6701.975	-6736.614	34.6387	22.96775	4.764871
9550	-6697.448	-6728.48	31.0321	20.44273	4.910771
9560	-6697.258	-6731.852	34.59433	23.22777	4.765969
9570	-6708.039	-6734.99	26.95062	20.25566	5.108184
9580	-6705.991	-6737.957	31.96563	23.66894	4.874295
9590	-6698.812	-6731.746	32.93311	23.78272	4.832125
9600	-6698.025	-6732.496	34.47084	25.69278	4.737933
9610	-6716.531	-6755.639	39.10746	24.17965	4.571519
9620	-6708.696	-6738.315	29.61907	22.25446	4.989367
9630	-6705.396	-6735.31	29.91384	23.04032	4.969774
9640	-6717.863	-6748.453	30.58961	22.33116	4.945492
9650	-6693.767	-6726.815	33.04799	30.05727	4.658097
9660	-6703.639	-6735.304	31.66537	20.04321	4.869776
9670	-6723.902	-6756.171	32.26907	22.48092	4.870105
9680	-6692.031	-6724.914	32.88289	22.66508	4.842502
9690	-6711.295	-6737.187	25.89209	22.62624	5.151561
9700	-6703.374	-6737.801	34.42771	21.27746	4.763227
9710	-6689.973	-6721.783	31.81035	22.69155	4.889698
9720	-6691.274	-6725.73	34.45582	22.68918	4.773113
9730	-6682.321	-6712.831	30.51075	18.52212	4.866953
9740	-6708.512	-6734.571	26.05928	19.83599	5.146157
9750	-6703.026	-6729.949	26.92251	19.71296	5.100068
9760	-6693.445	-6726.589	33.14341	23.67446	4.824476
9770	-6696.618	-6736.563	39.94478	23.26679	4.535832
9780	-6699.159	-6731.328	32.16843	24.70493	4.849244
9790	-6704.431	-6733.349	28.91836	23.83596	4.999918
9800	-6711.505	-6742.632	31.12727	19.94676	4.89394
9810	-6722.676	-6745.833	23.15762	19.48009	5.287762
9820	-6707.955	-6741.107	33.15235	26.34307	4.773307
9830	-6692.107	-6730.302	38.19488	24.31111	4.608457
9840	-6686.08	-6725.477	39.39723	22.56074	4.553965
9850	-6697.903	-6722.321	24.41823	18.69472	5.202132
9860	-6699.696	-6726.335	26.63896	22.59318	5.119021
9870	-6706.38	-6733.295	26.91585	24.04997	5.078908
9880	-6711.488	-6738.453	26.96554	23.08059	5.097043
9890	-6715.794	-6738.986	23.19255	18.91526	5.274007
9900	-6689.148	-6717.723	28.57458	22.33035	5.035732
9910	-6693.836	-6723.817	29.98154	25.21382	4.925448
9920	-6685.8	-6718.703	32.90271	24.48924	4.823269
9930	-6694.152	-6731.34	37.18829	23.21363	4.654287
9940	-6696.275	-6728.702	32.4274	21.13157	4.855361
9950	-6698.66	-6725.776	27.11525	23.32827	5.08609
9960	-6699.38	-6735.548	36.16747	22.88349	4.698197
9970	-6707.852	-6744.672	36.8206	24.37197	4.66443
9980	-6708.469	-6739.266	30.79717	20.86797	4.929368
9990	-6686.067	-6723.817	37.74942	23.82525	4.629464
10000	-6693.031	-6727.667	34.63593	24.44586	4.753087
