Iteration	Posterior	Likelihood	Prior	br_len_lambda	tree_length
0	-4110.986	-4121.798	10.81226	20.74899	5.66384
10	-4105.256	-4117.955	12.69886	18.72588	5.577532
20	-4105.952	-4125.835	19.88279	20.47033	5.225919
30	-4108.218	-4118.459	10.24119	18.57	5.70751
40	-4092.003	-4111.903	19.90047	20.02808	5.221619
50	-4107.862	-4115.555	7.693148	18.97445	5.844191
60	-4083.018	-4102.204	19.18631	18.18545	5.210521
70	-4103.187	-4113.184	9.997289	19.48509	5.721549
80	-4111.06	-4126.182	15.12215	17.75302	5.418055
90	-4109.27	-4127.645	18.37478	22.55591	5.277132
100	-4102.921	-4114.308	11.38712	18.70198	5.647338
110	-4102.85	-4116.174	13.32449	18.5052	5.540233
120	-4115.402	-4131.51	16.10797	21.1852	5.404103
130	-4107.823	-4113.484	5.661016	16.34416	5.909531
140	-4117.324	-4121.853	4.528932	20.84618	5.963247
150	-4116.006	-4119.865	3.858953	18.75408	6.049271
160	-4114.568	-4120.093	5.524474	17.85341	5.959737
170	-4100.598	-4112.305	11.7065	21.12762	5.613147
180	-4104.449	-4118.441	13.99244	16.60775	5.419762
190	-4098.18	-4109.47	11.29011	20.41369	5.646564
200	-4120.992	-4130.358	9.365869	15.452	5.612023
210	-4108.359	-4123.138	14.7792	19.71968	5.477188
220	-4104.264	-4116.384	12.12023	21.16735	5.59272
230	-4128.808	-4134.197	5.388852	20.6768	5.92756
240	-4099.684	-4105.321	5.637323	18.80444	5.954078
250	-4087.616	-4102.42	14.80466	20.14626	5.475756
260	-4105.673	-4121.248	15.57513	20.39588	5.436741
270	-4114.904	-4125.197	10.29318	18.86017	5.706761
280	-4084.933	-4099.077	14.14343	19.35804	5.508044
290	-4106.716	-4117.264	10.54798	19.56109	5.692878
300	-4105.57	-4115.91	10.33957	18.49341	5.701402
310	-4092.927	-4102.104	9.177196	18.38769	5.763316
320	-4108.349	-4116.268	7.919246	19.66884	5.825804
330	-4106.624	-4113.13	6.505179	19.1564	5.905092
340	-4097.228	-4108.199	10.97151	20.60542	5.658891
350	-4093.896	-4111.205	17.30883	16.81406	5.23654
360	-4092.463	-4108.555	16.09274	20.80505	5.408887
370	-4092.891	-4104.06	11.16891	19.89807	5.658873
380	-4101.097	-4112.62	11.52377	17.78666	5.621764
390	-4105.81	-4118.315	12.50538	16.78216	5.520311
400	-4110.331	-4120.375	10.04474	20.68896	5.702127
410	-4092.328	-4109.653	17.32576	20.4989	5.350785
420	-4120.745	-4125.373	4.628223	19.96907	5.985738
430	-4099.014	-4104.301	5.286589	20.53849	5.936877
440	-4097.844	-4107.217	9.372747	17.91112	5.745396
450	-4096.497	-4109.089	12.59209	20.7853	5.577473
460	-4109.56	-4117.058	7.498152	21.42878	5.802474
470	-4094.854	-4111.993	17.139	18.43836	5.331986
480	-4097.683	-4108.037	10.35377	20.77779	5.685322
490	-4085.33	-4104.004	18.67428	19.77736	5.280372
500	-4096.534	-4111.251	14.717	21.44839	5.465236
510	-4088.841	-4101.751	12.90923	21.25561	5.553668
520	-4098.036	-4113.598	15.56181	18.93253	5.428757
530	-4103.055	-4107.911	4.855759	17.30205	5.989802
540	-4087.612	-4104.057	16.4447	20.29326	5.394307
550	-4089.891	-4103.7	13.80899	20.06503	5.525602
560	-4113.81	-4120.585	6.774467	18.06204	5.892066
570	-4094.676	-4108.443	13.76738	18.2474	5.510182
580	-4103.267	-4112.354	9.086811	21.76756	5.7175
590	-4106.645	-4118.091	11.44674	22.08532	5.599655
600	-4095.048	-4104.489	9.441319	18.92911	5.752033
610	-4106.338	-4116.714	10.37591	19.43025	5.702385
620	-4100.993	-4106.977	5.984287	17.24991	5.923318
630	-4091.415	-4109.537	18.12222	21.12909	5.309471
640	-4119.264	-4133.934	14.6707	19.44417	5.481443
650	-4104.451	-4118.67	14.21891	22.41886	5.465269
660	-4095.833	-4107.501	11.66892	20.47483	5.627109
670	-4116.157	-4124.911	8.75439	19.33549	5.786602
680	-4100.34	-4112.046	11.7062	20.80989	5.619637
690	-4093.722	-4109.08	15.35832	19.39338	5.445626
700	-4099.001	-4114.803	15.80102	22.29947	5.397594
710	-4105.13	-4113.69	8.559455	18.31361	5.79626
720	-4098.093	-4112.059	13.9662	21.97056	5.488479
730	-4108.586	-4121.609	13.02284	18.50264	5.556485
740	-4096.965	-4103.92	6.955025	16.56819	5.84167
750	-4083.951	-4100.607	16.65546	24.28576	5.301616
760	-4093.36	-4105.292	11.93167	17.919	5.60275
770	-4099.337	-4112.902	13.56513	18.57957	5.528698
780	-4082.484	-4097.956	15.47177	19.4162	5.439991
790	-4097.82	-4109.35	11.53058	20.64236	5.631127
800	-4094.267	-4110.64	16.37234	18.47547	5.374668
810	-4101.795	-4112.788	10.99273	19.16276	5.670842
820	-4115.14	-4124.308	9.168479	18.97576	5.766436
830	-4116.647	-4125.079	8.432368	17.14154	5.77767
840	-4103.635	-4114.075	10.43948	18.06483	5.68921
850	-4105.244	-4118.831	13.58757	20.71683	5.530518
860	-4107.495	-4120.977	13.48201	20.00631	5.542197
870	-4109.054	-4121.293	12.23869	19.00008	5.604827
880	-4098.844	-4113.848	15.00386	21.29303	5.454519
890	-4097.601	-4110.008	12.40755	18.52312	5.590087
900	-4118.945	-4118.632	-0.3130513	19.38937	6.253834
910	-4099.205	-4119.009	19.80374	20.1239	5.227411
920	-4108.794	-4122.339	13.54572	19.18868	5.537825
930	-4112.393	-4129.072	16.6793	21.03838	5.378702
940	-4104.352	-4112.877	8.525142	22.30442	5.723684
950	-4099.211	-4113.933	14.72247	18.48786	5.464271
960	-4100.62	-4110.333	9.713666	19.59599	5.735237
970	-4122.972	-4128.076	5.10395	16.56351	5.953205
980	-4104.811	-4119.325	14.51409	19.3363	5.488726
990	-4095.685	-4118.889	23.2045	19.97052	5.055515
1000	-4107.465	-4118.198	10.73261	19.18343	5.684426
1010	-4113.589	-4125.003	11.41423	21.17995	5.625782
1020	-4108.777	-4121.933	13.1563	18.78241	5.553923
1030	-4121.192	-4132.894	11.70241	21.12406	5.613419
1040	-4109.13	-4118.338	9.208008	17.69166	5.749715
1050	-4094.532	-4113.03	18.49826	22.28923	5.276826
1060	-4098.495	-4111.749	13.25434	20.79946	5.5454
1070	-4100.105	-4115.952	15.84638	20.14403	5.424049
1080	-4093.032	-4101.963	8.93092	19.64772	5.774612
1090	-4086.509	-4106.019	19.51027	21.47113	5.24157
1100	-4099.616	-4111.865	12.24902	20.54852	5.597738
1110	-4115.484	-4127.161	11.6767	15.63651	5.481439
1120	-4107.513	-4123.374	15.86107	21.37694	5.413014
1130	-4121.232	-4128.196	6.963814	20.92017	5.844197
1140	-4108.547	-4117.104	8.557385	23.27355	5.682141
1150	-4095.68	-4112.852	17.17198	22.92801	5.321344
1160	-4111.165	-4118.62	7.454504	18.23888	5.856078
1170	-4103.175	-4113.615	10.44053	23.28891	5.600602
1180	-4091.841	-4109.203	17.36242	20.4252	5.349092
1190	-4109.521	-4115.901	6.379901	16.6462	5.879793
1200	-4106.07	-4116.89	10.8193	18.27896	5.672288
1210	-4097.428	-4108.972	11.54443	19.50069	5.642111
1220	-4096.365	-4115.335	18.97023	18.93209	5.248715
1230	-4091.544	-4118.932	27.38793	22.69199	4.877044
1240	-4087.649	-4103.654	16.00563	20.61088	5.414546
1250	-4103.845	-4115.795	11.95013	20.9133	5.60598
1260	-4095.578	-4109.312	13.73334	17.77087	5.496953
1270	-4110.36	-4116.695	6.33503	18.60069	5.917795
1280	-4106.132	-4123.297	17.16464	21.24013	5.353638
1290	-4092.792	-4105.002	12.2092	17.62439	5.577713
1300	-4100.435	-4111.206	10.77176	19.17634	5.682382
1310	-4086.465	-4105.3	18.83552	24.8306	5.194068
1320	-4106.229	-4115.663	9.433571	19.85864	5.746603
1330	-4097.204	-4111.917	14.71309	20.24375	5.479892
1340	-4094.545	-4109.145	14.59985	21.23396	5.474493
1350	-4112.54	-4121.42	8.879558	20.25909	5.767763
1360	-4127.644	-4133.157	5.5139	17.66913	5.958223
1370	-4108.179	-4116.449	8.26979	21.81831	5.753243
1380	-4098.152	-4109.967	11.81521	18.57976	5.622886
1390	-4109.696	-4122.55	12.8537	19.55288	5.575003
1400	-4104.905	-4121.391	16.4863	18.77481	5.376451
1410	-4096.258	-4108.431	12.17226	18.14019	5.595155
1420	-4095.01	-4108.695	13.68427	19.12744	5.530068
1430	-4101.923	-4124.051	22.12736	20.34142	5.114866
1440	-4096.351	-4111.102	14.75115	20.1651	5.478344
1450	-4119.191	-4126.185	6.993628	16.13521	5.815949
1460	-4131.209	-4138.777	7.567982	16.8847	5.818757
1470	-4095.188	-4114.007	18.81887	19.63484	5.271165
1480	-4100.075	-4110.3	10.22455	17.81532	5.695538
1490	-4098.605	-4108.231	9.626412	16.69165	5.687198
1500	-4097.307	-4110.391	13.08413	20.5573	5.556986
1510	-4108.041	-4118.932	10.8912	21.53015	5.641386
1520	-4106.131	-4113.741	7.609158	16.43677	5.795429
1530	-4105.878	-4112.668	6.789938	18.37751	5.893115
1540	-4099.452	-4108.994	9.541814	21.87962	5.692916
1550	-4106.077	-4115.246	9.168649	21.97031	5.706851
1560	-4107.226	-4125.141	17.91498	22.70334	5.294243
1570	-4110.49	-4118.828	8.33804	17.37425	5.790736
1580	-4102.731	-4118.313	15.5824	20.34106	5.436623
1590	-4091.459	-4101.851	10.39198	20.88504	5.681126
1600	-4094.958	-4109.437	14.47886	20.79204	5.486617
1610	-4095.703	-4103.688	7.985495	18.23122	5.826893
1620	-4097.762	-4112.51	14.74787	19.80527	5.478946
1630	-4110.295	-4125.886	15.5911	18.75351	5.42368
1640	-4110.995	-4122.644	11.64846	22.68936	5.570748
1650	-4093.992	-4105.369	11.37672	17.68213	5.626828
1660	-4110.472	-4120.534	10.06266	18.12539	5.711188
1670	-4117.962	-4128.708	10.74591	19.74229	5.681542
1680	-4126.104	-4134.059	7.955548	17.71703	5.821027
1690	-4096.69	-4113.208	16.51802	21.6201	5.378615
1700	-4102.651	-4112.322	9.67122	20.06116	5.731878
1710	-4114.373	-4117.841	3.468359	17.94534	6.075099
1720	-4100.132	-4115.449	15.31677	19.60798	5.449377
1730	-4087.369	-4102.526	15.15703	21.96075	5.434497
1740	-4082.732	-4103.331	20.59933	18.86651	5.160523
1750	-4101.438	-4108.161	6.722235	17.54625	5.887541
1760	-4100.944	-4115.338	14.39433	17.76152	5.459389
1770	-4097.203	-4109.117	11.91373	21.95756	5.582276
1780	-4092.639	-4109.37	16.73102	21.21224	5.374382
1790	-4094.82	-4104.563	9.742583	16.47713	5.668085
1800	-4096.606	-4109.455	12.84944	19.53918	5.575217
1810	-4105.948	-4118.642	12.69473	23.14548	5.508994
1820	-4114.372	-4125.943	11.5717	18.812	5.638562
1830	-4103.587	-4119.41	15.82302	21.59096	5.411275
1840	-4108.332	-4118.53	10.19842	18.22787	5.705458
1850	-4110.762	-4119.561	8.799105	17.40492	5.765139
1860	-4101.881	-4116.347	14.46587	18.95514	5.486975
1870	-4094.7	-4105.892	11.19162	21.03385	5.639645
1880	-4108.166	-4126.23	18.06354	20.59186	5.314727
1890	-4122.128	-4127.508	5.380889	20.31074	5.93901
1900	-4097.123	-4112.311	15.1878	19.14617	5.45171
1910	-4112.113	-4119.485	7.372617	16.37171	5.806329
1920	-4095.906	-4103.176	7.270207	20.41223	5.843522
1930	-4103.181	-4118.055	14.87338	19.8638	5.472681
1940	-4090.282	-4111.225	20.94233	22.80286	5.159178
1950	-4104.56	-4114.501	9.941493	20.15989	5.716939
1960	-4111.47	-4122.201	10.73075	20.79447	5.666833
1970	-4098.74	-4116.378	17.63766	20.00024	5.334446
1980	-4109.92	-4116.101	6.18085	19.96016	5.908186
1990	-4100.014	-4121.143	21.12967	22.78221	5.151318
2000	-4111.102	-4117.22	6.118587	16.00989	5.862663
2010	-4103.956	-4121.107	17.15101	18.78518	5.34131
2020	-4114.383	-4128.128	13.74493	20.41435	5.526304
2030	-4118.469	-4124.184	5.715418	17.13618	5.936028
2040	-4094.477	-4110.345	15.86836	21.05368	5.417068
2050	-4104.135	-4118.195	14.06026	18.73154	5.50493
2060	-4120.261	-4128.252	7.991659	18.50774	5.828424
2070	-4116.972	-4126.051	9.079391	17.88335	5.761228
2080	-4104.491	-4115.879	11.38726	19.2883	5.650432
2090	-4116.83	-4122.628	5.79853	17.95036	5.945293
2100	-4106.774	-4112.021	5.247531	16.67022	5.948735
2110	-4116.777	-4117.909	1.131787	21.35166	6.10324
2120	-4109.162	-4122.195	13.03259	18.68192	5.559047
2130	-4104.833	-4120.545	15.71182	22.67315	5.392098
2140	-4102.089	-4114.676	12.5866	22.41009	5.538351
2150	-4102.677	-4117.972	15.29457	17.47032	5.395267
2160	-4098.429	-4107.335	8.905625	16.03032	5.690065
2170	-4115.28	-4120.303	5.023065	15.73988	5.914154
2180	-4103.933	-4112.449	8.516716	15.62772	5.682771
2190	-4104.061	-4115.782	11.72181	17.65844	5.606524
2200	-4112.106	-4118.578	6.472068	16.72038	5.877358
2210	-4095.634	-4110.808	15.17429	18.37605	5.436845
2220	-4095.998	-4110.577	14.57965	20.56015	5.484211
2230	-4104.585	-4118.12	13.53475	21.87435	5.510552
2240	-4098.045	-4109.53	11.48531	20.58566	5.634289
2250	-4089.863	-4108.39	18.52717	20.60706	5.292207
2260	-4106.178	-4112.813	6.635092	18.633	5.901608
2270	-4106.2	-4112.756	6.556269	17.29253	5.891275
2280	-4120.44	-4126.602	6.161826	21.06163	5.877837
2290	-4115.465	-4127.279	11.81334	17.21444	5.583809
2300	-4097.293	-4112.927	15.63392	23.29256	5.37749
2310	-4101.826	-4115.136	13.3102	20.0759	5.550396
2320	-4099.165	-4111.762	12.59632	20.45685	5.582043
2330	-4102.672	-4115.644	12.97219	20.0008	5.567713
2340	-4095.635	-4114.12	18.48518	23.65006	5.245396
2350	-4091.673	-4111.742	20.06883	21.70024	5.21365
2360	-4112.204	-4119.669	7.465649	15.89641	5.770637
2370	-4100.479	-4113.226	12.74659	17.19462	5.52863
2380	-4105.717	-4114.307	8.589903	17.59993	5.782468
2390	-4101.746	-4113.521	11.77432	19.37105	5.630431
2400	-4094.687	-4113.155	18.46759	22.84042	5.266856
2410	-4097.177	-4109.126	11.94877	19.35392	5.621413
2420	-4090.654	-4105.777	15.12258	21.12206	5.451539
2430	-4098.209	-4103.79	5.580354	17.04293	5.941347
2440	-4115.477	-4124.04	8.562735	19.03137	5.798206
2450	-4106.684	-4117.166	10.4821	20.17377	5.689926
2460	-4078.302	-4097.381	19.0793	19.04246	5.2459
2470	-4119.697	-4124.243	4.546011	18.09045	6.0155
2480	-4093.809	-4103.665	9.856157	20.32902	5.718348
2490	-4112.226	-4117.399	5.172355	16.06246	5.924792
2500	-4104.029	-4124.429	20.40005	23.48991	5.168316
2510	-4112.138	-4129.7	17.56216	22.00265	5.324246
2520	-4117.321	-4117.472	0.1517759	15.73846	6.223573
2530	-4094.318	-4110.696	16.37884	19.4582	5.39375
2540	-4108.683	-4122.818	14.13476	18.58841	5.49822
2550	-4109.444	-4125.59	16.14608	20.79451	5.406411
2560	-4099.368	-4103.929	4.560641	18.34258	6.014534
2570	-4090.598	-4105.932	15.33405	20.41904	5.448434
2580	-4108.138	-4115.184	7.045667	18.75616	5.879344
2590	-4090.041	-4101.974	11.93336	16.80641	5.555802
2600	-4104.348	-4114.605	10.25646	16.79724	5.655104
2610	-4094.514	-4105.269	10.75487	17.93821	5.668889
2620	-4107.9	-4112.873	4.973165	16.14909	5.941908
2630	-4088.782	-4106.818	18.0363	21.68703	5.307496
2640	-4111.459	-4121.816	10.3572	20.02151	5.698197
2650	-4097.257	-4113.806	16.54926	17.99939	5.348394
2660	-4112.229	-4123.57	11.34151	20.74796	5.638352
2670	-4115.258	-4128.421	13.1628	18.53419	5.549522
2680	-4101.033	-4115.144	14.11091	20.35195	5.508881
2690	-4092.736	-4108.389	15.65267	20.94517	5.428588
2700	-4092.174	-4108.131	15.95781	18.63259	5.401264
2710	-4094.634	-4111.1	16.46603	18.39028	5.367
2720	-4095.418	-4107.195	11.77698	19.07026	5.629522
2730	-4115.215	-4122.909	7.693986	17.50633	5.831211
2740	-4094.336	-4105.138	10.80222	21.43652	5.648077
2750	-4122.687	-4125.714	3.02705	21.41433	6.011754
2760	-4107.808	-4117.643	9.835138	17.81281	5.717336
2770	-4108.047	-4120.831	12.78381	17.88782	5.554225
2780	-4088.224	-4105.302	17.07763	21.16489	5.358545
2790	-4097.451	-4110.424	12.9724	19.08649	5.56697
2800	-4092.151	-4105.99	13.83924	17.52791	5.48113
2810	-4095.113	-4106.338	11.2247	20.22209	5.652498
2820	-4095.929	-4102.818	6.889651	18.36197	5.887635
2830	-4095.385	-4111.2	15.8154	20.69303	5.423171
2840	-4114.104	-4128.935	14.83142	17.65414	5.430239
2850	-4100.791	-4112.261	11.47011	17.63985	5.620164
2860	-4089.268	-4100.722	11.45436	18.62523	5.642874
2870	-4093.773	-4103.742	9.968572	18.25946	5.718545
2880	-4095.81	-4114.262	18.45228	22.30507	5.278598
2890	-4104.088	-4123.396	19.30848	21.17159	5.253105
2900	-4098.725	-4114.173	15.44759	19.54999	5.442323
2910	-4111.089	-4125.004	13.91501	20.87773	5.512545
2920	-4098.953	-4115.504	16.5503	24.10512	5.312208
2930	-4082.82	-4108.619	25.79828	20.5938	4.939139
2940	-4093.621	-4104.565	10.94402	19.40143	5.673225
2950	-4094.669	-4106.616	11.94716	20.11344	5.617926
2960	-4100.222	-4120.482	20.26035	23.51133	5.173748
2970	-4103.259	-4118.151	14.89164	18.69461	5.459799
2980	-4113.699	-4119.937	6.238775	20.38011	5.894925
2990	-4089.708	-4102.641	12.9325	17.43798	5.529093
3000	-4102.577	-4108.186	5.608221	16.39063	5.915005
3010	-4099.717	-4112.956	13.23834	22.39277	5.509783
3020	-4119.312	-4123.927	4.615319	18.32657	6.011596
3030	-4082.192	-4104.225	22.033	20.47695	5.120943
3040	-4112.31	-4124.412	12.10204	20.52457	5.605243
3050	-4099.307	-4119.219	19.91198	19.07617	5.203104
3060	-4102.453	-4117.79	15.33646	20.60001	5.447098
3070	-4108.085	-4121.671	13.58644	19.85989	5.537479
3080	-4104.385	-4117.825	13.44016	18.33844	5.530344
3090	-4109.619	-4125.985	16.36658	19.24548	5.391673
3100	-4098.352	-4112.983	14.63028	19.32191	5.482596
3110	-4092.201	-4107.731	15.53066	22.32945	5.408986
3120	-4096.842	-4118.967	22.12514	19.68348	5.103878
3130	-4096.923	-4107.619	10.69589	18.14182	5.676574
3140	-4113.657	-4117.418	3.761357	16.49718	6.031844
3150	-4103.957	-4113.493	9.536651	19.09186	5.746972
3160	-4095.784	-4108.717	12.93275	19.34647	5.570545
3170	-4099.906	-4114.349	14.44291	20.23512	5.493285
3180	-4103.205	-4113.138	9.932362	22.92088	5.63738
3190	-4107.648	-4125.026	17.37876	19.10972	5.33657
3200	-4103.941	-4118.244	14.30243	22.47502	5.459976
3210	-4085.276	-4104.047	18.77098	18.22083	5.234863
3220	-4089.536	-4106.976	17.4406	21.9139	5.331324
3230	-4107.694	-4114.972	7.277769	17.64442	5.857917
3240	-4102.605	-4113.234	10.62965	18.56541	5.686542
3250	-4089.699	-4103.828	14.12866	21.50161	5.491601
3260	-4082.566	-4103.315	20.74903	20.43483	5.183357
3270	-4103.969	-4112.893	8.924284	17.62129	5.764018
3280	-4083.813	-4101.75	17.93738	19.51905	5.31454
3290	-4100.094	-4111.687	11.59376	21.29431	5.61464
3300	-4095.815	-4114.684	18.86927	20.1388	5.27395
3310	-4113.991	-4120.241	6.249488	15.57474	5.823715
3320	-4103.305	-4109.202	5.897512	17.43512	5.932465
3330	-4099.449	-4112.873	13.42352	22.86599	5.486865
3340	-4127.066	-4127.964	0.898267	16.05268	6.19049
3350	-4116.036	-4124.341	8.304995	20.88369	5.78109
3360	-4103.054	-4114.276	11.22222	19.0879	5.658672
3370	-4118.678	-4124.112	5.433705	16.96905	5.947798
3380	-4120.426	-4130.719	10.29327	18.77057	5.706284
3390	-4096.137	-4111.171	15.03411	21.62824	5.447093
3400	-4107.666	-4117.36	9.6942	19.0759	5.738735
3410	-4126.788	-4130.952	4.164225	19.34537	6.023803
3420	-4101.78	-4115.693	13.91341	19.47863	5.520542
3430	-4105.592	-4117.804	12.21169	19.35772	5.607834
3440	-4110.953	-4119.708	8.754364	20.32179	5.772693
3450	-4118.122	-4129.015	10.89224	19.25923	5.676116
3460	-4115.592	-4122.722	7.129784	19.40309	5.869799
3470	-4107.044	-4123.341	16.29625	20.75312	5.399508
3480	-4105.136	-4117.581	12.44449	19.33699	5.59576
3490	-4116.751	-4128.926	12.17518	17.78682	5.585145
3500	-4102.198	-4111.028	8.830663	20.42736	5.766754
3510	-4090.696	-4101.622	10.9264	18.75558	5.672434
3520	-4103.958	-4114.426	10.46872	22.03483	5.645592
3530	-4091.666	-4103.627	11.96111	19.79211	5.619728
3540	-4110.32	-4118.19	7.870193	23.29275	5.710795
3550	-4095.446	-4111.776	16.33055	23.56438	5.339227
3560	-4106.776	-4120.883	14.10658	20.54713	5.507353
3570	-4100.547	-4113.659	13.11143	19.18346	5.560423
3580	-4104.667	-4114.955	10.28753	17.18337	5.671183
3590	-4100.985	-4111.67	10.68473	16.5221	5.613731
3600	-4108.847	-4122.139	13.2921	19.47112	5.55242
3610	-4107.925	-4115.117	7.191945	25.08464	5.649466
3620	-4090.572	-4110.636	20.06406	23.53473	5.181522
3630	-4102.204	-4108.331	6.126952	21.03586	5.880363
3640	-4093.507	-4111.99	18.48285	19.09641	5.27849
3650	-4091.347	-4107.79	16.44255	18.16224	5.360559
3660	-4100.562	-4115.164	14.60176	18.51398	5.471416
3670	-4109.517	-4115.238	5.720852	21.77704	5.871748
3680	-4102.174	-4108.831	6.656865	19.70873	5.889276
3690	-4112.884	-4110.801	-2.083025	16.74344	6.389241
3700	-4130.499	-4130.738	0.2391289	17.05913	6.254909
3710	-4099.701	-4113.438	13.73725	19.54778	5.529803
3720	-4092.676	-4109.042	16.36571	24.36843	5.3106
3730	-4098.441	-4109.784	11.34353	21.07031	5.631618
3740	-4096.466	-4105.702	9.236073	18.57994	5.761701
3750	-4100.595	-4114.706	14.1103	20.51934	5.507448
3760	-4100.954	-4116.072	15.11808	19.86632	5.460366
3770	-4095.457	-4109.912	14.45458	17.85642	5.459659
3780	-4092.682	-4111.243	18.56152	19.33166	5.279321
3790	-4102.822	-4107.746	4.924063	16.29124	5.952119
3800	-4084.112	-4100.023	15.91138	21.337	5.411259
3810	-4097.202	-4106.876	9.674198	14.14511	5.421256
3820	-4100.025	-4106.661	6.636019	18.13684	5.900323
3830	-4104.051	-4105.663	1.61211	18.53956	6.172652
3840	-4127.284	-4131.092	3.80754	19.05354	6.047702
3850	-4092.056	-4107.776	15.72008	18.88616	5.419524
3860	-4105.215	-4115.268	10.05264	20.09819	5.712339
3870	-4105.258	-4109.748	4.490467	19.34093	6.007023
3880	-4095.944	-4108.37	12.4261	22.13755	5.553789
3890	-4088.416	-4106.198	17.78221	21.04718	5.326213
3900	-4107.213	-4114.511	7.298206	18.68289	5.865995
3910	-4096.266	-4110.334	14.06856	20.3088	5.511286
3920	-4092.911	-4109.415	16.50423	19.22048	5.384143
3930	-4108.221	-4119.464	11.24306	19.54948	5.65739
3940	-4099.58	-4108.929	9.349606	18.80544	5.756665
3950	-4096.311	-4102.697	6.38644	16.6972	5.881534
3960	-4097.666	-4111.668	14.00198	19.40384	5.515623
3970	-4113.756	-4123.371	9.615098	16.83217	5.695002
3980	-4108.505	-4116.575	8.069877	19.01054	5.824195
3990	-4123.405	-4132.504	9.098857	19.24469	5.76931
4000	-4116.006	-4126.923	10.91689	17.20249	5.635377
4010	-4096.967	-4112.002	15.03468	22.30378	5.431851
4020	-4119.352	-4134.148	14.7959	19.39916	5.474672
4030	-4104.693	-4113.568	8.875127	17.10803	5.750573
4040	-4106.239	-4119.964	13.72459	19.53151	5.530406
4050	-4120.917	-4129.512	8.595096	16.58682	5.743662
4060	-4107.602	-4116.14	8.538032	18.20655	5.796307
4070	-4111.734	-4116.216	4.482351	17.63982	6.016299
4080	-4101.287	-4111.698	10.41167	18.86594	5.700506
4090	-4104.774	-4115.227	10.45265	18.62446	5.696649
4100	-4091.748	-4107.975	16.22717	23.3061	5.351613
4110	-4117.18	-4124.618	7.437802	17.31688	5.840986
4120	-4099.387	-4115.807	16.42026	22.25015	5.370926
4130	-4095.895	-4108.842	12.94673	22.68751	5.513589
4140	-4098.811	-4110.7	11.88874	23.02077	5.548413
4150	-4093.947	-4104.225	10.2786	24.45409	5.556432
4160	-4112.909	-4120.87	7.961053	21.6695	5.772685
4170	-4104.831	-4117.657	12.8254	17.76021	5.547676
4180	-4112.755	-4123.951	11.19576	16.80943	5.599855
4190	-4100.847	-4111.909	11.06165	20.66636	5.6534
4200	-4107.195	-4116.847	9.652737	20.27613	5.7293
4210	-4092.061	-4105.634	13.57297	17.31575	5.486643
4220	-4087.612	-4101.324	13.71173	21.29824	5.515103
4230	-4082.387	-4097.945	15.55804	19.52744	5.436504
4240	-4091.296	-4102.941	11.64463	17.33108	5.598648
4250	-4101.665	-4103.596	1.931036	17.28674	6.158686
4260	-4103.109	-4117.963	14.85425	20.31322	5.472575
4270	-4093.485	-4106.033	12.54751	20.04162	5.588651
4280	-4096.845	-4105.263	8.417662	22.40447	5.724602
4290	-4109.173	-4118.535	9.362121	21.69934	5.70707
4300	-4092.263	-4111.067	18.80367	23.01926	5.248071
4310	-4098.156	-4108.487	10.33105	18.93863	5.705061
4320	-4101.408	-4113.989	12.58146	19.64193	5.588823
4330	-4092.07	-4098.655	6.584624	20.47919	5.875309
4340	-4089.272	-4110.904	21.63213	17.91517	5.061176
4350	-4102.008	-4110.373	8.365609	19.26164	5.807289
4360	-4101.051	-4107.928	6.877613	20.7736	5.852747
4370	-4088.869	-4104	15.13137	23.29357	5.399033
4380	-4089.982	-4106.6	16.61768	21.42221	5.376993
4390	-4089.077	-4102.614	13.53689	19.61799	5.540161
4400	-4081.185	-4102.66	21.47529	21.48969	5.149974
4410	-4089.863	-4107.196	17.33296	20.81299	5.34923
4420	-4101.444	-4113.767	12.3227	22.08183	5.560094
4430	-4108.219	-4111.144	2.925226	17.07704	6.09779
4440	-4113.426	-4117.832	4.406464	24.99474	5.765716
4450	-4096.219	-4115.167	18.94772	20.14951	5.270129
4460	-4098.495	-4108.257	9.762059	20.56688	5.718389
4470	-4094.249	-4112.321	18.07251	22.0334	5.300536
4480	-4094.688	-4107.846	13.1574	21.02363	5.546368
4490	-4079.062	-4099.309	20.24776	20.6249	5.208775
4500	-4086.121	-4097.437	11.31564	19.31671	5.654145
4510	-4095.427	-4100.155	4.72802	17.95509	6.004953
4520	-4099.979	-4113.775	13.7954	19.50272	5.526688
4530	-4119.405	-4126.329	6.9244	22.52506	5.786107
4540	-4111.511	-4120.855	9.343712	20.74425	5.734728
4550	-4107.872	-4113.957	6.084979	19.29033	5.9253
4560	-4088.773	-4104.845	16.07255	21.59606	5.399631
4570	-4105.258	-4123.152	17.89464	18.76393	5.301138
4580	-4107.756	-4113.984	6.228569	17.3239	5.910983
4590	-4103.242	-4112.991	9.748286	19.91146	5.730097
4600	-4105.772	-4120.866	15.0945	20.72514	5.457697
4610	-4112.623	-4121.345	8.722052	18.12587	5.785157
4620	-4128.952	-4130.369	1.416242	17.74121	6.190102
4630	-4132.978	-4134.996	2.01755	16.95911	6.148931
4640	-4094.444	-4110.896	16.45205	23.00445	5.350641
4650	-4097.971	-4107.505	9.534153	18.4671	5.744712
4660	-4107.951	-4116.891	8.939234	23.60181	5.651208
4670	-4098.139	-4105.188	7.048805	16.10234	5.810492
4680	-4091.227	-4105.814	14.58685	18.85507	5.479018
4690	-4094.318	-4106.193	11.87568	18.57725	5.619595
4700	-4108.336	-4117.724	9.387372	16.81906	5.707902
4710	-4088.729	-4105.603	16.87355	20.95041	5.370255
4720	-4101.466	-4109.97	8.504581	18.82064	5.801604
4730	-4096.346	-4110.708	14.36152	19.13895	5.494788
4740	-4101.37	-4111.127	9.756131	20.8862	5.711544
4750	-4095.876	-4103.784	7.907734	17.36527	5.815249
4760	-4102.868	-4112.078	9.209671	21.56577	5.718372
4770	-4102.227	-4108.157	5.929838	19.79476	5.924404
4780	-4104.878	-4112.056	7.177972	18.71329	5.872383
4790	-4094.917	-4114.637	19.71969	21.41699	5.232227
4800	-4098.534	-4118.147	19.61347	20.20601	5.237544
4810	-4097.622	-4107.658	10.03605	15.60423	5.583368
4820	-4089.917	-4103.672	13.75512	17.76852	5.495639
4830	-4092.643	-4108.591	15.9477	19.49613	5.416268
4840	-4095.551	-4107.647	12.09607	20.32507	5.608214
4850	-4116.475	-4120.337	3.862368	17.16057	6.044655
4860	-4115.617	-4116.935	1.318113	18.0972	6.193876
4870	-4119.715	-4125.421	5.706809	15.29649	5.835595
4880	-4092.402	-4107.513	15.11126	21.00857	5.45363
4890	-4105.39	-4113.864	8.474266	16.1675	5.726326
4900	-4090.662	-4106.171	15.50933	19.96615	5.440837
4910	-4096.18	-4115.123	18.94319	19.72	5.266033
4920	-4097.458	-4112.149	14.69079	20.89576	5.475158
4930	-4091.025	-4107.088	16.06317	20.22397	5.413229
4940	-4098.857	-4108.53	9.6729	18.70391	5.739008
4950	-4115.398	-4125.194	9.796522	17.9127	5.72177
4960	-4096.738	-4105.798	9.05996	20.0346	5.76278
4970	-4091.516	-4107.774	16.25806	21.96147	5.384346
4980	-4101.921	-4116.538	14.61728	18.68904	5.474365
4990	-4092.559	-4110.583	18.02402	22.30757	5.297749
5000	-4107.801	-4114.093	6.291667	17.99804	5.918268
5010	-4108.051	-4115.428	7.3779	21.10325	5.818796
5020	-4101.214	-4110.673	9.459744	16.28598	5.673363
5030	-4101.902	-4107.569	5.666641	21.69103	5.877707
5040	-4087.16	-4105.929	18.7686	22.49006	5.260968
5050	-4122.462	-4129.651	7.189474	17.79402	5.865565
5060	-4105.095	-4114.244	9.148706	19.4603	5.765305
5070	-4091.972	-4101.865	9.893764	18.99737	5.728241
5080	-4095.717	-4111.006	15.28879	20.47092	5.450337
5090	-4094.274	-4103.356	9.082487	18.37535	5.768346
5100	-4093.95	-4106.793	12.84342	21.95006	5.540138
5110	-4091.559	-4104.703	13.14402	17.33221	5.512186
5120	-4093.993	-4103.322	9.328679	17.36729	5.733489
5130	-4103.6	-4112.94	9.339486	16.87903	5.713577
5140	-4089.73	-4106.687	16.95697	19.38889	5.363132
5150	-4102.088	-4108.956	6.868641	18.41438	5.88894
5160	-4089.954	-4099.96	10.00549	18.30912	5.717238
5170	-4091.849	-4107.667	15.81831	19.98773	5.425395
5180	-4105.32	-4116.744	11.4246	21.34682	5.621298
5190	-4117.571	-4116.786	-0.7846628	19.26995	6.282075
5200	-4103.472	-4113.425	9.952925	19.31251	5.724707
5210	-4095.817	-4110.167	14.35043	17.12242	5.431347
5220	-4115.616	-4123.57	7.954243	15.57154	5.713983
5230	-4099.681	-4120.404	20.72298	25.2384	5.105061
5240	-4095.346	-4115.426	20.07985	19.88024	5.210801
5250	-4093.055	-4115.31	22.25539	20.00328	5.103614
5260	-4117.781	-4119.1	1.318552	19.62039	6.1629
5270	-4102.708	-4109.181	6.472745	17.57624	5.902328
5280	-4093.936	-4103.967	10.03128	16.32058	5.640586
5290	-4080.902	-4094.95	14.04833	18.78542	5.50648
5300	-4106.739	-4107.604	0.86429	14.17018	6.047154
5310	-4092.247	-4111.673	19.42578	20.8185	5.248671
5320	-4088.743	-4102.719	13.97556	20.89657	5.509375
5330	-4108.689	-4113.898	5.208667	19.6415	5.964192
5340	-4092.829	-4105.063	12.23387	19.60145	5.606618
5350	-4101.796	-4120.602	18.80545	22.27104	5.263364
5360	-4086.854	-4104.482	17.62823	21.57788	5.327843
5370	-4096.946	-4108.891	11.94453	19.73824	5.620848
5380	-4102.085	-4116.362	14.27659	18.85303	5.495441
5390	-4097.383	-4113.52	16.13706	19.19978	5.402945
5400	-4105.008	-4121.743	16.73483	21.47968	5.370712
5410	-4101.816	-4113.055	11.23907	18.18039	5.647429
5420	-4088.976	-4102.578	13.60152	18.96309	5.53267
5430	-4096.535	-4102.352	5.817325	21.80049	5.86637
5440	-4100.17	-4113.032	12.86244	16.29766	5.465341
5450	-4104.482	-4108.417	3.935136	18.08864	6.049268
5460	-4111.627	-4118.828	7.201617	18.47732	5.871046
5470	-4105.84	-4119.433	13.59386	19.99603	5.536651
5480	-4108.789	-4112.581	3.791504	16.53227	6.031316
5490	-4098.271	-4113.979	15.70855	17.40383	5.3681
5500	-4104.435	-4119.552	15.11737	22.8675	5.412743
5510	-4098.363	-4109.975	11.61229	19.11801	5.638358
5520	-4088.999	-4102.85	13.85163	19.59927	5.52408
5530	-4106.388	-4119.144	12.75613	20.36757	5.575275
5540	-4098.27	-4112.25	13.98067	19.74521	5.517694
5550	-4103.307	-4113.825	10.51778	18.4239	5.690898
5560	-4085.143	-4098.379	13.23623	22.33786	5.511494
5570	-4093.309	-4101.684	8.374415	18.25331	5.805789
5580	-4099.928	-4112.114	12.18607	18.57848	5.602906
5590	-4086.161	-4103.58	17.41914	21.97189	5.331294
5600	-4097.386	-4112.414	15.02814	22.90854	5.415428
5610	-4112.134	-4122.449	10.31473	23.59735	5.593119
5620	-4100.874	-4105.36	4.485942	17.49081	6.014246
5630	-4095.176	-4104.244	9.067836	19.01859	5.771687
5640	-4108.389	-4119.848	11.45933	18.40799	5.639537
5650	-4100.749	-4114.927	14.17821	21.29017	5.493347
5660	-4102.652	-4114.757	12.10488	19.1944	5.612936
5670	-4099.328	-4108.878	9.550041	22.82445	5.65792
5680	-4119.634	-4124.474	4.840108	22.28594	5.889746
5690	-4092.625	-4107.524	14.89843	21.6135	5.453657
5700	-4098.813	-4112.937	14.1237	19.63209	5.510283
5710	-4092.25	-4104.765	12.51571	19.31784	5.592023
5720	-4120.358	-4134.218	13.85968	17.84783	5.492669
5730	-4102.44	-4110.085	7.644246	20.75272	5.81642
5740	-4104.968	-4119.545	14.57707	22.39845	5.449846
5750	-4100.579	-4112.158	11.57832	18.67775	5.636844
5760	-4095.897	-4109.517	13.61974	19.65796	5.535975
5770	-4101.188	-4109.888	8.70002	16.98	5.755764
5780	-4098.828	-4112.731	13.90319	19.1303	5.518651
5790	-4102.238	-4110.559	8.32112	18.66621	5.811208
5800	-4109.1	-4118.519	9.419036	18.29226	5.749061
5810	-4103.948	-4117.493	13.54416	16.9143	5.466605
5820	-4099.098	-4111.213	12.11508	21.63788	5.581807
5830	-4097.457	-4117.95	20.49307	21.44327	5.195966
5840	-4098.625	-4113.487	14.86214	18.16191	5.447565
5850	-4118.41	-4127.481	9.070445	19.60943	5.767922
5860	-4128.101	-4137.482	9.3808	21.19881	5.721266
5870	-4111.97	-4124.727	12.75687	19.07622	5.578185
5880	-4116.426	-4129.161	12.7352	22.21612	5.537548
5890	-4116.793	-4126.8	10.00688	18.7232	5.721273
5900	-4113.608	-4117.544	3.935808	16.36877	6.016129
5910	-4123.554	-4131.204	7.650707	19.78157	5.837686
5920	-4104.625	-4119.012	14.38781	20.53074	5.493819
5930	-4099.493	-4110.735	11.24124	24.75236	5.503521
5940	-4098.15	-4111.844	13.69453	18.07085	5.509205
5950	-4113.193	-4123.063	9.869945	19.77878	5.725529
5960	-4104.807	-4115.516	10.709	19.24731	5.685641
5970	-4116.909	-4134.914	18.00505	21.99752	5.304202
5980	-4118.269	-4126.622	8.35336	17.9177	5.802422
5990	-4095.35	-4111.512	16.16228	22.87601	5.366816
6000	-4101.677	-4112.622	10.94511	19.75816	5.671331
6010	-4095.423	-4109.26	13.83707	21.8657	5.496941
6020	-4095.133	-4108.187	13.05411	18.00958	5.542878
6030	-4107.648	-4114.84	7.191509	21.531	5.813194
6040	-4089.965	-4100.267	10.30198	18.47378	5.703212
6050	-4087.852	-4103.73	15.87853	20.4707	5.42153
6060	-4105.384	-4110.558	5.173975	14.29649	5.760652
6070	-4118.93	-4129.951	11.02081	19.18728	5.669407
6080	-4087.295	-4103.982	16.68616	23.11194	5.337489
6090	-4099.969	-4115.454	15.48525	21.84464	5.421998
6100	-4093.926	-4108.945	15.01851	19.41746	5.463346
6110	-4092.749	-4114.227	21.47883	24.10037	5.10787
6120	-4104.094	-4117.2	13.10558	20.53119	5.556268
6130	-4091.09	-4110.066	18.9761	23.97056	5.215563
6140	-4100.96	-4117.328	16.3675	18.09024	5.362027
6150	-4090.026	-4102.535	12.50918	19.08771	5.591248
6160	-4107.681	-4110.674	2.993041	21.30567	6.01805
6170	-4103.494	-4111.342	7.847849	16.55505	5.787119
6180	-4104.002	-4117.743	13.74089	19.03686	5.526181
6190	-4102.322	-4117.743	15.42152	19.45392	5.442913
6200	-4100.14	-4118.354	18.21334	20.7167	5.307233
6210	-4094.748	-4107.076	12.32795	17.24591	5.555383
6220	-4082.909	-4101.378	18.46952	18.798	5.27149
6230	-4088.313	-4107.563	19.24989	17.91882	5.194336
6240	-4108.418	-4122.311	13.89338	22.25359	5.484399
6250	-4091.184	-4110.265	19.0805	20.15721	5.263594
6260	-4089.843	-4105.973	16.13019	20.93949	5.405847
6270	-4102.133	-4110.842	8.708602	16.99311	5.755796
6280	-4102.343	-4111.679	9.336308	23.09401	5.656249
6290	-4098.077	-4116.233	18.15564	20.70306	5.310053
6300	-4086.781	-4106.846	20.06471	20.30288	5.215994
6310	-4092.527	-4117.258	24.7304	18.34357	4.914977
6320	-4110.403	-4118.068	7.664886	20.3058	5.82667
6330	-4104.222	-4121.937	17.7144	19.57151	5.326649
6340	-4093.581	-4106.74	13.15865	21.14737	5.544043
6350	-4101.82	-4115.072	13.25183	20.77612	5.545868
6360	-4094.865	-4110.176	15.31093	19.75258	5.450349
6370	-4098.709	-4109.557	10.84784	21.3839	5.647347
6380	-4097.809	-4108.355	10.54628	22.71226	5.618477
6390	-4099.456	-4111.802	12.34573	19.63134	5.600849
6400	-4110.257	-4118.383	8.126233	17.20987	5.797846
6410	-4097.075	-4109.967	12.89172	17.40999	5.53022
6420	-4096.776	-4110.592	13.81634	21.33309	5.509523
6430	-4111.721	-4120.095	8.373779	21.03339	5.773625
6440	-4087.471	-4109.089	21.61781	18.85118	5.105982
6450	-4085.681	-4104.702	19.02155	18.38608	5.227875
6460	-4109.419	-4122.006	12.58662	24.32318	5.467587
6470	-4111.546	-4119.07	7.524184	18.05292	5.850454
6480	-4115.443	-4127.548	12.10496	18.03299	5.596197
6490	-4115.117	-4121.005	5.888828	20.67774	5.903351
6500	-4090.462	-4108.112	17.64946	19.1232	5.322679
6510	-4122.204	-4128.964	6.760055	18.83616	5.89422
6520	-4098.955	-4107.672	8.716874	17.85505	5.780957
6530	-4106.901	-4120.645	13.74319	18.41697	5.515674
6540	-4100.065	-4109.175	9.109108	20.2048	5.757429
6550	-4100.973	-4112.498	11.52445	22.06693	5.596701
6560	-4100.616	-4113.338	12.72201	20.27351	5.577953
6570	-4106.044	-4115.473	9.428678	19.78626	5.74775
6580	-4096.744	-4109.596	12.85192	18.10571	5.556779
6590	-4110.206	-4116.801	6.595451	17.02799	5.881302
6600	-4094.446	-4110.588	16.14195	21.49264	5.398109
6610	-4101.483	-4113.177	11.69426	21.79337	5.596992
6620	-4105.03	-4121.217	16.18736	20.29141	5.406992
6630	-4104.617	-4114.086	9.468847	23.57752	5.629839
6640	-4113.726	-4117.519	3.793568	22.06762	5.947007
6650	-4116.879	-4126.89	10.01072	18.23093	5.715803
6660	-4093.937	-4105.071	11.1342	17.38892	5.630365
6670	-4088.022	-4110.223	22.20083	20.00459	5.106364
6680	-4106.624	-4119.552	12.92788	20.17886	5.568648
6690	-4116.575	-4117.828	1.252854	17.01146	6.194818
6700	-4120.254	-4124.336	4.082504	18.39893	6.040327
6710	-4086.198	-4097.82	11.62204	17.8315	5.617569
6720	-4116.053	-4126.763	10.70917	22.11567	5.632064
6730	-4109.397	-4117.848	8.451061	19.3807	5.801905
6740	-4100.629	-4116.337	15.70782	19.00367	5.422304
6750	-4100.86	-4114.361	13.50107	22.91301	5.481941
6760	-4100.914	-4109.15	8.235706	20.42878	5.795847
6770	-4106.301	-4116.524	10.22286	18.29412	5.705145
6780	-4094.475	-4110.854	16.37956	22.08691	5.376269
6790	-4100.293	-4110.766	10.47292	20.24214	5.689372
6800	-4093.278	-4105.31	12.03258	20.00782	5.614633
6810	-4091.311	-4108.002	16.69075	20.54639	5.381588
6820	-4107.361	-4121.659	14.29751	21.49234	5.483932
6830	-4100.903	-4114.681	13.77736	21.1356	5.514992
6840	-4112.921	-4114.488	1.567183	17.82489	6.181466
6850	-4096.58	-4112.845	16.26481	18.19189	5.371398
6860	-4128.361	-4129.167	0.8061279	17.13736	6.222526
6870	-4119.875	-4129.059	9.184164	16.38494	5.696488
6880	-4111.43	-4120.026	8.596181	16.38258	5.732235
6890	-4105.072	-4116.209	11.13729	20.48553	5.652898
6900	-4099.199	-4114.21	15.01037	18.65987	5.45271
6910	-4104.158	-4123.122	18.96368	24.26259	5.207289
6920	-4093.879	-4109.327	15.44738	20.09721	5.443921
6930	-4109.677	-4122.179	12.50193	20.67251	5.583613
6940	-4098.256	-4112.687	14.43068	19.64112	5.494674
6950	-4105.998	-4120.067	14.06966	21.95681	5.484108
6960	-4099.796	-4114.361	14.56555	19.25927	5.485387
6970	-4094.725	-4105.608	10.88229	20.1665	5.670185
6980	-4103.625	-4119.855	16.22976	17.88726	5.361559
6990	-4103.733	-4112.101	8.367652	15.01306	5.631533
7000	-4100.772	-4118.586	17.81364	20.10518	5.326218
7010	-4105.527	-4127.253	21.72607	20.87362	5.138396
7020	-4108.303	-4126.098	17.79521	22.96111	5.293341
7030	-4104.225	-4121.372	17.14742	21.00918	5.356704
7040	-4114.244	-4128.496	14.25259	18.53995	5.490849
7050	-4100.304	-4116.264	15.96076	23.049	5.370713
7060	-4104	-4123.431	19.43176	22.93325	5.222671
7070	-4102.79	-4114.905	12.11484	19.82495	5.611784
7080	-4108.816	-4115.743	6.927051	17.85614	5.881214
7090	-4099.576	-4110.706	11.13012	22.05177	5.615046
7100	-4090.82	-4106.821	16.00083	19.23528	5.410538
7110	-4103.359	-4109.962	6.60378	19.97715	5.886633
7120	-4098.413	-4112.385	13.97233	20.21477	5.516671
7130	-4097.501	-4112.84	15.33927	22.04948	5.424223
7140	-4122.706	-4130.88	8.174105	16.41973	5.760107
7150	-4116.79	-4124.673	7.882734	18.94114	5.834329
7160	-4104.167	-4122.09	17.9228	18.38774	5.287695
7170	-4084.432	-4109.698	25.26648	21.96209	4.974154
7180	-4096.84	-4111.589	14.74926	22.50496	5.439275
7190	-4094.029	-4111.612	17.58288	18.11698	5.295945
7200	-4085.832	-4107.423	21.59026	19.5525	5.128178
7210	-4092.866	-4111.269	18.40353	21.63305	5.291245
7220	-4098.166	-4110.658	12.49154	18.24566	5.580061
7230	-4089.718	-4102.348	12.63035	18.24162	5.57236
7240	-4102.197	-4119.748	17.55172	18.92623	5.323503
7250	-4085.931	-4098.728	12.79706	18.95691	5.575033
7260	-4101.135	-4105.648	4.513367	17.85727	6.016395
7270	-4095.893	-4108.951	13.05801	22.64001	5.510201
7280	-4100.795	-4118.531	17.7366	22.84535	5.298741
7290	-4094.049	-4100.374	6.325094	22.66841	5.806314
7300	-4090.787	-4105.509	14.72216	20.88097	5.473844
7310	-4102.555	-4115.33	12.77482	19.33928	5.578685
7320	-4114.089	-4123.933	9.844526	17.5103	5.708491
7330	-4098.319	-4117.257	18.93855	23.56569	5.228516
7340	-4084.565	-4099.517	14.95137	21.84792	5.446367
7350	-4103.368	-4116.138	12.7704	19.74419	5.578991
7360	-4086.031	-4102.333	16.30166	20.8435	5.398527
7370	-4087.695	-4100.951	13.25564	21.96602	5.52094
7380	-4087.066	-4101.92	14.85392	22.25817	5.44112
7390	-4086.353	-4103.068	16.71583	21.37451	5.373062
7400	-4090.315	-4108.921	18.60636	18.10332	5.238848
7410	-4099.518	-4116.317	16.79963	21.67156	5.36477
7420	-4115.903	-4129.334	13.43123	21.18988	5.530365
7430	-4119.851	-4126.384	6.532762	20.36356	5.880933
7440	-4106.58	-4121.701	15.12069	21.03952	5.452772
7450	-4110.453	-4109.154	-1.298136	16.3352	6.335111
7460	-4106.592	-4117.575	10.98337	18.4058	5.665361
7470	-4102.41	-4109.873	7.462816	14.94763	5.684575
7480	-4094.804	-4104.721	9.916145	16.82647	5.676834
7490	-4096.399	-4105.594	9.195336	16.03681	5.672468
7500	-4078.625	-4094.022	15.39681	20.05644	5.446474
7510	-4105.857	-4115.828	9.970932	18.21437	5.717728
7520	-4096.414	-4111.28	14.86617	16.62127	5.368157
7530	-4101.046	-4117.553	16.50759	19.48555	5.387436
7540	-4098.875	-4109.653	10.77788	20.36863	5.672386
7550	-4104.787	-4111.431	6.644316	18.77735	5.900652
7560	-4101.092	-4112.33	11.23866	21.18571	5.633936
7570	-4108.466	-4117.718	9.251992	20.33152	5.74802
7580	-4090.075	-4101.619	11.54378	23.01735	5.563525
7590	-4088.896	-4113.116	24.22013	19.89107	5.002801
7600	-4109.328	-4119.819	10.49119	18.64742	5.694788
7610	-4094.537	-4108.031	13.49444	20.98037	5.531058
7620	-4125.193	-4132.587	7.39391	20.63064	5.83184
7630	-4113.771	-4122.355	8.583926	17.89661	5.789176
7640	-4105.911	-4121.38	15.46936	22.12053	5.416711
7650	-4091.977	-4109.149	17.17249	24.17809	5.283965
7660	-4107.768	-4115.343	7.574817	20.5291	5.825704
7670	-4111.063	-4122.029	10.96597	17.35258	5.638647
7680	-4108.498	-4116.616	8.117838	18.33189	5.820521
7690	-4125.955	-4131.411	5.455485	17.09679	5.950158
7700	-4091.683	-4108.092	16.4095	20.80275	5.39368
7710	-4095.483	-4106.102	10.61907	20.93787	5.669076
7720	-4096.125	-4119.473	23.34788	20.52682	5.05735
7730	-4096.017	-4108.183	12.16635	19.46762	5.610237
7740	-4093.538	-4112.231	18.69267	22.03288	5.272398
7750	-4102.172	-4118.653	16.48066	24.85142	5.288118
7760	-4100.329	-4116.311	15.98189	21.27884	5.408788
7770	-4099.348	-4111.53	12.18237	18.52118	5.602212
7780	-4104.606	-4111.706	7.09994	16.44587	5.826879
7790	-4099.185	-4114.633	15.44762	21.30242	5.433535
7800	-4100.847	-4110.855	10.0073	21.92948	5.67002
7810	-4097.238	-4106.048	8.809547	20.95972	5.754914
7820	-4092.539	-4104.352	11.81255	16.80129	5.562696
7830	-4104.002	-4116.612	12.60953	21.12613	5.570436
7840	-4091.655	-4105.26	13.60493	17.00387	5.46828
7850	-4101.506	-4116.168	14.6624	21.26649	5.471005
7860	-4087.07	-4104.531	17.46057	21.93158	5.33011
7870	-4096.739	-4118.485	21.74592	23.79249	5.104265
7880	-4102.967	-4117.138	14.17107	21.63068	5.486944
7890	-4094.618	-4110.06	15.44234	22.39927	5.411195
7900	-4101.575	-4112.344	10.76869	19.414	5.682223
7910	-4088.749	-4104.363	15.61441	22.49819	5.401007
7920	-4087.924	-4102.007	14.08328	19.98835	5.512198
7930	-4100.308	-4113.247	12.93851	21.19362	5.553543
7940	-4102.494	-4110.629	8.134678	17.66408	5.809788
7950	-4089.606	-4100.8	11.19383	16.9252	5.606122
7960	-4101.073	-4108.662	7.588573	15.30915	5.713793
7970	-4123.676	-4127.134	3.458543	20.97208	6.00973
7980	-4097.013	-4114.858	17.84487	20.49362	5.325464
7990	-4098.993	-4111.36	12.36745	17.63763	5.569214
8000	-4106.434	-4119.839	13.40441	20.93055	5.536165
8010	-4113.67	-4122.114	8.444304	17.6029	5.790813
8020	-4113.6	-4118.509	4.908832	17.4278	5.989048
8030	-4084.66	-4099.83	15.17045	19.53285	5.456388
8040	-4100.04	-4117.37	17.33011	18.76216	5.331178
8050	-4087.023	-4099.749	12.72557	20.94833	5.568282
8060	-4101.01	-4107.241	6.230835	19.74756	5.910139
8070	-4091.986	-4110.675	18.68892	21.2653	5.281678
8080	-4089.141	-4105.746	16.60527	19.85528	5.385448
8090	-4098.098	-4108.726	10.62738	17.59763	5.66663
8100	-4098.569	-4109.394	10.82481	20.53369	5.667311
8110	-4105.746	-4111.509	5.762942	23.12082	5.809681
8120	-4083.586	-4100.318	16.73197	19.23634	5.372544
8130	-4092.881	-4104.035	11.15374	19.8487	5.660067
8140	-4098.763	-4108.107	9.344261	19.39358	5.755733
8150	-4085.757	-4098.861	13.10365	16.42746	5.46046
8160	-4101.51	-4109.595	8.08512	18.40827	5.822841
8170	-4095.539	-4111.928	16.38818	20.09303	5.397103
8180	-4089.15	-4099.651	10.50055	18.61386	5.693978
8190	-4102.221	-4111.406	9.18406	15.20462	5.598597
8200	-4109.637	-4114.148	4.511404	14.54501	5.838251
8210	-4107.473	-4124.43	16.9577	17.78614	5.316233
8220	-4099.736	-4111.168	11.43274	19.80547	5.646331
8230	-4100.362	-4118.182	17.81999	19.01164	5.31134
8240	-4110.919	-4121.013	10.09431	20.64661	5.700618
8250	-4108.58	-4110.324	1.744341	21.97483	6.044549
8260	-4106.812	-4126.006	19.19383	21.75751	5.253305
8270	-4120.106	-4127.314	7.20824	17.26369	5.85276
8280	-4099.61	-4104.811	5.201338	18.13237	5.979414
8290	-4090.776	-4109.101	18.32472	21.21069	5.299264
8300	-4111.606	-4124.691	13.08435	19.71557	5.563142
8310	-4090.381	-4114.557	24.17662	24.75445	4.980878
8320	-4102.336	-4117.401	15.06456	21.00652	5.45588
8330	-4087.805	-4107.469	19.66391	19.26854	5.220879
8340	-4109.349	-4116.736	7.386642	24.83795	5.654761
8350	-4089.677	-4101.65	11.97318	21.74302	5.585567
8360	-4106.32	-4114.504	8.183693	17.67751	5.807307
8370	-4097.072	-4104.176	7.104231	18.05084	5.873694
8380	-4103.328	-4115.856	12.52781	21.06495	5.575517
8390	-4109.876	-4121.526	11.65	21.31035	5.611617
8400	-4101.531	-4115.482	13.95064	22.88509	5.463208
8410	-4094.308	-4104.352	10.04344	20.70225	5.701907
8420	-4110.601	-4122.716	12.11485	21.27496	5.590607
8430	-4110.379	-4121.051	10.6718	20.61921	5.673174
8440	-4109.023	-4117.762	8.739079	20.84599	5.761289
8450	-4092.277	-4112.012	19.73434	20.22664	5.231723
8460	-4110.459	-4124.872	14.4126	18.40339	5.478989
8470	-4091.235	-4103.148	11.91295	20.276	5.61783
8480	-4123.653	-4130.251	6.598401	16.43233	5.856702
8490	-4105.916	-4116.862	10.9463	23.56091	5.567861
8500	-4101.716	-4113.31	11.59381	20.47689	5.630746
8510	-4111.275	-4120.748	9.473668	21.59121	5.705342
8520	-4099.912	-4122.759	22.84753	22.12932	5.083097
8530	-4101.594	-4114.789	13.19517	20.31468	5.554236
8540	-4101.247	-4118.567	17.3201	20.87556	5.349462
8550	-4117.919	-4130.007	12.08798	17.96178	5.595229
8560	-4098.022	-4128.015	29.99261	24.46759	4.750085
8570	-4102.088	-4118.89	16.80174	17.01373	5.28095
8580	-4103.074	-4115.047	11.97358	21.5776	5.589908
8590	-4120.598	-4124.681	4.083339	16.55692	6.014581
8600	-4110.179	-4118.936	8.757646	19.21405	5.787216
8610	-4095.646	-4109.965	14.31837	21.96623	5.472554
8620	-4100.075	-4109.214	9.138401	18.08379	5.761538
8630	-4092.602	-4103.399	10.79716	20.3684	5.671443
8640	-4114.203	-4120.027	5.824732	17.26131	5.932843
8650	-4115.635	-4122.858	7.222747	19.45416	5.864355
8660	-4112.873	-4118.211	5.337944	21.62357	5.895591
8670	-4100.959	-4111.659	10.70016	20.70244	5.670181
8680	-4102.743	-4114.54	11.79684	19.40262	5.629268
8690	-4103.575	-4114.582	11.00679	21.6574	5.632475
8700	-4091.547	-4099.418	7.871523	16.24369	5.768341
8710	-4098.963	-4109.173	10.2103	21.31262	5.679114
8720	-4090.884	-4107.016	16.13226	20.64911	5.408159
8730	-4101.667	-4115.941	14.27428	19.43472	5.501776
8740	-4093.349	-4109.744	16.39513	22.05081	5.376309
8750	-4093.699	-4105.274	11.57505	21.83815	5.601185
8760	-4108.31	-4115.532	7.221623	18.15855	5.868225
8770	-4106.878	-4111.156	4.278382	19.66152	6.011085
8780	-4107.24	-4119.011	11.77086	19.02688	5.62961
8790	-4109.3	-4116.924	7.624048	18.22378	5.846656
8800	-4104.938	-4112.888	7.949888	18.509	5.830686
8810	-4098.554	-4109.929	11.37569	17.32842	5.614057
8820	-4086.611	-4097.942	11.33078	19.29681	5.653362
8830	-4107.419	-4112.697	5.277756	18.03853	5.97482
8840	-4103.818	-4116.774	12.95614	20.50723	5.563846
8850	-4106.543	-4123.951	17.40837	18.41636	5.316643
8860	-4094.513	-4105.911	11.39787	19.03464	5.64925
8870	-4080.831	-4104.551	23.7202	24.64188	5.002166
8880	-4091.785	-4103.873	12.08789	20.68156	5.603494
8890	-4098.792	-4116.181	17.38928	18.4815	5.31982
8900	-4109.256	-4120.311	11.05493	20.80451	5.651041
8910	-4095.214	-4108.387	13.17283	21.93266	5.525587
8920	-4092.85	-4107.121	14.27087	19.83832	5.503027
8930	-4096.257	-4108.351	12.09426	20.81036	5.600981
8940	-4093.424	-4113.94	20.51601	23.31804	5.167324
8950	-4088.559	-4105.356	16.79654	24.1865	5.299226
8960	-4086.947	-4106.716	19.76931	17.86883	5.162692
8970	-4094.822	-4106.008	11.18644	21.31167	5.633337
8980	-4099.697	-4107.626	7.928748	17.56909	5.819321
8990	-4102.054	-4111.061	9.00665	16.82749	5.730933
9000	-4123.051	-4126.649	3.598075	16.62967	6.046367
9010	-4088.893	-4100.549	11.65604	21.32947	5.610875
9020	-4104.777	-4111.445	6.6682	18.32765	5.899583
9030	-4095.012	-4102.176	7.164187	17.26921	5.855468
9040	-4108.587	-4115.195	6.608863	21.01865	5.858014
9050	-4106.425	-4111.822	5.397322	17.86177	5.966934
9060	-4085.023	-4100.938	15.91462	19.1905	5.414398
9070	-4110.558	-4122.792	12.23477	22.13697	5.562449
9080	-4094.379	-4106.709	12.32937	22.08814	5.559608
9090	-4115.864	-4115.243	-0.6205926	16.83147	6.303097
9100	-4097.349	-4109.757	12.40726	19.10505	5.596697
9110	-4097.999	-4116.984	18.98544	20.48154	5.269782
9120	-4100.563	-4121.873	21.30962	21.1919	5.158563
9130	-4098.202	-4118.681	20.47938	18.88011	5.167327
9140	-4104.527	-4114.524	9.996461	19.90629	5.717696
9150	-4094.779	-4105.186	10.40711	18.58809	5.698754
9160	-4107.224	-4115.395	8.170826	19.05611	5.818688
9170	-4090.845	-4114.414	23.5692	21.63006	5.052463
9180	-4089.555	-4108.047	18.4916	21.12454	5.29202
9190	-4094.191	-4111.861	17.67009	20.74631	5.333338
9200	-4101.784	-4114.319	12.53527	18.02099	5.572004
9210	-4095.767	-4106.881	11.11422	20.94229	5.645332
9220	-4108.563	-4120.589	12.02593	18.47536	5.60992
9230	-4083.582	-4102.999	19.41728	18.83976	5.222366
9240	-4095.67	-4111.88	16.20985	23.02379	5.360623
9250	-4092.693	-4108.008	15.31458	22.00077	5.426438
9260	-4106.353	-4118.508	12.15484	24.2576	5.488132
9270	-4099.313	-4114.224	14.9105	18.40916	5.452086
9280	-4101.437	-4110.273	8.836246	19.3681	5.782128
9290	-4109.685	-4116.106	6.42112	19.22858	5.908648
9300	-4091.604	-4113.762	22.15857	21.13899	5.118452
9310	-4098.008	-4105.955	7.947023	18.10393	5.827661
9320	-4100.776	-4105.797	5.021476	22.12727	5.888729
9330	-4094.542	-4114.535	19.9933	18.28106	5.170493
9340	-4098.35	-4108.985	10.63515	24.1235	5.556781
9350	-4076.19	-4092.568	16.37771	20.10064	5.397634
9360	-4102.642	-4117.8	15.15761	19.46679	5.456578
9370	-4095.904	-4113.982	18.07792	18.38346	5.279103
9380	-4083.522	-4106.324	22.80149	21.93786	5.086545
9390	-4100.117	-4118.138	18.02158	20.84574	5.316001
9400	-4098.467	-4109.309	10.84251	22.81387	5.601688
9410	-4125.638	-4132.941	7.302982	18.67406	5.865746
9420	-4110.227	-4125.272	15.04429	21.51315	5.448805
9430	-4108.876	-4117.552	8.676455	16.40562	5.728691
9440	-4118.3	-4120.342	2.042008	17.78422	6.154847
9450	-4085.116	-4105.226	20.11077	24.51004	5.15268
9460	-4101.109	-4113.837	12.72718	23.01501	5.512193
9470	-4089.822	-4105.572	15.75016	17.8494	5.386812
9480	-4099.71	-4117.47	17.75968	18.57647	5.302839
9490	-4091.785	-4105.801	14.01534	19.31705	5.514388
9500	-4102.101	-4111.499	9.398423	17.75626	5.740541
9510	-4105.37	-4120.783	15.41263	22.32196	5.414457
9520	-4091.575	-4106.512	14.93705	21.03815	5.461519
9530	-4091.357	-4106.983	15.62668	20.95632	5.429703
9540	-4080.966	-4103.922	22.95614	22.76139	5.07143
9550	-4080.209	-4099.497	19.28842	18.1071	5.201348
9560	-4089.761	-4105.491	15.72942	18.90759	5.419439
9570	-4078.04	-4099.93	21.8905	22.54924	5.121357
9580	-4095.968	-4116.215	20.24698	21.17143	5.208778
9590	-4091.995	-4108.226	16.231	21.78351	5.389003
9600	-4099.43	-4120.187	20.75615	24.65552	5.122043
9610	-4093.728	-4111.131	17.40268	20.94387	5.345046
9620	-4101.819	-4113.329	11.51063	21.81207	5.604884
9630	-4099.655	-4108.999	9.344612	17.81007	5.744812
9640	-4100.331	-4109.054	8.723338	23.57132	5.661739
9650	-4104.257	-4116.861	12.60388	19.21145	5.587025
9660	-4091.029	-4105.67	14.6409	20.48817	5.481848
9670	-4108.53	-4116.68	8.149396	20.56479	5.796851
9680	-4101.974	-4106.731	4.757215	16.18574	5.957169
9690	-4103.367	-4112.498	9.131518	19.43199	5.766415
9700	-4101.092	-4113.535	12.44283	22.15429	5.552542
9710	-4102.285	-4109.344	7.058993	17.95911	5.87518
9720	-4112.216	-4129.504	17.28725	22.25766	5.331808
9730	-4102.878	-4114.361	11.48359	19.08942	5.644985
9740	-4084.558	-4097.714	13.15631	19.47959	5.559412
9750	-4107.427	-4119.078	11.65058	24.99681	5.475795
9760	-4121.216	-4126.563	5.346723	16.22593	5.922858
9770	-4102.126	-4110.865	8.738398	17.3748	5.767709
9780	-4116.467	-4121.457	4.990076	19.65257	5.975082
9790	-4108.06	-4111.498	3.43791	18.90528	6.069558
9800	-4098.768	-4105.013	6.245307	15.62213	5.827686
9810	-4094.279	-4103.947	9.668127	20.10217	5.73141
9820	-4109.309	-4114.344	5.034842	28.03286	5.559155
9830	-4092.979	-4104.987	12.0088	17.40435	5.580703
9840	-4098.403	-4110.302	11.89947	21.33005	5.599449
9850	-4098.115	-4106.469	8.353998	18.78238	5.809604
9860	-4103.594	-4114.763	11.16888	18.78973	5.659797
9870	-4106.819	-4116.092	9.272872	17.37642	5.737001
9880	-4102.769	-4114.256	11.48724	21.64459	5.61064
9890	-4093.695	-4106.578	12.88298	19.46872	5.573427
9900	-4096.772	-4103.845	7.073403	21.17463	5.830907
9910	-4101.346	-4109.912	8.5665	20.38932	5.780512
9920	-4113.739	-4118.166	4.427146	15.43621	5.930428
9930	-4115.677	-4120.858	5.180623	17.0584	5.965221
9940	-4095.849	-4108.783	12.93393	23.2947	5.493329
9950	-4099.286	-4106.756	7.469706	18.05029	5.853441
9960	-4099.06	-4108.735	9.675095	18.41295	5.736519
9970	-4082.912	-4100.193	17.28091	18.70793	5.332357
9980	-4090.384	-4106.764	16.37962	21.10058	5.39227
9990	-4104.873	-4112.996	8.123051	20.08973	5.80851
10000	-4106.898	-4123.167	16.26901	19.32406	5.397812
