Iteration	Posterior	Likelihood	Prior	br_len_lambda	tree_length
0	-4108.651	-4117.689	9.037543	19.66228	5.769022
10	-4090.974	-4104.551	13.57638	19.84395	5.538022
20	-4106.025	-4113.311	7.28647	18.20047	5.865002
30	-4092.507	-4107.604	15.09691	25.06877	5.334985
40	-4104.001	-4109.795	5.79483	17.48981	5.939395
50	-4103.439	-4107.286	3.846962	18.18409	6.054019
60	-4106.093	-4112.06	5.967481	20.40539	5.907534
70	-4116.514	-4122.221	5.706344	18.30306	5.95204
80	-4087.863	-4103.515	15.65206	20.38783	5.433005
90	-4103.858	-4119.944	16.08553	20.21479	5.412134
100	-4113.558	-4119.925	6.367276	20.46015	5.886449
110	-4105.835	-4114.028	8.192437	19.16462	5.816963
120	-4118.851	-4125.151	6.300287	20.66436	5.883851
130	-4097.428	-4110.033	12.60501	16.63774	5.505276
140	-4102.186	-4114.327	12.14093	21.26929	5.589508
150	-4098.746	-4113.041	14.29465	17.53091	5.455283
160	-4105.616	-4120.498	14.88255	21.16036	5.462328
170	-4097.759	-4109.182	11.42304	18.71032	5.645504
180	-4092.55	-4113.997	21.44685	21.0398	5.152092
190	-4092.796	-4111.159	18.36209	18.04375	5.2497
200	-4078.718	-4099.279	20.56108	20.77001	5.194045
210	-4086.105	-4103.64	17.53499	20.05808	5.339874
220	-4103.392	-4109.325	5.933234	22.35643	5.837612
230	-4108.019	-4120.918	12.8992	21.27777	5.553681
240	-4097.849	-4109.286	11.43614	20.84698	5.63189
250	-4103.101	-4114.864	11.76291	22.93451	5.557024
260	-4095.637	-4110.047	14.40989	19.46722	5.49499
270	-4108.775	-4117.151	8.37597	18.00538	5.802573
280	-4115.51	-4117.492	1.981606	22.58523	6.002357
290	-4093.604	-4108.593	14.98909	20.4475	5.465141
300	-4096.963	-4107.506	10.54305	18.63323	5.691877
310	-4096.463	-4107.877	11.41371	15.94624	5.526572
320	-4103.979	-4109.461	5.481613	19.82453	5.946383
330	-4095.398	-4097.899	2.500843	21.17442	6.046861
340	-4089.219	-4102.799	13.57956	17.76797	5.505499
350	-4088.006	-4102.788	14.7816	20.43904	5.475349
360	-4083.738	-4097.175	13.43666	20.92169	5.534766
370	-4112.157	-4116.203	4.04613	21.01356	5.980135
380	-4105.734	-4117.108	11.37397	17.39255	5.616719
390	-4096.824	-4108.055	11.23082	23.73728	5.548521
400	-4084.408	-4102.573	18.16538	20.56817	5.309803
410	-4088.228	-4107.903	19.67509	20.43976	5.235933
420	-4117.983	-4124.315	6.331971	17.52778	5.909431
430	-4096.33	-4110.337	14.00681	19.98767	5.516027
440	-4083.284	-4105.214	21.93005	20.10017	5.1214
450	-4099.17	-4113.066	13.896	17.19071	5.461576
460	-4102.682	-4113.108	10.42653	17.17388	5.6627
470	-4118.098	-4127	8.902098	17.90002	5.771463
480	-4101.476	-4113.501	12.02507	22.2406	5.568757
490	-4104.915	-4109.963	5.047148	15.79627	5.916387
500	-4109.974	-4121.096	11.12234	16.99948	5.614066
510	-4105.883	-4110.593	4.709331	17.59273	6.002866
520	-4094.99	-4105.955	10.96497	19.05821	5.672067
530	-4094.86	-4112.059	17.19915	23.60274	5.301211
540	-4105.064	-4114.213	9.14935	17.37045	5.743917
550	-4101.981	-4111.86	9.878417	17.63443	5.710245
560	-4090.863	-4107.548	16.68506	19.5134	5.378638
570	-4099.956	-4112.244	12.28771	17.94507	5.583635
580	-4084.045	-4103.263	19.21764	20.71087	5.258756
590	-4104.64	-4118.787	14.14723	18.69262	5.499582
600	-4089.504	-4107.535	18.03178	21.54768	5.309517
610	-4107.375	-4118.897	11.52205	19.07694	5.642919
620	-4106.606	-4119.333	12.72716	19.71176	5.581269
630	-4094.905	-4110.321	15.41676	20.81728	5.441254
640	-4101.446	-4117.617	16.17183	19.43027	5.404091
650	-4111.84	-4118.025	6.185436	21.78721	5.850011
660	-4100.502	-4111.511	11.00869	17.92327	5.654366
670	-4094.323	-4099.168	4.844737	18.76261	5.996628
680	-4101.147	-4110.455	9.307914	17.33221	5.733514
690	-4089.834	-4105.199	15.3644	18.29301	5.424063
700	-4119.414	-4123.268	3.853207	17.0785	6.043481
710	-4098.546	-4108.311	9.765551	20.8418	5.712147
720	-4103.66	-4126.63	22.97004	20.50454	5.075504
730	-4099.249	-4112.221	12.97151	19.19764	5.567806
740	-4082.533	-4102.714	20.18116	18.40274	5.16551
750	-4101.789	-4104.818	3.028917	23.13163	5.92735
760	-4095.332	-4108.918	13.58586	18.17171	5.518108
770	-4119.836	-4134.633	14.79715	19.0911	5.471426
780	-4091.705	-4111.543	19.83804	17.69947	5.149323
790	-4100.911	-4121.921	21.00973	21.8293	5.169236
800	-4092.996	-4106.703	13.70772	20.56204	5.526599
810	-4086.318	-4108.727	22.40959	22.41753	5.099937
820	-4102.276	-4118.666	16.3897	21.83625	5.380751
830	-4101.173	-4119.577	18.40382	22.97101	5.266599
840	-4091.624	-4106.419	14.79473	22.28697	5.443042
850	-4095.772	-4105.889	10.11684	16.92213	5.669608
860	-4114.171	-4126.977	12.80552	20.33309	5.573224
870	-4111.113	-4125.838	14.72509	22.50304	5.440403
880	-4101.383	-4114.583	13.19992	19.13863	5.555478
890	-4101.995	-4116.082	14.08649	20.11505	5.511556
900	-4111.447	-4122.137	10.68955	20.48981	5.67468
910	-4109.17	-4117.176	8.006431	20.82932	5.796894
920	-4101.729	-4108.314	6.585232	18.59291	5.904356
930	-4105.196	-4110.826	5.629608	17.24785	5.943831
940	-4102.507	-4116.788	14.28145	18.41713	5.486452
950	-4109.618	-4122.862	13.24332	23.28071	5.480545
960	-4104.403	-4111.48	7.077243	18.58763	5.877893
970	-4115.371	-4121.143	5.772016	20.2227	5.922122
980	-4093.576	-4106.945	13.36869	17.86137	5.520639
990	-4101.698	-4108.665	6.967434	14.27717	5.632398
1000	-4116.845	-4128.106	11.26148	18.36523	5.649598
1010	-4096.803	-4109.685	12.88156	18.84095	5.569291
1020	-4096.101	-4111.158	15.0564	21.20298	5.45347
1030	-4106.128	-4118.749	12.62123	21.54195	5.560751
1040	-4101.287	-4113.666	12.37903	19.80786	5.59854
1050	-4101.014	-4116.664	15.65031	29.16032	5.125246
1060	-4109.315	-4116.819	7.504367	20.05108	5.840094
1070	-4095.204	-4108.015	12.81151	18.72018	5.571436
1080	-4087.26	-4109.382	22.12126	20.93157	5.119704
1090	-4091.288	-4107.453	16.16475	21.78418	5.392032
1100	-4103.616	-4116.741	13.12465	19.85675	5.560742
1110	-4104.046	-4116.121	12.07514	18.2887	5.603785
1120	-4079.877	-4096.631	16.75408	19.83012	5.377805
1130	-4086.195	-4104.479	18.28397	21.50033	5.29836
1140	-4105.076	-4113.514	8.43761	16.40534	5.743233
1150	-4108.487	-4114.229	5.741661	18.97809	5.947002
1160	-4115.177	-4121.348	6.171075	18.75729	5.925967
1170	-4108.432	-4115.484	7.051501	19.64396	5.870329
1180	-4107.017	-4121.932	14.91487	19.53168	5.469466
1190	-4110.238	-4114.542	4.304806	16.10219	5.980894
1200	-4106.614	-4111.89	5.276166	19.66559	5.960252
1210	-4095.998	-4103.717	7.718671	18.20471	5.841294
1220	-4094.347	-4110.25	15.90287	20.58765	5.419682
1230	-4099.158	-4104.058	4.899842	19.4213	5.984386
1240	-4110.519	-4123.92	13.40131	21.43171	5.526933
1250	-4097.197	-4110.766	13.56905	22.44276	5.493557
1260	-4105.811	-4121.416	15.60465	19.82995	5.435768
1270	-4109.86	-4117.192	7.331967	20.50258	5.838219
1280	-4100.232	-4107.93	7.698379	18.58839	5.844478
1290	-4096.416	-4105.461	9.045256	23.85153	5.635366
1300	-4100.004	-4108.566	8.562178	20.6364	5.775073
1310	-4096.131	-4104.654	8.523086	17.48664	5.783317
1320	-4102.234	-4117.845	15.61127	19.67238	5.434747
1330	-4101.579	-4114.259	12.67972	21.46274	5.559891
1340	-4096.914	-4113.678	16.7644	20.09568	5.378385
1350	-4094.36	-4113.251	18.89031	22.62438	5.252908
1360	-4099.908	-4111.864	11.95625	18.69031	5.616765
1370	-4104.609	-4117.237	12.62779	20.38422	5.581384
1380	-4102.785	-4110.331	7.545386	18.38224	5.852032
1390	-4109.923	-4115.956	6.033706	17.02977	5.914346
1400	-4100.941	-4111.878	10.93759	18.3896	5.667607
1410	-4113.225	-4121.986	8.760742	18.95957	5.78795
1420	-4086.103	-4097.113	11.01037	19.11757	5.669842
1430	-4115.208	-4126.053	10.84472	19.75643	5.676426
1440	-4114.127	-4117.58	3.452694	18.0846	6.075946
1450	-4101.146	-4111.527	10.38108	17.71839	5.684161
1460	-4103.38	-4112.853	9.472658	16.59371	5.691137
1470	-4096.244	-4104.121	7.877407	17.92139	5.829042
1480	-4098.138	-4101.525	3.386415	17.73006	6.078993
1490	-4108.104	-4115.795	7.690955	16.06898	5.768424
1500	-4111.729	-4120.017	8.288024	20.7074	5.786569
1510	-4092.866	-4108.361	15.49507	20.21938	5.441331
1520	-4098.657	-4110.467	11.81007	22.37647	5.574095
1530	-4123.084	-4122.981	-0.102961	17.71418	6.275888
1540	-4104.226	-4115.529	11.30317	18.4067	5.648001
1550	-4094.319	-4102.735	8.41646	21.14884	5.768245
1560	-4106.597	-4112.701	6.103932	16.88213	5.905376
1570	-4108.804	-4123.471	14.66734	18.54703	5.468641
1580	-4102.443	-4118.643	16.19968	19.11332	5.39833
1590	-4081	-4097.872	16.87157	24.19775	5.295741
1600	-4099.806	-4113.353	13.5463	17.5299	5.497927
1610	-4096.456	-4108.979	12.52289	17.95709	5.57088
1620	-4099.009	-4108.876	9.866447	17.73422	5.713618
1630	-4117.029	-4121.832	4.802385	17.74478	5.999273
1640	-4101.4	-4125.762	24.3612	21.05006	5.013652
1650	-4095.42	-4112.784	17.36481	20.15909	5.348714
1660	-4100.903	-4115.76	14.85741	18.28276	5.451483
1670	-4099.354	-4110.31	10.95658	14.58569	5.401164
1680	-4101.27	-4112.241	10.97091	22.02269	5.623183
1690	-4102.009	-4110.527	8.518328	15.8171	5.698289
1700	-4098.858	-4104.329	5.470699	22.84229	5.835797
1710	-4090.563	-4108.571	18.00815	19.89635	5.315144
1720	-4098.515	-4116.852	18.33658	20.98213	5.300254
1730	-4102.116	-4117.464	15.34775	19.32503	5.445496
1740	-4092.379	-4109.179	16.80021	17.25255	5.296467
1750	-4097.767	-4114.8	17.03287	16.77379	5.24989
1760	-4098.534	-4115.42	16.88591	22.05745	5.353923
1770	-4103.121	-4111.518	8.397025	14.73995	5.596846
1780	-4096.251	-4107.405	11.15432	21.0077	5.641998
1790	-4101.868	-4111.442	9.573878	20.16562	5.73508
1800	-4096.582	-4107.558	10.97565	19.22796	5.671785
1810	-4110.112	-4123.298	13.18596	18.63234	5.550024
1820	-4098.251	-4112.176	13.92481	20.16421	5.519328
1830	-4090.79	-4108.841	18.05099	19.76191	5.311728
1840	-4094.585	-4112.581	17.9962	23.03047	5.282869
1850	-4077.742	-4094.888	17.14568	18.22557	5.324239
1860	-4099.118	-4115.729	16.61128	19.90535	5.385394
1870	-4092.431	-4105.056	12.62473	20.16598	5.583787
1880	-4101.935	-4114.764	12.82858	21.82051	5.544243
1890	-4113.926	-4122.292	8.366803	17.52871	5.793363
1900	-4122.205	-4126.013	3.808447	16.98664	6.044002
1910	-4126.615	-4131.34	4.724978	18.5344	6.004778
1920	-4122.914	-4128.798	5.884371	17.52607	5.934937
1930	-4112.905	-4118.835	5.93021	17.22925	5.92594
1940	-4115.273	-4126.038	10.7645	18.64513	5.680109
1950	-4116.972	-4123.885	6.913415	21.37379	5.83169
1960	-4086.866	-4096.353	9.487086	19.43796	5.748076
1970	-4104.963	-4119.355	14.39238	18.5267	5.483013
1980	-4093.778	-4114.959	21.18129	20.39013	5.161823
1990	-4106.515	-4114.237	7.722142	18.70137	5.843305
2000	-4100.737	-4110.555	9.817677	16.54903	5.667783
2010	-4092.448	-4103.861	11.41266	17.61751	5.622678
2020	-4079.105	-4095.417	16.31173	19.94026	5.400568
2030	-4093.389	-4109.082	15.69317	20.5878	5.429867
2040	-4103.218	-4112.944	9.725528	19.94468	5.730806
2050	-4105.336	-4114.222	8.886364	17.03039	5.746861
2060	-4112.569	-4121.063	8.493766	15.77447	5.696452
2070	-4089.883	-4104.276	14.39314	18.85337	5.489265
2080	-4093.217	-4103.37	10.1537	17.04976	5.673307
2090	-4091.535	-4106.3	14.76471	18.96639	5.471381
2100	-4088.212	-4101.746	13.53419	21.54946	5.518206
2110	-4099.35	-4110.637	11.28717	17.98147	5.640304
2120	-4085.042	-4098.527	13.48526	19.83685	5.542631
2130	-4089.486	-4097.358	7.871694	18.6325	5.835241
2140	-4092.606	-4104.616	12.0099	17.55729	5.586595
2150	-4091.18	-4105.791	14.61074	23.28558	5.421648
2160	-4097.603	-4106.636	9.033082	21.4909	5.728921
2170	-4109.562	-4114.278	4.716104	20.9257	5.951441
2180	-4096.265	-4102.132	5.866819	19.03936	5.939777
2190	-4090.692	-4108.866	18.17384	21.03262	5.307701
2200	-4099.982	-4111.009	11.02693	19.07991	5.668881
2210	-4105.687	-4120.4	14.71266	20.57875	5.477575
2220	-4123.684	-4130.608	6.924008	18.85285	5.885437
2230	-4099.299	-4109.493	10.1945	19.5432	5.711068
2240	-4100.634	-4111.669	11.03488	22.0938	5.618034
2250	-4107.394	-4117.098	9.703821	18.1598	5.731549
2260	-4100.524	-4115.129	14.60481	20.54277	5.483143
2270	-4091.948	-4111.345	19.39756	22.11537	5.239207
2280	-4102.831	-4115.726	12.89484	19.31379	5.57238
2290	-4093.813	-4110.035	16.22216	17.24774	5.329686
2300	-4100.994	-4114.366	13.37178	20.52294	5.543398
2310	-4113.002	-4120.428	7.42586	17.2867	5.840821
2320	-4093.12	-4109.127	16.00673	19.719	5.414935
2330	-4110.094	-4123.706	13.61154	21.11997	5.523114
2340	-4097.083	-4107.818	10.7351	19.30562	5.684218
2350	-4094.643	-4101.826	7.182358	18.56573	5.872226
2360	-4110.578	-4120.755	10.17641	22.81443	5.630863
2370	-4096.598	-4109.012	12.41392	21.49015	5.571624
2380	-4100.33	-4117.293	16.96318	19.87943	5.367568
2390	-4116.245	-4123.015	6.769631	17.02991	5.871137
2400	-4108.706	-4114.484	5.778083	16.01327	5.884136
2410	-4086.912	-4106.644	19.73222	16.97144	5.105365
2420	-4089.671	-4108.166	18.49563	20.57712	5.293746
2430	-4094.779	-4105.629	10.84936	15.85059	5.553842
2440	-4108.443	-4117.695	9.251762	18.05601	5.75481
2450	-4118.076	-4121.892	3.81601	19.89667	6.028439
2460	-4108.021	-4116.554	8.533806	20.05045	5.788764
2470	-4100.82	-4109.013	8.192996	18.0017	5.812681
2480	-4107.23	-4123.94	16.70987	19.0738	5.370919
2490	-4100.507	-4112.433	11.92641	17.07287	5.570491
2500	-4107.623	-4120	12.37675	19.37168	5.599333
2510	-4096.543	-4114.196	17.65332	22.10481	5.318271
2520	-4108.042	-4118.479	10.43783	18.97165	5.699531
2530	-4089.374	-4102.176	12.80169	18.70282	5.571712
2540	-4094.198	-4115.124	20.92554	20.13413	5.171789
2550	-4113.804	-4120.35	6.546064	19.98528	5.889346
2560	-4113.546	-4119.572	6.02654	22.02703	5.847516
2570	-4097.129	-4114.066	16.9376	20.10786	5.369798
2580	-4095.199	-4115.348	20.14935	19.4695	5.20021
2590	-4096.765	-4116.936	20.17083	21.86149	5.20732
2600	-4093.318	-4112.18	18.86133	18.71728	5.248174
2610	-4099.997	-4117.167	17.17014	22.41374	5.333741
2620	-4101.974	-4112.495	10.52092	19.92802	5.691112
2630	-4106.922	-4120.24	13.31721	21.71993	5.52431
2640	-4100.236	-4116.236	16.00045	16.84182	5.316334
2650	-4096.592	-4111.412	14.82	22.22276	5.443539
2660	-4100.479	-4111.144	10.66521	21.90236	5.640866
2670	-4097.111	-4113.316	16.20508	18.21708	5.375556
2680	-4096.535	-4108.409	11.87376	17.48947	5.591812
2690	-4107.253	-4118.026	10.7731	18.8016	5.680943
2700	-4107.421	-4119.47	12.04896	20.35031	5.610216
2710	-4112.89	-4127.339	14.44958	22.1804	5.461297
2720	-4096.73	-4108.373	11.64344	21.68275	5.60239
2730	-4108.586	-4116.819	8.233738	17.15665	5.789786
2740	-4110.617	-4119.13	8.512802	19.84954	5.793108
2750	-4086.3	-4105.953	19.65342	20.79776	5.237744
2760	-4094.092	-4105.787	11.6955	20.15995	5.629934
2770	-4101.138	-4111.663	10.52484	20.46966	5.683078
2780	-4095.031	-4105.973	10.9424	17.37442	5.640845
2790	-4108.567	-4119.047	10.47929	16.55367	5.628084
2800	-4109.403	-4124.172	14.76956	17.76542	5.438422
2810	-4109.38	-4115.702	6.321296	20.92203	5.87485
2820	-4106.946	-4117.68	10.73437	21.5926	5.646913
2830	-4095.131	-4116.801	21.66951	20.21524	5.135907
2840	-4102.108	-4114.49	12.38122	20.56801	5.591025
2850	-4091.929	-4107.831	15.90194	22.6489	5.384352
2860	-4111.186	-4130.887	19.70111	19.18655	5.21699
2870	-4086.06	-4099.858	13.79859	21.16799	5.513419
2880	-4092.653	-4103.232	10.5788	20.16987	5.685187
2890	-4100.024	-4110.103	10.07856	22.20273	5.657593
2900	-4093.419	-4108.724	15.30528	20.37838	5.450063
2910	-4087.449	-4101.653	14.20486	18.80787	5.498522
2920	-4084.486	-4100.287	15.80119	18.32583	5.401209
2930	-4107.614	-4110.445	2.831455	20.85564	6.044301
2940	-4098.208	-4109.862	11.65335	21.7827	5.599169
2950	-4098.996	-4107.663	8.667152	18.68572	5.79273
2960	-4106.596	-4119.421	12.82493	19.51974	5.576462
2970	-4091.385	-4110.122	18.73712	20.93963	5.281348
2980	-4102.389	-4118.149	15.76046	25.57099	5.287983
2990	-4111.225	-4117.624	6.399301	18.28411	5.914115
3000	-4099.033	-4115.015	15.98207	18.61181	5.39944
3010	-4097.916	-4115.97	18.05376	19.6797	5.310675
3020	-4103.85	-4118.687	14.83678	17.69886	5.431862
3030	-4103.387	-4112.473	9.086051	19.04335	5.770687
3040	-4095.974	-4109.397	13.42306	19.83546	5.54577
3050	-4094.271	-4109.925	15.65446	20.65761	5.431232
3060	-4095.456	-4108.668	13.21202	17.38336	5.510622
3070	-4100.23	-4118.374	18.14422	21.8589	5.300061
3080	-4099.573	-4115.03	15.45776	17.58452	5.391519
3090	-4113.257	-4122.728	9.470673	17.84355	5.738486
3100	-4103.541	-4116.327	12.78592	19.09458	5.576801
3110	-4107.917	-4116.906	8.988975	20.52893	5.756822
3120	-4087.287	-4099.522	12.23534	20.37854	5.600708
3130	-4108.963	-4125.355	16.39216	18.60727	5.377285
3140	-4118.015	-4130.642	12.62683	20.87098	5.574363
3150	-4097.448	-4116.629	19.18112	19.21766	5.244806
3160	-4113.926	-4119.67	5.74388	19.58595	5.938008
3170	-4112.191	-4128.075	15.88405	18.30521	5.396042
3180	-4104.277	-4118.942	14.66491	19.81834	5.483148
3190	-4104.386	-4119.898	15.5122	18.4078	5.419363
3200	-4085.838	-4109.631	23.79383	20.046	5.027592
3210	-4103.552	-4113.282	9.729996	18.99394	5.73686
3220	-4094.34	-4112.061	17.72052	21.02209	5.329332
3230	-4100.901	-4109.554	8.652425	15.69726	5.680027
3240	-4107.803	-4118.219	10.41591	20.10889	5.694119
3250	-4102.218	-4112.457	10.23936	17.05086	5.668332
3260	-4107.726	-4113.799	6.073183	19.60178	5.920909
3270	-4129.821	-4133.871	4.049805	20.54488	5.996878
3280	-4120.29	-4131.59	11.30006	22.23003	5.601698
3290	-4113.671	-4126.181	12.51027	23.69044	5.496459
3300	-4101.812	-4113.567	11.75563	17.75924	5.60788
3310	-4101.393	-4109.643	8.249461	18.69464	5.815098
3320	-4110.414	-4120.735	10.32151	16.80223	5.651491
3330	-4102.516	-4114.828	12.31185	19.20551	5.602201
3340	-4095.756	-4107.948	12.19199	21.42461	5.583529
3350	-4108.45	-4118.848	10.39799	17.80923	5.685645
3360	-4107.243	-4117.309	10.06566	21.9572	5.666453
3370	-4105.946	-4117.934	11.98711	17.61332	5.589922
3380	-4102.802	-4114.181	11.37962	18.67128	5.647411
3390	-4109.186	-4124.431	15.24476	20.53876	5.452021
3400	-4088.73	-4103.069	14.33944	20.91299	5.491736
3410	-4095.062	-4113.002	17.93936	18.87268	5.301671
3420	-4114.488	-4136.738	22.25031	20.80319	5.112911
3430	-4100.665	-4115.562	14.89714	23.65814	5.396829
3440	-4089.232	-4106.755	17.52243	22.88131	5.307227
3450	-4110.885	-4114.794	3.909069	17.54754	6.047883
3460	-4094.709	-4111.267	16.55799	20.13831	5.388717
3470	-4097.802	-4110.669	12.86717	19.51637	5.574295
3480	-4114.03	-4119.907	5.877217	15.36208	5.830207
3490	-4097.845	-4113.703	15.8581	19.8204	5.42295
3500	-4097.901	-4108.087	10.18639	15.98918	5.606957
3510	-4093.56	-4101.691	8.130692	18.93902	5.821244
3520	-4112.015	-4125.875	13.85942	19.92455	5.523593
3530	-4106.996	-4116.904	9.907997	19.58968	5.725371
3540	-4118.532	-4134.055	15.52331	19.5307	5.438307
3550	-4110.334	-4113.656	3.321763	17.1972	6.076801
3560	-4107.986	-4116.868	8.881547	18.93274	5.781602
3570	-4108.953	-4123.682	14.72951	20.78233	5.474673
3580	-4114.148	-4124.523	10.3753	21.79637	5.657421
3590	-4090.242	-4103.735	13.49357	17.60632	5.504109
3600	-4098.125	-4112.235	14.11051	19.7487	5.51112
3610	-4109.114	-4121.261	12.14678	19.53521	5.611184
3620	-4097.675	-4110.031	12.35656	20.23249	5.596418
3630	-4084.29	-4105.503	21.21322	23.09514	5.141941
3640	-4098.375	-4118.366	19.99163	22.85166	5.199908
3650	-4101.879	-4110.684	8.804797	24.00428	5.638302
3660	-4097.896	-4110.425	12.52872	18.72387	5.586591
3670	-4096.998	-4104.177	7.179034	18.43911	5.872165
3680	-4089.351	-4104.688	15.33779	20.76417	5.445584
3690	-4110.704	-4110.295	-0.4096481	17.80898	6.292503
3700	-4104.643	-4109.717	5.074273	20.27682	5.955086
3710	-4108.707	-4112.805	4.098378	17.40527	6.035225
3720	-4100.852	-4111.978	11.12662	18.7269	5.661502
3730	-4109.374	-4116.586	7.212061	15.69257	5.771419
3740	-4097.785	-4101.642	3.856413	15.92878	5.99952
3750	-4087.638	-4103.985	16.34706	19.25167	5.392777
3760	-4106.909	-4118.578	11.6697	20.34095	5.628979
3770	-4097.561	-4108.226	10.66512	18.64982	5.685483
3780	-4115.957	-4123.628	7.671095	20.93463	5.809967
3790	-4102.709	-4115.534	12.82537	19.40231	5.576258
3800	-4097.921	-4110.161	12.23967	22.84235	5.539461
3810	-4098.716	-4115.844	17.12836	20.29168	5.360618
3820	-4114.436	-4127.074	12.63853	18.03031	5.566534
3830	-4125.149	-4140.837	15.68811	19.11705	5.425151
3840	-4107.131	-4118.983	11.85246	21.30407	5.602264
3850	-4105.213	-4115.169	9.956461	23.86594	5.596522
3860	-4106.548	-4111.294	4.746341	19.57436	5.989187
3870	-4102.527	-4111.711	9.183438	20.94636	5.737422
3880	-4114.741	-4129.634	14.8933	18.64653	5.458698
3890	-4105.979	-4118.931	12.95189	18.28116	5.555671
3900	-4116.013	-4125.372	9.359146	21.35936	5.717688
3910	-4122.294	-4127.241	4.946323	18.23143	5.993595
3920	-4090.479	-4104.013	13.53437	19.24052	5.538801
3930	-4087.393	-4100.703	13.31039	20.71649	5.543903
3940	-4099.705	-4116.44	16.73553	22.56116	5.349681
3950	-4094.406	-4109.131	14.72548	19.8946	5.480133
3960	-4107.38	-4116.033	8.652617	15.12428	5.624954
3970	-4087.356	-4101.533	14.17688	21.58668	5.487607
3980	-4108.414	-4119.59	11.17663	18.23201	5.651871
3990	-4098.06	-4116.092	18.03223	22.36168	5.296321
4000	-4098.625	-4105.098	6.472522	18.70642	5.910107
4010	-4084.303	-4096.362	12.05834	19.34134	5.615735
4020	-4100.215	-4107.077	6.861244	18.97986	5.887996
4030	-4087.891	-4099.888	11.99723	21.82925	5.5821
4040	-4092.458	-4110.314	17.85539	22.92896	5.291513
4050	-4088.963	-4108.509	19.54594	21.58324	5.238919
4060	-4082.322	-4103.42	21.09822	17.56044	5.069166
4070	-4094.255	-4112.509	18.25394	18.11492	5.258816
4080	-4121.106	-4126.304	5.197434	22.64391	5.857215
4090	-4102.163	-4110.501	8.337864	19.20352	5.809133
4100	-4128.143	-4135.776	7.632793	16.93571	5.816929
4110	-4089.627	-4104.726	15.09895	17.63544	5.414248
4120	-4111.376	-4127.876	16.50059	20.74749	5.389701
4130	-4093.901	-4108.024	14.12291	24.22089	5.408433
4140	-4081.026	-4100.609	19.58332	19.9	5.23602
4150	-4091.218	-4106.985	15.76735	18.74036	5.413992
4160	-4104.68	-4120.452	15.77176	24.49999	5.330086
4170	-4103.74	-4113.515	9.774152	20.20037	5.724587
4180	-4097.721	-4107.428	9.706663	18.35116	5.734089
4190	-4098.132	-4108.483	10.35097	19.29576	5.70414
4200	-4098.847	-4113.612	14.76405	19.66022	5.477772
4210	-4112.992	-4125.224	12.23244	19.00091	5.605163
4220	-4104.345	-4116.62	12.2744	19.39187	5.604643
4230	-4101.314	-4105.864	4.549632	18.96202	6.010027
4240	-4093.47	-4106.853	13.38275	20.00675	5.547156
4250	-4103.061	-4110.808	7.746596	20.57635	5.816144
4260	-4109.556	-4115.333	5.777074	15.17078	5.81951
4270	-4100.034	-4109.679	9.645097	19.07383	5.741311
4280	-4094.239	-4112.229	17.98997	20.86732	5.317414
4290	-4091.905	-4108.365	16.46059	21.2636	5.386488
4300	-4110.994	-4119.023	8.02909	20.93857	5.792754
4310	-4095.371	-4102.246	6.874606	15.74418	5.796843
4320	-4104.331	-4123.565	19.23375	21.08396	5.257085
4330	-4104.883	-4120.612	15.72891	20.29977	5.42956
4340	-4116.43	-4122.084	5.654152	19.89868	5.936009
4350	-4102.474	-4112.233	9.758645	17.48581	5.712633
4360	-4097.995	-4117.87	19.87542	22.82302	5.205566
4370	-4091.62	-4107.29	15.67026	19.70003	5.431901
4380	-4082.701	-4093.079	10.37859	22.14157	5.646145
4390	-4106.608	-4115.227	8.6184	17.84394	5.786258
4400	-4083.409	-4099.879	16.47016	20.13421	5.393074
4410	-4094.742	-4110.457	15.71463	22.74208	5.390108
4420	-4099.617	-4115.983	16.36616	22.43608	5.369083
4430	-4085.164	-4098.417	13.25343	20.05827	5.553331
4440	-4100.357	-4115.913	15.55575	18.86046	5.427736
4450	-4104.459	-4113.711	9.252107	16.03674	5.668923
4460	-4089.041	-4107.427	18.38572	19.2995	5.287812
4470	-4088.323	-4106.159	17.83536	17.68962	5.261958
4480	-4092.961	-4109.899	16.93811	20.46381	5.369785
4490	-4101.153	-4113.661	12.50853	21.74248	5.560959
4500	-4103.27	-4113.754	10.48408	19.55942	5.696154
4510	-4099.393	-4107.613	8.220524	17.93995	5.810199
4520	-4103.121	-4109.764	6.643173	14.81329	5.724404
4530	-4115.613	-4122.76	7.146563	20.03561	5.858263
4540	-4099.918	-4114.37	14.45208	23.25272	5.429553
4550	-4096.98	-4118.85	21.86953	19.83393	5.119914
4560	-4104.83	-4119.869	15.03855	21.63483	5.446758
4570	-4085.268	-4100.328	15.06051	19.97102	5.463315
4580	-4101.946	-4112.258	10.31255	19.10713	5.70634
4590	-4105.752	-4116.624	10.87126	18.28541	5.669555
4600	-4104.274	-4115.201	10.92706	17.19874	5.634626
4610	-4092.227	-4108.52	16.29314	20.18754	5.401875
4620	-4110.272	-4127.862	17.59063	20.48247	5.337883
4630	-4107.761	-4122.806	15.0448	23.70231	5.389062
4640	-4121.037	-4130.162	9.125063	18.34521	5.765719
4650	-4097.088	-4111.166	14.07726	19.34428	5.511371
4660	-4091.448	-4104.468	13.02011	21.88654	5.533762
4670	-4106.137	-4116.3	10.16291	22.32815	5.64942
4680	-4099.893	-4119.056	19.1628	20.50431	5.261182
4690	-4098.756	-4116.723	17.96703	20.7394	5.319048
4700	-4103.133	-4116.617	13.48351	23.70922	5.454674
4710	-4110.717	-4118.451	7.734129	16.24743	5.777025
4720	-4110.969	-4119.442	8.472926	17.26324	5.779488
4730	-4113.568	-4124.495	10.92751	19.67827	5.672797
4740	-4111.66	-4121.394	9.733627	19.55605	5.734549
4750	-4122.656	-4132.185	9.529788	17.2348	5.717224
4760	-4121.68	-4133.212	11.53202	23.612	5.540941
4770	-4087.596	-4106.502	18.9059	20.73063	5.273789
4780	-4104.686	-4119.337	14.65049	18.53243	5.469214
4790	-4120.144	-4127.906	7.761619	17.5762	5.828996
4800	-4108.252	-4118.458	10.20556	21.96916	5.659692
4810	-4110.903	-4122.916	12.01269	16.91383	5.557122
4820	-4119.658	-4126.982	7.324245	18.74863	5.864506
4830	-4098.091	-4115.485	17.39406	23.72586	5.289228
4840	-4100.306	-4114.549	14.2425	23.97676	5.412806
4850	-4103.743	-4117.254	13.51106	18.81874	5.535567
4860	-4098.554	-4112.048	13.49466	20.20247	5.540391
4870	-4102.069	-4117.8	15.73114	19.97721	5.429744
4880	-4103.815	-4115.499	11.68372	19.70071	5.634259
4890	-4094.894	-4111.572	16.67809	18.56937	5.360863
4900	-4110.091	-4121.883	11.79154	16.73004	5.55979
4910	-4110.298	-4123.607	13.3088	22.70479	5.497083
4920	-4131.704	-4139.687	7.983332	16.15188	5.755689
4930	-4096.881	-4115.48	18.59833	21.25058	5.286057
4940	-4107.132	-4122.257	15.12435	20.64375	5.457018
4950	-4076.8	-4100.083	23.28384	21.99288	5.064257
4960	-4086.173	-4103.673	17.49976	20.33086	5.342355
4970	-4109.824	-4119.058	9.234156	18.46435	5.760934
4980	-4100.259	-4112.134	11.87438	18.81262	5.622478
4990	-4078.392	-4103.346	24.95373	22.67254	4.984489
5000	-4081.326	-4099.56	18.23372	18.67746	5.280507
5010	-4098.052	-4111.909	13.85756	21.83537	5.496732
5020	-4099.38	-4116.796	17.41597	21.33359	5.340783
5030	-4115.965	-4128.01	12.04498	18.49839	5.609266
5040	-4106.87	-4115.292	8.421952	17.22196	5.781072
5050	-4105.519	-4114.772	9.253256	16.44457	5.695868
5060	-4120.421	-4122.804	2.383771	17.83767	6.135656
5070	-4098.843	-4110.167	11.32358	19.71378	5.652461
5080	-4089.656	-4103.509	13.85367	20.50896	5.520062
5090	-4102.205	-4108.34	6.134817	16.84242	5.902137
5100	-4095.619	-4111.997	16.37736	20.7649	5.395513
5110	-4106.948	-4124.291	17.3433	19.79454	5.347812
5120	-4098.122	-4110.623	12.50141	20.51698	5.585888
5130	-4115.007	-4122.847	7.840009	17.37914	5.819537
5140	-4078.273	-4097.655	19.38261	18.21559	5.201065
5150	-4091.86	-4105.56	13.69991	19.58096	5.531787
5160	-4096.905	-4109.641	12.7357	20.10883	5.578758
5170	-4094.209	-4110.664	16.45491	19.10604	5.384852
5180	-4092.352	-4110.106	17.75392	21.71825	5.320065
5190	-4104.413	-4110.966	6.55233	24.43847	5.709633
5200	-4089.974	-4110.858	20.88378	19.61545	5.165612
5210	-4082.62	-4106.398	23.77855	23.57709	5.022925
5220	-4111.271	-4124.525	13.25415	18.07693	5.533749
5230	-4090.721	-4103.881	13.15987	19.33748	5.558766
5240	-4089.341	-4105.864	16.52272	20.13401	5.390464
5250	-4109.548	-4123.396	13.84745	23.26871	5.455007
5260	-4078.368	-4094.674	16.30543	23.3925	5.345637
5270	-4094.159	-4109.052	14.8931	17.61406	5.424967
5280	-4100.187	-4111.806	11.61849	22.28136	5.585738
5290	-4091.743	-4106.411	14.66802	17.89806	5.449272
5300	-4100.207	-4110.37	10.16302	15.85554	5.597558
5310	-4100.221	-4109.661	9.439909	19.46829	5.750282
5320	-4099.345	-4108.537	9.192467	17.54591	5.746747
5330	-4098.633	-4110.423	11.79078	21.24989	5.606419
5340	-4107.66	-4120.317	12.65704	19.1087	5.583648
5350	-4091.79	-4113.722	21.93216	22.84084	5.115164
5360	-4111.213	-4117.774	6.56096	17.71212	5.899664
5370	-4111.265	-4126.859	15.59428	24.5512	5.33539
5380	-4118.573	-4126.911	8.338239	21.86848	5.748324
5390	-4104.578	-4117.047	12.46928	19.49905	5.594685
5400	-4090.99	-4106.291	15.30132	17.67313	5.404475
5410	-4100.993	-4112.072	11.07889	18.24805	5.657529
5420	-4091.946	-4109.769	17.82283	19.14577	5.314075
5430	-4090.874	-4109.578	18.70468	18.06046	5.231481
5440	-4098.168	-4111.653	13.48502	21.48668	5.521858
5450	-4099.085	-4113.497	14.4115	16.53456	5.389109
5460	-4101.613	-4110.81	9.196735	17.79137	5.7527
5470	-4093.765	-4102.288	8.522962	20.32352	5.784044
5480	-4093.484	-4105.544	12.06005	20.88995	5.601165
5490	-4084.565	-4100.809	16.24474	17.73447	5.353969
5500	-4110.015	-4118.782	8.767176	18.18251	5.783421
5510	-4105.397	-4117.104	11.70689	23.83158	5.524598
5520	-4103.315	-4118.046	14.73114	18.67899	5.468068
5530	-4109.483	-4121.219	11.73586	18.28925	5.622347
5540	-4101.994	-4111.171	9.176685	18.07743	5.759319
5550	-4103.031	-4115.275	12.24323	19.57233	5.606195
5560	-4091.652	-4107.492	15.83942	19.78663	5.423752
5570	-4081.166	-4096.953	15.78763	19.47029	5.424246
5580	-4100.088	-4113.772	13.68354	20.76501	5.525242
5590	-4097.598	-4115.234	17.6357	18.69413	5.313002
5600	-4091.844	-4103.514	11.66985	19.79228	5.634444
5610	-4095.997	-4106.312	10.31525	22.95404	5.619383
5620	-4106.373	-4122.705	16.33126	22.57409	5.367279
5630	-4082.347	-4102.507	20.16004	20.26646	5.211012
5640	-4092.167	-4106.558	14.39157	21.88372	5.471165
5650	-4099.105	-4109.672	10.56764	21.4252	5.65933
5660	-4095.565	-4110.141	14.57584	17.6394	5.444082
5670	-4092.469	-4104.078	11.60912	18.74416	5.635918
5680	-4090.386	-4101.834	11.44832	19.8344	5.645334
5690	-4098.754	-4109.161	10.40705	22.95642	5.615292
5700	-4100.414	-4108.576	8.161977	16.68813	5.774765
5710	-4095.223	-4107.297	12.07328	20.87244	5.600858
5720	-4097.608	-4105.957	8.3493	18.50652	5.809093
5730	-4101.091	-4107.139	6.047834	16.26966	5.882001
5740	-4117.11	-4123.363	6.253518	17.29125	5.908751
5750	-4101.032	-4115.352	14.3195	22.21108	5.466366
5760	-4108.012	-4120.522	12.5101	19.46837	5.59258
5770	-4107.054	-4119.305	12.25162	20.50493	5.598233
5780	-4093.523	-4113.88	20.35719	22.41298	5.191561
5790	-4104.134	-4112.502	8.367976	18.3362	5.806913
5800	-4102.346	-4116.123	13.77753	20.62789	5.522449
5810	-4109.072	-4127.221	18.14863	21.64159	5.302917
5820	-4095.789	-4107	11.21136	18.56377	5.655188
5830	-4095.895	-4108.234	12.33942	19.20055	5.600744
5840	-4111.181	-4117.524	6.342951	16.38191	5.869739
5850	-4108.27	-4114.728	6.458389	20.10122	5.891103
5860	-4094.281	-4107.654	13.37341	19.02977	5.545414
5870	-4096.973	-4111.682	14.70876	20.84946	5.474876
5880	-4097.672	-4110.722	13.05017	20.26269	5.561866
5890	-4110.236	-4123.942	13.70655	19.38481	5.530755
5900	-4102.928	-4115.918	12.98937	17.81518	5.540339
5910	-4101.52	-4117.877	16.35703	16.21915	5.24366
5920	-4112.742	-4111.819	-0.9234513	19.33179	6.287247
5930	-4088.988	-4108.811	19.82257	18.99295	5.205474
5940	-4089.254	-4107.845	18.59119	22.28686	5.2727
5950	-4095.312	-4106.198	10.88595	19.97859	5.672264
5960	-4104.123	-4113.204	9.081494	20.88422	5.743895
5970	-4089.9	-4110.372	20.47181	21.18334	5.198124
5980	-4081.198	-4100.549	19.35052	20.77376	5.252326
5990	-4090.317	-4103.692	13.37537	23.67001	5.460708
6000	-4089.656	-4098.182	8.525315	21.9424	5.737137
6010	-4094.537	-4105.718	11.18022	21.67429	5.623992
6020	-4085.914	-4102.587	16.67352	19.28816	5.376364
6030	-4100.633	-4111.703	11.07008	19.30181	5.666869
6040	-4100.322	-4114.93	14.60768	22.38518	5.448837
6050	-4099.107	-4117.929	18.82228	18.11639	5.227508
6060	-4104.649	-4116.057	11.40862	19.58961	5.648769
6070	-4098.61	-4113.351	14.74118	18.96572	5.472612
6080	-4112.675	-4121.184	8.509237	17.33906	5.779807
6090	-4127.098	-4133.524	6.426606	19.6213	5.90254
6100	-4115.172	-4127.408	12.23538	20.90114	5.592566
6110	-4103.894	-4114.292	10.39832	19.61931	5.700136
6120	-4091.169	-4110.252	19.08285	23.79694	5.21607
6130	-4089.665	-4103.297	13.63118	20.76349	5.527784
6140	-4094.245	-4110.547	16.30195	21.93505	5.38287
6150	-4102.156	-4112.331	10.17553	20.42393	5.700979
6160	-4111.212	-4122.383	11.17032	20.75863	5.646397
6170	-4095.026	-4110.659	15.63304	23.67994	5.364995
6180	-4118.743	-4125.861	7.117349	17.33303	5.859923
6190	-4091.405	-4108.171	16.7656	19.94107	5.37781
6200	-4105.632	-4112.068	6.436353	16.14756	5.851214
6210	-4108.345	-4119.869	11.52433	15.26176	5.451318
6220	-4095.794	-4115.966	20.1724	18.38391	5.16519
6230	-4102.535	-4120.666	18.13103	22.01755	5.298144
6240	-4110.535	-4119.934	9.399387	21.23622	5.719341
6250	-4121.194	-4122.981	1.787348	21.81626	6.050454
6260	-4098.498	-4110.614	12.11597	18.47388	5.605021
6270	-4105.935	-4121.587	15.65232	18.26504	5.407446
6280	-4087.532	-4106.707	19.17571	21.9359	5.251847
6290	-4089.389	-4112.648	23.25923	22.36054	5.062584
6300	-4102.96	-4107.546	4.586567	20.42602	5.974561
6310	-4090.052	-4103.067	13.01433	18.9275	5.563258
6320	-4111.191	-4117.773	6.582397	19.58437	5.895222
6330	-4098.485	-4117.506	19.02105	20.20963	5.266886
6340	-4102.319	-4110.747	8.428552	21.38455	5.760462
6350	-4096.788	-4109.266	12.47817	21.27983	5.573423
6360	-4091.089	-4103.024	11.93534	17.86303	5.600937
6370	-4096.719	-4107.675	10.9561	17.74256	5.652418
6380	-4114.832	-4129.188	14.35617	20.37278	5.496679
6390	-4102.043	-4109.917	7.874143	16.42269	5.778538
6400	-4128.669	-4129.838	1.169141	23.91419	5.961822
6410	-4098.258	-4109.714	11.45586	21.55466	5.614512
6420	-4092.831	-4100.489	7.658209	18.3259	5.845554
6430	-4098.81	-4106.655	7.845095	20.26564	5.818682
6440	-4104.116	-4112.464	8.348487	19.28381	5.808012
6450	-4113.76	-4118.283	4.522978	19.74321	5.996728
6460	-4102.139	-4114.689	12.54993	19.3038	5.590207
6470	-4102.537	-4114.351	11.81401	20.35568	5.62169
6480	-4079.694	-4096.873	17.17904	19.73661	5.355638
6490	-4086.339	-4100.511	14.17202	18.34438	5.490588
6500	-4112.005	-4127.416	15.41149	20.35024	5.444984
6510	-4112.454	-4123.207	10.75352	19.59088	5.682203
6520	-4104.776	-4113.826	9.049518	18.26591	5.768955
6530	-4083.555	-4103.359	19.80377	21.68796	5.225987
6540	-4106.54	-4114.523	7.982942	16.96034	5.797228
6550	-4102.881	-4112.465	9.583813	16.52489	5.680525
6560	-4105.332	-4118.934	13.60193	22.99068	5.474991
6570	-4104.123	-4123.426	19.30257	18.29811	5.208994
6580	-4115.717	-4125.135	9.417821	20.93513	5.726517
6590	-4106.329	-4114.389	8.060315	15.12454	5.664144
6600	-4088.765	-4103.855	15.09017	22.74927	5.417361
6610	-4096.423	-4112.631	16.20729	19.26867	5.400272
6620	-4120.384	-4126.192	5.807551	19.73628	5.931807
6630	-4089.447	-4103.935	14.4876	18.82927	5.483854
6640	-4093.995	-4104.738	10.74371	19.85139	5.680699
6650	-4097.59	-4107.741	10.15153	21.8745	5.665213
6660	-4101.926	-4115.352	13.42669	17.17448	5.488037
6670	-4108.967	-4119.026	10.05944	17.20912	5.685485
6680	-4110.039	-4117.695	7.655448	15.80268	5.751752
6690	-4090.61	-4105.556	14.94621	18.96969	5.461863
6700	-4102.102	-4119.915	17.81286	19.28802	5.317292
6710	-4099.263	-4115.595	16.33203	18.37701	5.373872
6720	-4095.196	-4116.994	21.79801	23.15434	5.115521
6730	-4104.271	-4124.157	19.88614	18.52229	5.186311
6740	-4113.283	-4124.049	10.76642	18.64601	5.680015
6750	-4107.809	-4116.697	8.888044	20.75149	5.756516
6760	-4127.171	-4127.261	0.08976706	14.91741	6.175423
6770	-4117.432	-4129.619	12.18747	18.97105	5.607302
6780	-4117.108	-4126.541	9.432701	19.21002	5.752098
6790	-4104.156	-4120.603	16.44677	19.71307	5.392578
6800	-4095.518	-4117.505	21.98747	20.50258	5.123406
6810	-4093.822	-4109.342	15.52071	21.29176	5.430266
6820	-4102.998	-4114.583	11.58426	18.45473	5.633506
6830	-4106.615	-4115.166	8.550464	19.4499	5.796148
6840	-4102.074	-4115.271	13.19773	19.67088	5.557435
6850	-4089.472	-4108.356	18.88496	25.93448	5.152088
6860	-4098.505	-4113.312	14.80686	22.82586	5.427563
6870	-4098.891	-4114.757	15.86578	22.20637	5.396856
6880	-4108.738	-4120.75	12.01143	22.24319	5.569291
6890	-4115.136	-4128.639	13.50397	19.27417	5.540604
6900	-4101.825	-4115.667	13.84194	19.64969	5.524661
6910	-4098.861	-4112.125	13.26402	17.80965	5.52473
6920	-4103.82	-4125.109	21.28922	19.3728	5.139284
6930	-4093.681	-4104.885	11.20409	19.70751	5.658563
6940	-4110.381	-4115.746	5.365583	16.23699	5.922268
6950	-4107.599	-4118.201	10.60183	18.37623	5.685675
6960	-4105.193	-4120.616	15.4235	20.64665	5.442503
6970	-4082.933	-4100.295	17.36142	18.13357	5.308833
6980	-4080.511	-4093.687	13.17596	15.92599	5.414185
6990	-4089.988	-4097.796	7.808707	22.05371	5.765592
7000	-4096.614	-4107.984	11.37053	19.50772	5.651008
7010	-4086.841	-4103.222	16.38101	21.26326	5.390234
7020	-4088.224	-4110.468	22.24401	19.88871	5.102103
7030	-4080.163	-4097.408	17.24525	19.85191	5.353192
7040	-4085.767	-4101.629	15.86235	19.75986	5.422469
7050	-4094.817	-4105.856	11.03859	17.89283	5.651921
7060	-4110.162	-4123.267	13.10549	16.8368	5.48792
7070	-4095.143	-4108.71	13.5674	19.68305	5.538645
7080	-4094.285	-4110.335	16.04975	20.40337	5.413443
7090	-4106.48	-4118.595	12.11534	19.5264	5.612806
7100	-4093.408	-4107.818	14.40915	19.46396	5.49501
7110	-4092.494	-4117.566	25.07242	19.62593	4.952399
7120	-4083.594	-4101.673	18.07912	22.6074	5.289132
7130	-4100.922	-4106.465	5.5429	17.99208	5.959831
7140	-4087.555	-4107.584	20.02978	22.67042	5.201704
7150	-4096.396	-4116.019	19.62347	23.76837	5.194124
7160	-4102.474	-4122.71	20.23668	23.18555	5.182271
7170	-4091.768	-4110.688	18.92018	22.23796	5.258779
7180	-4113.214	-4127.661	14.4469	20.54454	5.490814
7190	-4103.425	-4113.468	10.0428	18.63038	5.718702
7200	-4109.086	-4114.754	5.667954	18.39898	5.954157
7210	-4102.861	-4118.517	15.65566	20.1832	5.43346
7220	-4111.53	-4125.326	13.79662	20.27502	5.524936
7230	-4122.878	-4131.849	8.970892	22.08369	5.711817
7240	-4129.058	-4136.969	7.911144	18.13661	5.830015
7250	-4092.429	-4105.068	12.6391	19.58338	5.585961
7260	-4104.939	-4110.733	5.794293	18.90328	5.944934
7270	-4083.411	-4095.592	12.18065	20.21639	5.605286
7280	-4103.537	-4114.755	11.21741	22.98731	5.578835
7290	-4109.441	-4114.65	5.20839	18.59673	5.978387
7300	-4093.086	-4106.224	13.13802	18.6054	5.552139
7310	-4116.027	-4122.241	6.213767	21.07208	5.875018
7320	-4102.488	-4119.389	16.90154	19.79504	5.370133
7330	-4091.647	-4110.393	18.74628	18.17445	5.234245
7340	-4103.231	-4116.467	13.23605	19.89791	5.554987
7350	-4102.273	-4118.503	16.22977	19.04401	5.395569
7360	-4105.35	-4115.529	10.1789	18.97581	5.713189
7370	-4100.171	-4113.364	13.19308	17.83278	5.529508
7380	-4107.074	-4129.646	22.572	20.29767	5.092429
7390	-4104.199	-4111.909	7.709595	20.9115	5.8088
7400	-4115.885	-4121.66	5.774785	18.18475	5.948005
7410	-4098.047	-4108.412	10.36496	18.63001	5.701407
7420	-4089.64	-4102.873	13.23288	19.41095	5.555284
7430	-4102.569	-4114.675	12.10609	17.31868	5.571484
7440	-4113.683	-4125.136	11.45231	17.31001	5.608875
7450	-4097.986	-4111.235	13.24893	19.49318	5.554688
7460	-4104.25	-4123.066	18.81627	21.31593	5.27529
7470	-4091.502	-4107.508	16.00557	20.79957	5.413124
7480	-4100.562	-4114.035	13.47265	19.17277	5.541509
7490	-4094.578	-4106.856	12.27784	18.74387	5.600237
7500	-4093.167	-4114.601	21.43382	19.29333	5.129707
7510	-4101.901	-4113.496	11.59408	20.9004	5.623263
7520	-4097.303	-4109.521	12.21797	19.46418	5.607586
7530	-4120.31	-4122.914	2.604019	16.66489	6.107161
7540	-4103.025	-4118.951	15.926	21.33725	5.41057
7550	-4102.237	-4112.923	10.68618	18.76945	5.685344
7560	-4098.387	-4109.423	11.03606	21.44553	5.636931
7570	-4105.498	-4117.314	11.81531	19.14729	5.627859
7580	-4106.773	-4116.116	9.342636	18.63448	5.756308
7590	-4102.816	-4120.987	18.17117	23.96058	5.249449
7600	-4101.189	-4114.745	13.55634	19.72677	5.539197
7610	-4099.413	-4108.419	9.005717	24.17259	5.622002
7620	-4084.708	-4100.449	15.74148	20.63069	5.42722
7630	-4099.552	-4113.757	14.20473	19.0503	5.50198
7640	-4084.702	-4101.751	17.04932	20.57909	5.364027
7650	-4091.73	-4108.863	17.13344	18.61636	5.337708
7660	-4103.659	-4113.583	9.924625	17.46924	5.702608
7670	-4113.297	-4125.049	11.75187	16.04772	5.513956
7680	-4091.619	-4102.82	11.20098	22.09265	5.610552
7690	-4104.428	-4111.216	6.787253	17.92449	5.889909
7700	-4110.652	-4112.267	1.614613	16.30399	6.155714
7710	-4101.111	-4117.172	16.06095	20.93706	5.409178
7720	-4099.538	-4111.443	11.9054	22.02861	5.580576
7730	-4090.721	-4109.023	18.30214	20.42477	5.303084
7740	-4107.399	-4112.798	5.399419	17.08096	5.953012
7750	-4109.327	-4116.138	6.811595	15.78164	5.803618
7760	-4110.795	-4121.213	10.41799	16.30893	5.616099
7770	-4093.246	-4115.339	22.09248	21.25391	5.121629
7780	-4102.981	-4121.411	18.43033	21.45353	5.292054
7790	-4093.843	-4107.238	13.39504	20.94029	5.536455
7800	-4089.956	-4104.717	14.76059	20.53659	5.475613
7810	-4100.127	-4119.914	19.78693	18.53994	5.19234
7820	-4108.918	-4127.313	18.39463	24.19462	5.232898
7830	-4114.704	-4123.64	8.93554	21.84633	5.721772
7840	-4111.227	-4115.494	4.267476	17.64249	6.028507
7850	-4114.307	-4119.027	4.719997	17.16338	5.994742
7860	-4095.296	-4105.374	10.07761	20.67995	5.700729
7870	-4097.286	-4114.798	17.51211	20.39212	5.341771
7880	-4092.678	-4109.513	16.8358	19.5169	5.370952
7890	-4094.065	-4105.889	11.82449	18.29971	5.617706
7900	-4110.805	-4116.552	5.74698	20.9111	5.902667
7910	-4106.437	-4110.608	4.171254	17.62818	6.03382
7920	-4106.889	-4114.975	8.085479	20.25144	5.807121
7930	-4100.015	-4110.186	10.17096	20.42323	5.701216
7940	-4105.279	-4116.361	11.08274	21.87381	5.622663
7950	-4117.559	-4120.21	2.651832	19.44618	6.099514
7960	-4099.15	-4111.084	11.93374	22.76634	5.555516
7970	-4094.629	-4108.614	13.98505	20.7124	5.511386
7980	-4122.45	-4127.505	5.055178	19.71177	5.970477
7990	-4101.511	-4115.151	13.6397	20.46046	5.531002
8000	-4108.947	-4120.159	11.21262	16.89105	5.603237
8010	-4088.227	-4104.289	16.06164	20.83016	5.410162
8020	-4099.117	-4107.133	8.016265	19.00401	5.827043
8030	-4116.132	-4121.961	5.82898	18.11041	5.944689
8040	-4103.791	-4111.793	8.001927	19.69965	5.821161
8050	-4094.645	-4102.504	7.859921	16.34097	5.774811
8060	-4101.864	-4109.581	7.717575	16.67691	5.800876
8070	-4109.941	-4119.064	9.123452	17.82321	5.757514
8080	-4087.15	-4101.053	13.90342	16.87636	5.44302
8090	-4082.169	-4100.286	18.11712	19.09049	5.297511
8100	-4105.979	-4110.986	5.006776	16.3653	5.950542
8110	-4098.773	-4117.956	19.18267	22.33864	5.245275
8120	-4096.149	-4111.297	15.14822	20.32219	5.458061
8130	-4105.936	-4114.149	8.213101	17.27298	5.794849
8140	-4108.254	-4114.52	6.265695	18.87331	5.920215
8150	-4120.342	-4124.671	4.329095	21.54583	5.945519
8160	-4096.874	-4111.921	15.04787	26.52123	5.273682
8170	-4091.303	-4102.592	11.28871	20.40236	5.646804
8180	-4098.71	-4115.555	16.84475	18.73219	5.356294
8190	-4081.465	-4104.767	23.30235	19.73414	5.045327
8200	-4089.322	-4101.703	12.38114	19.98504	5.597379
8210	-4115.868	-4122.908	7.040305	19.89064	5.866504
8220	-4098.905	-4113.138	14.23272	19.39771	5.503694
8230	-4094.197	-4106.183	11.98548	18.40466	5.610895
8240	-4095.798	-4114.14	18.34238	19.71939	5.296493
8250	-4101.954	-4119.944	17.99069	21.39769	5.313169
8260	-4095.653	-4110.1	14.44743	17.97428	5.464305
8270	-4100.062	-4114.979	14.9167	17.43808	5.415312
8280	-4109.436	-4116.713	7.276909	18.42011	5.86679
8290	-4108.784	-4116.211	7.427218	17.70151	5.850558
8300	-4101.785	-4112.667	10.88154	23.23674	5.58374
8310	-4094.9	-4106.79	11.89024	23.05883	5.546956
8320	-4101.775	-4114.247	12.47195	18.89362	5.591584
8330	-4126.512	-4136.178	9.665266	22.07924	5.680529
8340	-4102.389	-4117.91	15.52082	22.29182	5.410346
8350	-4083.551	-4102.41	18.85836	19.22869	5.26184
8360	-4082.438	-4094.38	11.94204	19.90126	5.619995
8370	-4091.183	-4099.994	8.810647	17.3363	5.762336
8380	-4099.522	-4110.58	11.05804	20.59992	5.65479
8390	-4096.671	-4115.081	18.40905	21.88158	5.287614
8400	-4108.888	-4116.338	7.449992	23.12716	5.736426
8410	-4107.614	-4116.613	8.998786	19.75756	5.769846
8420	-4133.172	-4138.652	5.479849	19.65741	5.950062
8430	-4099.777	-4107.454	7.676481	20.17948	5.828877
8440	-4087.089	-4111.038	23.94931	21.44918	5.034795
8450	-4105.41	-4116.48	11.07008	16.78749	5.60613
8460	-4098.148	-4110.473	12.32498	21.09663	5.584508
8470	-4106.652	-4117.52	10.8687	19.58974	5.676329
8480	-4099.793	-4120.238	20.44455	20.51923	5.19875
8490	-4100.73	-4110.413	9.682401	18.76796	5.738817
8500	-4095.295	-4106.71	11.41522	23.49968	5.550422
8510	-4097.664	-4114.526	16.86264	18.51483	5.349324
8520	-4093.486	-4110.183	16.69609	21.25314	5.37554
8530	-4096.425	-4113.465	17.03968	20.7653	5.363615
8540	-4117.42	-4121.841	4.420691	17.20526	6.013066
8550	-4094.637	-4103.854	9.217364	17.16778	5.732876
8560	-4108.089	-4121.95	13.86102	24.61474	5.403383
8570	-4102.135	-4112.354	10.21923	15.48952	5.560544
8580	-4108.491	-4118.495	10.00397	20.53121	5.707335
8590	-4094.787	-4111.514	16.72772	22.17946	5.358607
8600	-4095.266	-4113.12	17.85414	20.60561	5.32487
8610	-4094.555	-4105.078	10.52246	18.73421	5.693818
8620	-4081.723	-4098.51	16.78675	18.85755	5.362401
8630	-4082.369	-4096.762	14.39272	19.76991	5.496854
8640	-4108.902	-4119.515	10.61304	22.26449	5.631437
8650	-4113.82	-4121.427	7.606934	23.28161	5.722609
8660	-4098.051	-4106.287	8.235606	19.27606	5.813927
8670	-4088.587	-4108.586	19.99906	22.3588	5.208412
8680	-4107.503	-4124.822	17.31895	19.52574	5.346307
8690	-4104.126	-4119.566	15.43956	17.58479	5.392567
8700	-4109.215	-4121.84	12.62488	20.8315	5.575129
8710	-4111.206	-4120.015	8.808865	21.29933	5.74527
8720	-4095.071	-4105.663	10.59256	16.9254	5.641657
8730	-4103.923	-4122.103	18.17936	22.91186	5.277792
8740	-4106.099	-4120.19	14.09054	20.57868	5.507807
8750	-4097.906	-4108.891	10.98512	20.44483	5.661001
8760	-4100.522	-4118.481	17.95918	25.04858	5.221543
8770	-4079.561	-4109.274	29.71256	24.96631	4.753749
8780	-4091.913	-4111.455	19.5423	21.06696	5.242516
8790	-4096.183	-4113.488	17.30484	22.00094	5.335972
8800	-4089.244	-4104.243	14.9994	18.0407	5.435958
8810	-4109.056	-4122.296	13.23964	20.98408	5.543139
8820	-4101.952	-4110.212	8.259806	16.59218	5.76415
8830	-4092.389	-4101.442	9.052833	19.27505	5.771536
8840	-4097.274	-4106.8	9.526044	24.14132	5.601931
8850	-4099.767	-4113.527	13.76009	19.60317	5.528758
8860	-4097.563	-4107.885	10.32244	19.28397	5.705648
8870	-4101.515	-4114.552	13.03705	19.29917	5.56495
8880	-4108.997	-4116.321	7.323991	20.34496	5.842527
8890	-4099.266	-4110.094	10.82829	20.94065	5.659022
8900	-4109.631	-4115.955	6.324077	22.13936	5.829355
8910	-4107.256	-4120.265	13.00859	20.78799	5.557393
8920	-4091.736	-4105.127	13.39164	18.76632	5.541156
8930	-4085.865	-4100.078	14.21303	19.3252	5.504215
8940	-4112.859	-4126.111	13.2524	17.03221	5.490595
8950	-4101.889	-4113.887	11.9978	19.53096	5.618818
8960	-4103.503	-4107.97	4.466572	18.61766	6.018113
8970	-4099.597	-4108.286	8.688778	18.87519	5.791828
8980	-4089.373	-4103.745	14.37249	24.70325	5.379021
8990	-4098.435	-4112.573	14.13816	19.49329	5.509071
9000	-4092.312	-4113.955	21.64294	19.72902	5.129312
9010	-4097.201	-4117.037	19.83621	21.83185	5.222966
9020	-4100.74	-4117.868	17.12788	20.84645	5.358869
9030	-4092.67	-4107.348	14.6779	18.66758	5.470686
9040	-4099.548	-4113.517	13.96924	18.59678	5.507292
9050	-4094.845	-4112.359	17.51471	21.36863	5.335755
9060	-4086.944	-4098.996	12.0522	20.30914	5.610567
9070	-4105.996	-4113.234	7.2383	16.64385	5.828119
9080	-4084.257	-4103.232	18.97448	22.10482	5.258503
9090	-4101.082	-4116.077	14.99443	19.77577	5.466432
9100	-4098.286	-4107.619	9.333405	16.0727	5.666482
9110	-4096.365	-4106.19	9.825011	19.23228	5.731614
9120	-4101.093	-4113.799	12.70562	19.04432	5.580624
9130	-4096.779	-4113.036	16.25738	17.32033	5.331879
9140	-4090.382	-4109.329	18.94661	18.48073	5.235527
9150	-4091.794	-4104.19	12.39532	20.39859	5.592612
9160	-4127.371	-4143.556	16.18503	19.08074	5.398554
9170	-4112.548	-4122.015	9.467505	16.82056	5.703211
9180	-4106.3	-4117.812	11.5127	15.94373	5.520149
9190	-4114.964	-4131.134	16.16982	20.17389	5.407989
9200	-4117.509	-4132.738	15.22827	22.48719	5.418461
9210	-4119.807	-4130.1	10.29273	17.93982	5.694688
9220	-4113.149	-4125.315	12.16632	20.79819	5.597732
9230	-4121.21	-4132.848	11.63812	18.42375	5.630087
9240	-4118.673	-4126.444	7.77106	16.50811	5.789358
9250	-4118.708	-4122.928	4.219958	18.01975	6.033425
9260	-4128.175	-4128.064	-0.1111316	17.48797	6.277077
9270	-4102.275	-4108.889	6.613822	19.62627	5.892914
9280	-4083.148	-4101.602	18.45308	24.24122	5.229012
9290	-4095.934	-4113.279	17.3451	18.23704	5.313728
9300	-4098.53	-4111.814	13.28366	19.77103	5.55295
9310	-4109.221	-4120.886	11.66432	22.27003	5.584043
9320	-4097.998	-4107.849	9.85167	20.53805	5.714616
9330	-4089.087	-4104.197	15.11043	18.78203	5.449875
9340	-4092.454	-4106.48	14.02575	19.37846	5.51425
9350	-4080.861	-4097.556	16.69553	18.94788	5.369196
9360	-4086.272	-4107.95	21.67868	22.42924	5.132388
9370	-4101.587	-4115.885	14.29786	16.54043	5.396421
9380	-4098.117	-4108.85	10.73266	21.17883	5.65799
9390	-4097.273	-4110.829	13.55622	20.62108	5.533261
9400	-4097.349	-4109.17	11.82118	18.26475	5.617192
9410	-4089.2	-4106.023	16.82284	18.1529	5.339268
9420	-4101.969	-4110.337	8.368141	15.31104	5.663059
9430	-4093.887	-4108.432	14.54528	21.08006	5.479515
9440	-4101.157	-4114.282	13.12555	17.82588	5.53306
9450	-4103.399	-4121.926	18.52674	20.21715	5.291382
9460	-4115.234	-4124.596	9.36197	20.37578	5.741762
9470	-4100.249	-4113.391	13.14269	19.57278	5.56024
9480	-4094.842	-4103.6	8.757303	19.36812	5.786203
9490	-4087.161	-4107.378	20.21746	21.44457	5.208811
9500	-4102.245	-4115.716	13.47049	18.29113	5.527549
9510	-4085.052	-4100.263	15.21192	20.56615	5.453413
9520	-4075.7	-4097.539	21.8382	17.61325	5.03062
9530	-4096.341	-4105.559	9.21842	18.0223	5.756082
9540	-4108.917	-4121.586	12.66902	26.38728	5.369936
9550	-4106.035	-4114.646	8.610922	17.62677	5.781935
9560	-4104.376	-4114.872	10.49581	23.16304	5.603298
9570	-4108.448	-4116.37	7.922784	15.98184	5.748014
9580	-4107.927	-4122.793	14.86624	18.99684	5.466488
9590	-4095.441	-4117.759	22.31749	20.9412	5.110369
9600	-4098.497	-4117.266	18.7684	22.14177	5.267225
9610	-4112.657	-4118.985	6.327427	19.56816	5.90852
9620	-4110.48	-4123.951	13.47094	17.75034	5.510966
9630	-4109.174	-4124.667	15.49255	21.53082	5.427658
9640	-4091.09	-4109.271	18.18082	21.87645	5.298122
9650	-4099.276	-4109.373	10.09728	21.87628	5.667636
9660	-4099.006	-4109.847	10.84095	20.43548	5.668208
9670	-4088.087	-4101.753	13.6658	17.58412	5.493408
9680	-4086.999	-4105.405	18.40599	20.64456	5.298052
9690	-4096.278	-4113.578	17.29972	21.82533	5.339258
9700	-4093.67	-4108.44	14.76942	19.6239	5.477359
9710	-4100.3	-4112.577	12.27732	18.15742	5.589778
9720	-4098.775	-4115.678	16.90303	20.26576	5.371721
9730	-4110.585	-4127.54	16.95545	18.89892	5.354401
9740	-4111.357	-4116.38	5.023421	23.77358	5.808112
9750	-4101.223	-4113.597	12.37432	21.14385	5.581205
9760	-4097.031	-4105.231	8.200054	17.69698	5.806803
9770	-4095.867	-4102.152	6.285601	19.27907	5.915049
9780	-4096.269	-4112.977	16.70735	19.38726	5.375985
9790	-4105.437	-4119.877	14.4399	20.07653	5.494122
9800	-4090.86	-4107.646	16.78549	20.23685	5.377518
9810	-4101.907	-4116.217	14.30915	16.99641	5.426417
9820	-4101.317	-4109.642	8.325308	18.4358	5.809978
9830	-4097.354	-4110.307	12.95284	20.52905	5.563734
9840	-4104.092	-4117.357	13.26511	22.6507	5.500718
9850	-4095.551	-4103.56	8.009927	23.28839	5.704993
9860	-4106.495	-4115.468	8.972421	23.48043	5.655228
9870	-4103.796	-4122.383	18.58753	19.50814	5.281059
9880	-4105.654	-4118.931	13.27705	16.30325	5.440344
9890	-4093.246	-4112.795	19.54971	19.72983	5.235423
9900	-4094.819	-4103.465	8.646524	19.03795	5.793784
9910	-4107.067	-4122.128	15.06124	24.6935	5.351525
9920	-4101.265	-4108.351	7.085586	17.45772	5.864857
9930	-4101.538	-4111.754	10.21536	17.58145	5.689551
9940	-4089.257	-4107.661	18.40467	18.71561	5.272521
9950	-4098.054	-4111.933	13.87848	17.33125	5.469763
9960	-4097.604	-4109.211	11.60672	18.54631	5.63365
9970	-4101.108	-4104.702	3.59475	21.2093	5.99378
9980	-4113.632	-4116.159	2.526583	16.23761	6.097141
9990	-4109.383	-4113.353	3.969972	18.20901	6.047204
10000	-4100.233	-4111.238	11.00496	18.47991	5.665242
